

Building a new DB, current time: 02/08/2024 22:15:37
New DB name:   /home/alperen/PycharmProjects/target_project/RM_88914.ThuFeb82214322024/round-1/sampleDB-1.fa
New DB title:  /home/alperen/PycharmProjects/target_project/RM_88914.ThuFeb82214322024/round-1/sampleDB-1.fa
Sequence type: Nucleotide
Keep MBits: T
Maximum file size: 1000000000B
Adding sequences from FASTA; added 79 sequences in 0.012661 seconds.




Building a new DB, current time: 02/08/2024 22:15:37
New DB name:   /home/alperen/PycharmProjects/target_project/RM_88914.ThuFeb82214322024/round-1/consensi.fa
New DB title:  /home/alperen/PycharmProjects/target_project/RM_88914.ThuFeb82214322024/round-1/consensi.fa
Sequence type: Nucleotide
Keep MBits: T
Maximum file size: 1000000000B
Adding sequences from FASTA; added 34 sequences in 0.00398111 seconds.




Building a new DB, current time: 02/08/2024 22:15:38
New DB name:   /home/alperen/PycharmProjects/target_project/RM_88914.ThuFeb82214322024/round-1/family-0.fa
New DB title:  /home/alperen/PycharmProjects/target_project/RM_88914.ThuFeb82214322024/round-1/family-0.fa
Sequence type: Nucleotide
Keep MBits: T
Maximum file size: 1000000000B
Adding sequences from FASTA; added 80 sequences in 0.000701189 seconds.




Building a new DB, current time: 02/08/2024 22:15:40
New DB name:   /home/alperen/PycharmProjects/target_project/RM_88914.ThuFeb82214322024/round-1/family-0-cons-2.fa
New DB title:  /home/alperen/PycharmProjects/target_project/RM_88914.ThuFeb82214322024/round-1/family-0-cons-2.fa
Sequence type: Nucleotide
Keep MBits: T
Maximum file size: 1000000000B
Adding sequences from FASTA; added 1 sequences in 0.000146151 seconds.




Building a new DB, current time: 02/08/2024 22:15:40
New DB name:   /home/alperen/PycharmProjects/target_project/RM_88914.ThuFeb82214322024/round-1/family-0-cons-3.fa
New DB title:  /home/alperen/PycharmProjects/target_project/RM_88914.ThuFeb82214322024/round-1/family-0-cons-3.fa
Sequence type: Nucleotide
Keep MBits: T
Maximum file size: 1000000000B
Adding sequences from FASTA; added 1 sequences in 0.000137091 seconds.




Building a new DB, current time: 02/08/2024 22:15:40
New DB name:   /home/alperen/PycharmProjects/target_project/RM_88914.ThuFeb82214322024/round-1/family-0-cons-4.fa
New DB title:  /home/alperen/PycharmProjects/target_project/RM_88914.ThuFeb82214322024/round-1/family-0-cons-4.fa
Sequence type: Nucleotide
Keep MBits: T
Maximum file size: 1000000000B
Adding sequences from FASTA; added 1 sequences in 0.000142813 seconds.




Building a new DB, current time: 02/08/2024 22:15:40
New DB name:   /home/alperen/PycharmProjects/target_project/RM_88914.ThuFeb82214322024/round-1/family-0-cons-5.fa
New DB title:  /home/alperen/PycharmProjects/target_project/RM_88914.ThuFeb82214322024/round-1/family-0-cons-5.fa
Sequence type: Nucleotide
Keep MBits: T
Maximum file size: 1000000000B
Adding sequences from FASTA; added 1 sequences in 0.000153065 seconds.




Building a new DB, current time: 02/08/2024 22:15:41
New DB name:   /home/alperen/PycharmProjects/target_project/RM_88914.ThuFeb82214322024/round-1/family-1.fa
New DB title:  /home/alperen/PycharmProjects/target_project/RM_88914.ThuFeb82214322024/round-1/family-1.fa
Sequence type: Nucleotide
Keep MBits: T
Maximum file size: 1000000000B
Adding sequences from FASTA; added 77 sequences in 0.000880003 seconds.




Building a new DB, current time: 02/08/2024 22:15:42
New DB name:   /home/alperen/PycharmProjects/target_project/RM_88914.ThuFeb82214322024/round-1/family-1-cons-2.fa
New DB title:  /home/alperen/PycharmProjects/target_project/RM_88914.ThuFeb82214322024/round-1/family-1-cons-2.fa
Sequence type: Nucleotide
Keep MBits: T
Maximum file size: 1000000000B
Adding sequences from FASTA; added 1 sequences in 0.000138998 seconds.




Building a new DB, current time: 02/08/2024 22:15:42
New DB name:   /home/alperen/PycharmProjects/target_project/RM_88914.ThuFeb82214322024/round-1/family-1-cons-3.fa
New DB title:  /home/alperen/PycharmProjects/target_project/RM_88914.ThuFeb82214322024/round-1/family-1-cons-3.fa
Sequence type: Nucleotide
Keep MBits: T
Maximum file size: 1000000000B
Adding sequences from FASTA; added 1 sequences in 0.000133991 seconds.




Building a new DB, current time: 02/08/2024 22:15:42
New DB name:   /home/alperen/PycharmProjects/target_project/RM_88914.ThuFeb82214322024/round-1/family-1-cons-4.fa
New DB title:  /home/alperen/PycharmProjects/target_project/RM_88914.ThuFeb82214322024/round-1/family-1-cons-4.fa
Sequence type: Nucleotide
Keep MBits: T
Maximum file size: 1000000000B
Adding sequences from FASTA; added 1 sequences in 0.000136137 seconds.




Building a new DB, current time: 02/08/2024 22:15:42
New DB name:   /home/alperen/PycharmProjects/target_project/RM_88914.ThuFeb82214322024/round-1/family-1-cons-5.fa
New DB title:  /home/alperen/PycharmProjects/target_project/RM_88914.ThuFeb82214322024/round-1/family-1-cons-5.fa
Sequence type: Nucleotide
Keep MBits: T
Maximum file size: 1000000000B
Adding sequences from FASTA; added 1 sequences in 0.000141859 seconds.




Building a new DB, current time: 02/08/2024 22:15:43
New DB name:   /home/alperen/PycharmProjects/target_project/RM_88914.ThuFeb82214322024/round-1/family-2.fa
New DB title:  /home/alperen/PycharmProjects/target_project/RM_88914.ThuFeb82214322024/round-1/family-2.fa
Sequence type: Nucleotide
Keep MBits: T
Maximum file size: 1000000000B
Adding sequences from FASTA; added 59 sequences in 0.000571012 seconds.




Building a new DB, current time: 02/08/2024 22:15:43
New DB name:   /home/alperen/PycharmProjects/target_project/RM_88914.ThuFeb82214322024/round-1/family-2-cons-2.fa
New DB title:  /home/alperen/PycharmProjects/target_project/RM_88914.ThuFeb82214322024/round-1/family-2-cons-2.fa
Sequence type: Nucleotide
Keep MBits: T
Maximum file size: 1000000000B
Adding sequences from FASTA; added 1 sequences in 0.000133038 seconds.




Building a new DB, current time: 02/08/2024 22:15:43
New DB name:   /home/alperen/PycharmProjects/target_project/RM_88914.ThuFeb82214322024/round-1/family-2-cons-3.fa
New DB title:  /home/alperen/PycharmProjects/target_project/RM_88914.ThuFeb82214322024/round-1/family-2-cons-3.fa
Sequence type: Nucleotide
Keep MBits: T
Maximum file size: 1000000000B
Adding sequences from FASTA; added 1 sequences in 0.000136137 seconds.




Building a new DB, current time: 02/08/2024 22:15:44
New DB name:   /home/alperen/PycharmProjects/target_project/RM_88914.ThuFeb82214322024/round-1/family-2-cons-4.fa
New DB title:  /home/alperen/PycharmProjects/target_project/RM_88914.ThuFeb82214322024/round-1/family-2-cons-4.fa
Sequence type: Nucleotide
Keep MBits: T
Maximum file size: 1000000000B
Adding sequences from FASTA; added 1 sequences in 0.000126123 seconds.




Building a new DB, current time: 02/08/2024 22:15:44
New DB name:   /home/alperen/PycharmProjects/target_project/RM_88914.ThuFeb82214322024/round-1/family-2-cons-5.fa
New DB title:  /home/alperen/PycharmProjects/target_project/RM_88914.ThuFeb82214322024/round-1/family-2-cons-5.fa
Sequence type: Nucleotide
Keep MBits: T
Maximum file size: 1000000000B
Adding sequences from FASTA; added 1 sequences in 0.000127077 seconds.




Building a new DB, current time: 02/08/2024 22:15:44
New DB name:   /home/alperen/PycharmProjects/target_project/RM_88914.ThuFeb82214322024/round-1/family-3.fa
New DB title:  /home/alperen/PycharmProjects/target_project/RM_88914.ThuFeb82214322024/round-1/family-3.fa
Sequence type: Nucleotide
Keep MBits: T
Maximum file size: 1000000000B
Adding sequences from FASTA; added 53 sequences in 0.000542879 seconds.




Building a new DB, current time: 02/08/2024 22:15:45
New DB name:   /home/alperen/PycharmProjects/target_project/RM_88914.ThuFeb82214322024/round-1/family-3-cons-2.fa
New DB title:  /home/alperen/PycharmProjects/target_project/RM_88914.ThuFeb82214322024/round-1/family-3-cons-2.fa
Sequence type: Nucleotide
Keep MBits: T
Maximum file size: 1000000000B
Adding sequences from FASTA; added 1 sequences in 0.00014019 seconds.




Building a new DB, current time: 02/08/2024 22:15:45
New DB name:   /home/alperen/PycharmProjects/target_project/RM_88914.ThuFeb82214322024/round-1/family-3-cons-3.fa
New DB title:  /home/alperen/PycharmProjects/target_project/RM_88914.ThuFeb82214322024/round-1/family-3-cons-3.fa
Sequence type: Nucleotide
Keep MBits: T
Maximum file size: 1000000000B
Adding sequences from FASTA; added 1 sequences in 0.000178099 seconds.




Building a new DB, current time: 02/08/2024 22:15:45
New DB name:   /home/alperen/PycharmProjects/target_project/RM_88914.ThuFeb82214322024/round-1/family-3-cons-4.fa
New DB title:  /home/alperen/PycharmProjects/target_project/RM_88914.ThuFeb82214322024/round-1/family-3-cons-4.fa
Sequence type: Nucleotide
Keep MBits: T
Maximum file size: 1000000000B
Adding sequences from FASTA; added 1 sequences in 0.000149012 seconds.




Building a new DB, current time: 02/08/2024 22:15:45
New DB name:   /home/alperen/PycharmProjects/target_project/RM_88914.ThuFeb82214322024/round-1/family-3-cons-5.fa
New DB title:  /home/alperen/PycharmProjects/target_project/RM_88914.ThuFeb82214322024/round-1/family-3-cons-5.fa
Sequence type: Nucleotide
Keep MBits: T
Maximum file size: 1000000000B
Adding sequences from FASTA; added 1 sequences in 0.00014782 seconds.




Building a new DB, current time: 02/08/2024 22:15:46
New DB name:   /home/alperen/PycharmProjects/target_project/RM_88914.ThuFeb82214322024/round-1/family-4.fa
New DB title:  /home/alperen/PycharmProjects/target_project/RM_88914.ThuFeb82214322024/round-1/family-4.fa
Sequence type: Nucleotide
Keep MBits: T
Maximum file size: 1000000000B
Adding sequences from FASTA; added 45 sequences in 0.000486135 seconds.




Building a new DB, current time: 02/08/2024 22:15:46
New DB name:   /home/alperen/PycharmProjects/target_project/RM_88914.ThuFeb82214322024/round-1/family-4-cons-2.fa
New DB title:  /home/alperen/PycharmProjects/target_project/RM_88914.ThuFeb82214322024/round-1/family-4-cons-2.fa
Sequence type: Nucleotide
Keep MBits: T
Maximum file size: 1000000000B
Adding sequences from FASTA; added 1 sequences in 0.000140905 seconds.




Building a new DB, current time: 02/08/2024 22:15:46
New DB name:   /home/alperen/PycharmProjects/target_project/RM_88914.ThuFeb82214322024/round-1/family-4-cons-3.fa
New DB title:  /home/alperen/PycharmProjects/target_project/RM_88914.ThuFeb82214322024/round-1/family-4-cons-3.fa
Sequence type: Nucleotide
Keep MBits: T
Maximum file size: 1000000000B
Adding sequences from FASTA; added 1 sequences in 0.000128984 seconds.




Building a new DB, current time: 02/08/2024 22:15:46
New DB name:   /home/alperen/PycharmProjects/target_project/RM_88914.ThuFeb82214322024/round-1/family-4-cons-4.fa
New DB title:  /home/alperen/PycharmProjects/target_project/RM_88914.ThuFeb82214322024/round-1/family-4-cons-4.fa
Sequence type: Nucleotide
Keep MBits: T
Maximum file size: 1000000000B
Adding sequences from FASTA; added 1 sequences in 0.000133991 seconds.




Building a new DB, current time: 02/08/2024 22:15:46
New DB name:   /home/alperen/PycharmProjects/target_project/RM_88914.ThuFeb82214322024/round-1/family-4-cons-5.fa
New DB title:  /home/alperen/PycharmProjects/target_project/RM_88914.ThuFeb82214322024/round-1/family-4-cons-5.fa
Sequence type: Nucleotide
Keep MBits: T
Maximum file size: 1000000000B
Adding sequences from FASTA; added 1 sequences in 0.000129938 seconds.




Building a new DB, current time: 02/08/2024 22:15:47
New DB name:   /home/alperen/PycharmProjects/target_project/RM_88914.ThuFeb82214322024/round-1/family-5.fa
New DB title:  /home/alperen/PycharmProjects/target_project/RM_88914.ThuFeb82214322024/round-1/family-5.fa
Sequence type: Nucleotide
Keep MBits: T
Maximum file size: 1000000000B
Adding sequences from FASTA; added 44 sequences in 0.000494003 seconds.




Building a new DB, current time: 02/08/2024 22:15:47
New DB name:   /home/alperen/PycharmProjects/target_project/RM_88914.ThuFeb82214322024/round-1/family-5-cons-2.fa
New DB title:  /home/alperen/PycharmProjects/target_project/RM_88914.ThuFeb82214322024/round-1/family-5-cons-2.fa
Sequence type: Nucleotide
Keep MBits: T
Maximum file size: 1000000000B
Adding sequences from FASTA; added 1 sequences in 0.000133991 seconds.




Building a new DB, current time: 02/08/2024 22:15:47
New DB name:   /home/alperen/PycharmProjects/target_project/RM_88914.ThuFeb82214322024/round-1/family-5-cons-3.fa
New DB title:  /home/alperen/PycharmProjects/target_project/RM_88914.ThuFeb82214322024/round-1/family-5-cons-3.fa
Sequence type: Nucleotide
Keep MBits: T
Maximum file size: 1000000000B
Adding sequences from FASTA; added 1 sequences in 0.000128984 seconds.




Building a new DB, current time: 02/08/2024 22:15:47
New DB name:   /home/alperen/PycharmProjects/target_project/RM_88914.ThuFeb82214322024/round-1/family-5-cons-4.fa
New DB title:  /home/alperen/PycharmProjects/target_project/RM_88914.ThuFeb82214322024/round-1/family-5-cons-4.fa
Sequence type: Nucleotide
Keep MBits: T
Maximum file size: 1000000000B
Adding sequences from FASTA; added 1 sequences in 0.000126839 seconds.




Building a new DB, current time: 02/08/2024 22:15:48
New DB name:   /home/alperen/PycharmProjects/target_project/RM_88914.ThuFeb82214322024/round-1/family-6.fa
New DB title:  /home/alperen/PycharmProjects/target_project/RM_88914.ThuFeb82214322024/round-1/family-6.fa
Sequence type: Nucleotide
Keep MBits: T
Maximum file size: 1000000000B
Adding sequences from FASTA; added 41 sequences in 0.000478983 seconds.




Building a new DB, current time: 02/08/2024 22:15:48
New DB name:   /home/alperen/PycharmProjects/target_project/RM_88914.ThuFeb82214322024/round-1/family-6-cons-2.fa
New DB title:  /home/alperen/PycharmProjects/target_project/RM_88914.ThuFeb82214322024/round-1/family-6-cons-2.fa
Sequence type: Nucleotide
Keep MBits: T
Maximum file size: 1000000000B
Adding sequences from FASTA; added 1 sequences in 0.000138044 seconds.




Building a new DB, current time: 02/08/2024 22:15:48
New DB name:   /home/alperen/PycharmProjects/target_project/RM_88914.ThuFeb82214322024/round-1/family-6-cons-3.fa
New DB title:  /home/alperen/PycharmProjects/target_project/RM_88914.ThuFeb82214322024/round-1/family-6-cons-3.fa
Sequence type: Nucleotide
Keep MBits: T
Maximum file size: 1000000000B
Adding sequences from FASTA; added 1 sequences in 0.000127792 seconds.




Building a new DB, current time: 02/08/2024 22:15:48
New DB name:   /home/alperen/PycharmProjects/target_project/RM_88914.ThuFeb82214322024/round-1/family-6-cons-4.fa
New DB title:  /home/alperen/PycharmProjects/target_project/RM_88914.ThuFeb82214322024/round-1/family-6-cons-4.fa
Sequence type: Nucleotide
Keep MBits: T
Maximum file size: 1000000000B
Adding sequences from FASTA; added 1 sequences in 0.000128984 seconds.




Building a new DB, current time: 02/08/2024 22:15:48
New DB name:   /home/alperen/PycharmProjects/target_project/RM_88914.ThuFeb82214322024/round-1/family-6-cons-5.fa
New DB title:  /home/alperen/PycharmProjects/target_project/RM_88914.ThuFeb82214322024/round-1/family-6-cons-5.fa
Sequence type: Nucleotide
Keep MBits: T
Maximum file size: 1000000000B
Adding sequences from FASTA; added 1 sequences in 0.000135183 seconds.




Building a new DB, current time: 02/08/2024 22:15:49
New DB name:   /home/alperen/PycharmProjects/target_project/RM_88914.ThuFeb82214322024/round-1/family-7.fa
New DB title:  /home/alperen/PycharmProjects/target_project/RM_88914.ThuFeb82214322024/round-1/family-7.fa
Sequence type: Nucleotide
Keep MBits: T
Maximum file size: 1000000000B
Adding sequences from FASTA; added 22 sequences in 0.000359058 seconds.




Building a new DB, current time: 02/08/2024 22:15:49
New DB name:   /home/alperen/PycharmProjects/target_project/RM_88914.ThuFeb82214322024/round-1/family-7-cons-2.fa
New DB title:  /home/alperen/PycharmProjects/target_project/RM_88914.ThuFeb82214322024/round-1/family-7-cons-2.fa
Sequence type: Nucleotide
Keep MBits: T
Maximum file size: 1000000000B
Adding sequences from FASTA; added 1 sequences in 0.000134945 seconds.




Building a new DB, current time: 02/08/2024 22:15:49
New DB name:   /home/alperen/PycharmProjects/target_project/RM_88914.ThuFeb82214322024/round-1/family-7-cons-3.fa
New DB title:  /home/alperen/PycharmProjects/target_project/RM_88914.ThuFeb82214322024/round-1/family-7-cons-3.fa
Sequence type: Nucleotide
Keep MBits: T
Maximum file size: 1000000000B
Adding sequences from FASTA; added 1 sequences in 0.000127077 seconds.




Building a new DB, current time: 02/08/2024 22:15:49
New DB name:   /home/alperen/PycharmProjects/target_project/RM_88914.ThuFeb82214322024/round-1/family-7-cons-4.fa
New DB title:  /home/alperen/PycharmProjects/target_project/RM_88914.ThuFeb82214322024/round-1/family-7-cons-4.fa
Sequence type: Nucleotide
Keep MBits: T
Maximum file size: 1000000000B
Adding sequences from FASTA; added 1 sequences in 0.000128984 seconds.


