[23:33:33] This is prokka 1.14.6
[23:33:33] Written by Torsten Seemann <torsten.seemann@gmail.com>
[23:33:33] Homepage is https://github.com/tseemann/prokka
[23:33:33] Local time is Mon Feb 12 23:33:33 2024
[23:33:33] You are alperen
[23:33:33] Operating system is linux
[23:33:33] You have BioPerl 1.7.8
[23:33:33] System has 20 cores.
[23:33:33] Will use maximum of 8 cores.
[23:33:33] Annotating as >>> Bacteria <<<
[23:33:33] Generating locus_tag from 'resource/genome/hi_genome.fasta' contents.
[23:33:33] Setting --locustag OHDNGLAN from MD5 81d705a780b5fdab18534078ba3ef148
[23:33:33] Creating new output folder: output/new
[23:33:33] Running: mkdir -p output\/new
[23:33:33] Using filename prefix: PROKKA_02122024.XXX
[23:33:33] Setting HMMER_NCPU=1
[23:33:33] Writing log to: output/new/PROKKA_02122024.log
[23:33:33] Command: /home/alperen/miniconda3/envs/prokka/bin/prokka --outdir output/new --cpus 8 --addgenes --addmrna --metagenome --genus Haemophilus --species influenzae --proteins resource/protein/hi_protein.fasta resource/genome/hi_genome.fasta
[23:33:33] Appending to PATH: /home/alperen/miniconda3/envs/prokka/bin
[23:33:33] Looking for 'aragorn' - found /home/alperen/miniconda3/envs/prokka/bin/aragorn
[23:33:33] Determined aragorn version is 001002 from 'ARAGORN v1.2.41 Dean Laslett'
[23:33:33] Looking for 'barrnap' - found /home/alperen/miniconda3/envs/prokka/bin/barrnap
[23:33:33] Determined barrnap version is 000009 from 'barrnap 0.9'
[23:33:33] Looking for 'blastp' - found /home/alperen/miniconda3/envs/prokka/bin/blastp
[23:33:33] Determined blastp version is 002015 from 'blastp: 2.15.0+'
[23:33:33] Looking for 'cmpress' - found /home/alperen/miniconda3/envs/prokka/bin/cmpress
[23:33:33] Determined cmpress version is 001001 from '# INFERNAL 1.1.4 (Dec 2020)'
[23:33:33] Looking for 'cmscan' - found /home/alperen/miniconda3/envs/prokka/bin/cmscan
[23:33:33] Determined cmscan version is 001001 from '# INFERNAL 1.1.4 (Dec 2020)'
[23:33:33] Looking for 'egrep' - found /usr/bin/egrep
[23:33:33] Looking for 'find' - found /usr/bin/find
[23:33:33] Looking for 'grep' - found /usr/bin/grep
[23:33:33] Looking for 'hmmpress' - found /home/alperen/miniconda3/envs/prokka/bin/hmmpress
[23:33:33] Determined hmmpress version is 003004 from '# HMMER 3.4 (Aug 2023); http://hmmer.org/'
[23:33:33] Looking for 'hmmscan' - found /home/alperen/miniconda3/envs/prokka/bin/hmmscan
[23:33:33] Determined hmmscan version is 003004 from '# HMMER 3.4 (Aug 2023); http://hmmer.org/'
[23:33:33] Looking for 'java' - found /home/alperen/miniconda3/envs/prokka/bin/java
[23:33:33] Looking for 'makeblastdb' - found /home/alperen/miniconda3/envs/prokka/bin/makeblastdb
[23:33:33] Determined makeblastdb version is 002015 from 'makeblastdb: 2.15.0+'
[23:33:33] Looking for 'minced' - found /home/alperen/miniconda3/envs/prokka/bin/minced
[23:33:33] Determined minced version is 004002 from 'minced 0.4.2'
[23:33:33] Looking for 'parallel' - found /home/alperen/miniconda3/envs/prokka/bin/parallel
[23:33:33] Determined parallel version is 20240122 from 'GNU parallel 20240122'
[23:33:33] Looking for 'prodigal' - found /home/alperen/miniconda3/envs/prokka/bin/prodigal
[23:33:33] Determined prodigal version is 002006 from 'Prodigal V2.6.3: February, 2016'
[23:33:33] Looking for 'prokka-genbank_to_fasta_db' - found /home/alperen/miniconda3/envs/prokka/bin/prokka-genbank_to_fasta_db
[23:33:33] Looking for 'sed' - found /usr/bin/sed
[23:33:33] Looking for 'tbl2asn' - found /home/alperen/miniconda3/envs/prokka/bin/tbl2asn
[23:33:33] Determined tbl2asn version is 025007 from 'tbl2asn 25.7   arguments:'
[23:33:33] Using genetic code table 11.
[23:33:33] Loading and checking input file: resource/genome/hi_genome.fasta
[23:33:33] Wrote 1 contigs totalling 1846259 bp.
[23:33:33] Predicting tRNAs and tmRNAs
[23:33:33] Running: aragorn -l -gc11  -w output\/new\/PROKKA_02122024\.fna
[23:33:34] 1 tRNA-Gly c[24075,24150] 34 (gcc)
[23:33:34] 2 tRNA-Gly c[24175,24250] 34 (gcc)
[23:33:34] 3 tRNA-Val [98751,98827] 35 (gac)
[23:33:34] 4 tRNA-Leu [220353,220438] 35 (caa)
[23:33:34] 5 tRNA-Met c[345745,345821] 35 (cat)
[23:33:34] 6 tmRNA [346250,346615] 92,127 ANDEQYALAA**
[23:33:34] 7 tRNA-Asn c[402858,402933] 34 (gtt)
[23:33:34] 8 tRNA-Gln c[513124,513198] 33 (ttg)
[23:33:34] 9 tRNA-Gln c[513246,513320] 33 (ttg)
[23:33:34] 10 tRNA-Leu c[513349,513433] 35 (tag)
[23:33:34] 11 tRNA-Met c[513439,513515] 35 (cat)
[23:33:34] 12 tRNA-Met [815712,815788] 35 (cat)
[23:33:34] 13 tRNA-Asn c[966377,966452] 34 (gtt)
[23:33:34] 14 tRNA-Phe c[966455,966530] 34 (gaa)
[23:33:34] 15 tRNA-Ala c[1016256,1016331] 34 (tgc)
[23:33:34] 16 tRNA-Ile c[1016417,1016493] 35 (gat)
[23:33:34] 17 tRNA-Arg c[1033916,1033992] 35 (tct)
[23:33:34] 18 tRNA-Pro c[1034040,1034116] 35 (tgg)
[23:33:34] 19 tRNA-Trp c[1045591,1045666] 34 (cca)
[23:33:34] 20 tRNA-Asp c[1045695,1045771] 35 (gtc)
[23:33:34] 21 tRNA-Ala c[1049826,1049901] 34 (tgc)
[23:33:34] 22 tRNA-Ile c[1049987,1050063] 35 (gat)
[23:33:34] 23 tRNA-Ser [1106869,1106958] 35 (tga)
[23:33:34] 24 tRNA-Gly [1150084,1150159] 34 (gcc)
[23:33:34] 25 tRNA-Cys [1150166,1150239] 33 (gca)
[23:33:34] 26 tRNA-Leu [1150267,1150353] 35 (taa)
[23:33:34] 27 tRNA-Lys [1150404,1150479] 34 (ttt)
[23:33:34] 28 tRNA-Glu c[1189824,1189899] 35 (ttc)
[23:33:34] 29 tRNA-Pro c[1191748,1191824] 35 (tgg)
[23:33:34] 30 tRNA-His c[1191846,1191921] 34 (gtg)
[23:33:34] 31 tRNA-Arg c[1191948,1192024] 35 (ccg)
[23:33:34] 32 tRNA-Met c[1194441,1194517] 35 (cat)
[23:33:34] 33 tRNA-Gly [1202917,1202992] 34 (gcc)
[23:33:34] 34 tRNA-Leu [1202997,1203083] 35 (taa)
[23:33:34] 35 tRNA-Lys [1203134,1203209] 34 (ttt)
[23:33:34] 36 tRNA-Asp c[1211245,1211321] 35 (gtc)
[23:33:34] 37 tRNA-Asp c[1211345,1211421] 35 (gtc)
[23:33:34] 38 tRNA-Glu c[1306524,1306599] 35 (ttc)
[23:33:34] 39 tRNA-Ser c[1347929,1348018] 35 (gga)
[23:33:34] 40 tRNA-Ala c[1367372,1367447] 34 (ggc)
[23:33:34] 41 tRNA-Val [1369141,1369216] 34 (tac)
[23:33:34] 42 tRNA-Val [1369260,1369335] 34 (tac)
[23:33:34] 43 tRNA-Val [1369394,1369469] 34 (tac)
[23:33:34] 44 tRNA-Val [1369522,1369597] 34 (tac)
[23:33:34] 45 tRNA-Ser c[1415854,1415943] 35 (tga)
[23:33:34] 46 tRNA-Trp c[1487165,1487238] 33 (cca)
[23:33:34] 47 tRNA-Lys c[1512622,1512697] 34 (ctt)
[23:33:34] 48 tRNA-Lys c[1512721,1512796] 34 (ttt)
[23:33:34] 49 tRNA-Leu [1577620,1577705] 35 (gag)
[23:33:34] 50 tRNA-Glu [1734668,1734743] 35 (ttc)
[23:33:34] 51 tRNA-Thr [1748208,1748283] 34 (tgt)
[23:33:34] 52 tRNA-Tyr [1748313,1748397] 35 (gta)
[23:33:34] 53 tRNA-Gly [1748440,1748514] 34 (tcc)
[23:33:34] 54 tRNA-Thr [1748518,1748593] 34 (ggt)
[23:33:34] 55 tRNA-Arg c[1758519,1758595] 35 (acg)
[23:33:34] 56 tRNA-Arg c[1758653,1758729] 35 (acg)
[23:33:34] 57 tRNA-Ser c[1758750,1758843] 36 (gct)
[23:33:34] 58 tRNA-SeC c[1824748,1824843] 36 (tca)
[23:33:34] 59 tRNA-Ile [1844559,1844635] 35 (gat)
[23:33:34] 60 tRNA-Ala [1844721,1844796] 34 (tgc)
[23:33:34] Found 60 tRNAs
[23:33:34] Predicting Ribosomal RNAs
[23:33:34] Running Barrnap with 8 threads
[23:33:35] 1 CP007470.1 1 23S ribosomal RNA (partial)
[23:33:35] 2 CP007470.1 2302 5S ribosomal RNA
[23:33:35] 3 CP007470.1 1012382 5S ribosomal RNA
[23:33:35] 4 CP007470.1 1012738 23S ribosomal RNA
[23:33:35] 5 CP007470.1 1016574 16S ribosomal RNA
[23:33:35] 6 CP007470.1 1045787 5S ribosomal RNA
[23:33:35] 7 CP007470.1 1045952 5S ribosomal RNA
[23:33:35] 8 CP007470.1 1046308 23S ribosomal RNA
[23:33:35] 9 CP007470.1 1050144 16S ribosomal RNA
[23:33:35] 10 CP007470.1 1186348 5S ribosomal RNA
[23:33:35] 11 CP007470.1 1186660 23S ribosomal RNA
[23:33:35] 12 CP007470.1 1190032 16S ribosomal RNA
[23:33:35] 13 CP007470.1 1302784 5S ribosomal RNA
[23:33:35] 14 CP007470.1 1303142 23S ribosomal RNA
[23:33:35] 15 CP007470.1 1306732 16S ribosomal RNA
[23:33:35] 16 CP007470.1 1733000 16S ribosomal RNA
[23:33:35] 17 CP007470.1 1735016 23S ribosomal RNA
[23:33:35] 18 CP007470.1 1738376 5S ribosomal RNA
[23:33:35] 19 CP007470.1 1842943 16S ribosomal RNA
[23:33:35] 20 CP007470.1 1845203 23S ribosomal RNA (partial)
[23:33:35] Found 20 rRNAs
[23:33:35] Skipping ncRNA search, enable with --rfam if desired.
[23:33:35] Total of 79 tRNA + rRNA features
[23:33:35] Searching for CRISPR repeats
[23:33:35] Found 0 CRISPRs
[23:33:35] Predicting coding sequences
[23:33:35] Contigs total 1846259 bp, so using meta mode
[23:33:35] Running: prodigal -i output\/new\/PROKKA_02122024\.fna -c -m -g 11 -p meta -f sco -q
[23:33:40] Excluding CDS which overlaps existing RNA (rRNA) at CP007470.1:1186804..1187238 on + strand
[23:33:40] Excluding CDS which overlaps existing RNA (rRNA) at CP007470.1:1187222..1187404 on - strand
[23:33:40] Excluding CDS which overlaps existing RNA (tRNA) at CP007470.1:1189632..1189901 on - strand
[23:33:40] Excluding CDS which overlaps existing RNA (tRNA) at CP007470.1:1202905..1203084 on - strand
[23:33:40] Excluding CDS which overlaps existing RNA (tRNA) at CP007470.1:1203145..1203270 on - strand
[23:33:40] Excluding CDS which overlaps existing RNA (tRNA) at CP007470.1:1487164..1487286 on + strand
[23:33:41] Excluding CDS which overlaps existing RNA (tRNA) at CP007470.1:1748482..1748655 on + strand
[23:33:41] Excluding CDS which overlaps existing RNA (tRNA) at CP007470.1:1758473..1758649 on + strand
[23:33:41] Excluding CDS which overlaps existing RNA (tRNA) at CP007470.1:1758646..1758837 on - strand
[23:33:41] Excluding CDS which overlaps existing RNA (tRNA) at CP007470.1:1824742..1824867 on + strand
[23:33:41] Found 1768 CDS
[23:33:41] Connecting features back to sequences
[23:33:41] Not using genus-specific database. Try --usegenus to enable it.
[23:33:41] Preparing user-supplied primary BLAST annotation source: resource/protein/hi_protein.fasta
[23:33:41] Guessed source was in fasta format.
[23:33:41] Running: makeblastdb -dbtype prot -in resource\/protein\/hi_protein\.fasta -out output\/new\/proteins -logfile /dev/null
[23:33:41] Using /inference source as 'hi_protein.fasta'
[23:33:41] Annotating CDS, please be patient.
[23:33:41] Will use 8 CPUs for similarity searching.
[23:33:41] There are still 1768 unannotated CDS left (started with 1768)
[23:33:41] Will use blast to search against output/new/proteins with 8 CPUs
[23:33:41] Running: cat output\/new\/PROKKA_02122024\.proteins\.tmp\.76385\.faa | parallel --gnu --plain -j 8 --block 34676 --recstart '>' --pipe blastp -query - -db output/new/proteins -evalue 1e-09 -qcov_hsp_perc 80 -num_threads 1 -num_descriptions 1 -num_alignments 1 -seg no > output\/new\/PROKKA_02122024\.proteins\.tmp\.76385\.blast 2> /dev/null
[23:33:43] Modify product: hypothetical protein NTHI477_00341 [Haemophilus influenzae] => hypothetical protein [Haemophilus influenzae]
[23:33:43] Modify product: hypothetical protein NTHI477_00342 [Haemophilus influenzae] => hypothetical protein [Haemophilus influenzae]
[23:33:43] Modify product: hypothetical protein NTHI477_00343 [Haemophilus influenzae] => hypothetical protein [Haemophilus influenzae]
[23:33:43] Modify product: hypothetical protein NTHI477_00344 [Haemophilus influenzae] => hypothetical protein [Haemophilus influenzae]
[23:33:43] Modify product: hypothetical protein NTHI477_00345 [Haemophilus influenzae] => hypothetical protein [Haemophilus influenzae]
[23:33:43] Modify product: hypothetical protein NTHI477_00346 [Haemophilus influenzae] => hypothetical protein [Haemophilus influenzae]
[23:33:43] Modify product: hypothetical protein NTHI477_00347 [Haemophilus influenzae] => hypothetical protein [Haemophilus influenzae]
[23:33:43] Modify product: hypothetical protein NTHI477_00348 [Haemophilus influenzae] => hypothetical protein [Haemophilus influenzae]
[23:33:43] Modify product: hypothetical protein NTHI477_00351 [Haemophilus influenzae] => hypothetical protein [Haemophilus influenzae]
[23:33:43] Modify product: hypothetical protein NTHI477_00354 [Haemophilus influenzae] => hypothetical protein [Haemophilus influenzae]
[23:33:43] Modify product: hypothetical protein NTHI477_00355 [Haemophilus influenzae] => hypothetical protein [Haemophilus influenzae]
[23:33:43] Modify product: hypothetical protein NTHI477_00356 [Haemophilus influenzae] => hypothetical protein [Haemophilus influenzae]
[23:33:43] Modify product: hypothetical protein NTHI477_00357 [Haemophilus influenzae] => hypothetical protein [Haemophilus influenzae]
[23:33:43] Modify product: hypothetical protein NTHI477_00359 [Haemophilus influenzae] => hypothetical protein [Haemophilus influenzae]
[23:33:43] Modify product: hypothetical protein NTHI477_00360 [Haemophilus influenzae] => hypothetical protein [Haemophilus influenzae]
[23:33:43] Modify product: hypothetical protein NTHI477_00362 [Haemophilus influenzae] => hypothetical protein [Haemophilus influenzae]
[23:33:43] Modify product: hypothetical protein NTHI477_00364 [Haemophilus influenzae] => hypothetical protein [Haemophilus influenzae]
[23:33:43] Modify product: hypothetical protein NTHI477_00367 [Haemophilus influenzae] => hypothetical protein [Haemophilus influenzae]
[23:33:43] Modify product: hypothetical protein NTHI477_00368 [Haemophilus influenzae] => hypothetical protein [Haemophilus influenzae]
[23:33:43] Modify product: hypothetical protein NTHI477_00369 [Haemophilus influenzae] => hypothetical protein [Haemophilus influenzae]
[23:33:43] Modify product: hypothetical protein NTHI477_00372 [Haemophilus influenzae] => hypothetical protein [Haemophilus influenzae]
[23:33:43] Modify product: hypothetical protein NTHI477_00378 [Haemophilus influenzae] => hypothetical protein [Haemophilus influenzae]
[23:33:43] Modify product: hypothetical protein NTHI477_00387 [Haemophilus influenzae] => hypothetical protein [Haemophilus influenzae]
[23:33:43] Modify product: hypothetical protein NTHI477_00388 [Haemophilus influenzae] => hypothetical protein [Haemophilus influenzae]
[23:33:43] Modify product: hypothetical protein NTHI477_00396 [Haemophilus influenzae] => hypothetical protein [Haemophilus influenzae]
[23:33:43] Modify product: hypothetical protein NTHI477_00412 [Haemophilus influenzae] => hypothetical protein [Haemophilus influenzae]
[23:33:43] Modify product: hypothetical protein NTHI477_00413 [Haemophilus influenzae] => hypothetical protein [Haemophilus influenzae]
[23:33:43] Modify product: hypothetical protein NTHI477_00417 [Haemophilus influenzae] => hypothetical protein [Haemophilus influenzae]
[23:33:43] Modify product: hypothetical protein NTHI477_00441 [Haemophilus influenzae] => hypothetical protein [Haemophilus influenzae]
[23:33:43] Modify product: hypothetical protein NTHI477_00767 [Haemophilus influenzae] => hypothetical protein [Haemophilus influenzae]
[23:33:43] Modify product: hypothetical protein NTHI477_00768 [Haemophilus influenzae] => hypothetical protein [Haemophilus influenzae]
[23:33:43] Modify product: hypothetical protein NTHI477_00769 [Haemophilus influenzae] => hypothetical protein [Haemophilus influenzae]
[23:33:43] Modify product: hypothetical protein NTHI477_00770 [Haemophilus influenzae] => hypothetical protein [Haemophilus influenzae]
[23:33:43] Modify product: hypothetical protein NTHI477_00775 [Haemophilus influenzae] => hypothetical protein [Haemophilus influenzae]
[23:33:43] Modify product: hypothetical protein NTHI477_00779 [Haemophilus influenzae] => hypothetical protein [Haemophilus influenzae]
[23:33:43] Modify product: hypothetical protein NTHI477_00784 [Haemophilus influenzae] => hypothetical protein [Haemophilus influenzae]
[23:33:43] Modify product: hypothetical protein NTHI477_00785 [Haemophilus influenzae] => hypothetical protein [Haemophilus influenzae]
[23:33:43] Modify product: hypothetical protein NTHI477_00803 [Haemophilus influenzae] => hypothetical protein [Haemophilus influenzae]
[23:33:43] Modify product: hypothetical protein NTHI477_00804 [Haemophilus influenzae] => hypothetical protein [Haemophilus influenzae]
[23:33:43] Modify product: hypothetical protein NTHI477_00829 [Haemophilus influenzae] => hypothetical protein [Haemophilus influenzae]
[23:33:43] Modify product: hypothetical protein NTHI477_00846 [Haemophilus influenzae] => hypothetical protein [Haemophilus influenzae]
[23:33:43] Modify product: hypothetical protein NTHI477_00851 [Haemophilus influenzae] => hypothetical protein [Haemophilus influenzae]
[23:33:43] Modify product: hypothetical protein NTHI477_00858 [Haemophilus influenzae] => hypothetical protein [Haemophilus influenzae]
[23:33:43] Modify product: hypothetical protein NTHI477_00860 [Haemophilus influenzae] => hypothetical protein [Haemophilus influenzae]
[23:33:43] Modify product: hypothetical protein NTHI477_00864 [Haemophilus influenzae] => hypothetical protein [Haemophilus influenzae]
[23:33:43] Modify product: hypothetical protein NTHI477_00334 [Haemophilus influenzae] => hypothetical protein [Haemophilus influenzae]
[23:33:43] Modify product: hypothetical protein NTHI477_00140 [Haemophilus influenzae] => hypothetical protein [Haemophilus influenzae]
[23:33:43] Modify product: hypothetical protein NTHI477_00145 [Haemophilus influenzae] => hypothetical protein [Haemophilus influenzae]
[23:33:43] Modify product: hypothetical protein NTHI477_00148 [Haemophilus influenzae] => hypothetical protein [Haemophilus influenzae]
[23:33:43] Modify product: hypothetical protein NTHI477_00149 [Haemophilus influenzae] => hypothetical protein [Haemophilus influenzae]
[23:33:43] Modify product: hypothetical protein NTHI477_00154 [Haemophilus influenzae] => hypothetical protein [Haemophilus influenzae]
[23:33:43] Modify product: hypothetical protein NTHI477_00167 [Haemophilus influenzae] => hypothetical protein [Haemophilus influenzae]
[23:33:43] Modify product: hypothetical protein NTHI477_00177 [Haemophilus influenzae] => hypothetical protein [Haemophilus influenzae]
[23:33:43] Modify product: hypothetical protein NTHI477_00181 [Haemophilus influenzae] => hypothetical protein [Haemophilus influenzae]
[23:33:43] Modify product: hypothetical protein NTHI477_00183 [Haemophilus influenzae] => hypothetical protein [Haemophilus influenzae]
[23:33:43] Modify product: hypothetical protein NTHI477_00184 [Haemophilus influenzae] => hypothetical protein [Haemophilus influenzae]
[23:33:43] Modify product: hypothetical protein NTHI477_00186 [Haemophilus influenzae] => hypothetical protein [Haemophilus influenzae]
[23:33:43] Modify product: hypothetical protein NTHI477_00187 [Haemophilus influenzae] => hypothetical protein [Haemophilus influenzae]
[23:33:43] Modify product: hypothetical protein NTHI477_00188 [Haemophilus influenzae] => hypothetical protein [Haemophilus influenzae]
[23:33:43] Modify product: hypothetical protein NTHI477_00189 [Haemophilus influenzae] => hypothetical protein [Haemophilus influenzae]
[23:33:43] Modify product: hypothetical protein NTHI477_00193 [Haemophilus influenzae] => hypothetical protein [Haemophilus influenzae]
[23:33:43] Modify product: hypothetical protein NTHI477_00204 [Haemophilus influenzae] => hypothetical protein [Haemophilus influenzae]
[23:33:43] Modify product: hypothetical protein NTHI477_00206 [Haemophilus influenzae] => hypothetical protein [Haemophilus influenzae]
[23:33:43] Modify product: hypothetical protein NTHI477_00215 [Haemophilus influenzae] => hypothetical protein [Haemophilus influenzae]
[23:33:43] Modify product: hypothetical protein NTHI477_00218 [Haemophilus influenzae] => hypothetical protein [Haemophilus influenzae]
[23:33:43] Modify product: hypothetical protein NTHI477_00220 [Haemophilus influenzae] => hypothetical protein [Haemophilus influenzae]
[23:33:43] Modify product: hypothetical protein NTHI477_00223 [Haemophilus influenzae] => hypothetical protein [Haemophilus influenzae]
[23:33:43] Modify product: hypothetical protein NTHI477_00224 [Haemophilus influenzae] => hypothetical protein [Haemophilus influenzae]
[23:33:43] Modify product: hypothetical protein NTHI477_00225 [Haemophilus influenzae] => hypothetical protein [Haemophilus influenzae]
[23:33:43] Modify product: hypothetical protein NTHI477_00226 [Haemophilus influenzae] => hypothetical protein [Haemophilus influenzae]
[23:33:43] Modify product: hypothetical protein NTHI477_00227 [Haemophilus influenzae] => hypothetical protein [Haemophilus influenzae]
[23:33:43] Modify product: hypothetical protein NTHI477_00228 [Haemophilus influenzae] => hypothetical protein [Haemophilus influenzae]
[23:33:43] Modify product: hypothetical protein NTHI477_00229 [Haemophilus influenzae] => hypothetical protein [Haemophilus influenzae]
[23:33:43] Modify product: hypothetical protein NTHI477_00230 [Haemophilus influenzae] => hypothetical protein [Haemophilus influenzae]
[23:33:43] Modify product: hypothetical protein NTHI477_00232 [Haemophilus influenzae] => hypothetical protein [Haemophilus influenzae]
[23:33:43] Modify product: hypothetical protein NTHI477_00233 [Haemophilus influenzae] => hypothetical protein [Haemophilus influenzae]
[23:33:43] Modify product: hypothetical protein NTHI477_00235 [Haemophilus influenzae] => hypothetical protein [Haemophilus influenzae]
[23:33:43] Modify product: hypothetical protein NTHI477_00676 [Haemophilus influenzae] => hypothetical protein [Haemophilus influenzae]
[23:33:43] Modify product: hypothetical protein NTHI477_00682 [Haemophilus influenzae] => hypothetical protein [Haemophilus influenzae]
[23:33:43] Modify product: hypothetical protein NTHI477_00692 [Haemophilus influenzae] => hypothetical protein [Haemophilus influenzae]
[23:33:43] Modify product: hypothetical protein NTHI477_00696 [Haemophilus influenzae] => hypothetical protein [Haemophilus influenzae]
[23:33:43] Modify product: hypothetical protein NTHI477_00703 [Haemophilus influenzae] => hypothetical protein [Haemophilus influenzae]
[23:33:43] Modify product: hypothetical protein NTHI477_00725 [Haemophilus influenzae] => hypothetical protein [Haemophilus influenzae]
[23:33:43] Modify product: hypothetical protein NTHI477_00726 [Haemophilus influenzae] => hypothetical protein [Haemophilus influenzae]
[23:33:43] Modify product: hypothetical protein NTHI477_00735 [Haemophilus influenzae] => hypothetical protein [Haemophilus influenzae]
[23:33:43] Modify product: hypothetical protein NTHI477_00741 [Haemophilus influenzae] => hypothetical protein [Haemophilus influenzae]
[23:33:43] Modify product: hypothetical protein NTHI477_00751 [Haemophilus influenzae] => hypothetical protein [Haemophilus influenzae]
[23:33:43] Modify product: hypothetical protein NTHI477_00237 [Haemophilus influenzae] => hypothetical protein [Haemophilus influenzae]
[23:33:43] Modify product: hypothetical protein NTHI477_00241 [Haemophilus influenzae] => hypothetical protein [Haemophilus influenzae]
[23:33:43] Modify product: hypothetical protein NTHI477_00242 [Haemophilus influenzae] => hypothetical protein [Haemophilus influenzae]
[23:33:43] Modify product: hypothetical protein NTHI477_00248 [Haemophilus influenzae] => hypothetical protein [Haemophilus influenzae]
[23:33:43] Modify product: hypothetical protein NTHI477_00251 [Haemophilus influenzae] => hypothetical protein [Haemophilus influenzae]
[23:33:43] Modify product: hypothetical protein NTHI477_00254 [Haemophilus influenzae] => hypothetical protein [Haemophilus influenzae]
[23:33:43] Modify product: hypothetical protein NTHI477_00257 [Haemophilus influenzae] => hypothetical protein [Haemophilus influenzae]
[23:33:43] Modify product: hypothetical protein NTHI477_00262 [Haemophilus influenzae] => hypothetical protein [Haemophilus influenzae]
[23:33:43] Modify product: hypothetical protein NTHI477_00263 [Haemophilus influenzae] => hypothetical protein [Haemophilus influenzae]
[23:33:43] Modify product: hypothetical protein NTHI477_00264 [Haemophilus influenzae] => hypothetical protein [Haemophilus influenzae]
[23:33:43] Modify product: hypothetical protein NTHI477_00265 [Haemophilus influenzae] => hypothetical protein [Haemophilus influenzae]
[23:33:43] Modify product: hypothetical protein NTHI477_00270 [Haemophilus influenzae] => hypothetical protein [Haemophilus influenzae]
[23:33:43] Modify product: hypothetical protein NTHI477_00284 [Haemophilus influenzae] => hypothetical protein [Haemophilus influenzae]
[23:33:43] Modify product: hypothetical protein NTHI477_00307 [Haemophilus influenzae] => hypothetical protein [Haemophilus influenzae]
[23:33:43] Modify product: hypothetical protein NTHI477_00313 [Haemophilus influenzae] => hypothetical protein [Haemophilus influenzae]
[23:33:43] Modify product: hypothetical protein NTHI477_00323 [Haemophilus influenzae] => hypothetical protein [Haemophilus influenzae]
[23:33:43] Modify product: hypothetical protein NTHI477_00334 [Haemophilus influenzae] => hypothetical protein [Haemophilus influenzae]
[23:33:43] Modify product: hypothetical protein NTHI477_00561 [Haemophilus influenzae] => hypothetical protein [Haemophilus influenzae]
[23:33:43] Modify product: hypothetical protein NTHI477_00562 [Haemophilus influenzae] => hypothetical protein [Haemophilus influenzae]
[23:33:43] Modify product: hypothetical protein NTHI477_00563 [Haemophilus influenzae] => hypothetical protein [Haemophilus influenzae]
[23:33:43] Modify product: hypothetical protein NTHI477_00567 [Haemophilus influenzae] => hypothetical protein [Haemophilus influenzae]
[23:33:43] Modify product: hypothetical protein NTHI477_00568 [Haemophilus influenzae] => hypothetical protein [Haemophilus influenzae]
[23:33:43] Modify product: hypothetical protein NTHI477_00573 [Haemophilus influenzae] => hypothetical protein [Haemophilus influenzae]
[23:33:43] Modify product: hypothetical protein NTHI477_00574 [Haemophilus influenzae] => hypothetical protein [Haemophilus influenzae]
[23:33:43] Modify product: hypothetical protein NTHI477_00575 [Haemophilus influenzae] => hypothetical protein [Haemophilus influenzae]
[23:33:43] Modify product: hypothetical protein NTHI477_00578 [Haemophilus influenzae] => hypothetical protein [Haemophilus influenzae]
[23:33:43] Modify product: hypothetical protein NTHI477_00616 [Haemophilus influenzae] => hypothetical protein [Haemophilus influenzae]
[23:33:43] Modify product: hypothetical protein NTHI477_00633 [Haemophilus influenzae] => hypothetical protein [Haemophilus influenzae]
[23:33:43] Modify product: hypothetical protein NTHI477_00634 [Haemophilus influenzae] => hypothetical protein [Haemophilus influenzae]
[23:33:43] Modify product: hypothetical protein NTHI477_00635 [Haemophilus influenzae] => hypothetical protein [Haemophilus influenzae]
[23:33:43] Modify product: hypothetical protein NTHI477_00649 [Haemophilus influenzae] => hypothetical protein [Haemophilus influenzae]
[23:33:43] Modify product: hypothetical protein NTHI477_00651 [Haemophilus influenzae] => hypothetical protein [Haemophilus influenzae]
[23:33:43] Modify product: hypothetical protein NTHI477_00660 [Haemophilus influenzae] => hypothetical protein [Haemophilus influenzae]
[23:33:43] Modify product: hypothetical protein NTHI477_00661 [Haemophilus influenzae] => hypothetical protein [Haemophilus influenzae]
[23:33:43] Modify product: hypothetical protein NTHI477_00662 [Haemophilus influenzae] => hypothetical protein [Haemophilus influenzae]
[23:33:43] Modify product: hypothetical protein NTHI477_00006 [Haemophilus influenzae] => hypothetical protein [Haemophilus influenzae]
[23:33:43] Modify product: hypothetical protein NTHI477_00012 [Haemophilus influenzae] => hypothetical protein [Haemophilus influenzae]
[23:33:43] Modify product: hypothetical protein NTHI477_00017 [Haemophilus influenzae] => hypothetical protein [Haemophilus influenzae]
[23:33:43] Modify product: hypothetical protein NTHI477_00029 [Haemophilus influenzae] => hypothetical protein [Haemophilus influenzae]
[23:33:43] Modify product: hypothetical protein NTHI477_00030 [Haemophilus influenzae] => hypothetical protein [Haemophilus influenzae]
[23:33:43] Modify product: hypothetical protein NTHI477_00038 [Haemophilus influenzae] => hypothetical protein [Haemophilus influenzae]
[23:33:43] Modify product: hypothetical protein NTHI477_00058 [Haemophilus influenzae] => hypothetical protein [Haemophilus influenzae]
[23:33:43] Modify product: hypothetical protein NTHI477_00063 [Haemophilus influenzae] => hypothetical protein [Haemophilus influenzae]
[23:33:43] Modify product: hypothetical protein NTHI477_00076 [Haemophilus influenzae] => hypothetical protein [Haemophilus influenzae]
[23:33:43] Modify product: hypothetical protein NTHI477_00079 [Haemophilus influenzae] => hypothetical protein [Haemophilus influenzae]
[23:33:43] Modify product: hypothetical protein NTHI477_00085 [Haemophilus influenzae] => hypothetical protein [Haemophilus influenzae]
[23:33:43] Modify product: hypothetical protein NTHI477_00087 [Haemophilus influenzae] => hypothetical protein [Haemophilus influenzae]
[23:33:43] Modify product: hypothetical protein NTHI477_00088 [Haemophilus influenzae] => hypothetical protein [Haemophilus influenzae]
[23:33:43] Modify product: hypothetical protein NTHI477_00089 [Haemophilus influenzae] => hypothetical protein [Haemophilus influenzae]
[23:33:43] Modify product: hypothetical protein NTHI477_00091 [Haemophilus influenzae] => hypothetical protein [Haemophilus influenzae]
[23:33:43] Modify product: hypothetical protein NTHI477_00093 [Haemophilus influenzae] => hypothetical protein [Haemophilus influenzae]
[23:33:43] Modify product: hypothetical protein NTHI477_00098 [Haemophilus influenzae] => hypothetical protein [Haemophilus influenzae]
[23:33:43] Modify product: hypothetical protein NTHI477_00104 [Haemophilus influenzae] => hypothetical protein [Haemophilus influenzae]
[23:33:43] Modify product: hypothetical protein NTHI477_00448 [Haemophilus influenzae] => hypothetical protein [Haemophilus influenzae]
[23:33:43] Modify product: hypothetical protein NTHI477_00450 [Haemophilus influenzae] => hypothetical protein [Haemophilus influenzae]
[23:33:43] Modify product: hypothetical protein NTHI477_00456 [Haemophilus influenzae] => hypothetical protein [Haemophilus influenzae]
[23:33:43] Modify product: hypothetical protein NTHI477_00467 [Haemophilus influenzae] => hypothetical protein [Haemophilus influenzae]
[23:33:43] Modify product: hypothetical protein NTHI477_00468 [Haemophilus influenzae] => hypothetical protein [Haemophilus influenzae]
[23:33:43] Modify product: hypothetical protein NTHI477_00469 [Haemophilus influenzae] => hypothetical protein [Haemophilus influenzae]
[23:33:43] Modify product: hypothetical protein NTHI477_00472 [Haemophilus influenzae] => hypothetical protein [Haemophilus influenzae]
[23:33:43] Modify product: hypothetical protein NTHI477_00485 [Haemophilus influenzae] => hypothetical protein [Haemophilus influenzae]
[23:33:43] Modify product: hypothetical protein NTHI477_00492 [Haemophilus influenzae] => hypothetical protein [Haemophilus influenzae]
[23:33:43] Modify product: hypothetical protein NTHI477_00493 [Haemophilus influenzae] => hypothetical protein [Haemophilus influenzae]
[23:33:43] Modify product: hypothetical protein NTHI477_00496 [Haemophilus influenzae] => hypothetical protein [Haemophilus influenzae]
[23:33:43] Modify product: hypothetical protein NTHI477_00510 [Haemophilus influenzae] => hypothetical protein [Haemophilus influenzae]
[23:33:43] Modify product: hypothetical protein NTHI477_00516 [Haemophilus influenzae] => hypothetical protein [Haemophilus influenzae]
[23:33:43] Modify product: hypothetical protein NTHI477_00533 [Haemophilus influenzae] => hypothetical protein [Haemophilus influenzae]
[23:33:43] Modify product: hypothetical protein NTHI477_00536 [Haemophilus influenzae] => hypothetical protein [Haemophilus influenzae]
[23:33:43] Modify product: hypothetical protein NTHI477_00540 [Haemophilus influenzae] => hypothetical protein [Haemophilus influenzae]
[23:33:43] Modify product: hypothetical protein NTHI477_00546 [Haemophilus influenzae] => hypothetical protein [Haemophilus influenzae]
[23:33:43] Modify product: hypothetical protein NTHI477_01011 [Haemophilus influenzae] => hypothetical protein [Haemophilus influenzae]
[23:33:43] Modify product: hypothetical protein NTHI477_01030 [Haemophilus influenzae] => hypothetical protein [Haemophilus influenzae]
[23:33:43] Modify product: hypothetical protein NTHI477_01056 [Haemophilus influenzae] => hypothetical protein [Haemophilus influenzae]
[23:33:43] Modify product: hypothetical protein NTHI477_01062 [Haemophilus influenzae] => hypothetical protein [Haemophilus influenzae]
[23:33:43] Modify product: hypothetical protein NTHI477_01068 [Haemophilus influenzae] => hypothetical protein [Haemophilus influenzae]
[23:33:43] Modify product: hypothetical protein NTHI477_01071 [Haemophilus influenzae] => hypothetical protein [Haemophilus influenzae]
[23:33:43] Modify product: hypothetical protein NTHI477_01074 [Haemophilus influenzae] => hypothetical protein [Haemophilus influenzae]
[23:33:43] Modify product: hypothetical protein NTHI477_01075 [Haemophilus influenzae] => hypothetical protein [Haemophilus influenzae]
[23:33:43] Modify product: hypothetical protein NTHI477_01081 [Haemophilus influenzae] => hypothetical protein [Haemophilus influenzae]
[23:33:43] Modify product: hypothetical protein NTHI477_01094 [Haemophilus influenzae] => hypothetical protein [Haemophilus influenzae]
[23:33:43] Modify product: hypothetical protein NTHI477_01102 [Haemophilus influenzae] => hypothetical protein [Haemophilus influenzae]
[23:33:43] Modify product: hypothetical protein NTHI477_01103 [Haemophilus influenzae] => hypothetical protein [Haemophilus influenzae]
[23:33:43] Modify product: hypothetical protein NTHI477_01108 [Haemophilus influenzae] => hypothetical protein [Haemophilus influenzae]
[23:33:43] Modify product: hypothetical protein NTHI477_01120 [Haemophilus influenzae] => hypothetical protein [Haemophilus influenzae]
[23:33:43] Modify product: hypothetical protein NTHI477_01127 [Haemophilus influenzae] => hypothetical protein [Haemophilus influenzae]
[23:33:43] Modify product: hypothetical protein NTHI477_01129 [Haemophilus influenzae] => hypothetical protein [Haemophilus influenzae]
[23:33:43] Modify product: hypothetical protein NTHI477_01135 [Haemophilus influenzae] => hypothetical protein [Haemophilus influenzae]
[23:33:43] Modify product: hypothetical protein NTHI477_01137 [Haemophilus influenzae] => hypothetical protein [Haemophilus influenzae]
[23:33:43] Modify product: hypothetical protein NTHI477_01192 [Haemophilus influenzae] => hypothetical protein [Haemophilus influenzae]
[23:33:43] Modify product: hypothetical protein NTHI477_01195 [Haemophilus influenzae] => hypothetical protein [Haemophilus influenzae]
[23:33:43] Modify product: hypothetical protein NTHI477_01204 [Haemophilus influenzae] => hypothetical protein [Haemophilus influenzae]
[23:33:43] Modify product: hypothetical protein NTHI477_01208 [Haemophilus influenzae] => hypothetical protein [Haemophilus influenzae]
[23:33:43] Modify product: hypothetical protein NTHI477_01209 [Haemophilus influenzae] => hypothetical protein [Haemophilus influenzae]
[23:33:43] Modify product: hypothetical protein NTHI477_00876 [Haemophilus influenzae] => hypothetical protein [Haemophilus influenzae]
[23:33:43] Modify product: hypothetical protein NTHI477_00879 [Haemophilus influenzae] => hypothetical protein [Haemophilus influenzae]
[23:33:43] Modify product: hypothetical protein NTHI477_00887 [Haemophilus influenzae] => hypothetical protein [Haemophilus influenzae]
[23:33:43] Modify product: hypothetical protein NTHI477_00919 [Haemophilus influenzae] => hypothetical protein [Haemophilus influenzae]
[23:33:43] Modify product: hypothetical protein NTHI477_00953 [Haemophilus influenzae] => hypothetical protein [Haemophilus influenzae]
[23:33:43] Modify product: hypothetical protein NTHI477_00955 [Haemophilus influenzae] => hypothetical protein [Haemophilus influenzae]
[23:33:44] Modify product: hypothetical protein NTHI477_00971 [Haemophilus influenzae] => hypothetical protein [Haemophilus influenzae]
[23:33:44] Modify product: hypothetical protein NTHI477_00982 [Haemophilus influenzae] => hypothetical protein [Haemophilus influenzae]
[23:33:44] Modify product: hypothetical protein NTHI477_01337 [Haemophilus influenzae] => hypothetical protein [Haemophilus influenzae]
[23:33:44] Modify product: hypothetical protein NTHI477_01337 [Haemophilus influenzae] => hypothetical protein [Haemophilus influenzae]
[23:33:44] Modify product: hypothetical protein NTHI477_01337 [Haemophilus influenzae] => hypothetical protein [Haemophilus influenzae]
[23:33:44] Modify product: hypothetical protein NTHI477_01338 [Haemophilus influenzae] => hypothetical protein [Haemophilus influenzae]
[23:33:44] Modify product: hypothetical protein NTHI477_01350 [Haemophilus influenzae] => hypothetical protein [Haemophilus influenzae]
[23:33:44] Modify product: hypothetical protein NTHI477_01356 [Haemophilus influenzae] => hypothetical protein [Haemophilus influenzae]
[23:33:44] Modify product: hypothetical protein NTHI477_01375 [Haemophilus influenzae] => hypothetical protein [Haemophilus influenzae]
[23:33:44] Modify product: hypothetical protein NTHI477_01385 [Haemophilus influenzae] => hypothetical protein [Haemophilus influenzae]
[23:33:44] Modify product: hypothetical protein NTHI477_01387 [Haemophilus influenzae] => hypothetical protein [Haemophilus influenzae]
[23:33:44] Modify product: hypothetical protein NTHI477_01405 [Haemophilus influenzae] => hypothetical protein [Haemophilus influenzae]
[23:33:44] Modify product: hypothetical protein NTHI477_01412 [Haemophilus influenzae] => hypothetical protein [Haemophilus influenzae]
[23:33:44] Modify product: hypothetical protein NTHI477_01416 [Haemophilus influenzae] => hypothetical protein [Haemophilus influenzae]
[23:33:44] Modify product: hypothetical protein NTHI477_01423 [Haemophilus influenzae] => hypothetical protein [Haemophilus influenzae]
[23:33:44] Modify product: hypothetical protein NTHI477_01424 [Haemophilus influenzae] => hypothetical protein [Haemophilus influenzae]
[23:33:44] Modify product: hypothetical protein NTHI477_01426 [Haemophilus influenzae] => hypothetical protein [Haemophilus influenzae]
[23:33:44] Modify product: hypothetical protein NTHI477_01427 [Haemophilus influenzae] => hypothetical protein [Haemophilus influenzae]
[23:33:44] Modify product: hypothetical protein NTHI477_01428 [Haemophilus influenzae] => hypothetical protein [Haemophilus influenzae]
[23:33:44] Modify product: hypothetical protein NTHI477_01430 [Haemophilus influenzae] => hypothetical protein [Haemophilus influenzae]
[23:33:44] Modify product: hypothetical protein NTHI477_01431 [Haemophilus influenzae] => hypothetical protein [Haemophilus influenzae]
[23:33:44] Modify product: hypothetical protein NTHI477_01432 [Haemophilus influenzae] => hypothetical protein [Haemophilus influenzae]
[23:33:44] Modify product: hypothetical protein NTHI477_01434 [Haemophilus influenzae] => hypothetical protein [Haemophilus influenzae]
[23:33:44] Modify product: hypothetical protein NTHI477_01435 [Haemophilus influenzae] => hypothetical protein [Haemophilus influenzae]
[23:33:44] Modify product: hypothetical protein NTHI477_01436 [Haemophilus influenzae] => hypothetical protein [Haemophilus influenzae]
[23:33:44] Modify product: hypothetical protein NTHI477_01437 [Haemophilus influenzae] => hypothetical protein [Haemophilus influenzae]
[23:33:44] Modify product: hypothetical protein NTHI477_01438 [Haemophilus influenzae] => hypothetical protein [Haemophilus influenzae]
[23:33:44] Modify product: hypothetical protein NTHI477_01439 [Haemophilus influenzae] => hypothetical protein [Haemophilus influenzae]
[23:33:44] Modify product: hypothetical protein NTHI477_01441 [Haemophilus influenzae] => hypothetical protein [Haemophilus influenzae]
[23:33:44] Modify product: hypothetical protein NTHI477_01442 [Haemophilus influenzae] => hypothetical protein [Haemophilus influenzae]
[23:33:44] Modify product: hypothetical protein NTHI477_01443 [Haemophilus influenzae] => hypothetical protein [Haemophilus influenzae]
[23:33:44] Modify product: hypothetical protein NTHI477_01444 [Haemophilus influenzae] => hypothetical protein [Haemophilus influenzae]
[23:33:44] Modify product: hypothetical protein NTHI477_01445 [Haemophilus influenzae] => hypothetical protein [Haemophilus influenzae]
[23:33:44] Modify product: hypothetical protein NTHI477_01448 [Haemophilus influenzae] => hypothetical protein [Haemophilus influenzae]
[23:33:44] Modify product: hypothetical protein NTHI477_01452 [Haemophilus influenzae] => hypothetical protein [Haemophilus influenzae]
[23:33:44] Modify product: hypothetical protein NTHI477_01454 [Haemophilus influenzae] => hypothetical protein [Haemophilus influenzae]
[23:33:44] Modify product: hypothetical protein NTHI477_01456 [Haemophilus influenzae] => hypothetical protein [Haemophilus influenzae]
[23:33:44] Modify product: hypothetical protein NTHI477_01457 [Haemophilus influenzae] => hypothetical protein [Haemophilus influenzae]
[23:33:44] Modify product: hypothetical protein NTHI477_01458 [Haemophilus influenzae] => hypothetical protein [Haemophilus influenzae]
[23:33:44] Modify product: hypothetical protein NTHI477_01459 [Haemophilus influenzae] => hypothetical protein [Haemophilus influenzae]
[23:33:44] Modify product: hypothetical protein NTHI477_01465 [Haemophilus influenzae] => hypothetical protein [Haemophilus influenzae]
[23:33:44] Modify product: hypothetical protein NTHI477_01467 [Haemophilus influenzae] => hypothetical protein [Haemophilus influenzae]
[23:33:44] Modify product: hypothetical protein NTHI477_01471 [Haemophilus influenzae] => hypothetical protein [Haemophilus influenzae]
[23:33:44] Modify product: hypothetical protein NTHI477_01472 [Haemophilus influenzae] => hypothetical protein [Haemophilus influenzae]
[23:33:44] Modify product: hypothetical protein NTHI477_01473 [Haemophilus influenzae] => hypothetical protein [Haemophilus influenzae]
[23:33:44] Modify product: hypothetical protein NTHI477_01474 [Haemophilus influenzae] => hypothetical protein [Haemophilus influenzae]
[23:33:44] Modify product: hypothetical protein NTHI477_01475 [Haemophilus influenzae] => hypothetical protein [Haemophilus influenzae]
[23:33:44] Modify product: hypothetical protein NTHI477_01478 [Haemophilus influenzae] => hypothetical protein [Haemophilus influenzae]
[23:33:44] Modify product: hypothetical protein NTHI477_01479 [Haemophilus influenzae] => hypothetical protein [Haemophilus influenzae]
[23:33:44] Modify product: hypothetical protein NTHI477_01480 [Haemophilus influenzae] => hypothetical protein [Haemophilus influenzae]
[23:33:44] Modify product: hypothetical protein NTHI477_01483 [Haemophilus influenzae] => hypothetical protein [Haemophilus influenzae]
[23:33:44] Modify product: hypothetical protein NTHI477_01485 [Haemophilus influenzae] => hypothetical protein [Haemophilus influenzae]
[23:33:44] Modify product: hypothetical protein NTHI477_01487 [Haemophilus influenzae] => hypothetical protein [Haemophilus influenzae]
[23:33:44] Modify product: hypothetical protein NTHI477_01488 [Haemophilus influenzae] => hypothetical protein [Haemophilus influenzae]
[23:33:44] Modify product: hypothetical protein NTHI477_01490 [Haemophilus influenzae] => hypothetical protein [Haemophilus influenzae]
[23:33:44] Modify product: hypothetical protein NTHI477_01491 [Haemophilus influenzae] => hypothetical protein [Haemophilus influenzae]
[23:33:44] Modify product: hypothetical protein NTHI477_01502 [Haemophilus influenzae] => hypothetical protein [Haemophilus influenzae]
[23:33:44] Modify product: hypothetical protein NTHI477_01509 [Haemophilus influenzae] => hypothetical protein [Haemophilus influenzae]
[23:33:44] Modify product: hypothetical protein NTHI477_01510 [Haemophilus influenzae] => hypothetical protein [Haemophilus influenzae]
[23:33:44] Modify product: hypothetical protein NTHI477_01514 [Haemophilus influenzae] => hypothetical protein [Haemophilus influenzae]
[23:33:44] Modify product: hypothetical protein NTHI477_01543 [Haemophilus influenzae] => hypothetical protein [Haemophilus influenzae]
[23:33:44] Modify product: hypothetical protein NTHI477_01549 [Haemophilus influenzae] => hypothetical protein [Haemophilus influenzae]
[23:33:44] Modify product: hypothetical protein NTHI477_01550 [Haemophilus influenzae] => hypothetical protein [Haemophilus influenzae]
[23:33:44] Modify product: hypothetical protein NTHI477_01551 [Haemophilus influenzae] => hypothetical protein [Haemophilus influenzae]
[23:33:44] Modify product: hypothetical protein NTHI477_01554 [Haemophilus influenzae] => hypothetical protein [Haemophilus influenzae]
[23:33:44] Modify product: hypothetical protein NTHI477_01555 [Haemophilus influenzae] => hypothetical protein [Haemophilus influenzae]
[23:33:44] Modify product: hypothetical protein NTHI477_01563 [Haemophilus influenzae] => hypothetical protein [Haemophilus influenzae]
[23:33:44] Modify product: hypothetical protein NTHI477_01565 [Haemophilus influenzae] => hypothetical protein [Haemophilus influenzae]
[23:33:44] Modify product: hypothetical protein NTHI477_01566 [Haemophilus influenzae] => hypothetical protein [Haemophilus influenzae]
[23:33:44] Modify product: hypothetical protein NTHI477_01567 [Haemophilus influenzae] => hypothetical protein [Haemophilus influenzae]
[23:33:44] Modify product: hypothetical protein NTHI477_01572 [Haemophilus influenzae] => hypothetical protein [Haemophilus influenzae]
[23:33:44] Modify product: hypothetical protein NTHI477_01576 [Haemophilus influenzae] => hypothetical protein [Haemophilus influenzae]
[23:33:44] Modify product: hypothetical protein NTHI477_01230 [Haemophilus influenzae] => hypothetical protein [Haemophilus influenzae]
[23:33:44] Modify product: hypothetical protein NTHI477_01237 [Haemophilus influenzae] => hypothetical protein [Haemophilus influenzae]
[23:33:44] Modify product: hypothetical protein NTHI477_01263 [Haemophilus influenzae] => hypothetical protein [Haemophilus influenzae]
[23:33:44] Modify product: hypothetical protein NTHI477_01267 [Haemophilus influenzae] => hypothetical protein [Haemophilus influenzae]
[23:33:44] Modify product: hypothetical protein NTHI477_01268 [Haemophilus influenzae] => hypothetical protein [Haemophilus influenzae]
[23:33:44] Modify product: hypothetical protein NTHI477_01273 [Haemophilus influenzae] => hypothetical protein [Haemophilus influenzae]
[23:33:44] Modify product: hypothetical protein NTHI477_01274 [Haemophilus influenzae] => hypothetical protein [Haemophilus influenzae]
[23:33:44] Modify product: hypothetical protein NTHI477_01282 [Haemophilus influenzae] => hypothetical protein [Haemophilus influenzae]
[23:33:44] Modify product: hypothetical protein NTHI477_01285 [Haemophilus influenzae] => hypothetical protein [Haemophilus influenzae]
[23:33:44] Modify product: hypothetical protein NTHI477_01294 [Haemophilus influenzae] => hypothetical protein [Haemophilus influenzae]
[23:33:44] Modify product: hypothetical protein NTHI477_01309 [Haemophilus influenzae] => hypothetical protein [Haemophilus influenzae]
[23:33:44] Modify product: hypothetical protein NTHI477_01322 [Haemophilus influenzae] => hypothetical protein [Haemophilus influenzae]
[23:33:44] Modify product: hypothetical protein NTHI477_01323 [Haemophilus influenzae] => hypothetical protein [Haemophilus influenzae]
[23:33:44] Modify product: hypothetical protein NTHI477_01324 [Haemophilus influenzae] => hypothetical protein [Haemophilus influenzae]
[23:33:44] Modify product: hypothetical protein NTHI477_01700 [Haemophilus influenzae] => hypothetical protein [Haemophilus influenzae]
[23:33:44] Modify product: hypothetical protein NTHI477_01712 [Haemophilus influenzae] => hypothetical protein [Haemophilus influenzae]
[23:33:44] Modify product: hypothetical protein NTHI477_01713 [Haemophilus influenzae] => hypothetical protein [Haemophilus influenzae]
[23:33:44] Modify product: hypothetical protein NTHI477_01729 [Haemophilus influenzae] => hypothetical protein [Haemophilus influenzae]
[23:33:44] Modify product: hypothetical protein NTHI477_01730 [Haemophilus influenzae] => hypothetical protein [Haemophilus influenzae]
[23:33:44] Modify product: hypothetical protein NTHI477_01732 [Haemophilus influenzae] => hypothetical protein [Haemophilus influenzae]
[23:33:44] Modify product: hypothetical protein NTHI477_01739 [Haemophilus influenzae] => hypothetical protein [Haemophilus influenzae]
[23:33:44] Modify product: hypothetical protein NTHI477_01747 [Haemophilus influenzae] => hypothetical protein [Haemophilus influenzae]
[23:33:44] Modify product: hypothetical protein NTHI477_01755 [Haemophilus influenzae] => hypothetical protein [Haemophilus influenzae]
[23:33:44] Modify product: hypothetical protein NTHI477_01761 [Haemophilus influenzae] => hypothetical protein [Haemophilus influenzae]
[23:33:44] Modify product: hypothetical protein NTHI477_01775 [Haemophilus influenzae] => hypothetical protein [Haemophilus influenzae]
[23:33:44] Modify product: hypothetical protein NTHI477_01778 [Haemophilus influenzae] => hypothetical protein [Haemophilus influenzae]
[23:33:44] Modify product: hypothetical protein NTHI477_01793 [Haemophilus influenzae] => hypothetical protein [Haemophilus influenzae]
[23:33:44] Modify product: hypothetical protein NTHI477_01794 [Haemophilus influenzae] => hypothetical protein [Haemophilus influenzae]
[23:33:44] Modify product: hypothetical protein NTHI477_01800 [Haemophilus influenzae] => hypothetical protein [Haemophilus influenzae]
[23:33:44] Modify product: hypothetical protein NTHI477_01806 [Haemophilus influenzae] => hypothetical protein [Haemophilus influenzae]
[23:33:44] Modify product: hypothetical protein NTHI477_01582 [Haemophilus influenzae] => hypothetical protein [Haemophilus influenzae]
[23:33:44] Modify product: hypothetical protein NTHI477_01602 [Haemophilus influenzae] => hypothetical protein [Haemophilus influenzae]
[23:33:44] Modify product: hypothetical protein NTHI477_01618 [Haemophilus influenzae] => hypothetical protein [Haemophilus influenzae]
[23:33:44] Modify product: hypothetical protein NTHI477_01621 [Haemophilus influenzae] => hypothetical protein [Haemophilus influenzae]
[23:33:44] Modify product: hypothetical protein NTHI477_01630 [Haemophilus influenzae] => hypothetical protein [Haemophilus influenzae]
[23:33:44] Modify product: hypothetical protein NTHI477_01670 [Haemophilus influenzae] => hypothetical protein [Haemophilus influenzae]
[23:33:44] Modify product: hypothetical protein NTHI477_01678 [Haemophilus influenzae] => hypothetical protein [Haemophilus influenzae]
[23:33:44] Modify product: hypothetical protein NTHI477_01683 [Haemophilus influenzae] => hypothetical protein [Haemophilus influenzae]
[23:33:44] Modify product: hypothetical protein NTHI477_01685 [Haemophilus influenzae] => hypothetical protein [Haemophilus influenzae]
[23:33:44] Cleaned 297 /product names
[23:33:44] Deleting unwanted file: output/new/PROKKA_02122024.proteins.tmp.76385.faa
[23:33:44] Deleting unwanted file: output/new/PROKKA_02122024.proteins.tmp.76385.blast
[23:33:44] There are still 49 unannotated CDS left (started with 1768)
[23:33:44] Will use blast to search against /home/alperen/miniconda3/envs/prokka/db/kingdom/Bacteria/IS with 8 CPUs
[23:33:44] Running: cat output\/new\/PROKKA_02122024\.IS\.tmp\.76385\.faa | parallel --gnu --plain -j 8 --block 381 --recstart '>' --pipe blastp -query - -db /home/alperen/miniconda3/envs/prokka/db/kingdom/Bacteria/IS -evalue 1e-30 -qcov_hsp_perc 90 -num_threads 1 -num_descriptions 1 -num_alignments 1 -seg no > output\/new\/PROKKA_02122024\.IS\.tmp\.76385\.blast 2> /dev/null
[23:33:44] Deleting unwanted file: output/new/PROKKA_02122024.IS.tmp.76385.faa
[23:33:44] Deleting unwanted file: output/new/PROKKA_02122024.IS.tmp.76385.blast
[23:33:44] There are still 48 unannotated CDS left (started with 1768)
[23:33:44] Will use blast to search against /home/alperen/miniconda3/envs/prokka/db/kingdom/Bacteria/AMR with 8 CPUs
[23:33:44] Running: cat output\/new\/PROKKA_02122024\.AMR\.tmp\.76385\.faa | parallel --gnu --plain -j 8 --block 374 --recstart '>' --pipe blastp -query - -db /home/alperen/miniconda3/envs/prokka/db/kingdom/Bacteria/AMR -evalue 1e-300 -qcov_hsp_perc 90 -num_threads 1 -num_descriptions 1 -num_alignments 1 -seg no > output\/new\/PROKKA_02122024\.AMR\.tmp\.76385\.blast 2> /dev/null
[23:33:45] Deleting unwanted file: output/new/PROKKA_02122024.AMR.tmp.76385.faa
[23:33:45] Deleting unwanted file: output/new/PROKKA_02122024.AMR.tmp.76385.blast
[23:33:45] There are still 48 unannotated CDS left (started with 1768)
[23:33:45] Will use blast to search against /home/alperen/miniconda3/envs/prokka/db/kingdom/Bacteria/sprot with 8 CPUs
[23:33:45] Running: cat output\/new\/PROKKA_02122024\.sprot\.tmp\.76385\.faa | parallel --gnu --plain -j 8 --block 374 --recstart '>' --pipe blastp -query - -db /home/alperen/miniconda3/envs/prokka/db/kingdom/Bacteria/sprot -evalue 1e-09 -qcov_hsp_perc 80 -num_threads 1 -num_descriptions 1 -num_alignments 1 -seg no > output\/new\/PROKKA_02122024\.sprot\.tmp\.76385\.blast 2> /dev/null
[23:33:45] Modify product: UPF0597 protein YhaM => hypothetical protein
[23:33:45] Modify product: UPF0597 protein YhaM => hypothetical protein
[23:33:45] Cleaned 2 /product names
[23:33:45] Deleting unwanted file: output/new/PROKKA_02122024.sprot.tmp.76385.faa
[23:33:45] Deleting unwanted file: output/new/PROKKA_02122024.sprot.tmp.76385.blast
[23:33:45] There are still 33 unannotated CDS left (started with 1768)
[23:33:45] Will use hmmer3 to search against /home/alperen/miniconda3/envs/prokka/db/hmm/HAMAP.hmm with 8 CPUs
[23:33:45] Running: cat output\/new\/PROKKA_02122024\.HAMAP\.hmm\.tmp\.76385\.faa | parallel --gnu --plain -j 8 --block 183 --recstart '>' --pipe hmmscan --noali --notextw --acc -E 1e-09 --cpu 1 /home/alperen/miniconda3/envs/prokka/db/hmm/HAMAP.hmm /dev/stdin > output\/new\/PROKKA_02122024\.HAMAP\.hmm\.tmp\.76385\.hmmer3 2> /dev/null
[23:33:45] Deleting unwanted file: output/new/PROKKA_02122024.HAMAP.hmm.tmp.76385.faa
[23:33:45] Deleting unwanted file: output/new/PROKKA_02122024.HAMAP.hmm.tmp.76385.hmmer3
[23:33:45] Deleting unwanted file: output/new/proteins.psq
[23:33:45] Deleting unwanted file: output/new/proteins.phr
[23:33:45] Deleting unwanted file: output/new/proteins.pin
[23:33:45] Labelling remaining 33 proteins as 'hypothetical protein'
[23:33:45] Possible /pseudo 'hypothetical protein [Haemophilus influenzae]' at CP007470.1 position 29304
[23:33:45] Possible /pseudo 'hypothetical protein [Haemophilus influenzae]' at CP007470.1 position 100741
[23:33:45] Possible /pseudo 'hypothetical protein [Haemophilus influenzae]' at CP007470.1 position 101738
[23:33:45] Possible /pseudo 'hypothetical protein [Haemophilus influenzae]' at CP007470.1 position 158200
[23:33:45] Possible /pseudo 'hypothetical protein [Haemophilus influenzae]' at CP007470.1 position 192393
[23:33:45] Possible /pseudo 'hypothetical protein [Haemophilus influenzae]' at CP007470.1 position 194853
[23:33:45] Possible /pseudo 'hypothetical protein [Haemophilus influenzae]' at CP007470.1 position 196545
[23:33:45] Possible /pseudo 'hypothetical protein [Haemophilus influenzae]' at CP007470.1 position 220867
[23:33:45] Possible /pseudo 'hypothetical protein [Haemophilus influenzae]' at CP007470.1 position 223836
[23:33:45] Possible /pseudo 'hypothetical protein [Haemophilus influenzae]' at CP007470.1 position 224017
[23:33:45] Possible /pseudo 'hypothetical protein [Haemophilus influenzae]' at CP007470.1 position 224503
[23:33:45] Possible /pseudo 'hypothetical protein [Haemophilus influenzae]' at CP007470.1 position 224739
[23:33:45] Possible /pseudo 'hypothetical protein [Haemophilus influenzae]' at CP007470.1 position 225223
[23:33:45] Possible /pseudo 'hypothetical protein [Haemophilus influenzae]' at CP007470.1 position 225651
[23:33:45] Possible /pseudo 'hypothetical protein [Haemophilus influenzae]' at CP007470.1 position 225989
[23:33:45] Possible /pseudo 'hypothetical protein [Haemophilus influenzae]' at CP007470.1 position 228166
[23:33:45] Possible /pseudo 'Bacteriophage Lambda NinG protein [Haemophilus influenzae]' at CP007470.1 position 231598
[23:33:45] Possible /pseudo 'hypothetical protein [Haemophilus influenzae]' at CP007470.1 position 232667
[23:33:45] Possible /pseudo 'hypothetical protein [Haemophilus influenzae]' at CP007470.1 position 248553
[23:33:45] Possible /pseudo 'hypothetical protein [Haemophilus influenzae]' at CP007470.1 position 249149
[23:33:45] Possible /pseudo 'hypothetical protein [Haemophilus influenzae]' at CP007470.1 position 249507
[23:33:45] Possible /pseudo 'putative ferritin-1 [Haemophilus influenzae]' at CP007470.1 position 259973
[23:33:45] Possible /pseudo 'Peptidase T' at CP007470.1 position 318020
[23:33:45] Possible /pseudo 'hypothetical protein [Haemophilus influenzae]' at CP007470.1 position 347952
[23:33:45] Possible /pseudo 'hypothetical protein [Haemophilus influenzae]' at CP007470.1 position 349635
[23:33:45] Possible /pseudo 'hypothetical protein [Haemophilus influenzae]' at CP007470.1 position 350023
[23:33:45] Possible /pseudo 'hypothetical protein [Haemophilus influenzae]' at CP007470.1 position 350901
[23:33:45] Possible /pseudo 'hypothetical protein [Haemophilus influenzae]' at CP007470.1 position 351401
[23:33:45] Possible /pseudo 'hypothetical protein [Haemophilus influenzae]' at CP007470.1 position 357460
[23:33:45] Possible /pseudo 'hypothetical protein [Haemophilus influenzae]' at CP007470.1 position 358115
[23:33:45] Possible /pseudo 'hypothetical protein [Haemophilus influenzae]' at CP007470.1 position 358545
[23:33:45] Possible /pseudo 'hypothetical protein [Haemophilus influenzae]' at CP007470.1 position 361632
[23:33:45] Possible /pseudo 'hypothetical protein [Haemophilus influenzae]' at CP007470.1 position 364139
[23:33:45] Possible /pseudo 'hypothetical protein [Haemophilus influenzae]' at CP007470.1 position 364258
[23:33:45] Possible /pseudo 'hypothetical protein [Haemophilus influenzae]' at CP007470.1 position 381180
[23:33:45] Possible /pseudo 'Bicyclomycin resistance protein' at CP007470.1 position 412349
[23:33:45] Possible /pseudo 'hypothetical protein [Haemophilus influenzae]' at CP007470.1 position 413599
[23:33:45] Possible /pseudo 'hypothetical protein [Haemophilus influenzae]' at CP007470.1 position 486099
[23:33:45] Possible /pseudo 'hypothetical protein [Haemophilus influenzae]' at CP007470.1 position 486805
[23:33:45] Possible /pseudo 'hypothetical protein [Haemophilus influenzae]' at CP007470.1 position 508454
[23:33:45] Possible /pseudo 'Glutathione import ATP-binding protein GsiA [Haemophilus influenzae]' at CP007470.1 position 526802
[23:33:45] Possible /pseudo 'Glutathione import ATP-binding protein GsiA [Haemophilus influenzae]' at CP007470.1 position 569622
[23:33:45] Possible /pseudo 'hypothetical protein [Haemophilus influenzae]' at CP007470.1 position 575725
[23:33:45] Possible /pseudo 'hypothetical protein [Haemophilus influenzae]' at CP007470.1 position 576288
[23:33:45] Possible /pseudo 'hypothetical protein [Haemophilus influenzae]' at CP007470.1 position 580552
[23:33:45] Possible /pseudo 'hypothetical protein [Haemophilus influenzae]' at CP007470.1 position 588507
[23:33:45] Possible /pseudo 'hypothetical protein [Haemophilus influenzae]' at CP007470.1 position 588775
[23:33:45] Possible /pseudo 'Glutathione import ATP-binding protein GsiA [Haemophilus influenzae]' at CP007470.1 position 633173
[23:33:45] Possible /pseudo 'hypothetical protein [Haemophilus influenzae]' at CP007470.1 position 654857
[23:33:45] Possible /pseudo 'hypothetical protein [Haemophilus influenzae]' at CP007470.1 position 655105
[23:33:45] Possible /pseudo 'Cytochrome c-type biogenesis protein CcmH precursor [Haemophilus influenzae]' at CP007470.1 position 656395
[23:33:45] Possible /pseudo 'hypothetical protein [Haemophilus influenzae]' at CP007470.1 position 677188
[23:33:45] Possible /pseudo 'hypothetical protein [Haemophilus influenzae]' at CP007470.1 position 677641
[23:33:45] Possible /pseudo 'Methionine synthase' at CP007470.1 position 708098
[23:33:45] Possible /pseudo 'hypothetical protein [Haemophilus influenzae]' at CP007470.1 position 758280
[23:33:45] Possible /pseudo 'hypothetical protein [Haemophilus influenzae]' at CP007470.1 position 797685
[23:33:45] Possible /pseudo 'hypothetical protein [Haemophilus influenzae]' at CP007470.1 position 798383
[23:33:45] Possible /pseudo 'hypothetical protein [Haemophilus influenzae]' at CP007470.1 position 799099
[23:33:45] Possible /pseudo 'hypothetical protein [Haemophilus influenzae]' at CP007470.1 position 812996
[23:33:45] Possible /pseudo 'hypothetical protein [Haemophilus influenzae]' at CP007470.1 position 836007
[23:33:45] Possible /pseudo 'Anaerobic sulfatase-maturating enzyme' at CP007470.1 position 937195
[23:33:45] Possible /pseudo 'Formate dehydrogenase, nitrate-inducible, major subunit precursor [Haemophilus influenzae]' at CP007470.1 position 1066037
[23:33:45] Possible /pseudo 'hypothetical protein [Haemophilus influenzae]' at CP007470.1 position 1107673
[23:33:45] Possible /pseudo 'hypothetical protein [Haemophilus influenzae]' at CP007470.1 position 1139523
[23:33:45] Possible /pseudo 'hypothetical protein [Haemophilus influenzae]' at CP007470.1 position 1317684
[23:33:45] Possible /pseudo 'hypothetical protein [Haemophilus influenzae]' at CP007470.1 position 1325376
[23:33:45] Possible /pseudo 'hypothetical protein [Haemophilus influenzae]' at CP007470.1 position 1372199
[23:33:45] Possible /pseudo 'hypothetical protein [Haemophilus influenzae]' at CP007470.1 position 1372687
[23:33:45] Possible /pseudo 'hypothetical protein [Haemophilus influenzae]' at CP007470.1 position 1387881
[23:33:45] Possible /pseudo 'hypothetical protein [Haemophilus influenzae]' at CP007470.1 position 1388161
[23:33:45] Possible /pseudo 'hypothetical protein [Haemophilus influenzae]' at CP007470.1 position 1388453
[23:33:45] Possible /pseudo 'Manganese transport system membrane protein mntB [Haemophilus influenzae]' at CP007470.1 position 1445099
[23:33:45] Possible /pseudo 'hypothetical protein [Haemophilus influenzae]' at CP007470.1 position 1463757
[23:33:45] Possible /pseudo 'hypothetical protein [Haemophilus influenzae]' at CP007470.1 position 1467355
[23:33:45] Possible /pseudo 'hypothetical protein [Haemophilus influenzae]' at CP007470.1 position 1468784
[23:33:45] Possible /pseudo 'hypothetical protein [Haemophilus influenzae]' at CP007470.1 position 1470773
[23:33:45] Possible /pseudo 'hypothetical protein [Haemophilus influenzae]' at CP007470.1 position 1471084
[23:33:45] Possible /pseudo 'hypothetical protein [Haemophilus influenzae]' at CP007470.1 position 1474271
[23:33:45] Possible /pseudo 'hypothetical protein [Haemophilus influenzae]' at CP007470.1 position 1474753
[23:33:45] Possible /pseudo 'hypothetical protein [Haemophilus influenzae]' at CP007470.1 position 1475224
[23:33:45] Possible /pseudo 'hypothetical protein [Haemophilus influenzae]' at CP007470.1 position 1476284
[23:33:45] Possible /pseudo 'hypothetical protein [Haemophilus influenzae]' at CP007470.1 position 1476795
[23:33:45] Possible /pseudo 'hypothetical protein [Haemophilus influenzae]' at CP007470.1 position 1477959
[23:33:45] Possible /pseudo 'hypothetical protein [Haemophilus influenzae]' at CP007470.1 position 1478150
[23:33:45] Possible /pseudo 'hypothetical protein [Haemophilus influenzae]' at CP007470.1 position 1479159
[23:33:45] Possible /pseudo 'hypothetical protein [Haemophilus influenzae]' at CP007470.1 position 1479591
[23:33:45] Possible /pseudo 'hypothetical protein [Haemophilus influenzae]' at CP007470.1 position 1487271
[23:33:45] Possible /pseudo 'hypothetical protein [Haemophilus influenzae]' at CP007470.1 position 1487560
[23:33:45] Possible /pseudo 'hypothetical protein [Haemophilus influenzae]' at CP007470.1 position 1488481
[23:33:45] Possible /pseudo 'hypothetical protein [Haemophilus influenzae]' at CP007470.1 position 1489537
[23:33:45] Possible /pseudo 'hypothetical protein [Haemophilus influenzae]' at CP007470.1 position 1497842
[23:33:45] Possible /pseudo 'hypothetical protein [Haemophilus influenzae]' at CP007470.1 position 1498562
[23:33:45] Possible /pseudo 'hypothetical protein [Haemophilus influenzae]' at CP007470.1 position 1499642
[23:33:45] Possible /pseudo 'hypothetical protein [Haemophilus influenzae]' at CP007470.1 position 1502471
[23:33:45] Possible /pseudo 'hypothetical protein [Haemophilus influenzae]' at CP007470.1 position 1502773
[23:33:45] Possible /pseudo 'hypothetical protein [Haemophilus influenzae]' at CP007470.1 position 1508801
[23:33:45] Possible /pseudo 'hypothetical protein [Haemophilus influenzae]' at CP007470.1 position 1510866
[23:33:45] Possible /pseudo 'hypothetical protein [Haemophilus influenzae]' at CP007470.1 position 1528268
[23:33:45] Possible /pseudo 'hypothetical protein [Haemophilus influenzae]' at CP007470.1 position 1568510
[23:33:45] Possible /pseudo 'hypothetical protein [Haemophilus influenzae]' at CP007470.1 position 1569028
[23:33:45] Possible /pseudo 'hypothetical protein [Haemophilus influenzae]' at CP007470.1 position 1574112
[23:33:45] Possible /pseudo 'hypothetical protein [Haemophilus influenzae]' at CP007470.1 position 1583499
[23:33:45] Possible /pseudo 'hypothetical protein [Haemophilus influenzae]' at CP007470.1 position 1584848
[23:33:45] Possible /pseudo 'hypothetical protein [Haemophilus influenzae]' at CP007470.1 position 1738923
[23:33:45] Possible /pseudo 'hypothetical protein [Haemophilus influenzae]' at CP007470.1 position 1750683
[23:33:45] Possible /pseudo 'Glycerol uptake facilitator protein' at CP007470.1 position 1805422
[23:33:45] Possible /pseudo 'hypothetical protein [Haemophilus influenzae]' at CP007470.1 position 1815139
[23:33:45] Found 9 unique /gene codes.
[23:33:45] Fixed 2 duplicate /gene - pepT_1 pepT_2
[23:33:45] Fixed 2 duplicate /gene - metH_1 metH_2
[23:33:45] Fixed 2 duplicate /gene - bcr_1 bcr_2
[23:33:45] Fixed 2 duplicate /gene - glpF_1 glpF_2
[23:33:45] Fixed 4 colliding /gene names.
[23:33:45] Adding /locus_tag identifiers
[23:33:46] Assigned 1848 locus_tags to CDS and RNA features.
[23:33:46] Writing outputs to output/new/
[23:33:47] Generating annotation statistics file
[23:33:47] Generating Genbank and Sequin files
[23:33:47] Running: tbl2asn -V b -a r10k -l paired-ends -M n -N 1 -y 'Annotated using prokka 1.14.6 from https://github.com/tseemann/prokka' -Z output\/new\/PROKKA_02122024\.err -i output\/new\/PROKKA_02122024\.fsa 2> /dev/null
[23:33:50] Deleting unwanted file: output/new/errorsummary.val
[23:33:50] Deleting unwanted file: output/new/PROKKA_02122024.dr
[23:33:50] Deleting unwanted file: output/new/PROKKA_02122024.fixedproducts
[23:33:50] Deleting unwanted file: output/new/PROKKA_02122024.ecn
[23:33:50] Deleting unwanted file: output/new/PROKKA_02122024.val
[23:33:50] Repairing broken .GBK output that tbl2asn produces...
[23:33:50] Running: sed 's/COORDINATES: profile/COORDINATES:profile/' < output\/new\/PROKKA_02122024\.gbf > output\/new\/PROKKA_02122024\.gbk
[23:33:50] Deleting unwanted file: output/new/PROKKA_02122024.gbf
[23:33:50] Output files:
[23:33:50] output/new/PROKKA_02122024.faa
[23:33:50] output/new/PROKKA_02122024.tsv
[23:33:50] output/new/PROKKA_02122024.fna
[23:33:50] output/new/PROKKA_02122024.tbl
[23:33:50] output/new/PROKKA_02122024.fsa
[23:33:50] output/new/PROKKA_02122024.txt
[23:33:50] output/new/PROKKA_02122024.gbk
[23:33:50] output/new/PROKKA_02122024.log
[23:33:50] output/new/PROKKA_02122024.err
[23:33:50] output/new/PROKKA_02122024.sqn
[23:33:50] output/new/PROKKA_02122024.gff
[23:33:50] output/new/PROKKA_02122024.ffn
[23:33:50] Annotation finished successfully.
[23:33:50] Walltime used: 0.28 minutes
[23:33:50] If you use this result please cite the Prokka paper:
[23:33:50] Seemann T (2014) Prokka: rapid prokaryotic genome annotation. Bioinformatics. 30(14):2068-9.
[23:33:50] Type 'prokka --citation' for more details.
[23:33:50] Share and enjoy!
