000385 77.2 001876 002199 gi|12 007263 007580 gi|47 
000525 71.5 001894 002202 gi|12 015017 015322 gi|61 
000262 76.3 001941 002459 gi|12 027997 028498 gi|45 
000278 72.1 002280 001998 gi|12 014538 014841 gi|13 
000269 75.0 002172 002005 gi|12 038202 038380 gi|64 
000274 74.5 002005 002200 gi|12 016047 016239 gi|47 
000309 84.1 002279 002135 gi|12 033939 034081 gi|15 
000276 76.0 002149 002323 gi|12 035240 035414 gi|39 
000299 76.0 002435 002240 gi|12 036646 036831 gi|25 
000958 76.2 002338 003014 gi|12 012674 013359 gi|48 
000252 79.0 010460 010323 gi|12 030607 030745 gi|47 
000294 76.0 010575 011646 gi|12 023572 024712 gi|40 
000267 81.6 014977 015090 gi|12 032003 032131 gi|24 
000255 89.5 019297 019334 gi|12 018885 018922 gi|27 
000274 73.1 027397 027320 gi|12 035457 035536 gi|16 
000410 83.6 027441 027320 gi|12 018788 018892 gi|37 
000370 82.9 027398 027323 gi|12 018653 018728 gi|80 
000409 81.9 027566 027670 gi|12 021825 021925 gi|64 
000379 80.6 027569 027671 gi|12 021611 021711 gi|64 
000298 74.2 027662 027574 gi|12 012255 012344 gi|67 
000252 81.9 028310 028096 gi|12 008107 008295 gi|71 
000292 79.3 030871 030456 gi|12 014527 014944 gi|56 
000402 78.7 032331 031751 gi|12 026890 027451 gi|62 
000495 78.1 032409 032058 gi|12 010850 011200 gi|16 
000557 74.8 034685 034154 gi|12 009508 010048 gi|52 
000331 78.3 035449 035155 gi|12 016872 017139 gi|67 
000496 78.7 035157 035334 gi|12 013288 013464 gi|18 
000473 84.9 035352 035570 gi|12 013888 014067 gi|18 
000299 76.4 035708 035944 gi|12 014085 014336 gi|18 
000251 84.7 036897 036800 gi|12 027822 027921 gi|64 
000495 71.8 039036 038721 gi|12 017145 017455 gi|62 
000439 74.3 038772 039028 gi|12 018322 018578 gi|75 
000635 93.3 039159 039070 gi|12 035458 035550 gi|16 
000261 75.3 039166 039078 gi|12 018811 018895 gi|37 
000255 83.0 000183 000276 gi|18 020578 020660 gi|31 
000288 77.1 001941 001239 gi|18 038871 039636 gi|25 
000309 73.5 003163 002825 gi|18 038147 038497 gi|25 
000252 82.2 003972 004268 gi|18 004142 004462 gi|69 
000286 79.3 005672 006004 gi|18 039652 039993 gi|43 
000260 82.4 005882 006046 gi|18 005284 005426 gi|63 
000257 74.7 016086 016012 gi|18 024830 024910 gi|66 
000250 81.7 019526 019396 gi|18 027557 027707 gi|72 
000269 78.1 023027 022768 gi|18 015427 015721 gi|54 
000252 78.4 029759 030356 gi|18 004474 005050 gi|63 
000558 80.0 029769 030875 gi|18 001466 002601 gi|70 
000254 78.7 030319 029803 gi|18 000662 001160 gi|63 
000399 81.0 030899 030569 gi|18 000073 000403 gi|63 
000364 76.4 030570 030895 gi|18 005273 005600 gi|63 
000420 81.7 031806 032835 gi|18 010250 011281 gi|79 
000335 85.8 032102 031821 gi|18 000642 000956 gi|19 
000317 79.4 031968 032103 gi|18 033716 033861 gi|62 
000287 78.6 032227 031999 gi|18 025284 025505 gi|28 
000292 72.8 032003 032105 gi|18 021518 021619 gi|38 
000364 80.3 032005 032121 gi|18 012550 012666 gi|57 
000256 76.2 032005 032126 gi|18 030774 030906 gi|80 
000282 82.3 032018 032170 gi|18 014331 014480 gi|74 
000297 77.0 032258 032852 gi|18 014941 015571 gi|36 
000390 76.9 032279 032828 gi|18 011424 011988 gi|79 
000437 77.7 032371 032823 gi|18 014362 014844 gi|36 
000367 79.4 033391 033934 gi|18 012327 012846 gi|79 
000394 75.3 033934 033684 gi|18 001386 001636 gi|19 
000301 77.4 004067 003156 gi|3 012947 013874 gi|49 
000316 75.3 003173 004124 gi|3 020437 021371 gi|17 
000457 77.3 003999 005305 gi|3 004959 006304 gi|27 
001131 75.4 004199 005293 gi|3 013350 014444 gi|23 
000810 77.6 005279 004209 gi|3 014684 015736 gi|11 
000472 78.6 004707 005322 gi|3 023238 023841 gi|32 
003058 79.0 006568 005350 gi|3 000106 001309 gi|75 
000539 75.8 009253 010168 gi|3 003179 004085 gi|35 
000304 78.6 012056 010407 gi|3 016250 017885 gi|79 
000693 75.2 012192 012913 gi|3 003606 004319 gi|70 
000312 81.2 016033 015545 gi|3 000663 001149 gi|63 
000345 75.8 015556 016088 gi|3 001561 002105 gi|70 
000363 78.1 015559 015996 gi|3 004531 004973 gi|63 
000280 78.2 015574 016050 gi|3 036119 036589 gi|58 
000358 87.0 016596 016289 gi|3 000104 000399 gi|63 
000402 83.2 016291 016587 gi|3 030575 030859 gi|18 
000280 74.7 016614 016291 gi|3 034597 034920 gi|13 
000278 82.7 016296 016931 gi|3 002316 002884 gi|70 
000408 72.8 016317 016500 gi|3 005304 005487 gi|63 
000286 78.8 016361 016558 gi|3 039023 039212 gi|58 
000268 81.2 022036 022099 gi|3 018797 018859 gi|44 
000358 76.6 023563 023055 gi|3 038757 039256 gi|37 
000266 77.6 026053 025902 gi|3 021830 021988 gi|64 
000271 78.7 026053 025965 gi|3 021614 021702 gi|64 
000304 76.7 026181 026592 gi|3 016583 016994 gi|58 
000305 81.2 026697 026186 gi|3 026431 026943 gi|44 
000407 75.8 026561 026202 gi|3 009609 009995 gi|5 
000393 78.0 026213 026739 gi|3 004479 005010 gi|41 
000319 81.0 026372 026231 gi|3 039066 039207 gi|51 
000283 75.3 026601 026258 gi|3 022725 023098 gi|11 
000352 86.0 026985 026886 gi|3 014274 014380 gi|56 
000358 82.2 026993 026904 gi|3 009195 009284 gi|5 
000287 75.6 027126 026906 gi|3 026114 026327 gi|44 
000303 78.9 027700 027874 gi|3 023311 023485 gi|11 
000251 84.6 036415 036338 gi|3 038556 038636 gi|6 
000319 78.8 039647 039971 gi|3 023640 023964 gi|75 
000586 71.8 039666 039973 gi|3 006735 007042 gi|65 
001441 80.4 000011 000408 gi|2 008426 008820 gi|81 
000253 80.7 000913 001000 gi|2 011335 011436 gi|52 
000250 82.9 002250 002465 gi|2 013885 014108 gi|6 
001287 76.5 002335 003439 gi|2 007413 008514 gi|56 
000985 75.8 003203 002725 gi|2 012484 012974 gi|46 
001156 80.7 003422 002813 gi|2 039339 039999 gi|32 
001713 77.6 004096 003284 gi|2 038527 039360 gi|32 
001089 77.0 004047 003284 gi|2 011266 012040 gi|46 
001843 77.6 003330 004167 gi|2 008766 009593 gi|56 
000251 78.1 004054 004190 gi|2 010993 011132 gi|7 
000396 77.7 005205 005383 gi|2 034783 034960 gi|32 
000391 73.2 005205 005383 gi|2 013678 013855 gi|6 
000250 81.1 007310 007436 gi|2 023761 023893 gi|81 
000253 81.3 007831 008023 gi|2 018853 019042 gi|32 
000251 82.7 011522 011373 gi|2 039383 039544 gi|25 
000288 80.2 024250 024150 gi|2 038485 038603 gi|57 
000254 83.3 025704 025787 gi|2 035019 035089 gi|49 
000257 73.3 031526 031182 gi|2 010526 010873 gi|10 
000255 85.5 038227 038104 gi|2 038645 038765 gi|41 
000276 85.2 039820 039619 gi|2 021453 021645 gi|41 
000256 82.8 001442 001327 gi|8 011037 011155 gi|45 
000667 78.7 002084 002823 gi|8 023622 024370 gi|80 
000394 76.2 002461 002163 gi|8 037222 037519 gi|40 
000346 77.8 002188 002697 gi|8 013896 014405 gi|74 
000517 80.5 002204 002690 gi|8 034336 034810 gi|37 
000345 78.1 002207 002398 gi|8 021110 021290 gi|33 
000365 82.2 002391 002246 gi|8 032147 032283 gi|14 
000502 77.5 002288 002771 gi|8 004713 005188 gi|10 
000444 79.1 002291 002696 gi|8 013700 014096 gi|36 
000260 76.6 002570 003575 gi|8 023270 024303 gi|80 
000273 79.0 002860 003388 gi|8 014989 015508 gi|75 
000393 79.6 003540 002942 gi|8 028158 028711 gi|13 
000251 81.0 002943 003599 gi|8 034277 034892 gi|37 
000500 83.0 003332 003003 gi|8 037157 037481 gi|40 
000374 83.3 003008 003241 gi|8 021110 021337 gi|33 
000349 83.2 003008 003185 gi|8 020255 020420 gi|33 
000255 80.6 004075 004182 gi|8 036983 037094 gi|48 
000250 76.6 010056 009933 gi|8 037281 037389 gi|44 
000280 77.0 017049 016103 gi|8 020370 021276 gi|36 
000258 83.2 023638 023738 gi|8 003037 003150 gi|62 
000254 85.8 024078 024204 gi|8 005832 005958 gi|36 
000417 77.8 025920 025205 gi|8 028665 029380 gi|66 
000410 78.4 026105 026834 gi|8 017360 018090 gi|41 
000326 75.9 027741 026975 gi|8 017321 018088 gi|41 
000405 77.6 027707 026989 gi|8 020629 021308 gi|9 
000523 78.2 027727 027002 gi|8 036155 036883 gi|11 
000280 75.5 027732 027002 gi|8 036830 037554 gi|49 
000296 80.6 027823 027006 gi|8 006316 007111 gi|13 
000259 84.1 027888 028000 gi|8 014843 014943 gi|17 
005228 77.9 034518 036806 gi|8 016905 019208 gi|26 
000282 76.2 037566 038328 gi|8 025399 026206 gi|39 
000255 75.2 000031 001043 gi|4 037078 038068 gi|9 
001387 74.5 000067 000812 gi|4 007125 007860 gi|65 
001023 75.8 000105 000783 gi|4 024080 024758 gi|75 
000713 73.3 006422 005888 gi|4 026915 027446 gi|40 
000544 72.6 013596 014193 gi|4 009750 010349 gi|7 
001224 75.9 014993 013622 gi|4 034212 035559 gi|66 
000342 75.1 015465 014639 gi|4 003451 004232 gi|53 
001010 79.0 031987 033636 gi|4 012546 014226 gi|48 
002589 82.4 039495 040000 gi|4 007910 008415 gi|81 
000291 79.0 000768 000655 gi|5 018805 018918 gi|18 
000301 90.8 004295 004166 gi|5 025921 026039 gi|68 
000262 82.9 004367 004541 gi|5 030223 030381 gi|76 
000589 78.9 004616 004985 gi|5 004210 004603 gi|64 
000252 81.0 004826 005014 gi|5 034869 035075 gi|25 
000267 77.6 006408 006132 gi|5 033509 033783 gi|60 
000308 76.3 009899 009655 gi|5 016694 016935 gi|58 
000275 82.9 012628 012477 gi|5 036503 036645 gi|74 
000288 78.5 013740 013962 gi|5 003034 003241 gi|47 
000251 83.2 015382 015470 gi|5 013859 013935 gi|40 
000276 85.9 015699 015797 gi|5 001591 001721 gi|39 
000256 82.0 019707 019608 gi|5 020134 020246 gi|56 
002420 76.5 034262 032138 gi|5 021786 023858 gi|50 
000260 79.2 037984 037726 gi|5 035386 035669 gi|35 
000269 77.2 038719 038571 gi|5 014319 014464 gi|39 
000371 79.7 000552 000679 gi|19 025312 025439 gi|28 
000283 76.8 000732 000565 gi|19 009950 010112 gi|24 
000328 77.6 000973 000568 gi|19 013800 014181 gi|36 
000362 82.2 000947 000616 gi|19 033579 033885 gi|62 
000392 80.6 000961 000638 gi|19 025985 026298 gi|21 
000862 74.1 002114 001330 gi|19 005566 006374 gi|40 
000281 77.8 008224 007721 gi|19 038195 038710 gi|40 
001037 77.7 016058 013810 gi|19 003975 006181 gi|41 
001709 78.5 016060 013966 gi|19 008071 010213 gi|36 
000258 81.4 014124 014023 gi|19 025484 025586 gi|24 
000453 78.9 016906 016604 gi|19 007231 007531 gi|36 
002867 79.8 018175 017211 gi|19 013665 014629 gi|43 
000255 79.8 019556 019911 gi|19 026033 026340 gi|79 
000265 86.5 020416 020452 gi|19 002009 002045 gi|43 
002585 77.4 022356 020930 gi|19 014813 016209 gi|35 
000746 77.4 023743 024561 gi|19 039081 039830 gi|24 
000268 79.4 024083 024300 gi|19 017123 017333 gi|49 
000281 82.5 030365 030598 gi|19 014733 014969 gi|22 
000250 84.0 037756 037707 gi|19 035120 035175 gi|23 
001710 79.2 040000 039080 gi|19 009909 010800 gi|48 
001596 79.2 040000 039094 gi|19 018928 019822 gi|79 
002018 78.1 040000 039102 gi|19 007833 008731 gi|48 
001649 79.4 040000 039102 gi|19 005818 006722 gi|48 
000301 76.9 007900 007123 gi|20 012580 013344 gi|63 
000408 78.9 007528 007188 gi|20 002980 003302 gi|57 
000250 83.3 008432 008349 gi|20 036700 036777 gi|61 
000264 73.8 011892 011763 gi|20 029101 029229 gi|75 
006638 86.2 013998 015342 gi|20 000709 002059 gi|43 
000896 75.8 021673 020917 gi|20 002708 003467 gi|34 
000455 77.8 022919 021939 gi|20 017764 018696 gi|51 
001806 78.7 030675 029280 gi|20 012690 014107 gi|81 
002151 81.7 032335 033788 gi|20 024183 025524 gi|37 
000258 79.3 035431 035623 gi|20 036823 037011 gi|41 
000311 84.7 037886 037996 gi|20 020906 021016 gi|31 
001791 77.8 038131 039734 gi|20 001003 002621 gi|27 
002136 76.2 039758 038440 gi|20 002780 004102 gi|29 
000284 78.6 001137 000638 gi|21 003713 004216 gi|31 
000252 83.0 002167 002266 gi|21 006229 006340 gi|74 
000267 80.7 005081 005189 gi|21 038504 038606 gi|24 
001209 79.0 006655 006219 gi|21 006190 006629 gi|43 
000267 84.3 016415 016522 gi|21 013649 013752 gi|76 
000344 79.1 025991 026301 gi|21 030541 030887 gi|80 
000531 80.4 026402 025994 gi|21 003334 003744 gi|76 
000263 79.7 025996 026301 gi|21 010251 010558 gi|79 
000324 81.1 026171 026339 gi|21 024159 024308 gi|80 
000288 77.5 026865 028457 gi|21 032848 034420 gi|30 
000508 75.9 026883 027301 gi|21 033727 034136 gi|30 
000561 78.9 026983 027266 gi|21 021026 021303 gi|33 
001190 75.3 027013 028470 gi|21 020197 021645 gi|33 
000260 87.3 027431 027509 gi|21 024186 024267 gi|80 
000302 74.8 027432 027530 gi|21 038482 038580 gi|47 
000308 81.7 027524 028087 gi|21 032679 033233 gi|30 
000465 82.6 027654 028084 gi|21 020019 020422 gi|33 
000463 78.0 031747 029673 gi|21 029927 032026 gi|79 
001327 76.5 029676 035373 gi|21 018105 023780 gi|24 
007208 77.8 030507 035332 gi|21 007564 012425 gi|27 
001504 78.7 039993 038331 gi|21 031161 032757 gi|59 
000656 79.3 039997 038640 gi|21 029294 030576 gi|55 
000493 78.7 038694 039995 gi|21 001260 002558 gi|35 
000324 79.7 039766 038844 gi|21 013300 014183 gi|42 
001497 79.2 039997 038921 gi|21 038921 039982 gi|37 
000622 81.2 039170 039811 gi|21 021137 021740 gi|81 
000372 76.9 039562 039221 gi|21 034003 034356 gi|52 
000409 81.2 039289 039564 gi|21 021550 021825 gi|53 
000286 78.0 039766 039295 gi|21 038813 039275 gi|77 
000267 75.0 039297 039768 gi|21 011685 012150 gi|38 
000252 74.7 039676 039762 gi|21 038891 038980 gi|54 
000263 75.4 039979 039854 gi|21 027561 027686 gi|75 
000302 83.5 000806 000722 gi|25 018533 018609 gi|39 
000324 86.8 000835 000768 gi|25 019083 019156 gi|39 
000339 81.9 002115 002033 gi|25 030425 030504 gi|59 
000463 77.5 003264 005299 gi|25 036731 038736 gi|36 
000260 80.2 010572 010411 gi|25 017726 017876 gi|36 
003489 80.0 024042 024516 gi|25 028516 028990 gi|54 
003502 100.0 024516 024044 gi|25 006840 007312 gi|71 
003502 80.3 024044 024516 gi|25 039528 040000 gi|62 
000253 91.2 024094 024061 gi|25 028535 028568 gi|54 
000260 67.1 030610 030776 gi|25 038243 038409 gi|29 
000250 84.3 000613 000467 gi|1 003507 003635 gi|8 
000302 77.8 002493 002300 gi|1 007691 007885 gi|39 
012679 96.0 003088 004852 gi|1 019411 021206 gi|32 
000299 86.7 006727 006623 gi|1 038149 038263 gi|14 
002423 83.0 007632 007116 gi|1 012117 012629 gi|41 
000259 78.0 007803 007934 gi|1 020528 020650 gi|30 
000297 76.2 011301 010822 gi|1 022744 023223 gi|35 
000392 78.4 014805 013867 gi|1 003828 004769 gi|49 
000306 77.3 014796 013886 gi|1 023201 024123 gi|23 
000394 79.8 014704 013900 gi|1 014834 015656 gi|17 
000278 79.9 014491 014694 gi|1 020362 020586 gi|8 
000310 78.0 018947 017900 gi|1 025698 026747 gi|45 
000253 82.0 019933 020049 gi|1 038794 038901 gi|47 
000371 77.0 024395 024017 gi|1 023313 023698 gi|67 
000779 78.0 025911 024793 gi|1 003239 004313 gi|53 
002343 76.8 024827 025882 gi|1 014588 015650 gi|4 
000553 79.7 026300 027181 gi|1 009583 010469 gi|80 
000466 76.7 027697 027381 gi|1 011183 011497 gi|73 
000375 78.9 033402 033081 gi|1 023608 023940 gi|50 
000706 78.1 037908 038664 gi|1 039252 039999 gi|32 
000669 78.8 039139 038250 gi|1 007455 008271 gi|56 
000445 81.0 000464 000107 gi|6 011384 011765 gi|28 
001365 77.3 000911 000140 gi|6 034173 034960 gi|37 
000284 78.5 000538 000148 gi|6 010273 010657 gi|79 
000287 70.9 000361 000173 gi|6 029353 029541 gi|17 
000376 80.4 000190 000561 gi|6 036875 037265 gi|28 
000434 78.3 000212 000391 gi|6 025343 025524 gi|28 
000268 82.7 000388 000216 gi|6 028340 028500 gi|21 
000250 79.4 000950 000219 gi|6 023559 024313 gi|80 
000465 77.8 000220 001000 gi|6 036930 037707 gi|40 
000336 78.0 002810 000231 gi|6 033132 035740 gi|42 
000766 76.2 001056 000240 gi|6 013594 014444 gi|74 
000336 78.7 000547 000248 gi|6 033568 033880 gi|62 
000604 78.0 000773 000270 gi|6 004608 005120 gi|10 
000427 78.4 000758 000277 gi|6 002188 002699 gi|8 
000419 76.9 000743 000280 gi|6 013621 014096 gi|36 
000626 77.6 001963 002806 gi|6 028294 029153 gi|42 
000272 74.8 006644 006348 gi|6 029684 029985 gi|55 
000773 80.3 009786 010359 gi|6 000641 001211 gi|21 
000347 76.8 010941 010718 gi|6 027272 027529 gi|12 
000280 73.9 010720 010884 gi|6 002961 003137 gi|74 
000660 96.3 010801 010720 gi|6 039081 039162 gi|12 
000280 73.9 010884 010720 gi|6 003703 003879 gi|71 
000259 74.1 010801 010721 gi|6 027320 027398 gi|12 
000289 75.3 010722 010802 gi|6 018815 018896 gi|37 
000735 100.0 010722 010803 gi|6 035457 035538 gi|16 
000330 81.5 010831 010884 gi|6 002979 003032 gi|74 
000330 81.5 010884 010831 gi|6 003808 003861 gi|71 
000345 95.2 010885 010926 gi|6 035811 035852 gi|16 
001582 84.2 013477 013857 gi|6 034586 034962 gi|32 
000268 81.0 013930 013868 gi|6 035978 036040 gi|56 
000251 87.7 013942 013886 gi|6 003645 003698 gi|59 
000254 85.8 014025 013892 gi|6 034516 034652 gi|8 
000665 77.9 020039 021560 gi|6 024037 025489 gi|44 
000322 74.4 029912 030617 gi|6 031316 032004 gi|68 
000252 78.7 030308 030220 gi|6 020896 020984 gi|9 
002326 76.4 035243 036735 gi|6 028823 030311 gi|9 
000270 83.5 003238 003376 gi|22 036256 036406 gi|72 
000258 83.8 011925 011790 gi|22 008936 009077 gi|59 
000663 64.8 015001 013745 gi|22 006266 007529 gi|42 
000335 77.3 014090 014433 gi|22 034547 034881 gi|37 
000256 68.3 014183 014479 gi|22 033643 033954 gi|62 
000271 80.1 038758 038618 gi|22 014482 014630 gi|45 
000258 75.4 006401 006522 gi|30 009586 009707 gi|58 
000270 87.8 007147 007066 gi|30 036792 036881 gi|70 
000278 74.7 009077 007908 gi|30 000151 001288 gi|57 
000444 77.4 012644 011711 gi|30 028231 029180 gi|42 
000250 88.6 020386 020317 gi|30 010760 010828 gi|48 
001329 75.0 031293 032036 gi|30 003737 004467 gi|36 
000256 80.0 031598 031514 gi|30 018876 018962 gi|46 
000770 78.5 032516 034450 gi|30 019709 021666 gi|33 
000350 79.4 032756 033235 gi|30 020838 021281 gi|33 
000452 79.4 033878 034081 gi|30 020228 020434 gi|33 
000302 74.8 006554 006755 gi|31 020516 020718 gi|50 
000264 83.2 006936 007042 gi|31 020928 021044 gi|44 
000259 80.9 023873 023701 gi|31 032818 033014 gi|78 
000282 76.1 024918 023767 gi|31 025587 026746 gi|66 
001544 78.3 002619 001413 gi|27 002807 004005 gi|29 
000260 80.1 002988 002738 gi|27 002411 002623 gi|29 
000755 76.9 005210 006309 gi|27 022745 023829 gi|32 
000544 74.5 006215 005235 gi|27 008863 009840 gi|35 
000280 76.8 010802 007017 gi|27 028039 031936 gi|79 
002188 76.0 007025 007939 gi|27 007522 008446 gi|53 
001720 74.5 031929 030733 gi|27 014570 015769 gi|41 
000785 77.6 031948 030909 gi|27 006737 007774 gi|80 
000258 79.6 031521 031140 gi|27 003049 003439 gi|32 
000302 81.0 031994 031895 gi|27 012745 012839 gi|54 
002203 76.7 033574 032292 gi|27 032327 033607 gi|66 
001586 75.1 033583 032295 gi|27 001458 002742 gi|53 
000746 75.6 032296 033520 gi|27 001807 003028 gi|41 
000295 77.7 002587 002229 gi|7 011298 011665 gi|28 
000317 78.8 002274 002697 gi|7 028119 028572 gi|13 
000324 78.6 005595 005437 gi|7 031621 031781 gi|61 
000259 80.3 007592 007517 gi|7 015995 016076 gi|67 
000907 75.6 010516 009758 gi|7 034806 035575 gi|66 
000638 76.2 013187 014638 gi|7 010466 011990 gi|66 
000469 76.8 014988 013240 gi|7 013335 015184 gi|66 
000250 80.4 019646 019742 gi|7 038307 038397 gi|46 
000291 90.1 020343 020273 gi|7 037883 037950 gi|66 
002926 80.3 020343 021355 gi|7 036789 037800 gi|37 
000310 77.5 028169 026089 gi|7 016346 018400 gi|34 
000519 76.3 029139 029961 gi|7 001263 002104 gi|66 
000886 77.1 029343 029962 gi|7 010568 011183 gi|23 
001900 78.0 029997 030928 gi|7 009174 010143 gi|59 
000324 75.9 031229 032637 gi|7 034272 035692 gi|25 
000261 76.1 033740 033536 gi|7 037306 037512 gi|49 
001249 78.3 033605 034495 gi|7 023024 023934 gi|38 
000286 76.0 034517 033619 gi|7 008711 009652 gi|32 
002448 79.2 035865 034739 gi|7 013217 014342 gi|40 
001148 77.2 036398 037627 gi|7 034478 035740 gi|53 
000440 80.5 001232 000001 gi|24 022330 023573 gi|60 
000719 76.3 000002 001755 gi|24 009401 011143 gi|74 
000278 77.6 001176 000028 gi|24 019616 020749 gi|37 
000252 72.7 010086 009970 gi|24 025355 025472 gi|28 
000365 81.9 010116 010001 gi|24 035626 035736 gi|26 
000281 73.9 017254 017529 gi|24 007146 007424 gi|66 
002325 75.5 019358 023797 gi|24 008016 012519 gi|27 
000254 84.3 024593 024789 gi|24 034322 034519 gi|59 
000265 92.7 028828 028868 gi|24 018423 018463 gi|34 
000291 94.5 028911 028965 gi|24 007325 007386 gi|56 
002355 79.0 029656 028991 gi|24 007094 007746 gi|81 
000276 97.0 030135 030103 gi|24 013376 013408 gi|69 
000307 82.2 030437 030509 gi|24 008752 008827 gi|76 
000310 87.3 031749 031632 gi|24 013409 013511 gi|30 
000285 87.9 032063 031973 gi|24 006897 006978 gi|68 
003174 79.8 002094 003981 gi|17 004741 006647 gi|80 
000261 80.3 014336 014396 gi|17 034104 034165 gi|36 
000282 91.2 014351 014407 gi|17 003516 003568 gi|75 
001034 75.5 014731 015665 gi|17 023192 024131 gi|23 
000783 76.1 014731 015916 gi|17 003828 004988 gi|49 
000919 72.4 015727 014734 gi|17 000671 001669 gi|65 
000858 74.3 015652 014817 gi|17 026721 027558 gi|26 
000413 79.2 015524 014817 gi|17 039216 039938 gi|72 
000346 78.5 017223 015872 gi|17 011076 012413 gi|26 
000305 78.8 017261 015905 gi|17 022377 023704 gi|60 
000288 78.1 017246 015905 gi|17 019563 020907 gi|37 
000250 88.7 016118 016057 gi|17 033881 033945 gi|75 
001220 76.7 025076 024129 gi|17 035805 036740 gi|69 
002859 80.4 027957 030133 gi|17 037941 039989 gi|47 
000319 83.4 028426 028678 gi|17 033356 033594 gi|30 
000267 93.0 028543 028599 gi|17 027475 027531 gi|21 
000253 81.3 028910 029075 gi|17 023827 023998 gi|80 
000374 79.2 029558 029333 gi|17 025295 025502 gi|28 
000364 74.8 029364 029514 gi|17 038478 038627 gi|47 
004135 77.5 030140 033043 gi|17 000001 002906 gi|77 
000252 77.0 032944 032810 gi|17 016626 016757 gi|29 
000372 75.2 033711 034640 gi|17 024100 025021 gi|32 
000283 77.7 035539 035776 gi|17 001812 002049 gi|70 
000269 77.0 002830 001589 gi|9 005469 006661 gi|56 
000656 78.0 003489 001685 gi|9 004342 006050 gi|56 
002151 78.7 004621 003500 gi|9 002420 003525 gi|56 
000716 76.2 007882 005065 gi|9 023995 026816 gi|49 
000280 72.7 008968 008300 gi|9 023178 023858 gi|49 
000466 78.1 009052 008655 gi|9 027781 028174 gi|49 
001944 77.7 012707 010935 gi|9 015425 017194 gi|41 
000278 78.1 012332 013090 gi|9 017343 018125 gi|41 
001916 77.7 013374 015729 gi|9 003636 005948 gi|50 
000318 78.3 021312 020602 gi|9 006787 007535 gi|24 
001288 78.3 024526 022820 gi|9 034362 036055 gi|61 
001101 77.0 024603 022876 gi|9 007315 009037 gi|74 
000254 79.4 025117 026330 gi|9 026751 027914 gi|62 
000256 81.5 025339 025134 gi|9 008999 009198 gi|65 
000284 74.1 025155 025509 gi|9 030384 030737 gi|77 
000299 76.5 027111 026886 gi|9 037654 037882 gi|73 
000331 83.3 026894 027133 gi|9 028535 028780 gi|62 
000268 88.5 028569 028629 gi|9 000640 000694 gi|10 
000442 83.9 028657 028571 gi|9 009068 009151 gi|66 
000494 89.4 028657 028573 gi|9 008839 008920 gi|66 
000329 80.8 028666 028573 gi|9 015985 016074 gi|73 
000326 85.7 028610 028735 gi|9 031493 031620 gi|29 
000251 94.1 028657 028624 gi|9 034130 034164 gi|36 
000253 82.8 028770 028678 gi|9 009053 009151 gi|66 
000259 89.7 028718 028680 gi|9 008882 008920 gi|66 
000270 84.4 028681 028725 gi|9 019754 019797 gi|32 
000252 83.7 032461 032503 gi|9 010703 010745 gi|29 
000250 92.2 032528 032465 gi|9 003438 003493 gi|75 
000272 78.3 035781 035722 gi|9 031561 031618 gi|29 
000279 82.8 035788 035725 gi|9 002057 002131 gi|65 
000286 87.0 035732 035777 gi|9 009104 009148 gi|66 
000271 80.8 035783 035737 gi|9 000176 000222 gi|15 
000251 89.3 035798 035743 gi|9 007093 007144 gi|36 
000391 79.0 038007 036246 gi|9 013232 014966 gi|29 
000678 78.8 036773 037888 gi|9 006762 007883 gi|65 
000349 76.4 036816 038074 gi|9 023726 024989 gi|75 
000258 80.6 037666 037732 gi|9 024503 024573 gi|23 
000392 77.6 005216 005465 gi|23 007707 007961 gi|47 
000357 77.5 005788 007275 gi|23 016089 017563 gi|28 
002842 80.6 010314 011162 gi|23 001229 002083 gi|66 
000300 77.0 013362 014488 gi|23 005208 006334 gi|27 
006197 80.8 013960 017007 gi|23 001516 004623 gi|66 
000289 79.5 016018 014786 gi|23 006036 007268 gi|79 
000276 79.5 014812 016002 gi|23 000031 001242 gi|24 
001015 72.5 020647 024156 gi|23 001148 004790 gi|49 
000304 86.8 021061 021272 gi|23 038044 038214 gi|66 
001723 78.4 024115 023194 gi|23 026715 027639 gi|26 
002580 77.5 024150 023195 gi|23 000687 001666 gi|65 
002389 79.2 023205 024131 gi|23 020956 021889 gi|66 
000548 75.3 024103 023273 gi|23 039068 039940 gi|72 
000376 77.0 025277 024409 gi|23 007119 008010 gi|63 
000253 81.2 033518 033666 gi|23 024182 024319 gi|30 
000323 79.7 035866 035655 gi|23 010788 011005 gi|54 
000428 78.6 039807 039458 gi|23 018252 018577 gi|39 
000260 83.6 007985 007852 gi|29 002338 002476 gi|38 
000250 80.0 010856 010707 gi|29 020077 020241 gi|65 
000255 81.3 014875 014576 gi|29 039055 039339 gi|52 
000422 78.4 017152 016565 gi|29 015122 015700 gi|80 
000254 85.2 020690 020790 gi|29 035701 035786 gi|54 
000261 73.0 020801 020691 gi|29 006962 007072 gi|53 
000366 78.1 021376 020748 gi|29 038668 039320 gi|47 
001771 83.5 038153 037656 gi|29 023890 024431 gi|43 
000405 79.0 037953 037768 gi|29 023949 024130 gi|43 
000648 77.8 038022 037802 gi|29 023949 024161 gi|43 
000291 76.5 009220 008462 gi|26 001066 001799 gi|37 
000323 78.5 010989 012264 gi|26 017840 019128 gi|49 
000324 76.8 011071 013566 gi|26 019613 022139 gi|37 
001015 76.5 011076 012576 gi|26 022391 023884 gi|60 
001153 77.5 021197 022519 gi|26 021400 022733 gi|27 
000363 76.0 022281 021328 gi|26 024425 025391 gi|37 
000252 89.4 022574 022620 gi|26 015991 016037 gi|73 
008158 86.3 024287 022744 gi|26 015076 016616 gi|38 
000257 79.8 024502 024419 gi|26 014974 015055 gi|38 
000719 78.8 025118 026252 gi|26 005000 006136 gi|66 
001733 77.6 026648 027621 gi|26 000668 001646 gi|65 
001634 77.7 027621 026665 gi|26 003854 004791 gi|49 
000833 74.1 027627 026720 gi|26 020957 021860 gi|66 
000266 78.8 027874 027939 gi|26 001905 001972 gi|65 
000297 78.5 036108 035928 gi|26 021181 021362 gi|33 
000270 80.9 039483 039843 gi|26 019961 020357 gi|60 
000265 91.6 000858 000964 gi|16 009770 009856 gi|24 
000250 79.2 001743 001872 gi|16 007379 007514 gi|24 
000387 76.1 010853 011447 gi|16 026797 027406 gi|62 
000335 82.0 010916 011276 gi|16 026989 027368 gi|40 
000250 81.0 014215 014069 gi|16 018485 018631 gi|47 
000253 80.4 014984 015080 gi|16 026505 026600 gi|48 
003688 79.0 016514 019017 gi|16 029444 031892 gi|57 
000386 78.2 018554 019719 gi|16 031244 032435 gi|57 
000332 83.9 030693 030754 gi|16 016173 016234 gi|79 
000368 77.1 032666 032039 gi|16 035174 035813 gi|45 
000434 74.7 032052 032526 gi|16 008033 008501 gi|31 
000339 75.9 035454 035540 gi|16 018812 018899 gi|37 
000286 77.2 037765 037821 gi|16 021399 021455 gi|40 
001129 78.1 006873 006271 gi|11 002378 002994 gi|47 
000279 76.0 006294 007622 gi|11 007005 008318 gi|35 
000253 78.8 007166 007325 gi|11 006957 007111 gi|13 
000261 75.3 007329 007470 gi|11 032013 032156 gi|12 
007233 80.0 010572 013398 gi|11 022687 025470 gi|66 
000439 75.7 012736 013351 gi|11 035669 036298 gi|57 
000894 76.2 015730 014629 gi|11 013371 014463 gi|23 
000858 76.5 015774 014736 gi|11 005169 006202 gi|27 
000251 81.8 016170 016323 gi|11 004188 004342 gi|65 
000262 77.3 023285 023919 gi|11 026766 027404 gi|62 
000293 73.6 023922 023362 gi|11 007397 007957 gi|63 
000306 77.5 023666 023440 gi|11 032058 032284 gi|12 
000380 76.0 026763 026618 gi|11 027595 027740 gi|52 
000766 78.1 033029 031797 gi|11 037734 038971 gi|14 
001151 79.4 033055 031840 gi|11 034575 035808 gi|13 
001234 78.2 031929 033190 gi|11 001532 002775 gi|70 
000575 79.8 032709 032965 gi|11 005273 005531 gi|63 
000675 75.4 032727 033039 gi|11 030575 030899 gi|18 
000368 85.4 033032 032793 gi|11 000080 000319 gi|63 
000347 78.8 011290 011046 gi|39 008387 008631 gi|69 
000256 71.0 017509 017601 gi|39 015964 016056 gi|73 
000254 80.5 026002 025870 gi|39 019569 019710 gi|70 
001506 76.7 027769 029512 gi|39 027301 029098 gi|67 
000259 90.2 038704 038785 gi|39 026157 026238 gi|77 
000256 89.0 000272 000136 gi|33 012137 012254 gi|50 
000770 79.7 002044 003825 gi|33 013173 014951 gi|62 
000281 85.9 002961 003166 gi|33 037707 037895 gi|72 
000306 81.2 007763 007679 gi|33 004711 004799 gi|48 
000262 85.0 010090 010149 gi|33 036248 036303 gi|46 
000757 76.0 013260 014360 gi|33 021981 023131 gi|66 
000445 75.2 014411 013270 gi|33 000129 001279 gi|75 
000349 76.6 013704 013483 gi|33 039744 039965 gi|55 
000450 77.3 014498 015649 gi|33 023556 024698 gi|66 
000296 84.1 020519 020707 gi|33 003260 003434 gi|43 
000269 80.7 021368 021162 gi|33 000499 000699 gi|57 
000296 80.3 021198 021609 gi|33 015249 015654 gi|75 
000258 78.7 029356 028063 gi|33 016494 017773 gi|66 
000284 76.8 032221 031167 gi|33 003181 004223 gi|35 
000258 70.5 035267 035190 gi|33 012088 012165 gi|67 
000250 79.6 002802 002943 gi|32 029123 029276 gi|80 
000260 79.7 003141 003337 gi|32 002877 003069 gi|43 
000364 75.7 009272 008742 gi|32 023403 023928 gi|38 
000254 82.3 010038 010201 gi|32 024367 024542 gi|58 
000258 80.0 011132 011023 gi|32 035209 035330 gi|46 
000256 79.8 018004 017926 gi|32 003650 003728 gi|62 
000391 81.8 019852 019754 gi|32 008818 008919 gi|66 
000367 80.8 019852 019754 gi|32 009047 009148 gi|66 
000262 91.5 019824 019754 gi|32 026993 027089 gi|71 
000428 85.4 021308 021227 gi|32 009067 009148 gi|66 
000403 83.9 021338 021227 gi|32 008801 008919 gi|66 
000268 88.9 021227 021325 gi|32 008839 008935 gi|66 
000398 84.0 021320 021227 gi|32 015978 016073 gi|73 
000251 89.7 021227 021284 gi|32 034130 034188 gi|36 
000760 78.9 021319 022640 gi|32 025562 026820 gi|66 
000265 76.4 023728 022979 gi|32 008870 009628 gi|35 
002621 78.7 027045 025642 gi|32 015086 016501 gi|58 
000740 78.2 034503 033347 gi|32 001380 002559 gi|40 
000983 76.8 033355 034512 gi|32 030870 032041 gi|75 
001094 79.0 038108 039925 gi|32 010754 012665 gi|46 
002592 80.1 039525 038112 gi|32 008548 009955 gi|56 
000556 76.5 039146 039999 gi|32 012012 012883 gi|46 
002084 79.1 039998 039363 gi|32 007883 008536 gi|56 
001163 78.5 003063 001754 gi|41 001488 002789 gi|53 
000889 78.6 003459 001775 gi|41 031902 033635 gi|66 
000273 78.3 005323 003994 gi|41 026086 027422 gi|44 
000332 81.5 005208 004042 gi|41 029628 030796 gi|77 
000504 73.9 004092 005430 gi|41 013389 014752 gi|79 
000364 77.6 004567 004776 gi|41 029094 029285 gi|72 
000325 76.6 014434 015721 gi|41 006617 007889 gi|80 
000324 93.1 022924 022867 gi|41 015991 016043 gi|73 
000281 84.9 022872 022924 gi|41 037160 037212 gi|58 
000633 76.1 024341 023233 gi|41 033024 034168 gi|61 
000407 78.4 023252 023982 gi|41 029828 030551 gi|66 
000642 80.8 028401 029456 gi|41 002503 003470 gi|43 
000338 78.5 029701 029507 gi|41 022592 022786 gi|44 
001447 77.2 030289 031535 gi|41 031765 033060 gi|64 
000376 76.0 000167 000001 gi|43 029121 029290 gi|55 
000282 81.8 001930 002105 gi|43 034790 034938 gi|75 
000261 86.1 002038 002003 gi|43 032721 032756 gi|67 
000277 89.5 002005 002042 gi|43 032721 032758 gi|67 
001854 78.6 011601 010373 gi|43 002106 003343 gi|51 
000695 75.2 012701 013535 gi|43 002527 003344 gi|57 
001282 80.7 018952 017739 gi|43 015662 016929 gi|50 
000777 80.1 018910 017739 gi|43 038522 039728 gi|56 
000254 84.0 019722 019865 gi|43 002146 002289 gi|63 
000914 79.5 035394 036451 gi|43 027211 028271 gi|81 
000257 79.0 002427 002635 gi|14 025341 025556 gi|76 
000292 75.2 011173 010618 gi|14 010736 011294 gi|58 
000302 85.5 010634 010853 gi|14 025169 025371 gi|61 
000331 82.1 016061 016368 gi|14 010990 011282 gi|58 
000273 84.9 022265 022337 gi|14 005550 005625 gi|53 
008928 78.4 035188 030429 gi|14 009271 014019 gi|57 
000951 77.1 038953 037517 gi|14 001424 002824 gi|70 
000813 76.3 003858 004203 gi|34 016283 016613 gi|63 
000272 79.4 016176 015973 gi|34 000819 001008 gi|51 
000250 83.4 018251 018461 gi|34 017754 017948 gi|72 
000281 78.0 020207 020748 gi|34 023754 024324 gi|61 
000284 79.9 020242 020748 gi|34 005001 005513 gi|81 
000492 76.4 020247 020741 gi|34 031335 031841 gi|59 
000316 78.2 021355 020274 gi|34 011880 012940 gi|64 
000426 78.8 020282 021221 gi|34 038796 039740 gi|77 
000497 77.5 020770 020442 gi|34 021214 021535 gi|81 
000251 81.0 021806 021644 gi|34 031490 031663 gi|49 
000688 78.7 021983 025312 gi|34 004879 008117 gi|45 
000257 93.8 023224 023193 gi|34 036010 036041 gi|53 
000268 74.2 025175 025341 gi|34 039653 039822 gi|53 
000556 77.1 033190 031982 gi|34 023247 024436 gi|41 
000554 76.7 032185 033199 gi|34 033126 034170 gi|61 
000252 88.6 001151 001229 gi|38 004989 005055 gi|78 
001009 78.7 012177 011042 gi|38 033767 034890 gi|52 
000313 75.9 012175 011528 gi|38 023824 024504 gi|61 
000313 78.1 012163 011649 gi|38 005037 005542 gi|81 
000279 94.6 012243 012207 gi|38 037212 037249 gi|58 
000251 79.2 029460 031401 gi|38 022801 024810 gi|71 
000252 78.1 003299 003204 gi|37 015503 015592 gi|73 
000757 76.7 016797 014951 gi|37 020303 022131 gi|69 
000816 77.3 015377 016672 gi|37 036327 037623 gi|63 
000549 77.9 019305 021418 gi|37 005826 007831 gi|79 
000888 74.1 020909 019556 gi|37 009267 010636 gi|74 
000815 79.3 019560 020957 gi|37 022333 023755 gi|60 
000559 78.2 019565 021003 gi|37 017893 019347 gi|49 
000596 76.1 034038 034873 gi|37 013617 014461 gi|74 
000510 84.5 034113 034923 gi|37 006273 007098 gi|53 
000880 80.2 034295 034871 gi|37 015105 015660 gi|75 
000359 74.1 034601 034909 gi|37 010296 010630 gi|79 
000258 76.2 034626 034898 gi|37 033635 033937 gi|62 
000442 77.0 034632 034939 gi|37 030655 030997 gi|80 
000261 80.2 036990 037085 gi|37 001966 002075 gi|77 
001160 76.5 038720 039604 gi|37 029093 029977 gi|55 
002394 78.8 038730 040000 gi|37 030966 032239 gi|59 
000450 76.7 039917 039052 gi|37 012142 013004 gi|64 
000603 76.4 039101 039604 gi|37 013272 013758 gi|42 
000479 77.5 039137 039642 gi|37 038798 039317 gi|77 
000639 77.4 039145 039604 gi|37 005041 005504 gi|81 
000255 78.9 010470 010343 gi|46 034961 035088 gi|62 
002059 75.1 013291 011282 gi|46 007471 009466 gi|56 
000413 81.3 035105 035297 gi|46 033411 033614 gi|51 
000334 78.0 035127 035294 gi|46 035702 035862 gi|49 
000251 79.4 013926 013859 gi|44 017023 017092 gi|69 
000260 83.2 025376 025560 gi|44 018328 018522 gi|66 
000278 79.3 026270 027394 gi|44 014296 015438 gi|56 
001329 78.7 036631 035590 gi|44 000063 001098 gi|66 
001451 74.2 001472 003118 gi|35 020849 022501 gi|81 
000634 80.0 018578 017644 gi|35 007300 008205 gi|36 
000478 75.3 017756 018430 gi|35 007861 008524 gi|75 
000890 75.7 019744 020129 gi|35 005879 006258 gi|69 
000846 76.7 020310 020772 gi|35 005833 006280 gi|69 
000327 77.6 022333 021441 gi|35 028146 029049 gi|63 
000255 85.1 032457 032304 gi|35 014321 014448 gi|49 
000600 75.7 000788 002023 gi|28 018319 019578 gi|47 
000266 75.3 007022 007118 gi|28 003283 003379 gi|34 
000252 76.5 007118 007051 gi|28 008762 008835 gi|46 
000261 85.1 012862 013015 gi|28 025900 026047 gi|39 
000410 76.3 025527 025309 gi|28 034708 034920 gi|37 
000470 79.5 025354 025504 gi|28 003397 003547 gi|76 
000256 82.6 025506 025369 gi|28 033741 033905 gi|62 
000269 80.2 026817 026907 gi|28 031791 031876 gi|58 
000611 75.9 036046 036681 gi|28 006855 007496 gi|75 
000290 78.5 036828 036990 gi|28 020624 020785 gi|29 
000283 76.6 037263 036880 gi|28 014081 014489 gi|74 
000498 73.9 037253 036901 gi|28 010253 010604 gi|79 
000263 80.5 037096 036918 gi|28 005808 005977 gi|44 
000254 91.4 010963 011043 gi|42 038891 038968 gi|54 
000261 78.1 013013 012740 gi|42 015940 016236 gi|47 
000346 75.0 012929 012742 gi|42 007386 007576 gi|47 
000346 77.5 013266 013750 gi|42 023817 024313 gi|61 
000601 76.2 013270 013832 gi|42 005016 005596 gi|81 
000505 80.8 013795 013279 gi|42 021205 021709 gi|81 
000873 79.4 013280 013843 gi|42 031371 031922 gi|59 
000775 78.4 013293 013759 gi|42 029518 029978 gi|55 
000465 81.7 013470 013759 gi|42 033990 034270 gi|52 
000491 77.9 016784 017522 gi|42 005063 005782 gi|65 
000273 75.5 017154 017004 gi|42 026889 027047 gi|51 
000523 81.0 019650 019514 gi|45 007665 007801 gi|46 
000405 76.8 027889 028357 gi|45 014940 015431 gi|61 
000254 84.8 028284 028388 gi|45 028462 028570 gi|68 
000423 74.7 035475 035699 gi|45 036309 036533 gi|74 
000258 79.0 039172 039946 gi|45 000628 001322 gi|52 
001478 78.2 002654 001479 gi|40 030764 031924 gi|75 
000303 70.9 027348 027498 gi|40 035395 035545 gi|66 
000272 82.3 032768 032577 gi|40 034592 034756 gi|52 
000723 77.6 037644 036283 gi|40 013749 015132 gi|74 
000305 77.9 037641 036520 gi|40 015001 016040 gi|75 
000302 77.6 036969 037178 gi|40 003426 003647 gi|76 
000271 82.3 037021 036971 gi|40 006978 007028 gi|53 
000326 81.7 037197 036980 gi|40 033639 033868 gi|62 
002600 82.6 039353 039996 gi|40 036012 036655 gi|81 
000254 86.3 007412 007318 gi|56 008843 008918 gi|81 
000599 74.5 007413 008277 gi|56 015772 016708 gi|80 
000264 80.2 018429 018349 gi|56 038298 038373 gi|79 
000252 77.8 018805 018716 gi|56 016992 017083 gi|71 
000263 78.7 023967 023771 gi|56 032749 032978 gi|74 
000285 82.0 024506 024677 gi|56 018742 018888 gi|71 
000260 81.3 035961 036035 gi|56 003640 003709 gi|59 
000300 75.5 008634 008333 gi|54 018970 019310 gi|56 
000255 79.5 008482 008974 gi|54 008495 008930 gi|67 
000252 74.8 015347 015489 gi|54 000668 000819 gi|55 
000252 78.5 024179 024257 gi|54 018651 018728 gi|80 
000300 75.5 025139 024838 gi|54 018970 019310 gi|56 
000274 79.5 024987 025479 gi|54 008495 008930 gi|67 
003473 99.6 028990 028518 gi|54 006840 007312 gi|71 
003473 79.9 028518 028990 gi|54 039528 040000 gi|62 
000257 91.2 028535 028568 gi|54 007262 007295 gi|71 
000257 91.2 028568 028535 gi|54 039545 039578 gi|62 
000259 74.5 001840 001692 gi|36 019684 019832 gi|62 
000690 79.9 006898 005846 gi|36 035081 036066 gi|45 
000260 86.8 007143 007091 gi|36 017908 017960 gi|72 
000359 80.8 007308 007541 gi|36 003216 003443 gi|41 
000747 78.2 008137 007405 gi|36 007828 008537 gi|75 
000743 79.0 008081 010399 gi|36 003983 006230 gi|41 
000450 76.3 013435 014189 gi|36 034130 034909 gi|37 
000728 78.8 013475 014112 gi|36 013771 014429 gi|74 
000452 76.8 014792 013586 gi|36 036293 037501 gi|40 
000265 77.0 013617 014156 gi|36 038784 039371 gi|47 
000506 76.2 013641 014132 gi|36 015180 015641 gi|75 
000295 81.3 014003 013822 gi|36 014035 014206 gi|72 
002204 80.0 013828 015536 gi|36 010269 011986 gi|79 
000349 76.5 013911 014106 gi|36 033652 033859 gi|62 
000328 77.2 027500 027903 gi|36 010049 010452 gi|70 
000302 90.0 034188 034109 gi|36 008861 008936 gi|66 
000374 87.9 034120 034185 gi|36 008830 008893 gi|66 
000334 84.8 034120 034185 gi|36 009059 009122 gi|66 
000252 90.0 034188 034129 gi|36 009090 009149 gi|66 
000315 81.7 034129 034199 gi|36 015993 016061 gi|73 
002312 95.2 034427 034758 gi|36 015851 016160 gi|45 
000251 72.8 004324 004119 gi|47 032989 033221 gi|68 
000270 86.2 022149 022271 gi|47 027555 027676 gi|79 
000472 75.2 038006 038623 gi|47 013834 014480 gi|74 
000274 79.0 038577 038340 gi|47 003426 003672 gi|76 
000341 84.2 038626 038412 gi|47 019135 019346 gi|81 
000251 80.6 038578 038450 gi|47 039352 039513 gi|60 
000306 85.1 038455 038548 gi|47 023307 023412 gi|80 
000279 84.6 038522 038657 gi|47 029736 029871 gi|80 
000281 80.7 039208 039316 gi|47 006903 007011 gi|53 
000265 80.2 039331 039226 gi|47 014529 014639 gi|76 
000292 81.2 012057 011877 gi|59 012705 012893 gi|79 
000357 84.8 030504 030406 gi|59 004019 004121 gi|78 
000385 76.6 031010 031300 gi|59 027414 027686 gi|75 
000411 78.2 031931 031022 gi|59 021144 022075 gi|81 
000390 81.2 031287 031859 gi|59 038723 039287 gi|77 
000441 79.1 031843 031371 gi|59 012458 012929 gi|64 
000272 86.9 032925 032865 gi|59 037300 037358 gi|74 
000252 82.0 015115 014894 gi|50 029937 030137 gi|53 
001754 77.4 015750 017048 gi|50 038582 039854 gi|56 
001080 76.8 025660 026553 gi|50 017055 017956 gi|73 
000260 81.0 030182 030281 gi|50 028178 028271 gi|76 
000260 76.6 021826 021498 gi|67 034307 034632 gi|74 
000261 81.8 032051 031975 gi|67 015023 015103 gi|73 
000273 82.5 032769 032604 gi|67 006976 007141 gi|70 
000253 97.3 015431 015395 gi|61 002457 002499 gi|67 
000262 81.8 021708 021544 gi|61 010222 010393 gi|77 
000824 77.5 022662 023497 gi|61 032604 033451 gi|70 
000562 76.6 023739 024448 gi|61 038718 039383 gi|77 
000320 77.9 024408 023812 gi|61 012344 012947 gi|64 
000528 81.8 024326 023831 gi|61 021231 021711 gi|81 
000268 78.4 026314 025879 gi|61 038120 038523 gi|63 
000373 79.8 026310 026009 gi|61 030398 030693 gi|77 
000341 82.5 026127 026315 gi|61 006866 007053 gi|65 
000625 78.6 034190 033159 gi|61 029788 030830 gi|66 
000482 76.9 033272 034153 gi|61 005653 006552 gi|74 
000716 76.9 034332 036082 gi|61 007357 009123 gi|74 
000256 80.0 000969 000890 gi|55 023046 023136 gi|81 
001349 77.3 006853 005285 gi|55 036219 037851 gi|77 
000263 82.1 021882 021965 gi|55 008363 008455 gi|65 
001052 76.4 029103 029978 gi|55 030966 031844 gi|59 
000557 79.0 029499 029979 gi|55 005026 005506 gi|81 
000389 78.0 029510 029969 gi|55 023836 024313 gi|61 
001634 75.7 001660 000733 gi|65 020955 021873 gi|66 
000331 77.0 000841 001660 gi|65 039200 040000 gi|72 
002397 77.1 006431 008334 gi|65 023316 025240 gi|75 
001386 78.0 009173 008561 gi|65 028422 029037 gi|75 
000361 82.0 008812 008928 gi|66 015965 016080 gi|73 
000301 77.3 008829 008991 gi|66 026971 027173 gi|71 
000352 80.7 009041 009149 gi|66 015965 016074 gi|73 
000290 83.2 009058 009152 gi|66 026971 027093 gi|71 
000274 91.4 009122 009065 gi|66 025320 025378 gi|79 
000444 77.0 023216 021963 gi|66 000076 001307 gi|75 
000467 80.8 030475 029737 gi|66 005879 006651 gi|74 
000281 76.9 034065 034432 gi|66 017324 017690 gi|80 
000672 81.0 000399 000068 gi|63 002300 002657 gi|70 
000489 77.7 001462 000634 gi|63 001270 002068 gi|70 
000585 78.2 003492 005059 gi|63 000519 002074 gi|70 
000252 84.9 007685 007737 gi|63 000940 000989 gi|80 
000374 74.8 021728 021224 gi|63 018763 019261 gi|71 
001603 78.4 024167 021941 gi|63 024632 026712 gi|71 
001177 77.0 037781 036245 gi|63 020281 021822 gi|69 
000251 78.5 038126 038530 gi|63 030400 030794 gi|77 
002155 79.1 001375 002671 gi|52 000018 001353 gi|81 
000271 80.8 007701 007415 gi|52 037057 037358 gi|57 
000430 70.4 013616 011341 gi|52 036353 038633 gi|76 
000266 84.8 013517 013281 gi|52 025363 025610 gi|76 
000286 78.7 016724 016354 gi|52 031800 032168 gi|76 
000263 78.3 023795 023969 gi|52 034667 034844 gi|57 
000529 77.3 033704 034284 gi|52 023773 024333 gi|61 
000421 80.9 033753 034686 gi|52 038774 039743 gi|77 
000428 76.9 033776 034307 gi|52 005035 005542 gi|81 
000327 74.1 034254 034004 gi|52 021575 021822 gi|53 
000371 83.2 039146 039330 gi|52 025742 025911 gi|61 
002222 67.0 004871 003542 gi|49 000625 001957 gi|65 
001109 76.8 003831 004766 gi|49 020946 021890 gi|66 
000479 76.9 010454 009345 gi|49 031146 032241 gi|66 
000298 74.4 011278 012537 gi|49 017964 019209 gi|51 
000384 78.4 017887 019243 gi|49 022332 023703 gi|60 
000280 81.4 037488 036839 gi|49 036666 037289 gi|75 
000570 75.9 000939 000674 gi|60 017131 017395 gi|72 
001159 80.0 022333 023742 gi|60 006062 007450 gi|79 
001035 78.3 023708 022333 gi|60 009265 010631 gi|74 
000311 75.7 023014 022702 gi|60 002900 003212 gi|66 
000382 75.1 033777 033176 gi|60 038200 038792 gi|63 
000304 77.5 033725 033384 gi|60 026926 027267 gi|62 
000262 75.1 033401 033769 gi|60 031776 032153 gi|62 
001149 77.7 012930 012022 gi|64 038795 039712 gi|77 
000335 81.2 012335 012983 gi|64 021117 021789 gi|81 
000651 78.5 012934 012362 gi|64 005031 005585 gi|81 
000414 75.9 021750 021614 gi|64 012210 012341 gi|67 
000370 77.5 021918 021830 gi|64 012254 012341 gi|67 
001656 78.1 001462 002774 gi|53 032327 033636 gi|66 
000305 76.5 012865 011972 gi|53 030621 031508 gi|63 
000458 80.8 021373 022003 gi|53 021057 021691 gi|81 
000416 77.5 022096 021502 gi|53 038702 039323 gi|77 
000484 79.1 022008 021568 gi|53 031383 031835 gi|59 
000270 72.6 022060 021568 gi|53 004987 005496 gi|81 
000262 81.1 035077 035261 gi|53 038330 038499 gi|73 
000251 86.7 035929 035988 gi|53 009030 009099 gi|66 
000257 78.1 036014 035951 gi|53 009417 009483 gi|66 
000268 93.8 035957 035988 gi|53 008839 008870 gi|66 
004094 78.8 004811 006680 gi|48 017930 019775 gi|79 
000251 90.4 006801 006750 gi|48 010647 010694 gi|70 
000278 93.2 006754 006797 gi|48 028494 028536 gi|68 
005114 80.2 006895 008761 gi|48 017990 019841 gi|79 
008773 84.5 009002 010830 gi|48 018021 019844 gi|79 
000281 78.8 011426 011172 gi|48 024325 024598 gi|71 
000285 78.2 016674 016824 gi|48 014465 014633 gi|54 
000250 77.4 022988 022896 gi|48 032462 032563 gi|68 
000250 79.2 023155 023226 gi|48 015170 015247 gi|55 
000297 74.5 027895 027676 gi|48 028653 028875 gi|66 
000613 78.4 030202 030687 gi|48 031649 032128 gi|55 
000282 77.2 014548 014626 gi|76 019202 019280 gi|81 
000366 78.5 027407 026886 gi|62 007394 007919 gi|63 
000258 77.2 028906 028521 gi|62 023982 024367 gi|75 
003626 100.0 040000 039515 gi|62 006840 007325 gi|71 
001398 77.8 003938 002733 gi|78 030974 032174 gi|81 
000263 83.4 027549 027381 gi|69 011248 011425 gi|75 
000292 88.1 015993 016034 gi|73 003525 003566 gi|75 
000254 82.6 007539 007584 gi|68 006598 006644 gi|77 
000316 85.7 035878 035982 gi|72 012003 012103 gi|80 
000376 81.8 038763 039273 gi|77 004997 005506 gi|81 
000454 74.4 039289 038767 gi|77 021206 021737 gi|81 
000838 77.7 010609 009237 gi|74 006084 007450 gi|79 
004077 77.8 011633 013204 gi|74 008925 010481 gi|75 
000712 77.3 013796 014451 gi|74 015030 015652 gi|75 
000474 73.4 019655 018727 gi|74 000103 001024 gi|79 
000250 79.8 028980 029103 gi|58 009010 009136 gi|71 
000471 79.3 032710 031767 gi|58 000628 001637 gi|63 
000337 82.9 032265 032684 gi|58 001617 002039 gi|70 
000336 83.8 032942 033292 gi|58 002297 002636 gi|70 
000711 80.3 036593 036087 gi|58 000628 001157 gi|63 
000262 81.1 036140 036567 gi|58 001597 002039 gi|70 
000280 83.1 036825 037232 gi|58 002297 002690 gi|70 
000293 86.8 037211 037159 gi|58 015994 016045 gi|73 
000688 77.3 038719 038139 gi|58 000628 001253 gi|63 
000298 77.4 038216 038693 gi|58 001560 002039 gi|70 
000263 79.2 038955 039281 gi|58 002304 002626 gi|70 
000333 74.3 039288 039028 gi|58 000066 000325 gi|63 
049611 99.9 006839 001550 gi|71 000001 005289 gi|74 
000271 88.1 001916 001982 gi|71 003143 003202 gi|74 
000274 86.7 003638 003697 gi|71 004858 004924 gi|74 
000313 87.1 006985 007077 gi|71 002731 002819 gi|74 
000263 81.2 008725 008862 gi|51 019182 019316 gi|74 
000254 82.2 020740 020634 gi|51 020498 020600 gi|69 
000251 81.1 029314 029583 gi|51 027874 028138 gi|58 
000293 81.8 039138 038969 gi|51 029093 029265 gi|72 
000300 81.2 038995 039234 gi|51 030118 030341 gi|77 
002701 80.2 002130 000511 gi|13 003528 005122 gi|27 
000646 73.7 003031 002351 gi|13 005631 006305 gi|27 
000500 76.7 002408 003699 gi|13 008830 010134 gi|35 
003381 80.3 007036 003493 gi|13 000048 003458 gi|27 
001476 77.5 003970 005602 gi|13 002394 004031 gi|29 
001579 77.9 006139 004355 gi|13 037935 039743 gi|20 
000292 77.3 008703 008878 gi|13 017519 017693 gi|79 
001098 76.0 013096 011648 gi|13 021330 022764 gi|27 
001333 75.8 013062 011697 gi|13 021152 022520 gi|26 
000289 80.1 012215 012510 gi|13 001739 002043 gi|66 
000628 78.4 015750 014546 gi|13 014199 015423 gi|61 
000281 84.6 024892 024750 gi|13 013657 013785 gi|56 
001083 77.9 035709 034333 gi|13 001538 002838 gi|70 
000369 78.0 034453 035718 gi|13 037543 038837 gi|14 
000311 77.6 035600 035191 gi|13 038264 038685 gi|58 
000299 76.2 035670 035191 gi|13 036067 036559 gi|58 
002780 78.6 038575 037462 gi|13 033324 034434 gi|34 
001056 76.8 038663 040000 gi|13 001355 002656 gi|19 
000831 76.4 039414 038677 gi|13 005610 006341 gi|40 
000291 78.2 038994 038687 gi|13 033652 033965 gi|18 
000344 80.1 039999 039482 gi|13 010817 011307 gi|79 
000420 77.7 010263 010567 gi|79 030556 030899 gi|80 
000306 76.9 000260 000831 gi|57 039329 039913 gi|60 
000678 76.5 004532 003624 gi|57 020309 021226 gi|74 
000305 74.6 019499 019785 gi|57 035427 035708 gi|81 
000330 79.5 039689 039995 gi|57 013206 013527 gi|60 
000284 90.9 000121 000067 gi|15 008838 008890 gi|66 
000291 95.5 000223 000070 gi|15 035894 036000 gi|53 
000323 86.4 000237 000076 gi|15 003431 003566 gi|75 
000255 89.8 000125 000077 gi|15 014352 014403 gi|17 
000287 89.5 000122 000085 gi|15 022575 022612 gi|26 
000292 97.0 000121 000089 gi|15 009067 009099 gi|66 
000260 90.9 000089 000121 gi|15 009446 009478 gi|66 
000275 84.4 000121 000248 gi|15 019695 019825 gi|32 
000273 86.4 000221 000156 gi|15 018412 018489 gi|34 
000262 77.5 000256 000168 gi|15 008840 008931 gi|66 
000268 80.0 000175 000224 gi|15 031558 031607 gi|29 
000276 80.3 000256 000181 gi|15 009069 009149 gi|66 
000260 79.4 000281 001373 gi|15 017591 018619 gi|52 
000255 82.2 000286 000510 gi|15 006482 006711 gi|22 
000684 75.6 006576 004635 gi|15 015670 017637 gi|76 
000354 79.4 008836 008937 gi|15 013698 013799 gi|36 
000335 79.3 012310 012802 gi|15 025206 025695 gi|76 
000255 80.9 029889 029738 gi|15 004840 004981 gi|42 
000259 83.3 030755 030588 gi|15 033414 033589 gi|30 
000292 74.8 031470 031217 gi|15 028775 029043 gi|17 
000809 76.7 032129 031586 gi|15 030284 030834 gi|24 
001698 74.6 032230 033691 gi|15 010150 011631 gi|43 
001824 76.6 033691 032267 gi|15 002076 003539 gi|51 
001070 76.8 004595 006628 gi|10 013581 015695 gi|36 
000486 78.8 004638 005216 gi|10 013911 014498 gi|74 
000307 75.2 005143 004822 gi|10 036938 037260 gi|28 
000426 73.6 005215 004834 gi|10 000551 000965 gi|19 
000399 80.8 004839 005135 gi|10 026006 026306 gi|21 
000341 76.9 004839 005262 gi|10 030556 031025 gi|80 
000793 80.3 004842 005841 gi|10 031820 032827 gi|18 
000290 74.4 004868 006897 gi|10 010286 012380 gi|79 
000407 77.9 005220 004868 gi|10 003334 003710 gi|76 
000634 78.1 005348 005990 gi|10 014701 015347 gi|74 
000253 80.3 021521 022607 gi|10 025575 026705 gi|13 
004915 80.5 036657 034694 gi|10 006875 008817 gi|48 
002724 79.5 036600 034729 gi|10 009001 010836 gi|48 
004872 79.6 036699 034760 gi|10 004810 006742 gi|48 
001157 79.2 034768 035695 gi|10 039091 040000 gi|19 
003811 80.2 036745 034823 gi|10 017897 019765 gi|79 
000342 72.5 038762 039154 gi|10 033846 034250 gi|45 
