001585 100.0 000168 000001 gi|9 024791 024958 gi|36 
000424 77.0 006437 005475 gi|20 004675 005594 gi|46 
000286 84.0 007872 007798 gi|20 000327 000399 gi|42 
000260 76.3 007798 007856 gi|20 020632 020690 gi|35 
000274 88.2 007859 007809 gi|20 035622 035674 gi|25 
000269 90.4 007815 007897 gi|20 019610 019681 gi|42 
000395 75.8 017488 018025 gi|20 016688 017207 gi|38 
000272 78.8 017777 018021 gi|20 028454 028704 gi|44 
000277 74.3 017782 017882 gi|20 010938 011038 gi|43 
000250 88.1 018231 018173 gi|20 003280 003337 gi|47 
000261 91.8 018180 018240 gi|20 012186 012244 gi|38 
000279 97.1 018181 018215 gi|20 026695 026730 gi|25 
000252 84.8 018182 018240 gi|20 037137 037204 gi|31 
000294 86.0 018185 018277 gi|20 014912 014997 gi|27 
000255 94.2 018185 018236 gi|20 026253 026296 gi|30 
000272 90.0 018225 018186 gi|20 028736 028776 gi|39 
000256 96.5 018214 018186 gi|20 028657 028685 gi|30 
000295 76.9 022849 022965 gi|20 025348 025467 gi|25 
000287 82.1 029604 029670 gi|20 032597 032661 gi|24 
000261 78.4 039319 039503 gi|20 019754 019928 gi|44 
000272 77.2 039500 039400 gi|20 010938 011039 gi|43 
000263 80.7 039572 039407 gi|20 016233 016398 gi|47 
002658 94.9 000410 000001 gi|13 036407 036795 gi|28 
005052 92.5 001340 000686 gi|13 035793 036446 gi|28 
000526 72.9 001440 001867 gi|13 003784 004205 gi|31 
000341 73.8 002280 002363 gi|13 002158 002243 gi|25 
000313 91.2 002664 002608 gi|13 034690 034746 gi|28 
000384 79.5 003369 003243 gi|13 034604 034729 gi|28 
003904 87.6 006626 005997 gi|13 030303 030928 gi|28 
002870 91.3 007633 007231 gi|13 029606 030007 gi|28 
013265 91.1 009893 007982 gi|13 027347 029296 gi|28 
003336 84.2 013469 012621 gi|13 023497 024403 gi|28 
000315 89.4 014715 014669 gi|13 021230 021275 gi|28 
001232 79.8 015136 015906 gi|13 033634 034397 gi|28 
003346 88.6 016533 015981 gi|13 020722 021277 gi|28 
000274 83.1 017156 017086 gi|13 033856 033928 gi|16 
000414 82.4 017235 017105 gi|13 020534 020652 gi|28 
000352 93.5 017106 017198 gi|13 034419 034492 gi|28 
003560 89.6 019657 019110 gi|13 020722 021272 gi|28 
001568 96.2 020411 020229 gi|13 020470 020652 gi|28 
000383 77.9 020230 020392 gi|13 034419 034568 gi|28 
001267 71.4 023689 022788 gi|13 035819 036737 gi|24 
000361 93.3 026405 026361 gi|13 020401 020445 gi|28 
000297 75.4 027694 027819 gi|13 002097 002239 gi|25 
000572 78.3 027899 027702 gi|13 039182 039419 gi|36 
000428 92.9 027702 027786 gi|13 017975 018060 gi|27 
000261 72.0 027738 027905 gi|13 027920 028086 gi|36 
000439 79.6 027748 027909 gi|13 003219 003359 gi|45 
000267 72.0 027749 027866 gi|13 032987 033103 gi|18 
000256 94.6 027806 027751 gi|13 039096 039151 gi|36 
000278 82.6 027751 027905 gi|13 024088 024243 gi|40 
000366 75.8 027806 027929 gi|13 030580 030705 gi|47 
000256 85.5 027886 027811 gi|13 022664 022744 gi|18 
000764 94.6 027943 027833 gi|13 039281 039385 gi|36 
000322 79.2 027833 027885 gi|13 018008 018060 gi|27 
000340 78.8 027844 027909 gi|13 003216 003281 gi|45 
000294 78.0 027851 027909 gi|13 001552 001610 gi|37 
000264 80.4 027906 027851 gi|13 013078 013134 gi|29 
000427 87.0 000803 000735 gi|5 010739 010809 gi|42 
000257 85.4 001125 001078 gi|5 028011 028061 gi|37 
000403 74.2 003811 003517 gi|5 026834 027137 gi|14 
000250 70.4 007964 008061 gi|5 004906 005012 gi|36 
000259 81.5 008448 008298 gi|5 024399 024577 gi|33 
000376 87.1 008316 008408 gi|5 014343 014431 gi|18 
000368 83.3 008409 008332 gi|5 014371 014450 gi|18 
000368 84.6 008344 008408 gi|5 039110 039180 gi|21 
000424 89.2 008409 008345 gi|5 002445 002513 gi|21 
000384 81.7 008464 008345 gi|5 039045 039183 gi|21 
000282 83.3 008404 008345 gi|5 015433 015496 gi|38 
000327 92.1 008347 008409 gi|5 029507 029569 gi|15 
000390 89.1 008410 008347 gi|5 019179 019253 gi|37 
000441 88.0 008430 008348 gi|5 029490 029568 gi|15 
000357 88.5 008348 008408 gi|5 002446 002510 gi|21 
000319 88.9 008348 008410 gi|5 019181 019254 gi|37 
000302 86.2 008352 008409 gi|5 015433 015494 gi|38 
000309 71.5 014221 014336 gi|5 001346 001468 gi|22 
001407 91.4 015872 016069 gi|5 001473 001671 gi|22 
022955 99.2 018476 020989 gi|5 008997 011511 gi|47 
022514 98.8 020989 018492 gi|5 010378 012887 gi|18 
022248 99.2 020970 018527 gi|5 000001 002461 gi|40 
016357 95.8 018548 020639 gi|5 022507 024553 gi|36 
000805 85.5 018551 018681 gi|5 002348 002475 gi|25 
022356 99.4 018555 020989 gi|5 002515 004949 gi|25 
002154 99.6 020756 020989 gi|5 024557 024790 gi|36 
017811 93.0 024330 022272 gi|5 007035 009095 gi|18 
016572 99.4 022272 024218 gi|5 025968 027914 gi|36 
000262 77.4 022282 022396 gi|5 008971 009085 gi|18 
000259 76.3 022413 022283 gi|5 025956 026091 gi|36 
016299 98.7 022596 024429 gi|5 013362 015179 gi|47 
016651 99.2 024412 022596 gi|5 036633 038450 gi|8 
016174 99.0 022597 024360 gi|5 006801 008564 gi|25 
000252 86.8 030120 030157 gi|5 034010 034047 gi|34 
000281 82.2 032876 032920 gi|5 002023 002067 gi|17 
000264 81.9 037479 037264 gi|5 039757 039956 gi|24 
000253 73.2 037959 037539 gi|5 008686 009121 gi|10 
000816 75.5 038469 037565 gi|5 029088 030014 gi|32 
000363 79.6 038469 038328 gi|5 008170 008311 gi|10 
000266 85.8 000192 000073 gi|12 033398 033497 gi|18 
000250 92.1 000185 000123 gi|12 003847 003916 gi|15 
000253 86.7 005621 005665 gi|12 013797 013842 gi|43 
000270 78.3 007685 007767 gi|12 010779 010864 gi|25 
000250 87.7 012215 012271 gi|12 021812 021866 gi|45 
000293 83.3 018038 017949 gi|12 014819 014904 gi|29 
000291 90.0 019751 019712 gi|12 037136 037175 gi|31 
000257 84.1 019715 019758 gi|12 021752 021795 gi|47 
000261 100.0 019715 019746 gi|12 028655 028685 gi|30 
000257 83.0 019769 019717 gi|12 009600 009651 gi|21 
000278 89.4 019763 019717 gi|12 018170 018215 gi|20 
000252 88.2 019750 019717 gi|12 026697 026730 gi|25 
000253 93.5 019717 019747 gi|12 009173 009203 gi|17 
000262 93.8 019750 019719 gi|12 005495 005526 gi|16 
000286 96.5 021609 021553 gi|12 000971 001029 gi|37 
000260 82.5 021614 021558 gi|12 039289 039342 gi|14 
000267 90.2 021600 021560 gi|12 022487 022533 gi|34 
000250 93.5 021590 021560 gi|12 013980 014010 gi|36 
000406 84.3 023146 023032 gi|12 025226 025345 gi|15 
000288 82.6 023145 023037 gi|12 001007 001110 gi|21 
000267 81.5 023145 023038 gi|12 000842 000944 gi|21 
000396 82.9 023136 023055 gi|12 025983 026071 gi|15 
000320 79.5 023057 023139 gi|12 025223 025303 gi|15 
000259 95.2 023098 023057 gi|12 001600 001642 gi|21 
000278 87.2 023059 023136 gi|12 011589 011663 gi|39 
000333 81.4 023068 023137 gi|12 025983 026053 gi|15 
000374 76.2 027212 027104 gi|12 019980 020084 gi|16 
000254 87.6 027920 028032 gi|12 007231 007341 gi|35 
000267 89.6 030194 030241 gi|12 000143 000193 gi|45 
000272 89.1 030199 030244 gi|12 016939 016986 gi|45 
000284 94.9 030203 030241 gi|12 008435 008474 gi|22 
000488 76.2 030884 030675 gi|12 020902 021107 gi|32 
000254 76.3 031433 031181 gi|12 020346 020601 gi|32 
000291 81.4 032434 032365 gi|12 003074 003143 gi|26 
000251 89.2 033487 033560 gi|12 018165 018228 gi|34 
000250 79.5 033572 033529 gi|12 026688 026731 gi|25 
000258 86.5 033566 033530 gi|12 025006 025042 gi|31 
000307 75.2 036077 036185 gi|12 035716 035823 gi|21 
000313 78.3 038097 038179 gi|12 028091 028178 gi|44 
000462 72.7 038130 038524 gi|12 023205 023638 gi|16 
000415 79.5 038335 038505 gi|12 016224 016378 gi|47 
000350 73.5 038397 038611 gi|12 010903 011116 gi|43 
000360 72.6 038420 038565 gi|12 028447 028592 gi|44 
000280 73.7 038427 038525 gi|12 017777 017875 gi|20 
000254 68.4 038427 038524 gi|12 031680 031777 gi|14 
000274 74.6 038546 038429 gi|12 039386 039503 gi|20 
000308 73.9 038430 038609 gi|12 008255 008434 gi|43 
000267 90.2 001593 001633 gi|21 011619 011663 gi|39 
000270 83.9 002506 002445 gi|21 015433 015494 gi|38 
000369 88.1 002445 002511 gi|21 019180 019253 gi|37 
000289 90.1 002515 002445 gi|21 024458 024534 gi|33 
000363 83.8 002525 002446 gi|21 019165 019252 gi|37 
000256 91.8 002519 002447 gi|21 024384 024453 gi|37 
000263 81.5 002450 002514 gi|21 015433 015497 gi|38 
000309 91.5 009652 009582 gi|21 004815 004876 gi|43 
000295 86.8 009667 009615 gi|21 003649 003699 gi|42 
000251 93.9 009617 009649 gi|21 007256 007288 gi|44 
000259 94.1 009654 009621 gi|21 034007 034040 gi|34 
000250 90.9 009621 009675 gi|21 026700 026750 gi|25 
000261 92.1 009659 009622 gi|21 028737 028776 gi|39 
000251 95.9 009670 009622 gi|21 028644 028685 gi|30 
000261 77.8 011335 011424 gi|21 016399 016491 gi|34 
000437 73.3 012014 012654 gi|21 016574 017199 gi|34 
000849 74.8 013232 013679 gi|21 017783 018204 gi|34 
000271 75.9 025147 025461 gi|21 033849 034149 gi|25 
000283 84.6 032684 032787 gi|21 024451 024547 gi|37 
000250 92.7 032725 032685 gi|21 006932 006970 gi|41 
002272 72.9 035811 036996 gi|21 012217 013435 gi|38 
003298 76.5 037766 038842 gi|21 013986 015071 gi|38 
002662 92.2 038859 039241 gi|21 015161 015558 gi|38 
000271 81.5 039089 039180 gi|21 024440 024533 gi|33 
000372 90.8 039180 039105 gi|21 019181 019260 gi|37 
000285 85.7 039105 039181 gi|21 024380 024455 gi|37 
000270 80.6 039183 039112 gi|21 024460 024535 gi|33 
000297 90.5 039176 039114 gi|21 015433 015493 gi|38 
000271 82.3 004880 004958 gi|18 003284 003369 gi|47 
000283 100.0 004918 004888 gi|18 015942 015972 gi|19 
016105 99.7 008771 007035 gi|18 013362 015095 gi|47 
016123 99.7 008770 007035 gi|18 006801 008533 gi|25 
016556 99.4 009095 007149 gi|18 025968 027914 gi|36 
000259 76.3 008954 009084 gi|18 025956 026091 gi|36 
022858 98.8 012932 010378 gi|18 008960 011511 gi|47 
022665 99.9 012814 010378 gi|18 002515 004949 gi|25 
002154 99.6 010611 010378 gi|18 024557 024790 gi|36 
022569 98.9 010397 012940 gi|18 000001 002584 gi|40 
000254 79.3 010603 010737 gi|18 011152 011286 gi|47 
000254 79.3 010603 010737 gi|18 004590 004724 gi|25 
000254 79.3 010737 010603 gi|18 000207 000341 gi|40 
016482 95.8 012853 010730 gi|18 022469 024553 gi|36 
000836 87.8 012810 012688 gi|18 002355 002475 gi|25 
000254 92.9 014431 014362 gi|18 024463 024539 gi|33 
000340 87.0 014431 014363 gi|18 002446 002522 gi|21 
000259 86.4 014366 014431 gi|18 019171 019252 gi|37 
000273 82.5 014431 014369 gi|18 039114 039183 gi|21 
000270 83.0 014427 014369 gi|18 015433 015496 gi|38 
000354 91.1 014371 014449 gi|18 002445 002542 gi|21 
000285 88.3 014372 014431 gi|18 039114 039180 gi|21 
000348 93.3 014431 014372 gi|18 019181 019252 gi|37 
000272 83.0 014431 014373 gi|18 024395 024453 gi|37 
011843 97.9 024371 023020 gi|18 021956 023316 gi|21 
000467 70.9 026193 026543 gi|18 007522 007863 gi|32 
000490 77.4 032795 033046 gi|18 030572 030809 gi|47 
000279 80.1 032814 033049 gi|18 027896 028089 gi|36 
000325 72.2 032843 032921 gi|18 028120 028198 gi|36 
000367 83.0 032975 033103 gi|18 030614 030769 gi|47 
000286 70.1 032977 033053 gi|18 028120 028196 gi|36 
000438 83.0 033072 033171 gi|18 023571 023666 gi|35 
000256 84.0 034985 034892 gi|18 021214 021308 gi|20 
000267 87.2 009016 008970 gi|19 000830 000877 gi|41 
000319 93.8 015988 015941 gi|19 003280 003324 gi|47 
000629 93.2 016289 016202 gi|19 039717 039806 gi|42 
000325 78.3 022861 022733 gi|19 020301 020429 gi|41 
000287 76.7 033044 033189 gi|19 015000 015146 gi|32 
000299 76.5 000835 000704 gi|10 010377 010507 gi|19 
000260 82.7 007956 007905 gi|10 028635 028689 gi|30 
000421 72.6 008160 008294 gi|10 029078 029212 gi|32 
000432 71.9 020294 021011 gi|10 012207 012921 gi|42 
000275 74.6 022953 023137 gi|10 006240 006430 gi|28 
000598 77.3 026917 027589 gi|10 034193 034856 gi|40 
000252 94.0 029225 029274 gi|10 008532 008581 gi|12 
000254 97.0 029246 029278 gi|10 016515 016548 gi|28 
000333 77.5 032313 031989 gi|10 025116 025464 gi|21 
000268 71.2 032231 031989 gi|10 033900 034151 gi|25 
000264 90.9 033824 033900 gi|10 012193 012261 gi|12 
000277 89.4 033896 033831 gi|10 035633 035692 gi|25 
000282 91.7 033899 033840 gi|10 021811 021866 gi|45 
000261 89.1 033895 033841 gi|10 015099 015158 gi|35 
000266 87.2 033850 033927 gi|10 012240 012320 gi|22 
000253 87.3 038806 038744 gi|10 025012 025078 gi|31 
000254 97.1 038773 038806 gi|10 020786 020820 gi|11 
000257 97.8 038818 038774 gi|10 027585 027627 gi|38 
000257 93.9 038775 038807 gi|10 006231 006263 gi|46 
000264 94.4 038811 038776 gi|10 001488 001524 gi|39 
000255 86.8 003428 003391 gi|6 039445 039483 gi|11 
000266 79.0 003595 003675 gi|6 014905 014982 gi|27 
000322 74.3 003749 003849 gi|6 023609 023709 gi|34 
000510 86.9 008905 009118 gi|6 037714 037956 gi|33 
000269 77.5 011233 011370 gi|6 033073 033213 gi|18 
000412 74.5 018411 017510 gi|6 013760 014665 gi|25 
000257 85.2 021773 021826 gi|6 038688 038746 gi|30 
000278 85.1 021780 021826 gi|6 020778 020824 gi|11 
000267 91.1 021787 021831 gi|6 025007 025051 gi|31 
000253 88.9 021791 021826 gi|6 027592 027627 gi|38 
000267 82.3 023697 023613 gi|6 022504 022586 gi|34 
000260 88.3 023756 023629 gi|6 009550 009673 gi|21 
000270 96.8 023696 023666 gi|6 013982 014012 gi|36 
000259 96.8 023666 023696 gi|6 028746 028776 gi|39 
000259 96.8 023666 023696 gi|6 003291 003321 gi|47 
000253 86.4 023669 023712 gi|6 004889 004931 gi|18 
000254 100.0 023669 023696 gi|6 005953 005980 gi|15 
000450 71.0 031593 031370 gi|6 036542 036765 gi|18 
000283 85.2 031674 031815 gi|6 011678 011793 gi|31 
000333 88.3 031685 031804 gi|6 022743 022851 gi|15 
006803 86.6 036177 035120 gi|6 030789 031831 gi|10 
000998 89.3 036280 036457 gi|6 023375 023551 gi|32 
000527 91.4 036440 036336 gi|6 002397 002495 gi|46 
000290 67.5 036798 036960 gi|6 008185 008350 gi|43 
000288 68.9 036861 037082 gi|6 038426 038653 gi|12 
000299 75.8 037070 036864 gi|6 039289 039503 gi|20 
002503 93.5 039635 039955 gi|6 003498 003817 gi|17 
000277 91.9 012540 012613 gi|2 013965 014029 gi|36 
000289 79.5 012623 012551 gi|2 011005 011079 gi|15 
000262 84.5 016302 016359 gi|2 021587 021644 gi|38 
000294 89.5 016306 016372 gi|2 012305 012374 gi|36 
000255 89.4 016358 016312 gi|2 016058 016104 gi|8 
000518 83.2 017859 018001 gi|2 011852 011981 gi|30 
001536 72.0 018107 018564 gi|2 011957 012408 gi|30 
000282 90.2 020690 020640 gi|2 027585 027638 gi|38 
000280 87.9 020643 020700 gi|2 015930 015994 gi|19 
000261 93.9 020682 020650 gi|2 021559 021591 gi|12 
000255 94.7 020651 020688 gi|2 013980 014019 gi|36 
000285 95.5 020717 020652 gi|2 003262 003322 gi|47 
000286 84.2 026118 026043 gi|2 023499 023577 gi|34 
000255 82.0 026117 026057 gi|2 032658 032721 gi|21 
000271 88.6 028862 028793 gi|2 002279 002356 gi|3 
000255 93.6 028805 028851 gi|2 038699 038748 gi|30 
000252 91.5 028857 028811 gi|2 032184 032230 gi|14 
000368 80.8 029070 028946 gi|2 030064 030186 gi|12 
000259 84.2 032559 032615 gi|2 022835 022888 gi|30 
000273 83.3 039142 039207 gi|2 023805 023874 gi|8 
000431 74.6 000697 000932 gi|11 020896 021141 gi|43 
001917 71.6 006831 005613 gi|11 015354 016597 gi|15 
000251 74.6 006954 007012 gi|11 037385 037444 gi|25 
000266 88.5 014878 014929 gi|11 005780 005834 gi|24 
000580 88.3 017022 017166 gi|11 024440 024591 gi|45 
001120 84.9 017284 017046 gi|11 011533 011762 gi|31 
000462 81.7 017262 017055 gi|11 027350 027562 gi|35 
000604 86.5 017059 017177 gi|11 000265 000385 gi|23 
001411 80.5 017389 017113 gi|11 018958 019234 gi|36 
000886 86.2 017633 017951 gi|11 001666 001913 gi|22 
000299 74.3 017737 017954 gi|11 021391 021593 gi|44 
000325 76.6 017818 017941 gi|11 012838 012956 gi|33 
000425 74.8 017850 017948 gi|11 037355 037454 gi|25 
000276 76.4 017956 017868 gi|11 022559 022642 gi|15 
000281 81.6 020866 020633 gi|11 012280 012494 gi|36 
000265 91.2 020853 020763 gi|11 027561 027649 gi|38 
000289 95.0 020785 020824 gi|11 027589 027627 gi|38 
000257 92.7 020831 020791 gi|11 032186 032225 gi|14 
000255 96.7 020791 020820 gi|11 034011 034040 gi|34 
000256 82.0 024305 024382 gi|11 017979 018053 gi|32 
001337 74.4 027013 025541 gi|11 032880 034370 gi|19 
000252 81.4 028005 028101 gi|11 023153 023239 gi|29 
000250 70.6 028727 028619 gi|11 034691 034802 gi|19 
001031 74.2 029924 030858 gi|11 035258 036198 gi|17 
000592 83.4 039433 039625 gi|11 030521 030689 gi|46 
000277 81.4 039434 039503 gi|11 029813 029881 gi|16 
000257 88.4 039483 039441 gi|11 018231 018276 gi|32 
000262 89.4 039490 039444 gi|11 021497 021539 gi|33 
000257 87.3 039522 039444 gi|11 028895 028967 gi|33 
000799 87.1 039490 039652 gi|11 015285 015457 gi|44 
000326 79.2 039562 039491 gi|11 027006 027078 gi|43 
000291 78.6 039560 039491 gi|11 027260 027330 gi|43 
000522 84.0 039508 039613 gi|11 035660 035776 gi|31 
000336 77.7 039613 039511 gi|11 007785 007891 gi|26 
000469 84.5 039613 039511 gi|11 009301 009399 gi|33 
000276 85.7 039560 039512 gi|11 027512 027560 gi|43 
000484 85.4 039608 039513 gi|11 015212 015311 gi|15 
000298 81.7 039621 039513 gi|11 035659 035776 gi|31 
000592 86.7 039513 039617 gi|11 007785 007893 gi|26 
000277 84.6 039564 039513 gi|11 000984 001037 gi|29 
000337 79.1 039615 039525 gi|11 019449 019550 gi|41 
000403 89.3 039558 039613 gi|11 012647 012702 gi|39 
000363 85.7 039558 039613 gi|11 012897 012952 gi|39 
000448 98.1 039613 039561 gi|11 027589 027641 gi|43 
000433 96.2 039613 039561 gi|11 027118 027170 gi|43 
000433 96.2 039613 039561 gi|11 027370 027422 gi|43 
000335 86.8 039613 039561 gi|11 026600 026652 gi|43 
000335 94.0 039565 039614 gi|11 012770 012821 gi|23 
001067 76.3 001846 000832 gi|1 020817 021830 gi|11 
005654 96.8 002536 001876 gi|1 022154 022815 gi|34 
000250 81.0 002108 002186 gi|1 023616 023697 gi|6 
000288 82.1 002198 002143 gi|1 000980 001036 gi|37 
000254 93.5 002187 002157 gi|1 013980 014010 gi|36 
000260 89.6 002157 002204 gi|1 021560 021601 gi|12 
000272 74.8 002252 002537 gi|1 010593 010875 gi|38 
000309 75.1 002305 002525 gi|1 037295 037515 gi|31 
000376 75.7 002316 002804 gi|1 009798 010278 gi|38 
000273 79.8 002465 002347 gi|1 021804 021915 gi|34 
003806 96.5 003401 002951 gi|1 021717 022164 gi|34 
000370 76.6 003036 003321 gi|1 037172 037459 gi|31 
000333 80.6 003156 003335 gi|1 009790 009964 gi|38 
000441 77.3 003201 003376 gi|1 010687 010862 gi|38 
000369 69.7 003202 003323 gi|1 038186 038307 gi|31 
000280 75.2 003386 003282 gi|1 016289 016397 gi|47 
000317 76.2 007836 007728 gi|1 015962 016070 gi|27 
000251 86.5 010434 010383 gi|1 021786 021843 gi|6 
000803 72.4 016737 016412 gi|1 021392 021719 gi|34 
000468 86.5 016853 016758 gi|1 021056 021151 gi|34 
000811 85.1 024685 024838 gi|1 030609 030767 gi|36 
019922 88.4 029882 032995 gi|1 018581 021666 gi|27 
000297 89.6 001659 001735 gi|8 025232 025297 gi|38 
000268 85.9 001661 001752 gi|8 012283 012386 gi|36 
004413 94.8 001689 002240 gi|8 023154 023696 gi|38 
001282 90.8 002241 002414 gi|8 039108 039281 gi|38 
000277 77.4 003528 003589 gi|8 022482 022545 gi|34 
000262 80.0 003534 003583 gi|8 028734 028783 gi|39 
000253 87.3 003541 003595 gi|8 032189 032245 gi|14 
000267 82.8 003807 003721 gi|8 033056 033141 gi|41 
000272 71.4 015745 016115 gi|8 008336 008702 gi|45 
000326 91.5 016034 016115 gi|8 008417 008486 gi|22 
000257 85.6 016042 016131 gi|8 029800 029889 gi|16 
000292 93.6 016054 016100 gi|8 000148 000194 gi|45 
000283 93.6 016056 016102 gi|8 030200 030244 gi|12 
000708 81.8 023800 024343 gi|8 012151 012642 gi|38 
000906 77.5 023829 024064 gi|8 035788 036023 gi|21 
000714 73.0 024411 024880 gi|8 012643 013134 gi|38 
000706 76.2 024415 024885 gi|8 036239 036719 gi|21 
001561 75.5 025314 026913 gi|8 013547 015071 gi|38 
002154 75.9 025932 026914 gi|8 037873 038843 gi|21 
000286 71.4 027048 027166 gi|8 015159 015279 gi|38 
016450 99.7 038450 036687 gi|8 013362 015127 gi|47 
016261 99.3 038449 036688 gi|8 006801 008564 gi|25 
016130 99.7 036718 038450 gi|8 007035 008771 gi|18 
016414 99.4 038610 036830 gi|8 026127 027914 gi|36 
000281 80.4 038617 038723 gi|8 039304 039412 gi|36 
000294 82.2 038860 038788 gi|8 007281 007354 gi|39 
000281 81.9 038859 038788 gi|8 007382 007454 gi|39 
006734 97.7 039803 039014 gi|8 025184 025974 gi|36 
002083 95.7 040132 039856 gi|8 024959 025237 gi|36 
000251 82.2 005073 005173 gi|15 005076 005173 gi|33 
000287 91.4 005994 005937 gi|15 007253 007304 gi|44 
000255 78.9 006140 006229 gi|15 034464 034553 gi|20 
000274 83.1 011674 011551 gi|15 021828 021971 gi|17 
000255 79.0 015194 015255 gi|15 026586 026648 gi|43 
000434 79.8 015199 015317 gi|15 019439 019569 gi|41 
000331 84.2 015199 015255 gi|15 027107 027166 gi|43 
000331 84.2 015199 015255 gi|15 027359 027418 gi|43 
000603 83.0 015317 015212 gi|15 007779 007884 gi|26 
000322 78.6 015212 015314 gi|15 007790 007894 gi|26 
000500 79.2 015312 015212 gi|15 015312 015417 gi|44 
000474 80.0 015311 015212 gi|15 035663 035771 gi|31 
000336 90.9 015212 015255 gi|15 027594 027637 gi|43 
000331 84.6 015263 015212 gi|15 012644 012697 gi|39 
000306 82.7 015263 015212 gi|15 012894 012947 gi|39 
000328 75.2 015316 015212 gi|15 030569 030672 gi|46 
000304 89.4 015258 015212 gi|15 012767 012815 gi|23 
000254 78.4 015315 015214 gi|15 009297 009391 gi|33 
000317 75.0 015266 015337 gi|15 000991 001063 gi|29 
000309 77.8 016575 016387 gi|15 016727 016923 gi|24 
000311 84.7 022738 022822 gi|15 011679 011760 gi|31 
001028 74.4 023082 024099 gi|15 004156 005172 gi|16 
000258 84.6 025305 025215 gi|15 011597 011681 gi|39 
000286 80.5 025916 026074 gi|15 011525 011678 gi|39 
000318 87.8 025939 026028 gi|15 001242 001313 gi|21 
000266 87.0 026051 025983 gi|15 011603 011663 gi|39 
000293 89.3 029499 029573 gi|15 015412 015497 gi|38 
000355 92.9 029502 029586 gi|15 002442 002523 gi|21 
000282 84.5 029573 029503 gi|15 024389 024459 gi|37 
000371 88.9 029506 029568 gi|15 039112 039180 gi|21 
000366 87.0 029506 029574 gi|15 019179 019258 gi|37 
000390 87.7 029579 029507 gi|15 039104 039181 gi|21 
000367 90.6 029570 029507 gi|15 002444 002511 gi|21 
000292 85.7 029507 029569 gi|15 024462 024534 gi|33 
000322 90.8 029572 029508 gi|15 014368 014431 gi|18 
000285 93.4 029508 029568 gi|15 014372 014431 gi|18 
000314 93.0 029564 029508 gi|15 015433 015493 gi|38 
000313 79.1 001813 001903 gi|22 012870 012956 gi|33 
000293 69.0 001822 001905 gi|22 037364 037449 gi|25 
000250 86.8 008487 008435 gi|22 028914 028967 gi|33 
000256 91.4 008435 008492 gi|22 000153 000206 gi|45 
000272 92.9 028048 028089 gi|22 021475 021515 gi|43 
013489 86.3 035059 033101 gi|22 030197 032141 gi|23 
035493 99.1 040132 036196 gi|22 025172 029106 gi|23 
000367 75.9 037284 036995 gi|22 027699 028000 gi|23 
000330 76.5 037257 037122 gi|22 027921 028061 gi|23 
000321 77.3 037383 037243 gi|22 028047 028182 gi|23 
000374 76.8 037605 037304 gi|22 028020 028309 gi|23 
000273 88.3 010918 010842 gi|7 033403 033469 gi|18 
000309 90.9 010852 010917 gi|7 033827 033896 gi|10 
000279 89.2 010917 010853 gi|7 012217 012280 gi|12 
000305 86.9 010919 010859 gi|7 035631 035690 gi|25 
000251 93.8 010926 010862 gi|7 016621 016684 gi|22 
000250 93.8 010865 010912 gi|7 023518 023561 gi|34 
000281 89.4 025144 025098 gi|7 008432 008479 gi|22 
000270 92.3 025104 025142 gi|7 031564 031604 gi|41 
000259 90.2 025144 025104 gi|7 039441 039483 gi|11 
000598 77.0 036997 036494 gi|7 015981 016483 gi|47 
000387 74.3 037045 036494 gi|7 035510 036064 gi|30 
000295 77.2 036699 036494 gi|7 028429 028634 gi|44 
000271 72.4 036849 036578 gi|7 010752 011029 gi|43 
000253 75.5 036671 036578 gi|7 018715 018808 gi|38 
000266 83.9 036590 036676 gi|7 015064 015153 gi|32 
000277 76.6 036669 036593 gi|7 023546 023622 gi|16 
000276 74.2 036682 036617 gi|7 038419 038484 gi|12 
000398 75.8 037253 037719 gi|7 013005 013456 gi|36 
000258 89.4 039530 039437 gi|7 037110 037206 gi|43 
000283 94.9 039523 039465 gi|7 029823 029879 gi|16 
000273 87.7 039523 039467 gi|7 031564 031627 gi|41 
000268 87.0 039525 039472 gi|7 016058 016113 gi|8 
000250 69.1 000297 000377 gi|4 007811 007892 gi|26 
000293 82.1 004394 004328 gi|4 015305 015368 gi|36 
000263 89.7 012087 012010 gi|4 009622 009693 gi|21 
000254 83.3 012087 012022 gi|4 000993 001059 gi|37 
000256 93.8 012056 012087 gi|4 023665 023696 gi|6 
000258 92.0 014316 014390 gi|4 004799 004872 gi|43 
000278 90.4 014371 014320 gi|4 013981 014037 gi|36 
000269 94.1 014339 014372 gi|4 003290 003323 gi|47 
000254 93.5 014340 014370 gi|4 023666 023696 gi|6 
000255 96.7 014342 014371 gi|4 021560 021589 gi|12 
000271 97.0 014374 014342 gi|4 000989 001021 gi|37 
000273 83.5 017341 017419 gi|4 008534 008603 gi|12 
000254 80.9 017348 017415 gi|4 032595 032658 gi|17 
000267 90.5 017364 017405 gi|4 032192 032234 gi|14 
000262 96.9 017367 017398 gi|4 000991 001022 gi|37 
000253 85.7 017436 017367 gi|4 005912 005982 gi|15 
000263 82.6 017413 017368 gi|4 003277 003322 gi|47 
000260 88.7 017369 017421 gi|4 015315 015365 gi|16 
000284 86.7 021969 022028 gi|4 017329 017386 gi|8 
000252 97.2 021977 022012 gi|4 028026 028068 gi|22 
000275 73.4 023395 023272 gi|4 033073 033200 gi|18 
000974 97.4 023397 023282 gi|4 011231 011346 gi|6 
000267 71.4 028035 027459 gi|4 018585 019164 gi|39 
000301 89.2 032935 032999 gi|4 003009 003070 gi|14 
000370 69.5 037861 037577 gi|4 016952 017236 gi|38 
000627 73.7 038190 037583 gi|4 017429 018048 gi|20 
000450 77.3 038278 037587 gi|4 033968 034658 gi|43 
000295 76.2 037913 037611 gi|4 032604 032900 gi|43 
000315 76.7 037902 037663 gi|4 016238 016482 gi|47 
000410 71.0 038143 037668 gi|4 018426 018898 gi|38 
000298 74.8 037852 037750 gi|4 028456 028558 gi|44 
000373 81.0 037852 037769 gi|4 035883 035966 gi|30 
000289 76.8 038188 038034 gi|4 021719 021862 gi|44 
000286 78.2 009034 008764 gi|28 019077 019344 gi|32 
000250 90.6 010108 010045 gi|28 012893 012955 gi|33 
000262 95.5 016501 016544 gi|28 001484 001522 gi|39 
000254 92.1 016544 016507 gi|28 027594 027633 gi|38 
000250 96.7 016515 016544 gi|28 034011 034040 gi|34 
000250 96.7 016545 016516 gi|28 007259 007288 gi|44 
000258 84.3 019778 019690 gi|28 003287 003366 gi|45 
000342 74.0 019693 019788 gi|28 039169 039265 gi|36 
000674 82.0 019927 020115 gi|28 019573 019763 gi|30 
002332 75.2 000835 000011 gi|16 035963 036782 gi|27 
000278 96.9 001217 001186 gi|16 028748 028779 gi|39 
000251 89.4 001189 001235 gi|16 001494 001542 gi|39 
000257 90.6 001189 001252 gi|16 026701 026757 gi|25 
000252 91.2 001222 001189 gi|16 037135 037168 gi|31 
000250 93.5 001189 001219 gi|16 018186 018216 gi|20 
000878 85.1 006421 006635 gi|16 010545 010755 gi|28 
002455 87.6 006600 006963 gi|16 010958 011320 gi|28 
000254 88.2 017241 017191 gi|16 023529 023577 gi|34 
000351 74.1 023152 023641 gi|16 028071 028554 gi|44 
000301 80.2 023538 023638 gi|16 008249 008349 gi|43 
018705 99.6 002028 000001 gi|17 023143 025171 gi|23 
000304 79.3 000189 000108 gi|17 010620 010698 gi|42 
000254 72.2 001925 002003 gi|17 023168 023247 gi|23 
000256 93.9 001966 001934 gi|17 010785 010817 gi|25 
000303 85.5 009208 009140 gi|17 009616 009684 gi|21 
000269 93.5 009206 009161 gi|17 040049 040095 gi|41 
000257 97.5 009203 009164 gi|17 026253 026287 gi|30 
000284 97.1 009203 009170 gi|17 026700 026733 gi|25 
000260 84.2 009229 009173 gi|17 014890 014942 gi|27 
000264 90.3 021901 021972 gi|17 006929 007001 gi|41 
000263 81.7 024758 024584 gi|17 016254 016450 gi|47 
000282 77.1 031534 031734 gi|17 027911 028091 gi|36 
000255 82.8 031674 032085 gi|17 027932 028338 gi|36 
000299 73.9 031854 031675 gi|17 039164 039368 gi|36 
000291 78.2 031842 031765 gi|17 019700 019778 gi|28 
000272 97.0 034048 034080 gi|17 006938 006970 gi|41 
000297 83.3 036362 036267 gi|17 015076 015177 gi|35 
000260 95.7 039107 039152 gi|17 024250 024292 gi|18 
000276 84.5 007721 007778 gi|24 030174 030227 gi|29 
002391 73.5 011383 010129 gi|24 025922 027176 gi|32 
000264 83.8 018978 019131 gi|24 024215 024357 gi|39 
000253 92.3 030336 030374 gi|24 003033 003068 gi|46 
000355 81.0 039657 039553 gi|24 025357 025461 gi|38 
000525 74.2 011754 012277 gi|27 015902 016419 gi|37 
000648 76.3 012541 013212 gi|27 016725 017420 gi|37 
000337 81.1 018060 018008 gi|27 039333 039385 gi|36 
000264 94.7 026975 027031 gi|27 040053 040102 gi|41 
007556 80.6 040132 038590 gi|27 036796 038335 gi|28 
000254 87.0 000900 000832 gi|30 030897 030972 gi|36 
000307 78.5 005188 005012 gi|30 033933 034106 gi|45 
000760 75.8 024542 025335 gi|30 018433 019210 gi|41 
000255 94.7 026282 026245 gi|30 028748 028788 gi|39 
000250 96.7 026282 026253 gi|30 003293 003322 gi|47 
000262 89.7 028700 028643 gi|30 012178 012230 gi|38 
000312 85.0 028657 028776 gi|30 034011 034122 gi|34 
000321 75.1 035514 036088 gi|30 028072 028656 gi|44 
000319 73.7 035881 036059 gi|30 034393 034565 gi|43 
000267 85.7 038689 038772 gi|30 024988 025074 gi|31 
000442 75.8 005996 005514 gi|33 017438 017932 gi|40 
000371 89.2 009287 009351 gi|33 027106 027166 gi|43 
000371 89.2 009287 009351 gi|33 027358 027418 gi|43 
000385 80.9 009401 009292 gi|33 030572 030686 gi|46 
000319 84.2 009351 009295 gi|33 012654 012708 gi|39 
000279 80.7 009351 009295 gi|33 012904 012958 gi|39 
000317 88.5 009300 009351 gi|33 027588 027637 gi|43 
000264 84.6 009300 009351 gi|33 026599 026648 gi|43 
000441 86.0 009400 009301 gi|33 015312 015422 gi|44 
000374 77.7 009301 009412 gi|33 019451 019577 gi|41 
000250 80.5 012823 012981 gi|33 018670 018802 gi|35 
000279 85.1 021492 021558 gi|33 035219 035285 gi|46 
000960 92.0 024545 024358 gi|33 001049 001226 gi|38 
000678 90.5 024739 024614 gi|33 001124 001247 gi|38 
000262 88.4 028969 028927 gi|33 000151 000194 gi|45 
000252 93.3 028927 028971 gi|33 003472 003515 gi|36 
000273 79.3 002151 002232 gi|25 024159 024248 gi|40 
000282 81.2 002164 002232 gi|25 024076 024148 gi|40 
000322 81.0 002247 002164 gi|25 039078 039163 gi|36 
000814 85.2 002348 002475 gi|25 022510 022640 gi|36 
000856 87.6 002355 002475 gi|25 009081 009203 gi|47 
000856 87.6 002475 002355 gi|25 002290 002412 gi|40 
022758 100.0 002515 004949 gi|25 009077 011511 gi|47 
022582 100.0 004930 002515 gi|25 000001 002416 gi|40 
016426 96.0 002515 004597 gi|25 022514 024553 gi|36 
000254 79.3 004724 004590 gi|25 011152 011286 gi|47 
000254 79.3 004590 004724 gi|25 000207 000341 gi|40 
002154 99.6 004716 004949 gi|25 024557 024790 gi|36 
016219 99.4 006801 008559 gi|25 013363 015120 gi|47 
015157 99.8 006801 008421 gi|25 026293 027914 gi|36 
000447 73.5 010973 011248 gi|25 031630 031921 gi|31 
000322 74.2 011686 012011 gi|25 032317 032642 gi|31 
000293 83.8 026736 026669 gi|25 003286 003355 gi|47 
000294 100.0 026698 026729 gi|25 026251 026282 gi|30 
000252 93.5 026700 026730 gi|25 014912 014942 gi|27 
000981 79.5 034246 034503 gi|25 007057 007337 gi|42 
000353 85.0 037356 037455 gi|25 012866 012965 gi|33 
000571 85.7 000249 000374 gi|23 024470 024591 gi|45 
000349 83.3 000421 000278 gi|23 027395 027536 gi|35 
000726 93.2 000385 000283 gi|23 011641 011741 gi|31 
000306 88.7 000287 000339 gi|23 005719 005773 gi|42 
000380 84.9 000392 000320 gi|23 019163 019234 gi|36 
000306 79.0 009904 010122 gi|23 016257 016460 gi|47 
000281 76.2 009924 010049 gi|23 008231 008354 gi|43 
000260 72.2 009934 010030 gi|23 035868 035965 gi|30 
000269 74.1 011057 010950 gi|23 035394 035503 gi|45 
000350 88.2 012756 012823 gi|23 030618 030681 gi|46 
000374 86.7 012756 012853 gi|23 012645 012732 gi|39 
000315 90.8 012756 012820 gi|23 012895 012952 gi|39 
000380 91.5 012763 012821 gi|23 015367 015423 gi|44 
000349 90.0 012767 012826 gi|23 035724 035782 gi|31 
000420 83.6 012839 012767 gi|23 019429 019504 gi|41 
000388 92.7 012767 012821 gi|23 007837 007890 gi|26 
000382 88.7 012820 012768 gi|23 009301 009353 gi|33 
000448 92.5 012836 012770 gi|23 027102 027166 gi|43 
000448 92.5 012836 012770 gi|23 027354 027418 gi|43 
000393 94.4 012841 012770 gi|23 027556 027637 gi|43 
000311 93.9 012835 012770 gi|23 026575 026648 gi|43 
000266 74.9 013363 013105 gi|23 038156 038401 gi|39 
000276 91.5 015443 015385 gi|23 001382 001435 gi|25 
000276 91.5 015611 015553 gi|23 001382 001435 gi|25 
000315 68.1 018447 018260 gi|23 038860 039047 gi|39 
000254 90.2 023178 023238 gi|23 010751 010817 gi|25 
000304 79.3 024983 025064 gi|23 010620 010698 gi|42 
000686 85.9 033163 033311 gi|23 009724 009891 gi|46 
000604 86.4 033174 033276 gi|23 028850 028946 gi|40 
000440 84.6 033175 033252 gi|23 028078 028155 gi|42 
000399 78.0 033175 033265 gi|23 018116 018212 gi|44 
000673 86.8 033253 033404 gi|23 028049 028188 gi|42 
000783 90.8 033275 033404 gi|23 028837 028966 gi|40 
000723 86.5 033282 033400 gi|23 009734 009853 gi|46 
000268 69.8 033418 033283 gi|23 028833 028961 gi|40 
000556 82.6 033286 033400 gi|23 018116 018225 gi|44 
000256 76.3 033400 033287 gi|23 039257 039360 gi|38 
000250 77.9 033402 033290 gi|23 028076 028180 gi|42 
000287 75.1 037931 038103 gi|23 039827 039999 gi|34 
000261 83.3 007284 007367 gi|35 007000 007078 gi|47 
000283 84.3 007296 007346 gi|35 019661 019711 gi|39 
000307 76.4 013126 012601 gi|35 024637 025159 gi|46 
001150 72.8 013728 013215 gi|35 023819 024320 gi|46 
000276 76.2 014211 013918 gi|35 023428 023728 gi|46 
000331 78.6 014734 014506 gi|35 022765 023002 gi|46 
000252 83.9 025772 025827 gi|35 039224 039283 gi|43 
000268 83.7 027526 027435 gi|35 024504 024594 gi|45 
000293 73.1 001520 001612 gi|37 003270 003361 gi|45 
000681 95.1 001533 001614 gi|37 003204 003285 gi|45 
000272 87.3 019255 019177 gi|37 015420 015497 gi|38 
000305 83.6 024387 024453 gi|37 015422 015492 gi|38 
001103 96.3 036946 037080 gi|37 009070 009204 gi|41 
000250 82.5 002298 002360 gi|31 036769 036840 gi|45 
000673 83.3 005524 005297 gi|31 028542 028775 gi|39 
000659 84.0 005327 005570 gi|31 029789 030036 gi|38 
000384 82.9 005511 005360 gi|31 030103 030263 gi|38 
000979 82.0 011460 011704 gi|31 018991 019234 gi|36 
000392 79.5 011612 011743 gi|31 027401 027531 gi|35 
000596 88.8 011740 011652 gi|31 024502 024591 gi|45 
000295 90.0 011737 011688 gi|31 005719 005770 gi|42 
001499 83.5 022302 021768 gi|31 029763 030287 gi|38 
002293 83.9 021792 022307 gi|31 029801 030321 gi|38 
002026 92.5 022098 021792 gi|31 028416 028717 gi|39 
000331 82.1 021792 021858 gi|31 028375 028444 gi|39 
000717 79.4 021993 022293 gi|31 028448 028751 gi|39 
000581 88.7 022290 022194 gi|31 028352 028446 gi|39 
001114 74.6 023155 022416 gi|31 015397 016127 gi|34 
000294 91.3 025058 024967 gi|31 001480 001556 gi|39 
000270 87.7 025062 025006 gi|31 007235 007296 gi|44 
000265 93.8 025012 025043 gi|31 001493 001524 gi|39 
000254 97.0 025044 025012 gi|31 006231 006262 gi|46 
000299 81.1 035779 035632 gi|31 009297 009423 gi|33 
000495 84.8 035665 035776 gi|31 015313 015422 gi|44 
000324 76.9 035673 035776 gi|31 030581 030677 gi|46 
000313 77.1 035783 035688 gi|31 019442 019539 gi|41 
000448 90.8 035782 035718 gi|31 027112 027178 gi|43 
000448 90.8 035782 035718 gi|31 027364 027430 gi|43 
000391 89.8 035776 035718 gi|31 027589 027649 gi|43 
000323 84.8 035776 035718 gi|31 026600 026660 gi|43 
000349 90.6 035724 035776 gi|31 012648 012702 gi|39 
000306 89.8 035724 035772 gi|31 012898 012948 gi|39 
000378 78.9 037512 037172 gi|31 021744 022078 gi|34 
000307 74.7 037515 037295 gi|31 022165 022385 gi|34 
000298 75.6 038172 038368 gi|31 009816 010016 gi|38 
000260 70.0 038325 038176 gi|31 022186 022350 gi|34 
000367 72.9 038180 038308 gi|31 010682 010810 gi|38 
000311 71.3 038307 038186 gi|31 021795 021912 gi|34 
001295 77.5 002537 002962 gi|36 002000 002397 gi|43 
000311 94.4 014014 013961 gi|36 003289 003343 gi|47 
000270 91.9 013974 014010 gi|36 000985 001021 gi|37 
000269 91.9 014041 013980 gi|36 001461 001523 gi|39 
000251 88.1 014022 013981 gi|36 001455 001497 gi|47 
000254 93.8 014013 013982 gi|36 028745 028776 gi|39 
000353 88.9 019234 019181 gi|36 024538 024591 gi|45 
017375 95.5 024553 022354 gi|36 000334 002576 gi|40 
016495 95.8 022469 024553 gi|36 009049 011159 gi|47 
001983 99.5 024771 024557 gi|36 000001 000215 gi|40 
002155 99.6 024557 024790 gi|36 011278 011511 gi|47 
015105 99.8 026292 027914 gi|36 013362 014982 gi|47 
000757 100.0 027911 027996 gi|36 030725 030816 gi|47 
000310 79.3 027924 028087 gi|36 024080 024244 gi|40 
000331 80.5 027933 028086 gi|36 030629 030809 gi|47 
000355 77.3 028018 028189 gi|36 024075 024243 gi|40 
000283 72.4 028019 028261 gi|36 007289 007513 gi|39 
000256 76.8 028031 028086 gi|36 003222 003277 gi|45 
000293 70.0 028120 028199 gi|36 030616 030695 gi|47 
000402 81.4 039192 038989 gi|36 003253 003470 gi|45 
000748 96.9 039168 039073 gi|36 024171 024262 gi|40 
000730 100.0 039168 039088 gi|36 024070 024151 gi|40 
000368 76.6 039383 039277 gi|36 030614 030723 gi|47 
000300 74.8 039431 039289 gi|36 007232 007383 gi|39 
000360 80.5 039390 039309 gi|36 003199 003281 gi|45 
000298 80.3 039384 039309 gi|36 003284 003359 gi|45 
000294 78.0 039367 039309 gi|36 001552 001610 gi|37 
000289 86.5 001432 001322 gi|14 001595 001700 gi|27 
000269 75.9 010591 010785 gi|14 035462 035656 gi|36 
002219 73.5 030028 032128 gi|14 006579 008695 gi|43 
000270 73.3 030649 030895 gi|14 016271 016513 gi|47 
000365 71.5 030663 030978 gi|14 008234 008548 gi|43 
000317 71.8 031483 031933 gi|14 005335 005781 gi|41 
000413 74.3 031670 031980 gi|14 007226 007536 gi|43 
000274 85.4 031680 031727 gi|14 017777 017827 gi|20 
000286 89.8 032178 032236 gi|14 026683 026737 gi|25 
000251 92.2 032182 032232 gi|14 007251 007296 gi|44 
000304 90.9 032186 032273 gi|14 025002 025073 gi|31 
000268 94.7 032229 032192 gi|14 009170 009206 gi|17 
000250 87.5 032192 032231 gi|14 012187 012226 gi|38 
000286 87.4 032289 032195 gi|14 024939 025042 gi|31 
000258 96.8 032195 032225 gi|14 026252 026282 gi|30 
000509 78.2 032196 032673 gi|14 028927 029413 gi|33 
000277 80.5 033344 033263 gi|14 009011 009089 gi|46 
000255 81.4 034573 034429 gi|14 028823 028967 gi|27 
000257 83.0 039352 039247 gi|14 005942 006043 gi|15 
000265 82.5 002224 002337 gi|3 027528 027631 gi|38 
000263 90.6 002290 002353 gi|3 026691 026749 gi|25 
000287 97.0 002330 002298 gi|3 009173 009205 gi|17 
000261 93.9 002298 002330 gi|3 009619 009651 gi|21 
000269 91.2 002300 002333 gi|3 018185 018218 gi|20 
000277 84.3 002300 002382 gi|3 026253 026333 gi|30 
000269 78.0 015398 015520 gi|3 031672 031783 gi|6 
000300 75.0 024423 024276 gi|3 029304 029448 gi|30 
000904 88.7 026236 026509 gi|3 038926 039210 gi|36 
000292 76.6 026529 026286 gi|3 028032 028306 gi|36 
000327 81.2 026466 026339 gi|3 007382 007505 gi|39 
000736 94.6 026466 026374 gi|3 024172 024264 gi|40 
000283 80.8 026462 026385 gi|3 002164 002237 gi|25 
000725 100.0 026464 026387 gi|3 024074 024151 gi|40 
001203 97.0 026567 026833 gi|3 039165 039431 gi|36 
000353 74.2 026571 026667 gi|3 019693 019788 gi|28 
000559 73.5 037407 037957 gi|3 038132 038670 gi|12 
000376 71.8 037508 037798 gi|3 001114 001419 gi|14 
000320 83.6 037690 037756 gi|3 010909 010975 gi|43 
000309 78.4 037695 037796 gi|3 028435 028536 gi|44 
000264 73.9 037698 037812 gi|3 008236 008350 gi|43 
000298 77.0 037698 037810 gi|3 016284 016396 gi|47 
000254 74.5 037813 037704 gi|3 036575 036684 gi|7 
000305 71.9 037713 037915 gi|3 036861 037058 gi|6 
000326 80.4 037822 037716 gi|3 039397 039503 gi|20 
000254 71.2 037716 037795 gi|3 035883 035962 gi|30 
000262 79.4 037716 037812 gi|3 009949 010045 gi|23 
000314 80.0 037803 037719 gi|3 001603 001687 gi|27 
000294 71.8 005340 005754 gi|41 008064 008478 gi|43 
000442 86.3 019563 019403 gi|41 015303 015471 gi|44 
000341 91.5 019501 019443 gi|41 030629 030689 gi|46 
000306 90.2 019451 019501 gi|41 027118 027166 gi|43 
000306 90.2 019451 019501 gi|41 027370 027418 gi|43 
000290 88.2 019451 019501 gi|41 027589 027637 gi|43 
000257 84.3 019451 019501 gi|41 026600 026648 gi|43 
000262 76.3 019452 019569 gi|41 015315 015438 gi|44 
022678 99.9 002461 000001 gi|40 009049 011492 gi|47 
000254 79.3 000207 000341 gi|40 011152 011286 gi|47 
000652 89.1 028849 028967 gi|40 028076 028189 gi|42 
000625 87.2 028850 028958 gi|40 009738 009852 gi|46 
000519 80.6 028851 028958 gi|40 018116 018224 gi|44 
000261 77.5 028952 028855 gi|40 028084 028180 gi|42 
000254 72.6 028960 028855 gi|40 009737 009849 gi|46 
000604 81.1 015290 015448 gi|44 030552 030704 gi|46 
000589 84.5 018116 018225 gi|44 009739 009853 gi|46 
000380 79.9 028094 028555 gi|44 015957 016401 gi|47 
000278 91.9 021173 021209 gi|34 031879 031915 gi|46 
000410 81.7 021361 021280 gi|34 031847 031931 gi|46 
000252 76.1 021732 021823 gi|34 016289 016384 gi|47 
000250 80.5 021740 021821 gi|34 022051 022132 gi|44 
000412 78.5 021913 021742 gi|34 010687 010862 gi|38 
000276 81.2 021958 021783 gi|34 009790 009964 gi|38 
000266 73.9 022438 022152 gi|34 010593 010876 gi|38 
000309 72.4 022374 022154 gi|34 009798 010019 gi|38 
000294 82.1 022492 022547 gi|34 000980 001036 gi|37 
000254 93.5 022503 022533 gi|34 013980 014010 gi|36 
000295 76.7 028249 028177 gi|34 036979 037051 gi|43 
000271 94.1 033995 034045 gi|34 027578 027629 gi|38 
000271 94.9 034040 034002 gi|34 007260 007303 gi|44 
000269 87.8 034042 034002 gi|34 013979 014019 gi|36 
000251 92.2 034008 034071 gi|34 028745 028803 gi|39 
000256 86.7 034055 034011 gi|34 012177 012220 gi|38 
000484 75.0 001580 001337 gi|38 004269 004515 gi|43 
000679 71.9 002613 001987 gi|38 003256 003874 gi|43 
000388 78.5 003186 003052 gi|38 002671 002806 gi|43 
000260 94.6 012183 012219 gi|38 007253 007288 gi|44 
000255 96.7 012220 012191 gi|38 004817 004846 gi|43 
000292 78.0 018685 018802 gi|38 032636 032746 gi|43 
000275 77.6 018709 018842 gi|38 016297 016430 gi|47 
000277 84.5 023148 023218 gi|38 037107 037183 gi|43 
000256 93.2 027623 027580 gi|38 005011 005050 gi|40 
000250 91.7 027587 027622 gi|38 028741 028776 gi|39 
000257 97.1 027626 027593 gi|38 006231 006263 gi|46 
000254 94.7 027594 027631 gi|38 004817 004853 gi|43 
001838 82.8 030100 029682 gi|38 028417 028842 gi|39 
000353 86.1 029775 029846 gi|38 028351 028422 gi|39 
000678 85.7 030024 030281 gi|38 028480 028729 gi|39 
000421 82.7 030308 030199 gi|38 028338 028444 gi|39 
000291 74.8 039360 039254 gi|38 009740 009856 gi|46 
000258 72.7 039384 039257 gi|38 018094 018225 gi|44 
000256 75.0 039360 039257 gi|38 028079 028184 gi|42 
000268 78.8 039375 039258 gi|38 028831 028958 gi|40 
000255 90.6 008638 008690 gi|45 035220 035267 gi|46 
000619 77.2 007661 007892 gi|26 015203 015425 gi|44 
000309 78.3 007835 007679 gi|26 000985 001137 gi|29 
000260 75.4 007776 007836 gi|26 027109 027171 gi|43 
000260 75.4 007776 007836 gi|26 027361 027423 gi|43 
000370 79.5 007904 007778 gi|26 035647 035782 gi|31 
000381 82.7 007780 007889 gi|26 030569 030677 gi|46 
000301 71.0 007915 007785 gi|26 015274 015422 gi|44 
000548 86.7 007785 007889 gi|26 035665 035776 gi|31 
000263 77.8 007838 007785 gi|26 027003 027055 gi|43 
000410 82.4 007913 007789 gi|26 009280 009393 gi|33 
000423 84.2 007890 007809 gi|26 019450 019538 gi|41 
000396 90.9 007824 007889 gi|26 012635 012702 gi|39 
000329 92.2 007839 007889 gi|26 012903 012952 gi|39 
000406 93.4 007900 007840 gi|26 027579 027637 gi|43 
000392 100.0 007889 007840 gi|26 027118 027166 gi|43 
000392 100.0 007889 007840 gi|26 027370 027418 gi|43 
000367 84.9 007912 007840 gi|26 026578 026648 gi|43 
000262 79.0 014588 014451 gi|26 015473 015600 gi|29 
000252 84.0 022355 022306 gi|26 000471 000519 gi|46 
000326 74.0 024642 024906 gi|26 031452 031717 gi|30 
000577 73.3 029625 029151 gi|26 029939 030413 gi|31 
000250 77.5 033081 033222 gi|26 006043 006198 gi|45 
001172 75.3 040078 038379 gi|26 015486 017217 gi|44 
000295 100.0 004850 004818 gi|43 007256 007288 gi|44 
000330 78.2 010619 011213 gi|43 016001 016586 gi|47 
000284 71.4 010923 011135 gi|43 028444 028656 gi|44 
000287 77.6 012255 012468 gi|43 027641 027854 gi|44 
000312 84.0 026648 026599 gi|43 030629 030678 gi|46 
000371 90.2 026650 026600 gi|43 015372 015422 gi|44 
000369 87.6 027101 027005 gi|43 015260 015366 gi|44 
000398 92.5 027166 027114 gi|43 030629 030681 gi|46 
000445 100.0 027168 027118 gi|43 015372 015422 gi|44 
000383 86.2 027353 027260 gi|43 015260 015364 gi|44 
000398 92.5 027418 027366 gi|43 030629 030681 gi|46 
000445 100.0 027420 027370 gi|43 015372 015422 gi|44 
000326 92.3 027563 027512 gi|43 015310 015364 gi|44 
000373 92.0 027637 027588 gi|43 030629 030678 gi|46 
000432 98.0 027639 027589 gi|43 015372 015422 gi|44 
000350 73.8 032660 032899 gi|43 016303 016551 gi|47 
000267 81.5 003650 003730 gi|42 004807 004886 gi|43 
000267 91.7 003697 003662 gi|42 007256 007291 gi|44 
000697 85.8 028078 028260 gi|42 009739 009920 gi|46 
000595 83.2 028078 028184 gi|42 018116 018225 gi|44 
000270 82.8 028180 028082 gi|42 009743 009849 gi|46 
000370 78.8 028180 028082 gi|42 018120 018221 gi|44 
000259 84.0 001063 000989 gi|32 029903 029971 gi|41 
000259 81.2 015227 015106 gi|32 016220 016342 gi|47 
000275 85.9 018270 018200 gi|32 023157 023216 gi|38 
000280 95.0 018231 018270 gi|32 021502 021538 gi|33 
000280 76.2 018838 018988 gi|32 004036 004186 gi|42 
000502 94.8 023506 023430 gi|32 002416 002495 gi|46 
000263 95.2 001493 001534 gi|39 004817 004859 gi|43 
000337 73.5 006661 006845 gi|39 008872 009056 gi|46 
000404 78.0 007287 007454 gi|39 024079 024243 gi|40 
000450 94.7 012647 012703 gi|39 030621 030678 gi|46 
000333 94.0 012702 012653 gi|39 019451 019502 gi|41 
000414 96.0 012703 012654 gi|39 027117 027166 gi|43 
000414 96.0 012703 012654 gi|39 027369 027418 gi|43 
000398 94.0 012703 012654 gi|39 027588 027637 gi|43 
000316 86.0 012703 012654 gi|39 026599 026648 gi|43 
000400 95.9 012654 012702 gi|39 015374 015422 gi|44 
000412 85.1 012897 012970 gi|39 030621 030694 gi|46 
000310 92.0 012952 012903 gi|39 019451 019502 gi|41 
000378 92.0 012953 012904 gi|39 027117 027166 gi|43 
000378 92.0 012953 012904 gi|39 027369 027418 gi|43 
000362 90.0 012953 012904 gi|39 027588 027637 gi|43 
000280 82.0 012953 012904 gi|39 026599 026648 gi|43 
000364 91.8 012904 012952 gi|39 015374 015422 gi|44 
000281 87.5 019722 019667 gi|39 035204 035266 gi|46 
000253 92.9 019708 019667 gi|39 030527 030568 gi|46 
001899 74.8 024630 025916 gi|39 021958 023241 gi|45 
000447 78.7 000723 000180 gi|29 014577 015090 gi|44 
000330 77.0 000974 001060 gi|29 027492 027585 gi|43 
000329 76.3 000974 001087 gi|29 026987 027102 gi|43 
000328 75.4 000974 001087 gi|29 027240 027354 gi|43 
000271 75.2 001095 000991 gi|29 027048 027166 gi|43 
000271 75.2 001095 000991 gi|29 027300 027418 gi|43 
000283 85.1 001037 000991 gi|29 035665 035711 gi|31 
000250 86.0 002250 002306 gi|29 021454 021512 gi|43 
000292 87.8 006783 006694 gi|29 024471 024569 gi|45 
000289 88.9 006697 006759 gi|29 011676 011738 gi|31 
000251 90.4 009511 009562 gi|29 006224 006271 gi|46 
000285 97.0 009517 009549 gi|29 001489 001521 gi|39 
000285 75.4 009963 010149 gi|29 026771 026951 gi|43 
000271 72.6 013148 013065 gi|29 003209 003292 gi|45 
000355 77.4 013154 013071 gi|29 001531 001614 gi|37 
000266 80.7 013078 013134 gi|29 039312 039367 gi|36 
000257 75.3 013151 013079 gi|29 003284 003355 gi|45 
000279 88.6 025818 025887 gi|29 028644 028706 gi|30 
000265 94.1 030112 030145 gi|29 000987 001020 gi|37 
000261 81.0 030211 030112 gi|29 003609 003698 gi|42 
