001585 100.0 000001 000168 gi|12 010210 010377 gi|40 
001585 100.0 000168 000001 gi|12 020990 021157 gi|37 
001585 100.0 000168 000001 gi|12 011512 011679 gi|13 
001585 100.0 000168 000001 gi|12 004950 005117 gi|28 
000506 95.0 002495 002416 gi|18 023430 023506 gi|38 
000251 91.7 003033 003068 gi|18 030336 030374 gi|33 
000267 90.2 006277 006227 gi|18 020772 020827 gi|45 
000250 91.9 006227 006263 gi|18 039304 039341 gi|20 
000250 96.9 006262 006231 gi|18 025012 025044 gi|25 
000261 97.0 006263 006231 gi|18 027593 027626 gi|21 
000253 96.9 006233 006264 gi|18 012190 012222 gi|21 
000268 79.8 009089 009011 gi|18 033263 033344 gi|20 
000693 87.5 009724 009891 gi|18 033163 033311 gi|35 
000721 86.7 009734 009853 gi|18 033282 033400 gi|35 
000254 74.3 009849 009737 gi|18 028855 028960 gi|29 
000626 87.8 009738 009852 gi|18 028850 028958 gi|29 
000706 85.7 009739 009920 gi|18 028078 028260 gi|41 
000594 85.2 009739 009853 gi|18 018116 018225 gi|32 
000318 76.9 009856 009740 gi|18 039254 039360 gi|21 
000275 84.1 009849 009743 gi|18 028082 028180 gi|41 
000602 81.1 030521 030689 gi|18 039433 039625 gi|45 
000255 85.7 030583 030528 gi|18 039430 039484 gi|45 
000608 80.4 030552 030704 gi|18 015290 015448 gi|32 
000412 82.6 030569 030677 gi|18 007780 007889 gi|22 
000270 76.6 030672 030579 gi|18 039518 039607 gi|45 
000354 75.3 030581 030677 gi|18 035673 035776 gi|25 
000343 87.5 030618 030681 gi|18 012756 012823 gi|35 
000406 92.5 030681 030629 gi|18 027114 027166 gi|31 
000406 92.5 030681 030629 gi|18 027366 027418 gi|31 
000379 92.0 030678 030629 gi|18 027588 027637 gi|31 
000297 84.0 030678 030629 gi|18 026599 026648 gi|31 
000330 91.8 030689 030629 gi|18 019443 019501 gi|44 
000268 89.6 035220 035267 gi|18 008638 008690 gi|27 
000270 92.9 003916 003847 gi|14 000123 000185 gi|42 
000287 91.4 005994 005937 gi|14 007253 007304 gi|32 
000289 80.0 011079 011005 gi|14 012551 012623 gi|16 
000274 83.1 011674 011551 gi|14 021828 021971 gi|19 
000254 83.3 011625 011572 gi|14 000130 000184 gi|42 
000255 79.0 015194 015255 gi|14 026586 026648 gi|31 
000434 79.8 015199 015317 gi|14 019439 019569 gi|44 
000331 84.2 015199 015255 gi|14 027107 027166 gi|31 
000331 84.2 015199 015255 gi|14 027359 027418 gi|31 
000538 86.0 015311 015212 gi|14 039513 039608 gi|45 
000603 83.0 015317 015212 gi|14 007779 007884 gi|22 
000322 78.6 015212 015314 gi|14 007790 007894 gi|22 
000500 79.2 015312 015212 gi|14 015312 015417 gi|32 
000474 80.0 015311 015212 gi|14 035663 035771 gi|25 
000336 90.9 015212 015255 gi|14 027594 027637 gi|31 
000328 75.2 015316 015212 gi|14 030569 030672 gi|18 
000304 89.4 015258 015212 gi|14 012767 012815 gi|35 
000317 75.0 015266 015337 gi|14 000991 001063 gi|34 
001739 72.2 016597 015354 gi|14 005613 006831 gi|45 
000309 77.8 016575 016387 gi|14 016727 016923 gi|33 
000311 84.7 022738 022822 gi|14 011679 011760 gi|25 
000313 79.0 025223 025303 gi|14 023057 023139 gi|42 
000413 85.0 025345 025226 gi|14 023032 023146 gi|42 
000383 84.3 026071 025983 gi|14 023055 023136 gi|42 
000337 81.7 025983 026053 gi|14 023068 023137 gi|42 
000437 87.3 029568 029490 gi|14 008348 008430 gi|37 
000293 89.3 029499 029573 gi|14 015412 015497 gi|21 
000282 84.5 029573 029503 gi|14 024389 024459 gi|39 
000366 87.0 029506 029574 gi|14 019179 019258 gi|39 
000335 92.1 029507 029569 gi|14 008347 008409 gi|37 
000322 90.8 029572 029508 gi|14 014368 014431 gi|40 
000285 93.4 029508 029568 gi|14 014372 014431 gi|40 
000314 93.0 029564 029508 gi|14 015433 015493 gi|21 
000272 81.5 033963 034108 gi|14 026119 026248 gi|30 
018705 99.6 002028 000001 gi|19 023143 025171 gi|35 
000304 79.3 000189 000108 gi|19 010620 010698 gi|41 
000254 72.2 001925 002003 gi|19 023168 023247 gi|35 
000256 93.9 001966 001934 gi|19 010785 010817 gi|28 
000276 82.2 002023 002067 gi|19 032876 032920 gi|37 
000269 93.5 009206 009161 gi|19 040049 040095 gi|44 
000257 97.5 009203 009164 gi|19 026253 026287 gi|24 
000284 97.1 009203 009170 gi|19 026700 026733 gi|28 
000261 94.6 009206 009170 gi|19 032192 032229 gi|20 
000282 97.0 009205 009173 gi|19 002298 002330 gi|30 
000260 84.2 009229 009173 gi|19 014890 014942 gi|46 
000264 90.3 021901 021972 gi|19 006929 007001 gi|44 
000291 78.2 031842 031765 gi|19 019700 019778 gi|43 
000272 97.0 034048 034080 gi|19 006938 006970 gi|44 
000983 74.4 035258 036198 gi|19 029924 030858 gi|45 
000260 95.7 039107 039152 gi|19 024250 024292 gi|40 
000297 89.6 001659 001735 gi|17 025232 025297 gi|21 
004413 94.8 001689 002240 gi|17 023154 023696 gi|21 
001282 90.8 002241 002414 gi|17 039108 039281 gi|21 
000253 87.3 003541 003595 gi|17 032189 032245 gi|20 
000267 82.8 003807 003721 gi|17 033056 033141 gi|44 
000251 86.2 011106 011027 gi|17 010831 010920 gi|47 
000272 71.4 015745 016115 gi|17 008336 008702 gi|27 
000292 93.6 016054 016100 gi|17 000148 000194 gi|27 
000283 93.6 016056 016102 gi|17 030200 030244 gi|42 
000291 87.5 016113 016058 gi|17 039472 039525 gi|47 
000301 86.2 017329 017386 gi|17 021969 022028 gi|23 
000708 81.8 023800 024343 gi|17 012151 012642 gi|21 
000714 73.0 024411 024880 gi|17 012643 013134 gi|21 
001561 75.5 025314 026913 gi|17 013547 015071 gi|21 
000286 71.4 027048 027166 gi|17 015159 015279 gi|21 
016650 99.2 038450 036633 gi|17 022596 024412 gi|37 
016261 99.3 038449 036688 gi|17 006801 008564 gi|28 
016130 99.7 036718 038450 gi|17 007035 008771 gi|40 
000255 86.8 003428 003391 gi|10 039445 039483 gi|45 
000266 79.0 003595 003675 gi|10 014905 014982 gi|46 
000322 74.3 003749 003849 gi|10 023609 023709 gi|15 
000972 97.4 011346 011231 gi|10 023282 023397 gi|23 
000269 77.5 011233 011370 gi|10 033073 033213 gi|40 
000412 74.5 018411 017510 gi|10 013760 014665 gi|28 
000257 85.2 021773 021826 gi|10 038688 038746 gi|24 
000278 85.1 021780 021826 gi|10 020778 020824 gi|45 
000267 91.1 021787 021831 gi|10 025007 025051 gi|25 
000253 88.9 021791 021826 gi|10 027592 027627 gi|21 
000267 82.3 023697 023613 gi|10 022504 022586 gi|15 
000263 93.8 023665 023696 gi|10 012056 012087 gi|23 
000254 93.5 023666 023696 gi|10 014340 014370 gi|23 
000259 96.8 023666 023696 gi|10 003291 003321 gi|13 
000253 86.4 023669 023712 gi|10 004889 004931 gi|40 
000254 100.0 023669 023696 gi|10 005953 005980 gi|14 
000450 71.0 031593 031370 gi|10 036542 036765 gi|40 
000283 85.2 031674 031815 gi|10 011678 011793 gi|25 
000333 88.3 031685 031804 gi|10 022743 022851 gi|14 
006803 86.6 036177 035120 gi|10 030789 031831 gi|11 
000998 89.3 036280 036457 gi|10 023375 023551 gi|38 
000527 91.4 036440 036336 gi|10 002397 002495 gi|18 
000290 67.5 036798 036960 gi|10 008185 008350 gi|31 
000312 71.2 036861 037058 gi|10 037713 037915 gi|30 
000288 68.9 036861 037082 gi|10 038426 038653 gi|42 
002503 93.5 039635 039955 gi|10 003498 003817 gi|19 
000261 83.3 007284 007367 gi|7 007000 007078 gi|13 
000307 76.4 013126 012601 gi|7 024637 025159 gi|18 
001150 72.8 013728 013215 gi|7 023819 024320 gi|18 
000276 76.2 014211 013918 gi|7 023428 023728 gi|18 
000331 78.6 014734 014506 gi|7 022765 023002 gi|18 
000307 84.3 015177 015076 gi|7 036267 036362 gi|19 
000260 90.0 015158 015099 gi|7 033841 033895 gi|11 
000250 73.7 023568 023666 gi|7 011229 011327 gi|10 
000460 82.3 023571 023666 gi|7 033072 033171 gi|40 
000252 83.9 025772 025827 gi|7 039224 039283 gi|31 
000344 82.2 027562 027350 gi|7 017055 017262 gi|45 
000269 83.1 027536 027395 gi|7 000278 000421 gi|35 
000326 79.4 027401 027531 gi|7 011612 011743 gi|25 
000268 83.7 027526 027435 gi|7 024504 024594 gi|27 
000272 88.9 038953 038997 gi|7 021899 021946 gi|14 
000424 77.0 006437 005475 gi|5 004675 005594 gi|18 
000286 84.0 007872 007798 gi|5 000327 000399 gi|41 
000260 76.3 007798 007856 gi|5 020632 020690 gi|7 
000274 88.2 007859 007809 gi|5 035622 035674 gi|28 
000269 90.4 007815 007897 gi|5 019610 019681 gi|41 
000635 74.2 018048 017429 gi|5 037583 038190 gi|23 
000395 75.8 017488 018025 gi|5 016688 017207 gi|21 
000275 86.3 017777 017827 gi|5 031680 031727 gi|20 
000271 71.7 017777 017875 gi|5 038427 038525 gi|42 
000272 78.8 017777 018021 gi|5 028454 028704 gi|32 
000277 74.3 017782 017882 gi|5 010938 011038 gi|31 
000258 87.1 018236 018152 gi|5 020768 020857 gi|45 
000274 89.1 018215 018170 gi|5 019717 019763 gi|42 
000250 88.1 018231 018173 gi|5 003280 003337 gi|13 
000261 91.8 018180 018240 gi|5 012186 012244 gi|21 
000279 97.1 018181 018215 gi|5 026695 026730 gi|28 
000256 91.2 018215 018182 gi|5 009173 009206 gi|19 
000252 84.8 018182 018240 gi|5 037137 037204 gi|25 
000272 91.2 018185 018218 gi|5 002300 002333 gi|30 
000294 86.0 018185 018277 gi|5 014912 014997 gi|46 
000255 94.2 018185 018236 gi|5 026253 026296 gi|24 
000256 96.5 018214 018186 gi|5 028657 028685 gi|24 
000268 84.2 021308 021214 gi|5 034892 034985 gi|40 
000295 76.9 022849 022965 gi|5 025348 025467 gi|28 
000287 82.1 029604 029670 gi|5 032597 032661 gi|33 
000289 76.7 039503 039289 gi|5 036864 037070 gi|10 
000261 78.4 039319 039503 gi|5 019754 019928 gi|32 
000263 74.6 039503 039386 gi|5 038429 038546 gi|42 
000315 80.4 039503 039397 gi|5 037716 037822 gi|30 
000272 77.2 039500 039400 gi|5 010938 011039 gi|31 
000263 80.7 039572 039407 gi|5 016233 016398 gi|13 
000484 75.0 001580 001337 gi|21 004269 004515 gi|31 
000679 71.9 002613 001987 gi|21 003256 003874 gi|31 
000388 78.5 003186 003052 gi|21 002671 002806 gi|31 
000350 72.9 010682 010810 gi|21 038180 038308 gi|25 
000260 79.9 012220 012067 gi|21 020791 020947 gi|45 
000271 88.7 012230 012178 gi|21 028643 028700 gi|24 
000260 94.6 012183 012219 gi|21 007253 007288 gi|32 
000255 96.7 012220 012191 gi|21 004817 004846 gi|31 
000271 87.2 015497 015420 gi|21 019177 019255 gi|39 
000306 84.5 015422 015492 gi|21 024387 024453 gi|39 
000303 87.1 015433 015494 gi|21 008352 008409 gi|37 
000279 84.4 015496 015433 gi|21 008345 008404 gi|37 
000267 84.4 015496 015433 gi|21 014369 014427 gi|40 
000348 69.5 017236 016952 gi|21 037577 037861 gi|23 
000374 70.8 018898 018426 gi|21 037668 038143 gi|23 
000292 78.0 018685 018802 gi|21 032636 032746 gi|31 
000254 75.5 018808 018715 gi|21 036578 036671 gi|47 
000277 84.5 023148 023218 gi|21 037107 037183 gi|31 
000351 81.0 025461 025357 gi|21 039553 039657 gi|33 
000250 80.8 027528 027631 gi|21 002224 002337 gi|30 
000270 91.0 027649 027561 gi|21 020763 020853 gi|45 
000256 93.2 027623 027580 gi|21 005011 005050 gi|29 
000289 94.9 027589 027627 gi|21 020785 020824 gi|45 
000254 94.7 027594 027631 gi|21 004817 004853 gi|31 
001480 83.2 030287 029763 gi|21 021768 022302 gi|25 
000625 84.3 029789 030036 gi|21 005327 005570 gi|25 
002211 84.1 029801 030321 gi|21 021792 022307 gi|25 
000364 83.8 030263 030103 gi|21 005360 005511 gi|25 
000258 72.7 039384 039257 gi|21 018094 018225 gi|32 
000256 75.0 039360 039257 gi|21 028079 028184 gi|41 
000268 78.8 039375 039258 gi|21 028831 028958 gi|29 
000359 73.2 001114 001419 gi|20 037508 037798 gi|30 
000289 86.5 001432 001322 gi|20 001595 001700 gi|46 
000267 88.7 003009 003070 gi|20 032935 032999 gi|23 
000435 75.0 027137 026834 gi|20 003517 003811 gi|37 
002219 73.5 030028 032128 gi|20 006579 008695 gi|31 
000365 71.5 030663 030978 gi|20 008234 008548 gi|31 
000317 71.8 031483 031933 gi|20 005335 005781 gi|44 
000413 74.3 031670 031980 gi|20 007226 007536 gi|31 
000286 89.8 032178 032236 gi|20 026683 026737 gi|28 
000251 92.2 032182 032232 gi|20 007251 007296 gi|32 
000304 90.9 032186 032273 gi|20 025002 025073 gi|25 
000258 92.5 032225 032186 gi|20 020791 020831 gi|45 
000269 90.7 032192 032234 gi|20 017364 017405 gi|23 
000250 87.5 032192 032231 gi|20 012187 012226 gi|21 
000286 87.4 032289 032195 gi|20 024939 025042 gi|25 
000258 96.8 032195 032225 gi|20 026252 026282 gi|24 
000255 81.4 034573 034429 gi|20 028823 028967 gi|46 
002332 75.2 000835 000011 gi|6 035963 036782 gi|46 
000257 90.6 001189 001252 gi|6 026701 026757 gi|28 
000252 91.2 001222 001189 gi|6 037135 037168 gi|25 
001062 74.3 004156 005172 gi|6 023082 024099 gi|14 
000251 93.8 005526 005495 gi|6 019719 019750 gi|42 
000878 85.1 006421 006635 gi|6 010545 010755 gi|43 
002455 87.6 006600 006963 gi|6 010958 011320 gi|43 
000255 88.2 015315 015365 gi|6 017369 017421 gi|23 
000254 88.2 017241 017191 gi|6 023529 023577 gi|15 
000362 75.2 020084 019980 gi|6 027104 027212 gi|42 
000351 74.1 023152 023641 gi|6 028071 028554 gi|32 
000405 75.1 023205 023638 gi|6 038130 038524 gi|42 
000301 80.2 023538 023638 gi|6 008249 008349 gi|31 
000272 76.6 023622 023546 gi|6 036593 036669 gi|47 
000275 85.6 029800 029889 gi|6 016042 016131 gi|17 
000258 81.2 029813 029881 gi|6 039434 039503 gi|45 
000293 94.7 029879 029823 gi|6 039465 039523 gi|47 
000285 83.6 033928 033856 gi|6 017086 017156 gi|26 
000299 76.5 000835 000704 gi|11 010377 010507 gi|36 
000260 82.7 007956 007905 gi|11 028635 028689 gi|24 
000421 72.6 008160 008294 gi|11 029078 029212 gi|38 
000362 79.6 008311 008170 gi|11 038328 038469 gi|37 
000432 71.9 020294 021011 gi|11 012207 012921 gi|41 
000275 74.6 022953 023137 gi|11 006240 006430 gi|43 
000598 77.3 026917 027589 gi|11 034193 034856 gi|29 
000252 94.0 029225 029274 gi|11 008532 008581 gi|42 
000254 97.0 029246 029278 gi|11 016515 016548 gi|43 
000268 71.2 032231 031989 gi|11 033900 034151 gi|28 
000264 90.9 033824 033900 gi|11 012193 012261 gi|42 
000305 91.4 033827 033896 gi|11 010852 010917 gi|47 
000277 89.4 033896 033831 gi|11 035633 035692 gi|28 
000282 91.7 033899 033840 gi|11 021811 021866 gi|27 
000253 87.3 038806 038744 gi|11 025012 025078 gi|25 
000254 97.1 038773 038806 gi|11 020786 020820 gi|45 
000257 97.8 038818 038774 gi|11 027585 027627 gi|21 
000257 93.9 038775 038807 gi|11 006231 006263 gi|18 
001295 77.5 002537 002962 gi|9 002000 002397 gi|31 
000291 80.0 012494 012280 gi|9 020633 020866 gi|45 
000260 87.5 012283 012386 gi|9 001661 001752 gi|17 
000284 90.0 012305 012374 gi|9 016306 016372 gi|16 
000411 75.0 013005 013456 gi|9 037253 037719 gi|47 
000276 84.1 014032 013945 gi|9 005922 006010 gi|14 
000251 89.2 013950 014014 gi|9 026658 026733 gi|28 
000311 94.4 014014 013961 gi|9 003289 003343 gi|13 
000258 90.8 013965 014029 gi|9 012540 012613 gi|16 
000270 91.9 013974 014010 gi|9 000985 001021 gi|39 
000261 87.8 014019 013979 gi|9 034002 034042 gi|15 
000255 95.0 013980 014019 gi|9 020651 020688 gi|16 
000251 93.5 013980 014010 gi|9 022503 022533 gi|15 
000250 93.5 014010 013980 gi|9 021560 021590 gi|42 
000251 88.1 014022 013981 gi|9 001455 001497 gi|13 
000282 91.2 014037 013981 gi|9 014320 014371 gi|23 
000271 96.8 014012 013982 gi|9 023666 023696 gi|10 
000318 81.2 015368 015305 gi|9 004328 004394 gi|23 
001418 80.5 019234 018958 gi|9 017113 017389 gi|45 
000960 82.0 018991 019234 gi|9 011460 011704 gi|25 
000368 84.7 019234 019163 gi|9 000320 000392 gi|35 
000353 88.9 019234 019181 gi|9 024538 024591 gi|27 
017375 95.5 024553 022354 gi|9 000334 002576 gi|29 
016492 95.7 024553 022469 gi|9 010730 012853 gi|40 
016495 95.8 022469 024553 gi|9 009049 011159 gi|13 
016361 95.7 022507 024553 gi|9 018548 020639 gi|37 
000805 85.5 022510 022640 gi|9 002348 002475 gi|28 
016428 95.9 022514 024553 gi|9 002515 004597 gi|28 
005789 97.8 024557 025237 gi|9 020756 021434 gi|37 
005839 98.1 025237 024557 gi|9 009933 010611 gi|40 
001983 99.5 024771 024557 gi|9 000001 000215 gi|29 
005839 98.1 024557 025237 gi|9 011278 011956 gi|13 
003746 99.8 024557 024958 gi|9 004716 005117 gi|28 
001585 100.0 024958 024791 gi|9 000001 000168 gi|12 
024976 99.0 025184 027914 gi|9 021487 024218 gi|37 
024954 98.9 027914 025184 gi|9 007149 009880 gi|40 
006756 97.7 025184 025974 gi|9 012009 012798 gi|13 
000259 77.2 026091 025956 gi|9 022283 022413 gi|37 
000259 77.2 025956 026091 gi|9 008954 009084 gi|40 
016407 99.4 026127 027914 gi|9 013202 014982 gi|13 
015105 99.8 027914 026292 gi|9 036830 038450 gi|17 
015155 99.8 026293 027914 gi|9 006801 008421 gi|28 
000265 75.8 027896 028089 gi|9 032814 033049 gi|40 
000757 100.0 027911 027996 gi|9 030725 030816 gi|13 
000277 74.6 027911 028091 gi|9 031534 031734 gi|19 
000296 82.6 027932 028338 gi|9 031674 032085 gi|19 
000331 80.5 027933 028086 gi|9 030629 030809 gi|13 
000301 85.4 028021 028102 gi|9 002885 002966 gi|33 
000256 76.8 028031 028086 gi|9 003222 003277 gi|27 
000292 79.3 028306 028032 gi|9 026286 026529 gi|30 
000325 72.2 028120 028198 gi|9 032843 032921 gi|40 
000288 70.1 028120 028196 gi|9 032977 033053 gi|40 
000293 70.0 028120 028199 gi|9 030616 030695 gi|13 
000257 84.4 029694 029738 gi|9 037800 037845 gi|42 
000258 75.9 035462 035656 gi|9 010591 010785 gi|20 
000898 89.1 038926 039210 gi|9 026236 026509 gi|30 
000402 81.4 039192 038989 gi|9 003253 003470 gi|27 
000312 81.4 039163 039078 gi|9 002164 002247 gi|28 
000721 100.0 039168 039089 gi|9 024070 024150 gi|29 
000336 72.8 039089 039386 gi|9 004770 005114 gi|33 
000287 73.2 039093 039424 gi|9 004657 005033 gi|33 
000255 82.7 039095 039146 gi|9 022848 022899 gi|40 
000315 77.1 039368 039164 gi|9 031675 031854 gi|19 
001208 97.0 039165 039431 gi|9 026567 026833 gi|30 
000353 74.2 039169 039265 gi|9 019693 019788 gi|43 
000368 76.6 039383 039277 gi|9 030614 030723 gi|13 
000572 79.7 039419 039287 gi|9 027702 027829 gi|26 
000299 80.7 039412 039304 gi|9 013089 013195 gi|13 
000360 80.5 039390 039309 gi|9 003199 003281 gi|27 
000298 80.3 039384 039309 gi|9 003284 003359 gi|27 
000294 78.0 039367 039309 gi|9 001552 001610 gi|39 
000278 80.4 039312 039367 gi|9 022538 022593 gi|40 
000264 80.4 039312 039367 gi|9 013078 013134 gi|34 
000339 81.1 039385 039333 gi|9 018008 018060 gi|46 
001067 76.3 001846 000832 gi|8 020817 021830 gi|45 
005654 96.8 002536 001876 gi|8 022154 022815 gi|15 
000250 81.0 002108 002186 gi|8 023616 023697 gi|10 
000288 82.1 002198 002143 gi|8 000980 001036 gi|39 
000254 93.5 002187 002157 gi|8 013980 014010 gi|9 
000260 89.6 002157 002204 gi|8 021560 021601 gi|42 
000272 74.8 002252 002537 gi|8 010593 010875 gi|21 
000309 75.1 002305 002525 gi|8 037295 037515 gi|25 
000376 75.7 002316 002804 gi|8 009798 010278 gi|21 
000273 79.8 002465 002347 gi|8 021804 021915 gi|15 
003806 96.5 003401 002951 gi|8 021717 022164 gi|15 
000370 76.6 003036 003321 gi|8 037172 037459 gi|25 
000333 80.6 003156 003335 gi|8 009790 009964 gi|21 
000441 77.3 003201 003376 gi|8 010687 010862 gi|21 
000369 69.7 003202 003323 gi|8 038186 038307 gi|25 
000280 75.2 003386 003282 gi|8 016289 016397 gi|13 
000317 76.2 007836 007728 gi|8 015962 016070 gi|46 
000251 86.5 010434 010383 gi|8 021786 021843 gi|10 
000803 72.4 016737 016412 gi|8 021392 021719 gi|15 
000468 86.5 016853 016758 gi|8 021056 021151 gi|15 
000811 85.1 024685 024838 gi|8 030609 030767 gi|9 
019922 88.4 029882 032995 gi|8 018581 021666 gi|46 
000286 81.4 003143 003074 gi|22 032365 032434 gi|42 
000619 77.2 007661 007892 gi|22 015203 015425 gi|32 
000309 78.3 007835 007679 gi|22 000985 001137 gi|34 
000260 75.4 007776 007836 gi|22 027109 027171 gi|31 
000260 75.4 007776 007836 gi|22 027361 027423 gi|31 
000370 79.5 007904 007778 gi|22 035647 035782 gi|25 
000301 71.0 007915 007785 gi|22 015274 015422 gi|32 
000611 87.2 007785 007893 gi|22 039513 039617 gi|45 
000359 78.5 007891 007785 gi|22 039511 039613 gi|45 
000548 86.7 007785 007889 gi|22 035665 035776 gi|25 
000263 77.8 007838 007785 gi|22 027003 027055 gi|31 
000423 84.2 007890 007809 gi|22 019450 019538 gi|44 
000380 92.6 007837 007890 gi|22 012767 012821 gi|35 
000406 93.4 007900 007840 gi|22 027579 027637 gi|31 
000392 100.0 007889 007840 gi|22 027118 027166 gi|31 
000392 100.0 007889 007840 gi|22 027370 027418 gi|31 
000367 84.9 007912 007840 gi|22 026578 026648 gi|31 
000262 79.0 014588 014451 gi|22 015473 015600 gi|34 
000326 74.0 024642 024906 gi|22 031452 031717 gi|24 
000577 73.3 029625 029151 gi|22 029939 030413 gi|25 
000250 77.5 033081 033222 gi|22 006043 006198 gi|27 
001172 75.3 040078 038379 gi|22 015486 017217 gi|32 
000262 84.5 016302 016359 gi|16 021587 021644 gi|21 
000255 89.4 016358 016312 gi|16 016058 016104 gi|17 
000518 83.2 017859 018001 gi|16 011852 011981 gi|24 
001536 72.0 018107 018564 gi|16 011957 012408 gi|24 
000282 90.2 020690 020640 gi|16 027585 027638 gi|21 
000280 87.9 020643 020700 gi|16 015930 015994 gi|36 
000261 93.9 020682 020650 gi|16 021559 021591 gi|42 
000271 88.6 028862 028793 gi|16 002279 002356 gi|30 
000255 93.6 028805 028851 gi|16 038699 038748 gi|24 
000252 91.5 028857 028811 gi|16 032184 032230 gi|20 
000368 80.8 029070 028946 gi|16 030064 030186 gi|42 
000259 84.2 032559 032615 gi|16 022835 022888 gi|24 
000273 83.3 039142 039207 gi|16 023805 023874 gi|17 
000252 81.6 005076 005173 gi|3 005073 005173 gi|14 
000442 75.8 005996 005514 gi|3 017438 017932 gi|29 
000425 80.7 009393 009280 gi|3 007789 007913 gi|22 
000371 89.2 009287 009351 gi|3 027106 027166 gi|31 
000371 89.2 009287 009351 gi|3 027358 027418 gi|31 
000385 80.9 009401 009292 gi|3 030572 030686 gi|18 
000261 68.1 009297 009409 gi|3 007781 007901 gi|22 
000311 78.0 009423 009297 gi|3 035632 035779 gi|25 
000261 76.8 009391 009297 gi|3 015214 015315 gi|14 
000317 88.5 009300 009351 gi|3 027588 027637 gi|31 
000264 84.6 009300 009351 gi|3 026599 026648 gi|31 
000530 83.8 009399 009301 gi|3 039511 039613 gi|45 
000441 86.0 009400 009301 gi|3 015312 015422 gi|32 
000392 88.7 009353 009301 gi|3 012768 012820 gi|35 
000374 77.7 009301 009412 gi|3 019451 019577 gi|44 
000250 80.5 012823 012981 gi|3 018670 018802 gi|7 
000329 75.6 012838 012956 gi|3 017818 017941 gi|45 
000355 85.0 012866 012965 gi|3 037356 037455 gi|28 
000264 90.5 012955 012893 gi|3 010045 010108 gi|43 
000279 85.1 021492 021558 gi|3 035219 035285 gi|18 
000263 88.4 021539 021497 gi|3 039444 039490 gi|45 
000280 94.6 021502 021538 gi|3 018231 018270 gi|38 
000960 92.0 024545 024358 gi|3 001049 001226 gi|21 
000267 84.4 024577 024399 gi|3 008298 008448 gi|37 
000271 81.9 024440 024533 gi|3 039089 039180 gi|4 
000289 90.9 024534 024458 gi|3 002445 002515 gi|4 
000265 81.6 024535 024460 gi|3 039112 039183 gi|4 
000290 87.7 024462 024534 gi|3 029507 029569 gi|14 
000254 93.5 024539 024463 gi|3 014362 014431 gi|40 
000678 90.5 024739 024614 gi|3 001124 001247 gi|21 
000517 78.6 028927 029413 gi|3 032196 032673 gi|20 
000262 88.4 028969 028927 gi|3 000151 000194 gi|27 
000252 93.3 028927 028971 gi|3 003472 003515 gi|9 
000483 88.5 037714 037956 gi|3 008905 009118 gi|10 
001093 74.3 016127 015397 gi|15 022416 023155 gi|25 
000278 91.9 021173 021209 gi|15 031879 031915 gi|18 
000410 81.7 021361 021280 gi|15 031847 031931 gi|18 
000250 80.5 021740 021821 gi|15 022051 022132 gi|32 
000412 78.5 021913 021742 gi|15 010687 010862 gi|21 
000367 78.5 022078 021744 gi|15 037172 037512 gi|25 
000276 81.2 021958 021783 gi|15 009790 009964 gi|21 
000278 70.3 021912 021795 gi|15 038186 038307 gi|25 
000266 73.9 022438 022152 gi|15 010593 010876 gi|21 
000309 72.4 022374 022154 gi|15 009798 010019 gi|21 
000263 74.7 022385 022165 gi|15 037295 037515 gi|25 
000255 78.1 022482 022545 gi|15 003528 003589 gi|17 
000267 91.5 022533 022487 gi|15 021560 021600 gi|42 
000294 82.1 022492 022547 gi|15 000980 001036 gi|39 
000291 84.8 023577 023499 gi|15 026043 026118 gi|16 
000254 93.2 023518 023561 gi|15 010865 010912 gi|47 
000295 76.7 028249 028177 gi|15 036979 037051 gi|31 
000271 94.1 033995 034045 gi|15 027578 027629 gi|21 
000271 94.9 034040 034002 gi|15 007260 007303 gi|32 
000250 86.8 034010 034047 gi|15 030120 030157 gi|37 
000256 86.7 034055 034011 gi|15 012177 012220 gi|21 
000293 83.9 034011 034122 gi|15 028657 028776 gi|24 
000258 96.7 034011 034040 gi|15 020791 020820 gi|45 
000301 76.6 026250 026467 gi|30 004501 004732 gi|33 
000255 82.7 026394 026445 gi|30 022848 022899 gi|40 
000353 74.2 026571 026667 gi|30 019693 019788 gi|43 
000559 73.5 037407 037957 gi|30 038132 038670 gi|42 
000320 83.6 037690 037756 gi|30 010909 010975 gi|31 
000309 78.4 037695 037796 gi|30 028435 028536 gi|32 
000264 73.9 037698 037812 gi|30 008236 008350 gi|31 
000254 74.5 037813 037704 gi|30 036575 036684 gi|47 
000262 79.4 037716 037812 gi|30 009949 010045 gi|35 
000314 80.0 037803 037719 gi|30 001603 001687 gi|46 
000284 95.1 003322 003262 gi|13 020652 020717 gi|16 
000274 82.6 003322 003277 gi|13 017368 017413 gi|23 
000309 93.3 003324 003280 gi|13 015941 015988 gi|36 
000280 83.7 003284 003369 gi|13 004880 004958 gi|40 
000304 84.3 003355 003286 gi|13 026669 026736 gi|28 
000251 91.2 003289 003322 gi|13 009170 009203 gi|19 
000269 94.1 003290 003323 gi|13 014339 014372 gi|23 
034380 98.9 012792 008960 gi|13 009096 012932 gi|40 
034467 99.1 008997 012792 gi|13 018476 022271 gi|37 
022681 99.9 011492 009049 gi|13 000001 002461 gi|29 
024349 100.0 009077 011679 gi|13 002515 005117 gi|28 
000848 87.8 009081 009203 gi|13 002355 002475 gi|28 
000254 79.3 011152 011286 gi|13 010603 010737 gi|40 
000254 79.3 011286 011152 gi|13 004590 004724 gi|28 
000254 79.3 011152 011286 gi|13 000207 000341 gi|29 
000423 81.1 013034 012929 gi|13 004903 005008 gi|33 
000267 75.6 013024 012939 gi|13 022539 022624 gi|40 
000334 81.2 013028 012944 gi|13 022845 022931 gi|40 
000458 82.3 013186 012950 gi|13 004660 004853 gi|33 
000364 81.2 013034 012950 gi|13 004651 004734 gi|33 
000488 82.0 013186 012953 gi|13 004913 005112 gi|33 
000499 85.9 012956 013033 gi|13 002884 002961 gi|33 
000439 89.5 013188 013113 gi|13 022847 022921 gi|40 
017613 98.7 013219 015179 gi|13 022453 024429 gi|37 
017447 99.7 015095 013219 gi|13 007035 008914 gi|40 
016447 99.7 015127 013362 gi|13 036687 038450 gi|17 
016219 99.4 013363 015120 gi|13 006801 008559 gi|28 
000361 79.5 015957 016401 gi|13 028094 028555 gi|32 
000581 76.9 016483 015981 gi|13 036494 036997 gi|47 
000348 77.8 016001 016586 gi|13 010619 011213 gi|31 
000420 77.4 016224 016378 gi|13 038335 038505 gi|42 
000300 77.1 016482 016238 gi|13 037663 037902 gi|23 
000263 83.8 016450 016254 gi|13 024584 024758 gi|19 
000302 77.5 016257 016460 gi|13 009904 010122 gi|35 
000250 72.8 016271 016513 gi|13 030649 030895 gi|20 
000298 77.0 016284 016396 gi|13 037698 037810 gi|30 
000255 77.1 016289 016384 gi|13 021732 021823 gi|15 
000280 77.6 016297 016430 gi|13 018709 018842 gi|21 
000254 73.2 016302 016357 gi|13 035883 035938 gi|24 
000344 74.7 016303 016551 gi|13 032660 032899 gi|31 
000255 94.3 021749 021783 gi|13 005003 005039 gi|29 
000261 84.1 021752 021795 gi|13 019715 019758 gi|42 
000261 84.5 023634 023691 gi|13 034130 034184 gi|17 
000254 90.9 026601 026558 gi|13 003026 003071 gi|20 
000466 76.0 030572 030809 gi|13 032795 033046 gi|40 
000365 85.9 030614 030769 gi|13 032975 033103 gi|40 
000407 78.0 030933 030634 gi|13 004540 004829 gi|33 
000370 73.1 030815 030634 gi|13 004773 004963 gi|33 
000299 75.4 030836 030634 gi|13 004884 005091 gi|33 
000290 79.3 030809 030728 gi|13 022539 022618 gi|40 
000263 92.1 001523 001461 gi|1 013980 014041 gi|9 
000291 89.6 001556 001480 gi|1 024967 025058 gi|25 
000264 93.2 001481 001524 gi|1 020779 020822 gi|45 
000274 94.9 001484 001522 gi|1 016501 016544 gi|43 
000273 94.6 001524 001488 gi|1 038776 038811 gi|11 
000283 97.0 001489 001521 gi|1 009517 009549 gi|34 
000259 93.8 001493 001524 gi|1 025012 025043 gi|25 
000263 95.2 001493 001534 gi|1 004817 004859 gi|31 
000252 84.8 001493 001551 gi|1 032196 032254 gi|20 
000337 73.5 006661 006845 gi|1 008872 009056 gi|18 
000273 79.9 011525 011678 gi|1 025916 026074 gi|14 
000265 86.7 011589 011663 gi|1 023059 023136 gi|42 
000253 83.5 011681 011597 gi|1 025215 025305 gi|14 
000259 85.2 011663 011603 gi|1 025983 026051 gi|14 
000274 91.1 011619 011663 gi|1 001593 001633 gi|4 
000397 91.2 012635 012702 gi|1 007824 007889 gi|22 
000315 85.2 012697 012644 gi|1 015212 015263 gi|14 
000371 85.2 012645 012732 gi|1 012756 012853 gi|35 
000450 94.7 012647 012703 gi|1 030621 030678 gi|18 
000406 89.3 012647 012702 gi|1 039558 039613 gi|45 
000349 90.9 012648 012702 gi|1 035724 035776 gi|25 
000333 94.0 012702 012653 gi|1 019451 019502 gi|44 
000414 96.0 012703 012654 gi|1 027117 027166 gi|31 
000414 96.0 012703 012654 gi|1 027369 027418 gi|31 
000398 94.0 012703 012654 gi|1 027588 027637 gi|31 
000316 86.0 012703 012654 gi|1 026599 026648 gi|31 
000400 95.9 012654 012702 gi|1 015374 015422 gi|32 
000302 83.6 012708 012654 gi|1 009295 009351 gi|3 
000295 83.3 012947 012894 gi|1 015212 015263 gi|14 
000318 89.7 012895 012952 gi|1 012756 012820 gi|35 
000412 85.1 012897 012970 gi|1 030621 030694 gi|18 
000369 85.7 012897 012952 gi|1 039558 039613 gi|45 
000318 90.2 012898 012948 gi|1 035724 035772 gi|25 
000348 92.0 012903 012952 gi|1 007839 007889 gi|22 
000310 92.0 012952 012903 gi|1 019451 019502 gi|44 
000378 92.0 012953 012904 gi|1 027117 027166 gi|31 
000378 92.0 012953 012904 gi|1 027369 027418 gi|31 
000362 90.0 012953 012904 gi|1 027588 027637 gi|31 
000280 82.0 012953 012904 gi|1 026599 026648 gi|31 
000364 91.8 012904 012952 gi|1 015374 015422 gi|32 
000266 80.0 012958 012904 gi|1 009295 009351 gi|3 
000346 71.9 019164 018585 gi|1 027459 028035 gi|23 
000270 92.9 019715 019660 gi|1 039477 039530 gi|47 
000273 84.3 019661 019711 gi|1 007296 007346 gi|7 
000281 87.5 019722 019667 gi|1 035204 035266 gi|18 
000253 92.9 019708 019667 gi|1 030527 030568 gi|18 
000251 82.5 024215 024357 gi|1 018978 019131 gi|33 
001899 74.8 024630 025916 gi|1 021958 023241 gi|27 
000428 82.2 028444 028338 gi|1 030199 030308 gi|21 
000346 86.1 028351 028422 gi|1 029775 029846 gi|21 
000579 88.4 028446 028352 gi|1 022194 022290 gi|25 
000320 82.9 028375 028444 gi|1 021792 021858 gi|25 
002025 92.4 028717 028416 gi|1 021792 022098 gi|25 
001918 83.1 028842 028417 gi|1 029682 030100 gi|21 
000745 79.6 028448 028751 gi|1 021993 022293 gi|25 
000679 85.2 028480 028729 gi|1 030024 030281 gi|21 
000675 83.8 028775 028542 gi|1 005297 005524 gi|25 
000260 84.8 028776 028731 gi|1 026701 026746 gi|28 
000262 90.2 028776 028736 gi|1 018186 018225 gi|5 
000265 92.5 028776 028737 gi|1 009622 009659 gi|4 
000258 92.3 028738 028776 gi|1 020780 020819 gi|45 
000253 91.7 028741 028776 gi|1 027587 027622 gi|21 
000253 93.8 028776 028745 gi|1 013982 014013 gi|9 
000260 96.8 028746 028776 gi|1 023666 023696 gi|10 
000275 96.9 028779 028748 gi|1 001186 001217 gi|6 
000255 95.1 028788 028748 gi|1 026245 026282 gi|24 
000265 73.6 038401 038156 gi|1 013105 013363 gi|35 
000294 68.1 039047 038860 gi|1 018260 018447 gi|35 
000320 73.2 001346 001468 gi|2 014221 014336 gi|37 
001323 91.5 001473 001671 gi|2 015872 016069 gi|37 
000875 82.3 001666 001913 gi|2 017633 017951 gi|45 
000313 79.1 001813 001903 gi|2 012870 012956 gi|3 
000293 69.0 001822 001905 gi|2 037364 037449 gi|28 
000270 70.5 001921 001844 gi|2 022551 022628 gi|14 
000330 90.0 008417 008486 gi|2 016034 016115 gi|17 
000293 89.6 008479 008432 gi|2 025098 025144 gi|47 
000250 86.8 008487 008435 gi|2 028914 028967 gi|3 
000279 95.0 008435 008474 gi|2 030203 030241 gi|42 
000256 91.4 008435 008492 gi|2 000153 000206 gi|27 
000265 75.5 011068 010963 gi|2 039502 039612 gi|45 
000260 87.7 012240 012320 gi|2 033850 033927 gi|11 
000259 97.7 028026 028068 gi|2 021977 022012 gi|23 
000272 92.9 028048 028089 gi|2 021475 021515 gi|31 
013489 86.3 035059 033101 gi|2 030197 032141 gi|35 
035493 99.1 040132 036196 gi|2 025172 029106 gi|35 
000367 75.9 037284 036995 gi|2 027699 028000 gi|35 
000330 76.5 037257 037122 gi|2 027921 028061 gi|35 
000321 77.3 037383 037243 gi|2 028047 028182 gi|35 
000374 76.8 037605 037304 gi|2 028020 028309 gi|35 
000250 92.1 004817 004854 gi|31 020791 020830 gi|45 
000250 87.0 004817 004870 gi|31 016515 016565 gi|43 
000295 100.0 004850 004818 gi|31 007256 007288 gi|32 
000335 71.8 008064 008478 gi|31 005340 005754 gi|44 
000271 75.8 008231 008354 gi|31 009924 010049 gi|35 
000306 73.9 008255 008434 gi|31 038430 038609 gi|42 
000268 73.0 011029 010752 gi|31 036578 036849 gi|47 
000349 73.4 010903 011116 gi|31 038397 038611 gi|42 
000284 71.4 010923 011135 gi|31 028444 028656 gi|32 
000287 77.6 012255 012468 gi|31 027641 027854 gi|32 
000253 87.0 013797 013842 gi|31 005621 005665 gi|42 
000384 75.6 020896 021141 gi|31 000697 000932 gi|45 
000311 94.6 026648 026575 gi|31 012770 012835 gi|35 
000351 86.8 026652 026600 gi|31 039561 039613 gi|45 
000371 90.2 026650 026600 gi|31 015372 015422 gi|32 
000258 83.7 026600 026648 gi|31 019451 019501 gi|44 
000254 74.6 026771 026951 gi|31 009963 010149 gi|34 
000328 76.7 026987 027102 gi|31 000974 001087 gi|34 
000369 87.6 027101 027005 gi|31 015260 015366 gi|32 
000357 79.5 027078 027006 gi|31 039491 039562 gi|45 
000261 78.2 027166 027048 gi|31 000991 001095 gi|34 
000444 92.3 027166 027102 gi|31 012770 012836 gi|35 
000429 96.2 027170 027118 gi|31 039561 039613 gi|45 
000445 100.0 027168 027118 gi|31 015372 015422 gi|32 
000278 89.8 027118 027166 gi|31 019451 019501 gi|44 
000327 75.7 027240 027354 gi|31 000974 001087 gi|34 
000328 78.9 027330 027260 gi|31 039491 039560 gi|45 
000383 86.2 027353 027260 gi|31 015260 015364 gi|32 
000261 78.2 027418 027300 gi|31 000991 001095 gi|34 
000444 92.3 027418 027354 gi|31 012770 012836 gi|35 
000429 96.2 027422 027370 gi|31 039561 039613 gi|45 
000445 100.0 027420 027370 gi|31 015372 015422 gi|32 
000278 89.8 027370 027418 gi|31 019451 019501 gi|44 
000333 78.7 027492 027585 gi|31 000974 001060 gi|34 
000292 85.7 027560 027512 gi|31 039512 039560 gi|45 
000326 92.3 027563 027512 gi|31 015310 015364 gi|32 
000386 95.1 027637 027556 gi|31 012770 012841 gi|35 
000446 98.1 027641 027589 gi|31 039561 039613 gi|45 
000432 98.0 027639 027589 gi|31 015372 015422 gi|32 
000266 87.8 027589 027637 gi|31 019451 019501 gi|44 
000263 89.7 037206 037110 gi|31 039437 039530 gi|47 
000264 90.2 000143 000193 gi|27 030194 030241 gi|42 
000682 95.1 003204 003285 gi|27 001533 001614 gi|39 
000283 72.6 003292 003209 gi|27 013065 013148 gi|34 
000293 72.8 003270 003361 gi|27 001520 001612 gi|39 
000257 75.0 003355 003284 gi|27 013079 013151 gi|34 
000257 82.5 003366 003287 gi|27 019690 019778 gi|43 
000272 89.6 016939 016986 gi|27 030199 030244 gi|42 
000252 89.0 021857 021785 gi|27 033400 033480 gi|40 
000591 88.8 024440 024591 gi|27 017022 017166 gi|45 
000580 85.2 024470 024591 gi|27 000249 000374 gi|35 
000296 88.9 024569 024471 gi|27 006694 006783 gi|34 
000269 86.0 024505 024554 gi|27 005719 005770 gi|41 
000250 74.5 035503 035394 gi|27 010950 011057 gi|35 
002658 94.9 000410 000001 gi|26 036407 036795 gi|43 
005052 92.5 001340 000686 gi|26 035793 036446 gi|43 
000341 73.8 002280 002363 gi|26 002158 002243 gi|28 
000313 91.2 002664 002608 gi|26 034690 034746 gi|43 
000384 79.5 003369 003243 gi|26 034604 034729 gi|43 
003904 87.6 006626 005997 gi|26 030303 030928 gi|43 
002870 91.3 007633 007231 gi|26 029606 030007 gi|43 
013265 91.1 009893 007982 gi|26 027347 029296 gi|43 
003336 84.2 013469 012621 gi|26 023497 024403 gi|43 
000315 89.4 014715 014669 gi|26 021230 021275 gi|43 
001232 79.8 015136 015906 gi|26 033634 034397 gi|43 
003346 88.6 016533 015981 gi|26 020722 021277 gi|43 
000414 82.4 017235 017105 gi|26 020534 020652 gi|43 
000352 93.5 017106 017198 gi|26 034419 034492 gi|43 
003560 89.6 019657 019110 gi|26 020722 021272 gi|43 
001568 96.2 020411 020229 gi|26 020470 020652 gi|43 
000383 77.9 020230 020392 gi|26 034419 034568 gi|43 
001267 71.4 023689 022788 gi|26 035819 036737 gi|33 
000361 93.3 026405 026361 gi|26 020401 020445 gi|43 
000297 75.4 027694 027819 gi|26 002097 002239 gi|28 
000428 92.9 027702 027786 gi|26 017975 018060 gi|46 
000271 73.3 027748 027807 gi|26 003219 003278 gi|27 
000256 94.6 027751 027806 gi|26 024088 024143 gi|29 
000256 94.6 027806 027751 gi|26 026395 026450 gi|30 
000254 83.3 012087 012022 gi|23 000993 001059 gi|39 
000258 92.0 014316 014390 gi|23 004799 004872 gi|31 
000255 96.7 014342 014371 gi|23 021560 021589 gi|42 
000271 97.0 014374 014342 gi|23 000989 001021 gi|39 
000273 83.5 017341 017419 gi|23 008534 008603 gi|42 
000262 96.9 017367 017398 gi|23 000991 001022 gi|39 
000275 73.4 023395 023272 gi|23 033073 033200 gi|40 
000450 77.3 038278 037587 gi|23 033968 034658 gi|31 
000295 76.2 037913 037611 gi|23 032604 032900 gi|31 
000298 74.8 037852 037750 gi|23 028456 028558 gi|32 
000373 81.0 037852 037769 gi|23 035883 035966 gi|24 
000289 76.8 038188 038034 gi|23 021719 021862 gi|32 
000262 91.7 007291 007256 gi|32 003662 003697 gi|41 
000413 77.4 015090 014577 gi|32 000180 000723 gi|34 
000807 87.9 015285 015457 gi|32 039490 039652 gi|45 
000456 87.0 015471 015303 gi|32 019403 019563 gi|44 
000256 77.4 015315 015438 gi|32 019452 019569 gi|44 
000374 91.2 015367 015423 gi|32 012763 012821 gi|35 
000591 83.6 018116 018225 gi|32 028078 028184 gi|41 
000553 81.8 018116 018225 gi|32 033286 033400 gi|35 
000396 79.4 018116 018212 gi|32 033175 033265 gi|35 
000370 79.4 018221 018120 gi|32 028082 028180 gi|41 
000307 79.5 028091 028178 gi|32 038097 038179 gi|42 
000299 77.2 028634 028429 gi|32 036494 036699 gi|47 
000381 72.6 028447 028592 gi|32 038420 038565 gi|42 
000292 90.7 001435 001382 gi|28 015385 015443 gi|35 
000292 90.7 001435 001382 gi|28 015553 015611 gi|35 
000282 81.2 002164 002232 gi|28 024076 024148 gi|29 
000295 79.7 002237 002164 gi|28 026385 026462 gi|30 
000814 85.2 002348 002475 gi|28 018551 018681 gi|37 
000845 87.6 002475 002355 gi|28 012688 012810 gi|40 
000856 87.6 002475 002355 gi|28 002290 002412 gi|29 
024253 99.9 005117 002515 gi|28 010210 012814 gi|40 
023956 99.4 002515 005117 gi|28 018555 021157 gi|37 
022582 100.0 004930 002515 gi|28 000001 002416 gi|29 
000254 79.3 004590 004724 gi|28 010603 010737 gi|40 
000254 79.3 004590 004724 gi|28 000207 000341 gi|29 
016123 99.7 008533 006801 gi|28 007035 008770 gi|40 
016170 99.0 006801 008564 gi|28 022597 024360 gi|37 
000271 79.1 010779 010864 gi|28 007685 007767 gi|42 
000252 85.2 015026 015079 gi|28 025095 025148 gi|47 
000271 89.8 026691 026749 gi|28 002290 002353 gi|30 
000257 86.3 026750 026700 gi|28 004861 004917 gi|40 
000252 93.5 026700 026730 gi|28 014912 014942 gi|46 
000981 79.5 034246 034503 gi|28 007057 007337 gi|41 
000295 86.7 035690 035631 gi|28 010859 010919 gi|47 
000394 75.0 037355 037454 gi|28 017850 017948 gi|45 
000270 75.0 037385 037444 gi|28 006954 007012 gi|45 
000278 96.6 001029 000971 gi|39 021553 021609 gi|42 
000517 73.9 015902 016419 gi|39 011754 012277 gi|46 
000683 77.2 016725 017420 gi|39 012541 013212 gi|46 
000263 89.0 019171 019252 gi|39 014366 014431 gi|40 
000342 94.4 019252 019181 gi|39 014372 014431 gi|40 
000273 83.0 024453 024395 gi|39 014373 014431 gi|40 
001103 96.3 036946 037080 gi|39 009070 009204 gi|44 
000307 78.5 005188 005012 gi|24 033933 034106 gi|27 
000670 82.2 019573 019763 gi|24 019927 020115 gi|43 
000760 75.8 024542 025335 gi|24 018433 019210 gi|44 
000294 100.0 026251 026282 gi|24 026698 026729 gi|28 
000297 84.0 026253 026333 gi|24 002300 002382 gi|30 
000258 87.3 028644 028706 gi|24 025818 025887 gi|34 
000261 100.0 028655 028685 gi|24 019715 019746 gi|42 
000281 74.5 029448 029304 gi|24 024276 024423 gi|30 
000387 74.4 036064 035510 gi|24 036494 037045 gi|47 
000321 75.1 035514 036088 gi|24 028072 028656 gi|32 
000319 73.7 035881 036059 gi|24 034393 034565 gi|31 
000267 85.7 038689 038772 gi|24 024988 025074 gi|25 
000270 90.7 039483 039441 gi|45 025104 025144 gi|47 
000264 81.7 001110 001007 gi|4 023037 023145 gi|42 
000316 84.7 001242 001313 gi|4 025939 026028 gi|14 
000259 95.3 001642 001600 gi|4 023057 023098 gi|42 
000363 92.7 002442 002523 gi|4 029502 029586 gi|14 
000372 91.2 002511 002444 gi|4 029507 029570 gi|14 
000351 92.9 002445 002542 gi|4 014371 014449 gi|40 
000270 83.9 002506 002445 gi|4 015433 015494 gi|21 
000431 89.9 002513 002445 gi|4 008345 008409 gi|37 
000369 88.1 002445 002511 gi|4 019180 019253 gi|39 
000341 88.3 002522 002446 gi|4 014363 014431 gi|40 
000363 89.2 002446 002510 gi|4 008348 008408 gi|37 
000363 83.8 002525 002446 gi|4 019165 019252 gi|39 
000256 91.8 002519 002447 gi|4 024384 024453 gi|39 
000263 81.5 002450 002514 gi|4 015433 015497 gi|21 
000309 91.5 009652 009582 gi|4 004815 004876 gi|31 
000295 86.8 009667 009615 gi|4 003649 003699 gi|41 
000295 85.5 009684 009616 gi|4 009140 009208 gi|19 
000251 93.9 009617 009649 gi|4 007256 007288 gi|32 
000254 93.9 009619 009651 gi|4 002298 002330 gi|30 
000259 94.1 009654 009621 gi|4 034007 034040 gi|15 
000250 90.9 009621 009675 gi|4 026700 026750 gi|28 
000251 95.9 009670 009622 gi|4 028644 028685 gi|24 
000261 77.8 011335 011424 gi|4 016399 016491 gi|15 
000437 73.3 012014 012654 gi|4 016574 017199 gi|15 
000849 74.8 013232 013679 gi|4 017783 018204 gi|15 
011861 97.9 023316 021956 gi|4 023020 024371 gi|40 
000324 79.1 025464 025116 gi|4 031989 032313 gi|11 
000271 75.9 025147 025461 gi|4 033849 034149 gi|28 
000250 82.1 032737 032615 gi|4 010863 010993 gi|47 
000268 82.8 032721 032658 gi|4 026057 026117 gi|16 
000283 84.6 032684 032787 gi|4 024451 024547 gi|39 
000250 92.7 032725 032685 gi|4 006932 006970 gi|44 
000326 75.0 035716 035823 gi|4 036077 036185 gi|42 
000853 77.5 035788 036023 gi|4 023829 024064 gi|17 
002272 72.9 035811 036996 gi|4 012217 013435 gi|21 
000257 72.5 036048 036243 gi|4 024156 024352 gi|17 
000725 76.7 036239 036719 gi|4 024415 024885 gi|17 
003298 76.5 037766 038842 gi|4 013986 015071 gi|21 
002129 75.6 037873 038843 gi|4 025932 026914 gi|17 
002662 92.2 038859 039241 gi|4 015161 015558 gi|21 
000393 84.2 039183 039045 gi|4 008345 008464 gi|37 
000398 88.5 039181 039104 gi|4 029507 029579 gi|14 
000372 90.8 039180 039105 gi|4 019181 019260 gi|39 
000285 85.7 039105 039181 gi|4 024380 024455 gi|39 
000365 85.9 039110 039180 gi|4 008344 008408 gi|37 
000375 89.9 039112 039180 gi|4 029506 029568 gi|14 
000282 89.5 039114 039180 gi|4 014372 014431 gi|40 
000271 84.3 039183 039114 gi|4 014369 014431 gi|40 
000297 90.5 039176 039114 gi|4 015433 015493 gi|21 
000250 82.5 002298 002360 gi|25 036769 036840 gi|27 
000558 72.5 003784 004205 gi|25 001440 001867 gi|26 
001166 84.3 011762 011533 gi|25 017046 017284 gi|45 
000726 93.1 011741 011641 gi|25 000283 000385 gi|35 
000596 88.8 011740 011652 gi|25 024502 024591 gi|27 
000286 88.9 011676 011738 gi|25 006697 006759 gi|34 
000295 90.0 011737 011688 gi|25 005719 005770 gi|41 
000270 87.7 025062 025006 gi|25 007235 007296 gi|32 
000255 86.5 025042 025006 gi|25 033530 033566 gi|42 
000250 94.1 025008 025041 gi|25 016508 016544 gi|43 
000464 75.0 031630 031921 gi|25 010973 011248 gi|28 
000336 74.2 032317 032642 gi|25 011686 012011 gi|28 
000315 83.0 035776 035659 gi|25 039513 039621 gi|45 
000544 85.5 035660 035776 gi|25 039508 039613 gi|45 
000495 84.8 035665 035776 gi|25 015313 015422 gi|32 
000284 85.1 035711 035665 gi|25 000991 001037 gi|34 
000313 77.1 035783 035688 gi|25 019442 019539 gi|44 
000448 90.8 035782 035718 gi|25 027112 027178 gi|31 
000448 90.8 035782 035718 gi|25 027364 027430 gi|31 
000391 89.8 035776 035718 gi|25 027589 027649 gi|31 
000323 84.8 035776 035718 gi|25 026600 026660 gi|31 
000350 89.8 035724 035782 gi|25 012767 012826 gi|35 
000270 82.0 037130 037207 gi|25 024244 024323 gi|40 
000285 90.0 037175 037136 gi|25 019712 019751 gi|42 
000267 87.2 009016 008970 gi|36 000830 000877 gi|44 
000283 100.0 015972 015942 gi|36 004888 004918 gi|40 
000629 93.2 016289 016202 gi|36 039717 039806 gi|41 
000325 78.3 022861 022733 gi|36 020301 020429 gi|44 
001326 74.7 034370 032880 gi|36 025541 027013 gi|45 
000287 76.7 033044 033189 gi|36 015000 015146 gi|38 
000256 71.4 034802 034691 gi|36 028619 028727 gi|45 
000625 86.8 000265 000385 gi|35 017059 017177 gi|45 
000306 88.7 000287 000339 gi|35 005719 005773 gi|41 
000420 83.6 012839 012767 gi|35 019429 019504 gi|44 
000346 94.2 012770 012821 gi|35 039565 039614 gi|45 
000304 79.3 024983 025064 gi|35 010620 010698 gi|41 
000440 84.6 033175 033252 gi|35 028078 028155 gi|41 
000673 86.8 033253 033404 gi|35 028049 028188 gi|41 
000250 77.9 033402 033290 gi|35 028076 028180 gi|41 
000277 73.9 002952 002884 gi|33 022539 022607 gi|40 
000275 84.9 002956 002884 gi|33 022845 022917 gi|40 
000282 78.0 004500 004753 gi|33 022366 022636 gi|40 
000252 89.1 005780 005834 gi|33 014878 014929 gi|45 
000276 84.5 007721 007778 gi|33 030174 030227 gi|34 
002391 73.5 011383 010129 gi|33 025922 027176 gi|38 
000265 80.5 039956 039757 gi|33 037264 037479 gi|37 
000251 91.2 016511 016544 gi|43 020787 020820 gi|45 
000251 72.9 034412 034470 gi|43 001092 001150 gi|47 
007559 80.5 038335 036796 gi|43 038590 040132 gi|46 
000269 86.6 033469 033403 gi|40 010842 010918 gi|47 
000427 87.0 000803 000735 gi|37 010739 010809 gi|41 
000257 85.4 001125 001078 gi|37 028011 028061 gi|39 
000376 87.1 008316 008408 gi|37 014343 014431 gi|40 
000368 83.3 008409 008332 gi|37 014371 014450 gi|40 
000390 89.1 008410 008347 gi|37 019179 019253 gi|39 
000319 88.9 008348 008410 gi|37 019181 019254 gi|39 
053616 99.3 024330 018492 gi|37 007035 012887 gi|40 
000261 76.6 022260 022413 gi|37 008954 009107 gi|40 
000816 75.5 038469 037565 gi|37 029088 030014 gi|38 
000285 85.2 001037 000984 gi|34 039513 039564 gi|45 
000355 77.4 013154 013071 gi|34 001531 001614 gi|39 
000319 74.7 013077 013155 gi|34 022537 022614 gi|40 
000293 82.6 014904 014819 gi|34 017949 018038 gi|42 
000250 90.0 023205 023156 gi|34 037778 037832 gi|40 
000265 94.1 030112 030145 gi|34 000987 001020 gi|39 
000261 81.0 030211 030112 gi|34 003609 003698 gi|41 
000259 84.0 001063 000989 gi|38 029903 029971 gi|44 
000516 70.2 007522 007863 gi|38 026193 026543 gi|40 
000264 84.4 015064 015153 gi|38 036590 036676 gi|47 
000261 86.4 018227 018270 gi|38 039481 039523 gi|47 
000263 89.1 018276 018231 gi|38 039441 039483 gi|45 
000280 76.2 018838 018988 gi|38 004036 004186 gi|41 
000325 78.0 019344 019077 gi|38 008764 009034 gi|43 
000261 76.6 020601 020346 gi|38 031181 031433 gi|42 
000515 75.7 021107 020902 gi|38 030675 030884 gi|42 
000384 81.4 019550 019449 gi|44 039525 039615 gi|45 
000251 86.3 031602 031552 gi|44 025104 025152 gi|47 
000284 89.1 031627 031564 gi|44 039467 039523 gi|47 
000272 92.7 031564 031604 gi|44 025104 025142 gi|47 
000269 94.0 040053 040102 gi|44 026975 027031 gi|46 
022582 99.0 000001 002584 gi|29 010397 012940 gi|40 
022254 99.2 002461 000001 gi|29 018527 020970 gi|37 
000254 79.3 000341 000207 gi|29 010603 010737 gi|40 
000266 76.1 024146 024055 gi|29 005038 005131 gi|33 
000715 100.0 024150 024074 gi|29 026388 026464 gi|30 
000255 82.7 024144 024093 gi|29 022848 022899 gi|40 
000255 68.2 028961 028833 gi|29 033283 033418 gi|35 
000776 90.8 028837 028966 gi|29 033275 033404 gi|35 
000259 73.1 028961 028843 gi|29 033172 033300 gi|35 
000652 89.1 028849 028967 gi|29 028076 028189 gi|41 
000605 85.6 028850 028946 gi|29 033174 033276 gi|35 
000519 80.6 028851 028958 gi|29 018116 018224 gi|32 
000261 77.5 028952 028855 gi|29 028084 028180 gi|41 
000286 89.1 012280 012217 gi|42 010853 010917 gi|47 
000264 74.2 038484 038419 gi|42 036617 036682 gi|47 
