000268 76.5 011923 011792 gi|6 012244 012375 gi|17 
000320 79.7 012730 012135 gi|6 011431 012019 gi|17 
001007 93.8 014776 014919 gi|6 004113 004252 gi|70 
002562 81.7 015129 016190 gi|6 026102 027181 gi|42 
005199 87.0 016327 017353 gi|6 026172 027189 gi|42 
004630 83.9 017423 018345 gi|6 026273 027207 gi|42 
005598 96.4 019296 018609 gi|6 016403 017092 gi|76 
002427 88.6 018836 019212 gi|6 032138 032516 gi|21 
002376 87.7 019159 019717 gi|6 031630 032123 gi|21 
000256 100.0 019201 019239 gi|6 032553 032591 gi|21 
000874 78.3 020299 019723 gi|6 023346 023940 gi|31 
000285 100.0 021168 021134 gi|6 014438 014472 gi|76 
002640 77.3 022506 021147 gi|6 009512 010877 gi|76 
001553 74.5 025140 023758 gi|6 006519 007899 gi|76 
000307 76.5 029383 029048 gi|6 005699 006036 gi|34 
000268 69.6 032778 033294 gi|6 005553 006069 gi|41 
002317 75.4 000232 001296 gi|16 007950 009019 gi|30 
000377 76.0 005301 006043 gi|16 027215 027964 gi|26 
000274 79.4 006681 006874 gi|16 024507 024694 gi|38 
000824 74.2 029010 030007 gi|16 037355 038358 gi|61 
000437 75.0 002430 003050 gi|17 025231 025852 gi|36 
000267 78.0 006727 006587 gi|17 014527 014663 gi|39 
000267 73.0 010071 009946 gi|17 004939 005067 gi|58 
000256 76.8 010066 009985 gi|17 027737 027818 gi|43 
000256 78.5 010599 010465 gi|17 005302 005436 gi|58 
000273 76.5 010610 010530 gi|17 020995 021072 gi|20 
000310 71.0 010816 011022 gi|17 029977 030198 gi|31 
001041 75.4 014100 013382 gi|17 007523 008238 gi|53 
000450 73.7 013457 014065 gi|17 005204 005800 gi|25 
000376 74.3 013464 014149 gi|17 005497 006160 gi|35 
000368 75.4 014041 013737 gi|17 028399 028694 gi|24 
000401 74.6 013749 013996 gi|17 007425 007670 gi|49 
000319 73.9 013808 013995 gi|17 029439 029626 gi|63 
000265 72.8 015869 014361 gi|17 005443 007009 gi|53 
000290 74.3 014686 014876 gi|17 030416 030606 gi|63 
000697 71.9 038813 039959 gi|17 031409 032554 gi|26 
000322 79.3 003413 003504 gi|20 014041 014132 gi|57 
000337 88.1 003499 003416 gi|20 013028 013106 gi|67 
000251 82.1 003499 003416 gi|20 016302 016380 gi|39 
000314 82.9 003527 003417 gi|20 017288 017393 gi|63 
000272 86.1 003433 003511 gi|20 026929 027012 gi|21 
000282 75.3 006388 006549 gi|20 040012 040172 gi|51 
000580 84.9 016072 015762 gi|20 024932 025202 gi|38 
000253 79.7 015972 015914 gi|20 006013 006071 gi|33 
000537 81.7 016087 015924 gi|20 004048 004225 gi|74 
000480 82.0 016085 015925 gi|20 016215 016375 gi|52 
000372 81.7 016051 015932 gi|20 004017 004148 gi|74 
000377 82.4 016024 015934 gi|20 024916 025011 gi|38 
000351 80.0 016036 015947 gi|20 016195 016291 gi|52 
000347 87.2 016024 015947 gi|20 016149 016230 gi|52 
000384 85.4 016086 015991 gi|20 004119 004214 gi|74 
000275 79.0 016068 015993 gi|20 005975 006051 gi|33 
000305 88.0 016085 015994 gi|20 024982 025072 gi|38 
000338 81.7 015997 016056 gi|20 031563 031622 gi|53 
000290 84.3 016013 016082 gi|20 031703 031768 gi|53 
000588 80.3 016634 016047 gi|20 011880 012481 gi|46 
000274 73.2 016111 016192 gi|20 002187 002268 gi|32 
000315 77.1 016537 016289 gi|20 012360 012612 gi|46 
000843 85.2 016309 016613 gi|20 034557 034890 gi|21 
000335 83.9 016754 016643 gi|20 027799 027908 gi|37 
000327 85.4 019233 019314 gi|20 002320 002397 gi|47 
000299 84.2 019233 019314 gi|20 034619 034696 gi|70 
000262 72.0 020622 020728 gi|20 030801 030909 gi|72 
000275 74.4 020634 020805 gi|20 015319 015490 gi|48 
000300 82.9 031375 031538 gi|20 019313 019462 gi|50 
000324 79.7 036783 036900 gi|20 030265 030388 gi|57 
015637 98.4 012658 010874 gi|13 003594 005384 gi|47 
000438 76.3 012459 012631 gi|13 034280 034452 gi|62 
001334 92.4 013250 013027 gi|13 002991 003221 gi|47 
000573 78.5 013059 013398 gi|13 034865 035195 gi|62 
000357 80.5 014045 013544 gi|13 002249 002726 gi|47 
000818 74.7 016990 017853 gi|13 038954 039820 gi|71 
000654 73.8 017719 017056 gi|13 000004 000675 gi|45 
000781 73.2 017897 017068 gi|13 000711 001547 gi|45 
002135 74.4 019403 017858 gi|13 000004 001543 gi|45 
001037 71.1 018048 018705 gi|13 039181 039837 gi|71 
000688 70.0 018539 018057 gi|13 000013 000494 gi|45 
001875 76.2 018720 019666 gi|13 039019 039952 gi|71 
002303 76.3 020389 018766 gi|13 000004 001510 gi|45 
000722 80.5 019616 019407 gi|13 039966 040178 gi|53 
000532 76.7 019626 020576 gi|13 038948 039861 gi|71 
000543 76.1 020623 019746 gi|13 000662 001507 gi|45 
000697 78.2 036494 035884 gi|13 015054 015658 gi|65 
000486 76.3 036582 036148 gi|13 016075 016515 gi|65 
000859 73.0 037260 037899 gi|13 029061 029708 gi|63 
000422 78.2 037838 037329 gi|13 015203 015699 gi|48 
000258 72.0 037344 037728 gi|13 012763 013161 gi|49 
000340 80.0 037387 037811 gi|13 011819 012264 gi|49 
000317 74.7 037809 037391 gi|13 013253 013669 gi|18 
000488 72.2 037424 037913 gi|13 006182 006700 gi|49 
000416 79.3 037811 037455 gi|13 030717 031073 gi|72 
000407 74.7 037595 037811 gi|13 025156 025372 gi|15 
000336 74.5 037735 037626 gi|13 034039 034148 gi|48 
000520 72.6 037875 037628 gi|13 035330 035577 gi|23 
000595 77.6 038289 039391 gi|13 030123 031227 gi|63 
000463 77.6 002454 001977 gi|11 014896 015381 gi|27 
000992 74.4 003393 002793 gi|11 013967 014563 gi|27 
000289 69.2 004269 004476 gi|11 039830 040045 gi|64 
000256 77.1 007324 007524 gi|11 038123 038323 gi|17 
000459 77.6 009487 009696 gi|11 005943 006155 gi|50 
000444 74.5 011493 010205 gi|11 001261 002568 gi|25 
001203 73.9 012515 011704 gi|11 000168 000977 gi|25 
000857 76.1 013087 012665 gi|11 039723 040142 gi|38 
000323 77.0 014955 014712 gi|11 002531 002774 gi|25 
000262 74.9 018121 018423 gi|11 039772 040066 gi|67 
001533 74.5 020887 022709 gi|11 012577 014423 gi|39 
001484 73.8 022301 020908 gi|11 019457 020860 gi|25 
001015 75.5 003303 004571 gi|10 030403 031671 gi|36 
000765 77.5 003494 004568 gi|10 031878 032943 gi|36 
000272 76.1 004697 005427 gi|10 001610 002378 gi|12 
001832 76.8 004728 006079 gi|10 015087 016396 gi|48 
000425 70.0 004757 005089 gi|10 035289 035627 gi|23 
000522 73.0 005208 004760 gi|10 037465 037913 gi|13 
000290 79.7 004815 005173 gi|10 004784 005146 gi|58 
000369 72.2 005390 004855 gi|10 029092 029627 gi|63 
000387 77.0 004858 005131 gi|10 007630 007897 gi|53 
000312 73.9 005462 004862 gi|10 039324 039933 gi|34 
000250 81.2 004927 005038 gi|10 034033 034142 gi|48 
000338 71.3 004937 005086 gi|10 028526 028675 gi|24 
000389 75.0 004940 005400 gi|10 013329 013785 gi|18 
000356 73.5 004942 005073 gi|10 022678 022809 gi|38 
000355 74.2 005092 004942 gi|10 007426 007579 gi|49 
000351 80.7 005139 004943 gi|10 006323 006515 gi|49 
000255 81.0 005038 004955 gi|10 009985 010068 gi|17 
000325 79.4 004957 005082 gi|10 023712 023841 gi|53 
000257 74.7 004958 005052 gi|10 027738 027832 gi|43 
000265 87.5 005230 005341 gi|10 012528 012632 gi|72 
000549 74.6 007308 008444 gi|10 027256 028392 gi|71 
000324 81.6 011008 011148 gi|10 015949 016077 gi|20 
000302 74.6 011148 011035 gi|10 004058 004171 gi|74 
003441 76.2 014309 013275 gi|10 021920 022967 gi|47 
007064 80.1 016802 014742 gi|10 020942 022982 gi|47 
000278 75.7 016834 015979 gi|10 034214 035089 gi|41 
000376 71.5 020878 020567 gi|10 008357 008672 gi|55 
000271 76.3 020630 020857 gi|10 018376 018597 gi|23 
000304 82.9 022589 022438 gi|10 000098 000256 gi|37 
000353 82.8 022477 022575 gi|10 026518 026611 gi|32 
000292 79.4 022591 022485 gi|10 034912 035017 gi|70 
000263 84.1 022498 022566 gi|10 000105 000184 gi|37 
000270 87.9 022561 022504 gi|10 015518 015577 gi|24 
000617 71.5 022651 023246 gi|10 033843 034440 gi|48 
000250 76.5 024715 024435 gi|10 015764 016045 gi|46 
001067 72.1 024460 025137 gi|10 033878 034555 gi|48 
000311 75.0 024502 024721 gi|10 028402 028627 gi|24 
000269 82.3 024726 024614 gi|10 037627 037738 gi|13 
000981 86.7 026497 026273 gi|10 000156 000387 gi|36 
000281 84.5 026392 026322 gi|10 024214 024287 gi|68 
000441 90.1 026322 026392 gi|10 011477 011546 gi|37 
000357 88.4 026324 026392 gi|10 008482 008557 gi|70 
000275 80.4 026342 026392 gi|10 028005 028055 gi|39 
000380 92.0 026392 026343 gi|10 025316 025365 gi|33 
000256 83.0 026389 026343 gi|10 006116 006162 gi|75 
000290 83.7 026344 026392 gi|10 008612 008660 gi|38 
000307 85.7 026344 026392 gi|10 007332 007380 gi|39 
000365 93.9 026344 026392 gi|10 009939 009988 gi|35 
000386 81.0 026444 026345 gi|10 007118 007228 gi|51 
000380 83.9 026376 026462 gi|10 021126 021204 gi|72 
000375 85.5 026453 026392 gi|10 030494 030554 gi|33 
000356 89.8 026441 026393 gi|10 024102 024150 gi|68 
000888 96.2 026393 026497 gi|10 034842 034946 gi|38 
000555 85.1 026393 026540 gi|10 008986 009144 gi|38 
000642 90.7 026393 026500 gi|10 033459 033566 gi|15 
000503 82.7 026393 026728 gi|10 019203 019563 gi|15 
000629 84.7 026393 026562 gi|10 028118 028283 gi|39 
000292 82.3 026404 026561 gi|10 011610 011813 gi|37 
000311 87.5 026442 026489 gi|10 009286 009333 gi|12 
000978 80.0 026663 026952 gi|10 026502 026784 gi|32 
000291 89.3 026680 026763 gi|10 015471 015559 gi|24 
000449 87.0 026820 026683 gi|10 000080 000209 gi|37 
000904 78.7 026948 026686 gi|10 034759 035017 gi|70 
000258 78.7 026699 026792 gi|10 000105 000205 gi|37 
000299 82.7 026779 026705 gi|10 015502 015577 gi|24 
000275 93.8 026758 026711 gi|10 026564 026605 gi|32 
001173 74.9 030937 029631 gi|10 024853 026170 gi|72 
000781 74.6 034795 033404 gi|10 026772 028197 gi|73 
003201 73.9 033439 034815 gi|10 027120 028490 gi|68 
000584 75.9 034197 033471 gi|10 022641 023373 gi|30 
000314 73.4 034178 034036 gi|10 007398 007539 gi|68 
002237 72.0 034987 036671 gi|10 037921 039600 gi|19 
000318 84.6 037221 037105 gi|10 017296 017418 gi|63 
000266 80.6 037295 037131 gi|10 016224 016376 gi|39 
000386 88.5 037131 037208 gi|10 014050 014128 gi|57 
000307 83.2 037261 037131 gi|10 012987 013102 gi|67 
000325 85.2 037141 037221 gi|10 026929 027011 gi|21 
000431 71.5 001418 001841 gi|1 026588 027008 gi|30 
000297 78.3 002558 002714 gi|1 025597 025764 gi|36 
000290 79.8 004164 004252 gi|1 032164 032252 gi|63 
000268 74.6 009351 008986 gi|1 000008 000385 gi|46 
000290 68.3 035752 035890 gi|1 031736 031879 gi|63 
001582 82.1 037199 037567 gi|1 002032 002402 gi|47 
001764 87.5 037219 037563 gi|1 034333 034697 gi|70 
001106 85.2 037578 037276 gi|1 025077 025365 gi|47 
000319 83.3 037485 037562 gi|1 019233 019314 gi|20 
000504 94.4 037492 037563 gi|1 022914 022985 gi|14 
000281 80.0 037494 037563 gi|1 024347 024416 gi|65 
000283 76.5 038187 038120 gi|1 023342 023407 gi|47 
000824 79.8 039830 040175 gi|1 013846 014198 gi|13 
000586 84.3 039866 040178 gi|1 006596 006931 gi|13 
000646 84.0 039916 040178 gi|1 005529 005815 gi|13 
000455 79.0 039948 040175 gi|1 004435 004662 gi|13 
000606 81.6 039951 040178 gi|1 008816 009047 gi|13 
000532 79.8 039961 040178 gi|1 003158 003375 gi|13 
000503 82.9 039966 040175 gi|1 009898 010108 gi|13 
000451 75.2 039977 040178 gi|1 000764 000966 gi|13 
000416 81.6 039977 040177 gi|1 001749 001951 gi|13 
000555 84.9 039980 040178 gi|1 007764 007969 gi|13 
000469 77.0 008770 008917 gi|7 020242 020388 gi|56 
001133 95.7 024538 024675 gi|7 026035 026177 gi|27 
003481 85.6 025397 024538 gi|7 022370 023197 gi|48 
001124 95.7 024675 024538 gi|7 007341 007483 gi|8 
000490 93.8 024612 024675 gi|7 026393 026455 gi|27 
000485 92.3 024612 024676 gi|7 026671 026734 gi|27 
000415 89.5 024612 024678 gi|7 026928 026996 gi|27 
000479 81.0 024766 024683 gi|7 026376 026458 gi|48 
000553 73.3 025027 024684 gi|7 022080 022434 gi|48 
001035 75.6 025423 024685 gi|7 021569 022343 gi|48 
000879 81.8 025421 024687 gi|7 021960 022707 gi|48 
000893 75.9 025416 024690 gi|7 022164 022868 gi|48 
003940 91.3 025423 024692 gi|7 022257 022947 gi|48 
000992 83.0 025080 024692 gi|7 021109 021467 gi|48 
000505 75.4 025419 024692 gi|7 021480 022239 gi|48 
000453 72.6 024859 024692 gi|7 026374 026544 gi|48 
000302 74.7 024932 024692 gi|7 026373 026602 gi|47 
000281 72.8 025218 024697 gi|7 026446 026961 gi|47 
000676 76.9 025300 024712 gi|7 020997 021541 gi|48 
000470 75.5 025046 024712 gi|7 026529 026851 gi|47 
000363 73.5 025063 024720 gi|7 020705 021046 gi|48 
000342 74.1 024927 024731 gi|7 026452 026654 gi|47 
000908 74.4 025415 024732 gi|7 021314 021997 gi|48 
000372 74.0 025309 024732 gi|7 021150 021694 gi|48 
000554 76.3 025423 024735 gi|7 021873 022561 gi|48 
000473 80.2 025002 024761 gi|7 026329 026570 gi|48 
000768 77.0 025396 024784 gi|7 022455 023039 gi|48 
000620 75.6 025419 024784 gi|7 021788 022427 gi|48 
000380 75.0 025359 024784 gi|7 022119 022702 gi|48 
000276 77.1 025045 024858 gi|7 026375 026552 gi|48 
000257 81.5 024927 024863 gi|7 008468 008533 gi|46 
000621 82.0 025413 024864 gi|7 022533 023041 gi|48 
000276 83.9 024977 024866 gi|7 039828 039935 gi|33 
000382 77.1 025359 024871 gi|7 026498 026961 gi|47 
000328 75.2 025421 024906 gi|7 021220 021694 gi|48 
000374 79.7 025040 024908 gi|7 012675 012795 gi|8 
000354 74.1 025137 024964 gi|7 020520 020722 gi|48 
000487 74.8 025220 024967 gi|7 022795 023044 gi|48 
000314 79.6 025238 025053 gi|7 012645 012848 gi|8 
000449 80.7 025301 025110 gi|7 022811 022996 gi|48 
000351 76.4 025305 025111 gi|7 026456 026649 gi|47 
000356 77.7 025317 025143 gi|7 026375 026549 gi|48 
000389 77.8 025413 025148 gi|7 022795 023039 gi|48 
000337 83.6 025326 025181 gi|7 026704 026839 gi|47 
000282 74.6 025416 025220 gi|7 026795 026989 gi|47 
000438 75.8 025411 025230 gi|7 022878 023053 gi|48 
000897 86.7 025447 025245 gi|7 026355 026544 gi|48 
016495 97.4 027174 025255 gi|7 010913 012839 gi|8 
000304 77.9 025417 025323 gi|7 026468 026563 gi|48 
000514 82.1 025423 025329 gi|7 022959 023055 gi|48 
048990 99.2 025426 030802 gi|7 021040 026442 gi|27 
017038 99.6 027262 025426 gi|7 026468 028300 gi|48 
030672 99.3 030534 027180 gi|7 023057 026455 gi|48 
000324 82.7 027283 027180 gi|7 022246 022342 gi|48 
000312 77.1 027262 027180 gi|7 022063 022144 gi|48 
000384 80.2 027280 027185 gi|7 022148 022241 gi|48 
000282 75.6 027268 027187 gi|7 022958 023039 gi|48 
001231 100.0 027404 027261 gi|7 010596 010739 gi|8 
030443 99.7 030668 027399 gi|7 007211 010484 gi|8 
003010 95.4 030473 031079 gi|7 026671 027287 gi|27 
002787 97.3 030473 030802 gi|7 026393 026720 gi|27 
000632 90.0 030473 030562 gi|7 026928 027016 gi|27 
000339 90.0 030753 030802 gi|7 026114 026164 gi|27 
000339 90.0 030802 030753 gi|7 023068 023118 gi|48 
000339 90.0 030802 030753 gi|7 007354 007404 gi|8 
000436 87.4 030859 030773 gi|7 024797 024885 gi|33 
000301 82.6 030877 030786 gi|7 024395 024487 gi|71 
000278 78.5 030877 030799 gi|7 030355 030434 gi|71 
000414 91.4 030800 030857 gi|7 003191 003248 gi|38 
000253 80.7 030859 030803 gi|7 038793 038850 gi|66 
000327 90.2 030806 030856 gi|7 018860 018910 gi|24 
000295 79.7 030979 030852 gi|7 030900 031020 gi|37 
000407 80.2 030970 030880 gi|7 015622 015712 gi|70 
000406 80.7 030880 030967 gi|7 030395 030482 gi|68 
000406 80.7 030967 030880 gi|7 005804 005891 gi|12 
000406 80.7 030880 030967 gi|7 022944 023031 gi|12 
000383 79.1 030970 030880 gi|7 023297 023387 gi|73 
000423 84.6 030967 030890 gi|7 029719 029796 gi|72 
000357 84.6 030890 030967 gi|7 023172 023251 gi|14 
000267 85.7 030920 030975 gi|7 035958 036010 gi|9 
001139 74.3 035420 034179 gi|7 003442 004689 gi|60 
002075 77.6 038155 038908 gi|7 033256 034035 gi|55 
002330 76.8 038156 039926 gi|7 032256 033963 gi|37 
001900 79.2 039041 039926 gi|7 034343 035212 gi|55 
000578 78.6 001805 002257 gi|8 036867 037286 gi|55 
000429 78.8 006144 005895 gi|8 004989 005241 gi|67 
031467 99.1 010782 007211 gi|8 022813 026308 gi|27 
001624 96.9 007404 007211 gi|8 026393 026586 gi|27 
001255 95.4 007404 007211 gi|8 026671 026843 gi|27 
000615 88.9 007404 007315 gi|8 026928 027016 gi|27 
029915 99.2 007343 010739 gi|8 023057 026376 gi|48 
016667 99.7 012660 010871 gi|8 021039 022845 gi|27 
016280 99.5 010912 012660 gi|8 026556 028301 gi|48 
000835 81.9 012662 012854 gi|8 026524 026700 gi|47 
000429 80.1 012663 012858 gi|8 022628 022798 gi|48 
000302 76.7 012686 012848 gi|8 022451 022618 gi|48 
000273 79.3 012686 012796 gi|8 026813 026924 gi|47 
000252 81.2 030424 030508 gi|8 004593 004674 gi|49 
000283 75.2 032057 031727 gi|8 035169 035499 gi|12 
000417 96.3 032575 032628 gi|8 020411 020464 gi|48 
000317 75.3 019254 019166 gi|15 007118 007211 gi|51 
000302 88.2 019255 019180 gi|15 030502 030576 gi|33 
000373 88.2 019185 019252 gi|15 021116 021187 gi|72 
001415 95.1 019186 019369 gi|15 008969 009152 gi|38 
000559 85.5 019201 019365 gi|15 028116 028264 gi|39 
000358 88.2 019251 019201 gi|15 024102 024152 gi|68 
000476 98.1 019203 019255 gi|15 034842 034894 gi|38 
000501 100.0 019255 019203 gi|15 000208 000260 gi|36 
000653 89.8 019214 019360 gi|15 011610 011799 gi|37 
000412 79.0 019263 019376 gi|15 035041 035160 gi|75 
000810 95.9 019264 019361 gi|15 035006 035103 gi|38 
000430 86.7 019264 019338 gi|15 008751 008822 gi|38 
000337 100.0 019301 019264 gi|15 000001 000038 gi|36 
000596 84.2 019265 019365 gi|15 004569 004668 gi|36 
000376 85.4 019354 019266 gi|15 024839 024924 gi|33 
000562 84.0 019385 019267 gi|15 030209 030334 gi|33 
000273 88.2 019365 019315 gi|15 000532 000582 gi|70 
000980 72.1 022842 023650 gi|15 028583 029392 gi|71 
000346 77.8 023885 023688 gi|15 024106 024309 gi|68 
000352 76.6 023729 023822 gi|15 009931 010025 gi|35 
000854 85.9 023732 023887 gi|15 011493 011648 gi|37 
000706 80.0 023736 023895 gi|15 008507 008667 gi|70 
000655 81.7 023888 023736 gi|15 025214 025366 gi|33 
000272 71.3 023737 023830 gi|15 028006 028100 gi|39 
000371 75.3 025420 024660 gi|15 013203 013962 gi|18 
000351 74.5 024819 025421 gi|15 039387 039982 gi|34 
000277 75.6 024837 024914 gi|15 014566 014643 gi|74 
000351 79.5 025175 025393 gi|15 012067 012289 gi|49 
000266 73.2 025181 025426 gi|15 006408 006656 gi|49 
000270 76.3 025423 025226 gi|15 024348 024542 gi|53 
000260 80.0 028772 028693 gi|15 018628 018701 gi|32 
000260 80.0 028772 028693 gi|15 025723 025796 gi|32 
001633 83.9 031191 031525 gi|15 016848 017183 gi|63 
000346 87.5 033429 033508 gi|15 021117 021187 gi|72 
000404 75.6 033563 033441 gi|15 030449 030576 gi|33 
001040 94.0 033448 033665 gi|15 008973 009148 gi|38 
000337 80.0 033510 033451 gi|15 007118 007177 gi|51 
000671 88.8 033457 033563 gi|15 028116 028218 gi|39 
000343 86.3 033507 033457 gi|15 024102 024152 gi|68 
000665 91.3 033459 033562 gi|15 034842 034946 gi|38 
000720 80.7 033459 033665 gi|15 004448 004668 gi|36 
000705 88.0 033608 033459 gi|15 000115 000260 gi|36 
000902 89.0 033470 033660 gi|15 011610 011799 gi|37 
001350 91.4 033489 033685 gi|15 034926 035126 gi|38 
000519 80.0 033504 033638 gi|15 008690 008822 gi|38 
001014 86.4 033665 033504 gi|15 030233 030396 gi|33 
000842 96.9 033601 033504 gi|15 000001 000098 gi|36 
000313 72.4 033562 033666 gi|15 035040 035144 gi|75 
000337 84.3 033654 033572 gi|15 024839 024918 gi|33 
000288 88.0 033616 033665 gi|15 028217 028264 gi|39 
006645 98.5 033707 034496 gi|15 022753 023558 gi|70 
001613 72.3 009094 007632 gi|2 009127 010600 gi|29 
000481 74.7 011196 010493 gi|2 025240 025940 gi|16 
000537 77.5 012305 012646 gi|2 000588 000938 gi|27 
000421 77.1 012854 012327 gi|2 014507 015024 gi|3 
000575 73.5 012328 012651 gi|2 007477 007803 gi|73 
000408 75.0 012654 012331 gi|2 035624 035955 gi|4 
000522 77.0 012662 012332 gi|2 010776 011109 gi|34 
000278 78.2 012343 012571 gi|2 026269 026503 gi|37 
000427 74.7 012410 012654 gi|2 011967 012219 gi|73 
000290 80.4 018534 018438 gi|2 027738 027825 gi|43 
000292 70.9 021542 021682 gi|2 014452 014586 gi|12 
000261 73.0 023676 023514 gi|2 030826 030988 gi|65 
000283 91.3 029234 029166 gi|2 026947 027015 gi|40 
001002 78.9 034214 033219 gi|2 014034 015010 gi|68 
000419 76.9 019096 018729 gi|14 031078 031405 gi|59 
001744 97.9 022701 022935 gi|14 028487 028715 gi|68 
000689 92.8 022807 022711 gi|14 023847 023943 gi|73 
000881 100.0 022819 022715 gi|14 030459 030564 gi|72 
001689 94.7 022978 022716 gi|14 017207 017464 gi|70 
000304 78.2 022721 022798 gi|14 022922 023000 gi|74 
000272 91.1 022789 022745 gi|14 028528 028572 gi|68 
000272 91.1 022745 022789 gi|14 017390 017434 gi|70 
000272 91.1 022745 022789 gi|14 030490 030534 gi|72 
000274 89.6 022745 022792 gi|14 023866 023913 gi|73 
000426 89.0 022993 022894 gi|14 025084 025179 gi|47 
000347 83.1 022908 022984 gi|14 019235 019314 gi|20 
000296 84.4 022909 023030 gi|14 024340 024455 gi|65 
000586 98.6 022914 022985 gi|14 034626 034697 gi|70 
000469 88.9 022914 022985 gi|14 002327 002398 gi|47 
000956 87.2 022940 023501 gi|14 030231 030702 gi|68 
001015 92.7 023286 022986 gi|14 015594 015828 gi|70 
000872 98.0 023085 022986 gi|14 029939 030038 gi|72 
001023 95.5 023119 022986 gi|14 023371 023503 gi|73 
001535 90.3 023333 023065 gi|14 029636 029899 gi|72 
000709 86.2 023180 023065 gi|14 030046 030157 gi|71 
000305 79.7 023099 023167 gi|14 030211 030279 gi|68 
000564 83.8 023262 023133 gi|14 030901 031022 gi|37 
000638 93.0 023263 023164 gi|14 023287 023385 gi|73 
000251 76.8 023168 023266 gi|14 038360 038458 gi|75 
000322 90.1 023262 023192 gi|14 030425 030495 gi|68 
000302 88.7 023192 023262 gi|14 015613 015682 gi|70 
000309 86.4 023197 023262 gi|14 023297 023357 gi|73 
000333 89.2 023198 023262 gi|14 029717 029776 gi|72 
000264 74.8 024326 024714 gi|14 025904 026278 gi|49 
000308 75.9 024512 024714 gi|14 008871 009076 gi|48 
000286 86.9 036380 036297 gi|14 023801 023901 gi|15 
000352 91.3 036380 036312 gi|14 011562 011649 gi|37 
000313 88.1 036314 036380 gi|14 025216 025300 gi|33 
000310 87.3 036389 036319 gi|14 008566 008636 gi|70 
000275 77.9 012868 012792 gi|19 008922 008998 gi|24 
000257 84.8 020594 020549 gi|19 031581 031627 gi|53 
000303 95.0 020594 020555 gi|19 016015 016055 gi|20 
000349 76.8 021700 021503 gi|19 015932 016117 gi|20 
000531 78.4 021548 021700 gi|19 004063 004215 gi|74 
000281 76.5 021648 021568 gi|19 031543 031621 gi|53 
000267 76.3 021761 021568 gi|19 031556 031745 gi|53 
000764 81.5 021578 021761 gi|19 004023 004215 gi|74 
000329 78.8 021589 021701 gi|19 024964 025077 gi|38 
000313 79.8 021590 021762 gi|19 024904 025077 gi|38 
000383 80.7 021744 021595 gi|19 014629 014783 gi|59 
000512 80.9 021761 021605 gi|19 015932 016086 gi|20 
000304 81.0 021622 021700 gi|19 005975 006055 gi|33 
000333 81.2 021700 021637 gi|19 031556 031622 gi|53 
000283 79.0 021812 021637 gi|19 031566 031746 gi|53 
000617 80.0 021642 021861 gi|19 004017 004255 gi|74 
000263 77.8 021656 021831 gi|19 024904 025083 gi|38 
000258 86.0 021710 021661 gi|19 014726 014783 gi|59 
000478 80.8 021831 021671 gi|19 015924 016085 gi|20 
000276 82.4 021688 021761 gi|19 005981 006055 gi|33 
000434 79.4 021700 021835 gi|19 004017 004156 gi|74 
000409 81.9 021825 021732 gi|19 015986 016085 gi|20 
000257 78.3 021749 021831 gi|19 005981 006063 gi|33 
001551 74.4 035656 031948 gi|19 000127 003862 gi|55 
000271 91.5 001260 001330 gi|5 024536 024603 gi|24 
013373 99.7 001290 002816 gi|5 018947 020471 gi|48 
000425 100.0 001294 001342 gi|5 020049 020097 gi|67 
000469 86.6 001448 001337 gi|5 013946 014064 gi|57 
000269 78.6 002708 002550 gi|5 035137 035296 gi|70 
000417 96.2 002755 002807 gi|5 032575 032627 gi|8 
000935 81.7 003039 002821 gi|5 024728 024958 gi|7 
000499 77.9 003343 002823 gi|5 024784 025337 gi|7 
000330 77.0 002826 003168 gi|5 026521 026851 gi|47 
000335 79.6 002834 003000 gi|5 026368 026555 gi|48 
000296 77.3 002837 003343 gi|5 022434 022947 gi|48 
001006 84.1 002839 003039 gi|5 022793 023003 gi|48 
000452 77.5 002841 003183 gi|5 021316 021639 gi|48 
001704 78.2 003500 002841 gi|5 024538 025220 gi|7 
000257 78.1 002913 002841 gi|5 025341 025413 gi|7 
000471 76.2 002851 003261 gi|5 026452 026865 gi|47 
000257 81.5 002851 002915 gi|5 008468 008533 gi|46 
000258 75.8 002854 002952 gi|5 022278 022387 gi|48 
000359 82.8 002855 002912 gi|5 022890 022947 gi|48 
000366 79.6 002952 002855 gi|5 024731 024841 gi|7 
000563 78.6 002857 003346 gi|5 022371 022869 gi|48 
000352 75.2 002857 003227 gi|5 022081 022468 gi|48 
000877 86.3 002858 003084 gi|5 020921 021135 gi|48 
000432 75.2 002858 003345 gi|5 021893 022429 gi|48 
000351 84.2 002858 002914 gi|5 022985 023041 gi|48 
000328 72.0 002858 003168 gi|5 021507 021845 gi|48 
000318 75.9 002858 003346 gi|5 020997 021470 gi|48 
000351 84.2 002914 002858 gi|5 024690 024746 gi|7 
000301 75.8 002859 003168 gi|5 021245 021541 gi|48 
000776 79.5 002886 003197 gi|5 022760 023048 gi|48 
000329 78.5 002894 003261 gi|5 021449 021859 gi|48 
000326 77.1 002921 003344 gi|5 021795 022240 gi|48 
000900 83.9 002922 003188 gi|5 021143 021387 gi|48 
000270 79.6 002929 003149 gi|5 020914 021095 gi|48 
000726 80.4 002931 003344 gi|5 022076 022511 gi|48 
000851 83.1 003197 002937 gi|5 024683 024920 gi|7 
000309 79.7 002942 003261 gi|5 021257 021555 gi|48 
000293 73.9 003227 003002 gi|5 025190 025415 gi|7 
000553 81.1 003093 003224 gi|5 026350 026499 gi|48 
000293 74.0 003188 003093 gi|5 027187 027287 gi|7 
000357 80.3 003116 003343 gi|5 021876 022137 gi|48 
030267 97.5 003117 006756 gi|5 022795 026376 gi|48 
000483 80.3 003344 003117 gi|5 025147 025413 gi|7 
000250 74.7 003118 003188 gi|5 026473 026544 gi|48 
000756 86.3 003276 003131 gi|5 024141 024290 gi|62 
001437 99.3 003202 003356 gi|5 026373 026527 gi|47 
000773 98.8 003275 003361 gi|5 008462 008549 gi|46 
030330 99.2 006799 003354 gi|5 022813 026181 gi|27 
000475 91.2 003421 003354 gi|5 026393 026459 gi|27 
029316 99.7 006501 003354 gi|5 027399 030540 gi|7 
049673 99.6 003357 008679 gi|5 007340 012662 gi|8 
000472 93.5 003421 003360 gi|5 026671 026731 gi|27 
000404 88.7 003421 003360 gi|5 026928 026988 gi|27 
000342 90.2 003421 003371 gi|5 030753 030802 gi|7 
000474 83.0 006457 006609 gi|5 010710 010863 gi|8 
001231 100.0 006756 006613 gi|5 027261 027404 gi|7 
000472 81.2 006727 006880 gi|5 010440 010592 gi|8 
016755 99.5 008745 006888 gi|5 020970 022845 gi|27 
016397 97.9 006929 008903 gi|5 026556 028588 gi|48 
016401 99.9 008676 006930 gi|5 025426 027174 gi|7 
000259 92.5 008634 008686 gi|5 027123 027173 gi|7 
000458 74.6 010406 011692 gi|5 027172 028454 gi|71 
000278 73.9 010444 011655 gi|5 007259 008476 gi|10 
000544 76.0 010684 011620 gi|5 021924 022860 gi|72 
000397 73.8 018702 020508 gi|5 014802 016641 gi|51 
000985 75.3 021685 020916 gi|5 019367 020139 gi|46 
007793 98.0 029791 028829 gi|5 029000 029989 gi|68 
007691 98.3 028829 029792 gi|5 015991 016963 gi|70 
003490 96.8 029328 028829 gi|5 037602 038096 gi|57 
001422 93.2 028829 029018 gi|5 023666 023855 gi|73 
002701 98.4 029476 029792 gi|5 030042 030358 gi|72 
001507 76.0 033267 032133 gi|5 038366 039494 gi|30 
000433 77.9 032320 032695 gi|5 000102 000490 gi|18 
000259 76.8 001717 001953 gi|12 013183 013423 gi|18 
000469 81.6 001956 001734 gi|12 013811 014036 gi|17 
000360 80.6 001745 001955 gi|12 007594 007811 gi|53 
000257 75.2 001953 001752 gi|12 039758 039976 gi|34 
000263 75.3 001760 002038 gi|12 028414 028705 gi|24 
000356 79.0 001780 002356 gi|12 015222 015777 gi|48 
000339 84.2 001781 001963 gi|12 004846 005035 gi|58 
000252 71.0 001783 001989 gi|12 030716 030928 gi|72 
000380 78.2 001996 001841 gi|12 007445 007602 gi|49 
000301 82.1 001851 001956 gi|12 035465 035572 gi|23 
000384 78.7 002324 001861 gi|12 005211 005641 gi|25 
000309 77.3 002375 001877 gi|12 005457 005911 gi|35 
000829 86.5 005891 005574 gi|12 030395 030708 gi|68 
000766 88.8 005668 005891 gi|12 015500 015712 gi|70 
002861 94.5 005698 006112 gi|12 029608 030027 gi|72 
000255 83.5 005892 005748 gi|12 038352 038486 gi|75 
001519 91.4 005984 005752 gi|12 023065 023309 gi|14 
000764 95.1 005790 005891 gi|12 023287 023387 gi|73 
000263 85.9 005791 005861 gi|12 030425 030495 gi|68 
000271 84.6 005855 005791 gi|12 029717 029776 gi|72 
000330 90.1 005791 005861 gi|12 023192 023262 gi|14 
000263 87.9 005856 005791 gi|12 023297 023357 gi|73 
000528 81.5 005791 005920 gi|12 030901 031022 gi|37 
000259 92.9 005858 005803 gi|12 006426 006480 gi|39 
000959 90.7 005873 006001 gi|12 030046 030174 gi|71 
000274 76.8 005954 005886 gi|12 030211 030279 gi|68 
000424 91.0 005961 006027 gi|12 011647 011712 gi|37 
000388 82.3 006046 005968 gi|12 030378 030453 gi|33 
000404 89.8 005969 006027 gi|12 008691 008750 gi|38 
000416 82.3 006047 005969 gi|12 000079 000157 gi|36 
000334 80.7 005969 006030 gi|12 004508 004569 gi|36 
000380 86.0 006028 005972 gi|12 030449 030505 gi|33 
000478 100.0 005973 006023 gi|12 018434 018484 gi|44 
000703 94.4 006024 006112 gi|12 015730 015818 gi|70 
000678 94.4 006112 006024 gi|12 030288 030377 gi|68 
002402 94.9 006413 006024 gi|12 022715 023085 gi|14 
000728 96.6 006024 006112 gi|12 023405 023492 gi|73 
002557 95.7 006089 006438 gi|12 017140 017486 gi|70 
002578 94.8 006435 006089 gi|12 028470 028822 gi|68 
000918 97.4 006308 006422 gi|12 030459 030572 gi|72 
000655 92.8 006320 006416 gi|12 023847 023942 gi|73 
000299 76.0 006407 006329 gi|12 022922 023000 gi|74 
000272 87.8 006383 006335 gi|12 023865 023913 gi|73 
000271 89.1 006383 006338 gi|12 017389 017434 gi|70 
000271 89.1 006338 006383 gi|12 028528 028573 gi|68 
000271 89.1 006383 006338 gi|12 030489 030534 gi|72 
000266 88.9 006339 006383 gi|12 022745 022789 gi|14 
000255 76.5 007712 007615 gi|12 005302 005402 gi|58 
000356 68.8 008055 008291 gi|12 030022 030258 gi|31 
000260 77.0 008816 009124 gi|12 030773 031073 gi|31 
000269 78.4 008863 009001 gi|12 029975 030113 gi|31 
000445 78.6 009183 009280 gi|12 004466 004564 gi|36 
000392 81.5 009184 009442 gi|12 008643 008911 gi|38 
000292 89.4 009189 009235 gi|12 033525 033569 gi|15 
000256 86.8 009226 009189 gi|12 030338 030375 gi|33 
000280 88.4 009189 009231 gi|12 034967 035011 gi|38 
000296 90.7 009231 009189 gi|12 000033 000077 gi|36 
000324 78.2 009194 009280 gi|12 011619 011710 gi|37 
001034 79.4 009465 009199 gi|12 030210 030477 gi|33 
000612 81.1 009378 009210 gi|12 000001 000172 gi|36 
000532 78.5 009227 009435 gi|12 004455 004661 gi|36 
000677 79.7 009229 009435 gi|12 034893 035100 gi|38 
000256 84.0 009229 009278 gi|12 018435 018484 gi|44 
000443 81.8 009261 009419 gi|12 008669 008826 gi|38 
000598 79.6 009286 009442 gi|12 033508 033665 gi|15 
000317 87.5 009286 009333 gi|12 034891 034938 gi|38 
000333 89.6 009333 009286 gi|12 000164 000211 gi|36 
000293 70.6 009297 009456 gi|12 034992 035163 gi|75 
000553 83.7 009342 009636 gi|12 019265 019556 gi|15 
000509 76.7 009342 009457 gi|12 009048 009163 gi|38 
000303 80.3 009408 009343 gi|12 024860 024924 gi|33 
000431 81.9 009354 009436 gi|12 011713 011798 gi|37 
000267 84.3 009442 009392 gi|12 000532 000582 gi|70 
000312 83.9 009393 009448 gi|12 028217 028270 gi|39 
000582 76.8 015185 014828 gi|12 027783 028140 gi|40 
000318 76.7 014828 015221 gi|12 002231 002627 gi|51 
000378 79.8 015382 014978 gi|12 039312 039704 gi|73 
000630 79.0 019344 019054 gi|12 031307 031614 gi|15 
001052 81.8 019344 019064 gi|12 016965 017228 gi|63 
000804 91.7 022199 022007 gi|12 030459 030625 gi|72 
004123 97.2 022064 022626 gi|12 028471 029024 gi|68 
001644 94.1 022080 022351 gi|12 022711 022978 gi|14 
000590 94.4 022187 022080 gi|12 023847 023943 gi|73 
004020 96.9 022626 022082 gi|12 016938 017466 gi|70 
000335 81.1 022105 022178 gi|12 022927 023000 gi|74 
000250 89.1 022124 022169 gi|12 017389 017434 gi|70 
000250 89.1 022169 022124 gi|12 028528 028573 gi|68 
000250 89.1 022124 022169 gi|12 030489 030534 gi|72 
000253 87.8 022124 022172 gi|12 023865 023913 gi|73 
000861 94.0 022626 022477 gi|12 030333 030476 gi|72 
000882 91.8 022712 022579 gi|12 015815 015950 gi|70 
003952 96.1 022579 023063 gi|12 030030 030514 gi|68 
000802 89.7 022752 022579 gi|12 023447 023625 gi|73 
000882 87.4 022926 022729 gi|12 029939 030142 gi|72 
000264 81.2 022760 022828 gi|12 023099 023167 gi|14 
001090 89.2 022780 023058 gi|12 022940 023277 gi|14 
002026 93.9 023091 022781 gi|12 015560 015887 gi|70 
001914 94.3 023045 022781 gi|12 023287 023562 gi|73 
000435 83.8 023044 022940 gi|12 030901 031000 gi|37 
000281 81.5 022941 023048 gi|12 038354 038458 gi|75 
000905 94.6 023075 022946 gi|12 029676 029804 gi|72 
000263 85.9 023044 022974 gi|12 030425 030495 gi|68 
000330 90.1 023044 022974 gi|12 023192 023262 gi|14 
000259 92.9 022977 023032 gi|12 006426 006480 gi|39 
000263 87.9 022979 023044 gi|12 023297 023357 gi|73 
000271 84.6 022980 023044 gi|12 029717 029776 gi|72 
000339 74.8 023378 024481 gi|12 035558 036613 gi|34 
000381 76.5 023933 024482 gi|12 020257 020832 gi|23 
000282 80.7 029092 028979 gi|12 030901 031005 gi|37 
000368 83.7 029102 029005 gi|12 015598 015700 gi|70 
000364 84.4 029005 029100 gi|12 030407 030510 gi|68 
000348 87.9 029103 029005 gi|12 029689 029794 gi|72 
000359 82.3 029005 029100 gi|12 023174 023277 gi|14 
000342 84.6 029082 029005 gi|12 023297 023375 gi|73 
000255 80.7 029101 029014 gi|12 038370 038464 gi|75 
000271 88.2 029017 029092 gi|12 029704 029781 gi|72 
000255 80.0 029028 029092 gi|12 023297 023362 gi|73 
000279 82.8 029092 029029 gi|12 030420 030484 gi|68 
000271 75.6 030357 029140 gi|12 001348 002583 gi|25 
000400 81.5 033470 033341 gi|12 025270 025400 gi|33 
000387 82.2 033357 033457 gi|12 008481 008591 gi|70 
000520 84.2 033357 033457 gi|12 011476 011580 gi|37 
000268 71.6 033454 033367 gi|12 024183 024270 gi|68 
000483 78.7 033367 033488 gi|12 009931 010050 gi|35 
000310 73.0 033369 033457 gi|12 028001 028089 gi|39 
000326 76.1 035291 035154 gi|12 032724 032861 gi|72 
006650 97.5 037064 036236 gi|12 022711 023547 gi|70 
006674 99.7 037029 036269 gi|12 033707 034468 gi|15 
000304 83.4 002031 002338 gi|29 011892 012172 gi|73 
000450 81.0 002279 002054 gi|29 000453 000675 gi|61 
000396 81.2 002054 002297 gi|29 007498 007714 gi|73 
000265 76.0 002057 002302 gi|29 026281 026508 gi|37 
000319 89.4 002375 002235 gi|29 010797 010931 gi|34 
000264 78.0 024728 024602 gi|29 026674 026809 gi|71 
002282 74.5 035427 034361 gi|29 012852 013919 gi|60 
000292 77.7 036159 036279 gi|29 000826 000946 gi|67 
000263 81.2 036786 036955 gi|29 009660 009815 gi|45 
000364 86.6 036931 036850 gi|29 032160 032249 gi|56 
000474 76.8 001573 000211 gi|3 034375 035732 gi|9 
000552 75.6 000344 001179 gi|3 037513 038347 gi|61 
001004 76.2 000354 001179 gi|3 029174 029996 gi|16 
000543 71.7 004028 004673 gi|3 016839 017481 gi|32 
000352 74.8 005302 004965 gi|3 025468 025818 gi|8 
000314 69.9 005066 005311 gi|3 017904 018151 gi|32 
000496 80.5 005949 006102 gi|3 004089 004244 gi|74 
000278 75.5 005949 006107 gi|3 021645 021786 gi|19 
000322 86.0 006085 005950 gi|3 015924 016047 gi|20 
000276 75.3 005950 006107 gi|3 021576 021725 gi|19 
000280 76.7 005951 006122 gi|3 021705 021867 gi|19 
000376 80.4 005952 006099 gi|3 004023 004172 gi|74 
000259 86.7 006026 006085 gi|3 006005 006063 gi|33 
000266 95.7 006083 006038 gi|3 014603 014649 gi|59 
001168 73.9 007410 006395 gi|3 006183 007196 gi|37 
003709 82.4 015712 014630 gi|3 006777 007871 gi|73 
000287 75.9 015001 014633 gi|3 026282 026658 gi|37 
000962 76.9 015021 014672 gi|3 011896 012241 gi|73 
000583 75.7 014678 015035 gi|3 010770 011126 gi|34 
000742 79.1 014693 015161 gi|3 035621 036051 gi|4 
000712 75.0 015019 014780 gi|3 000615 000863 gi|27 
000342 78.2 015004 014789 gi|3 002055 002297 gi|29 
000272 79.3 015490 015303 gi|3 011698 011889 gi|73 
002712 76.2 017638 015893 gi|3 030735 032494 gi|55 
000501 82.4 018445 019058 gi|3 007215 007783 gi|16 
004562 86.5 034669 035584 gi|3 014855 015769 gi|32 
000459 76.2 000987 000369 gi|18 038444 039053 gi|30 
000561 72.5 009139 009659 gi|18 031498 032018 gi|66 
000289 78.7 013445 013202 gi|18 005529 005776 gi|25 
000340 76.3 013598 013299 gi|18 039589 039874 gi|34 
000441 74.0 013785 013302 gi|18 029086 029558 gi|63 
000250 78.7 013307 013428 gi|18 034009 034144 gi|48 
000335 73.2 013438 013327 gi|18 007472 007586 gi|49 
000283 73.7 013329 013594 gi|18 007715 007983 gi|53 
000287 68.5 013439 013332 gi|18 006408 006515 gi|49 
000308 79.2 019397 019268 gi|18 006849 006983 gi|26 
000291 81.5 019397 019268 gi|18 011987 012121 gi|26 
000266 73.7 021996 021860 gi|18 040032 040168 gi|40 
000273 70.6 021996 021895 gi|18 002998 003099 gi|26 
001123 75.9 024128 023273 gi|18 034504 035353 gi|33 
001996 75.2 026520 025634 gi|18 033621 034512 gi|33 
001124 75.0 034519 035708 gi|18 029810 030993 gi|74 
001185 74.2 037061 036389 gi|18 011414 012079 gi|20 
012070 99.9 009067 007734 gi|28 007974 009305 gi|39 
012046 99.8 009068 007737 gi|28 037658 038990 gi|70 
012061 99.9 007738 009068 gi|28 000320 001649 gi|38 
012073 99.9 007739 009066 gi|28 001664 002991 gi|30 
012051 100.0 009066 007740 gi|28 018453 019778 gi|74 
012024 99.4 007741 009112 gi|28 028008 029374 gi|33 
012000 97.0 007743 009266 gi|28 005731 007267 gi|69 
012033 99.9 007744 009066 gi|28 003437 004759 gi|56 
012032 99.1 012317 010916 gi|28 001666 003046 gi|30 
012075 99.5 012320 010929 gi|28 028005 029379 gi|33 
012065 99.0 012354 010929 gi|28 003411 004840 gi|56 
012055 99.5 010957 012320 gi|28 018424 019783 gi|74 
012038 99.8 012314 010988 gi|28 005732 007058 gi|69 
012031 99.9 010992 012314 gi|28 007975 009297 gi|39 
012052 99.9 012316 010992 gi|28 000323 001647 gi|38 
012027 99.8 010992 012318 gi|28 037660 038986 gi|70 
001069 84.0 003753 003374 gi|32 026651 026981 gi|37 
000767 83.0 007409 007697 gi|32 026643 026896 gi|37 
000819 84.9 026655 026490 gi|32 000078 000245 gi|37 
000290 87.5 026532 026611 gi|32 000105 000181 gi|37 
001380 84.9 026815 026557 gi|32 034720 034984 gi|70 
000486 74.8 005246 005887 gi|25 005533 006175 gi|35 
000368 73.7 005552 005726 gi|25 007490 007664 gi|49 
000323 75.2 005861 005552 gi|25 007500 007806 gi|53 
000270 83.3 005623 005552 gi|25 023716 023787 gi|53 
000331 81.3 013494 013184 gi|25 021813 022123 gi|73 
000375 74.1 014388 014708 gi|25 023278 023604 gi|40 
000324 82.5 014525 014724 gi|25 000132 000331 gi|46 
000399 81.2 019122 019006 gi|25 014588 014717 gi|64 
000463 85.8 019042 019189 gi|25 035083 035250 gi|70 
000413 84.8 019120 019042 gi|25 003719 003799 gi|48 
001278 74.8 020478 019539 gi|25 012967 013906 gi|39 
002674 77.5 033483 034502 gi|25 030777 031790 gi|64 
000611 77.4 034090 034567 gi|25 032096 032586 gi|64 
000579 82.2 034692 035022 gi|25 032587 032908 gi|64 
000271 81.5 012296 012398 gi|23 025592 025704 gi|75 
002217 73.8 019213 018010 gi|23 007752 008972 gi|55 
005132 76.7 023566 025758 gi|23 019054 021259 gi|37 
000723 76.4 023657 024020 gi|23 001474 001840 gi|50 
002026 75.1 024131 025583 gi|23 004356 005832 gi|44 
000418 76.0 024404 024753 gi|23 032136 032491 gi|73 
000464 74.8 024575 025213 gi|23 024089 024694 gi|64 
000275 75.5 029368 028925 gi|23 009517 009970 gi|52 
001196 73.2 029675 030496 gi|23 025562 026377 gi|73 
000481 84.6 031122 031277 gi|23 034180 034331 gi|62 
000525 74.3 035951 035241 gi|23 012690 013397 gi|49 
000799 76.1 035952 035266 gi|23 007101 007790 gi|49 
000385 72.6 035584 035271 gi|23 029430 029743 gi|63 
000392 72.3 035294 035596 gi|23 007533 007836 gi|53 
000301 72.7 035920 035298 gi|23 011717 012369 gi|49 
000562 75.6 035927 035300 gi|23 006043 006685 gi|49 
000294 77.4 035337 035628 gi|23 023558 023849 gi|53 
000435 76.1 036068 036343 gi|23 024278 024553 gi|53 
000270 73.8 036576 036077 gi|23 012867 013359 gi|49 
000778 77.1 036857 036081 gi|23 005929 006710 gi|49 
000253 76.3 036383 036089 gi|23 039743 040037 gi|34 
000321 81.5 036299 036127 gi|23 014970 015127 gi|74 
000596 70.9 036762 036165 gi|23 011694 012291 gi|49 
000273 73.7 036168 036372 gi|23 035935 036139 gi|36 
000295 74.2 036180 036377 gi|23 004837 005030 gi|58 
000375 76.0 036770 036243 gi|23 007102 007606 gi|49 
000255 80.0 036276 036340 gi|23 014206 014270 gi|47 
000273 77.2 037940 038110 gi|23 014228 014398 gi|49 
000272 82.8 002543 002410 gi|26 016234 016378 gi|45 
000255 82.0 002537 002410 gi|26 019738 019882 gi|45 
000308 79.2 002427 002633 gi|26 011523 011754 gi|63 
000292 77.8 002573 002430 gi|26 011981 012122 gi|51 
000784 78.2 002661 003119 gi|26 039682 040153 gi|40 
000330 82.0 003193 002911 gi|26 012977 013239 gi|45 
000293 79.3 007117 006847 gi|26 016110 016364 gi|45 
000294 83.1 006849 007008 gi|26 011523 011658 gi|63 
000328 74.3 007015 006880 gi|26 011979 012115 gi|51 
011960 97.9 007057 008517 gi|26 003342 004789 gi|56 
012049 99.3 008489 007069 gi|26 018452 019844 gi|74 
012136 99.5 007109 008499 gi|26 005675 007062 gi|69 
012058 99.3 007150 008508 gi|26 000313 001670 gi|38 
012052 99.9 007162 008491 gi|26 007739 009069 gi|28 
012051 99.9 008488 007162 gi|26 007975 009301 gi|39 
012031 99.8 008490 007164 gi|26 010990 012316 gi|28 
011966 97.8 007164 008590 gi|26 001667 003109 gi|30 
011910 96.5 007164 008779 gi|26 028009 029622 gi|33 
012002 99.4 008579 007166 gi|26 037591 038982 gi|70 
001083 82.6 008509 008938 gi|26 039751 040174 gi|40 
000276 78.3 012128 011968 gi|26 027111 027269 gi|31 
000301 81.8 012231 011985 gi|26 016133 016364 gi|45 
000313 84.7 011987 012149 gi|26 011523 011657 gi|63 
000374 80.9 012153 012018 gi|26 011979 012115 gi|51 
000303 75.1 024909 025499 gi|26 008996 009604 gi|65 
000497 76.7 000087 000206 gi|37 034892 035017 gi|70 
000293 85.0 000231 000099 gi|37 034877 035010 gi|70 
000313 84.5 001630 001489 gi|37 012970 013095 gi|67 
000338 92.6 001543 001490 gi|37 016317 016368 gi|39 
000405 84.2 001490 001565 gi|37 014058 014134 gi|57 
000359 85.1 001563 001490 gi|37 017310 017382 gi|63 
000409 74.4 003151 002773 gi|37 033822 034198 gi|76 
000323 83.7 011419 011547 gi|37 007256 007381 gi|39 
000478 85.1 011609 011456 gi|37 006064 006200 gi|75 
001257 90.8 011473 011668 gi|37 008485 008678 gi|70 
000342 79.3 011490 011571 gi|37 008604 008684 gi|38 
000643 81.5 011492 011826 gi|37 028001 028298 gi|39 
000731 86.7 011656 011499 gi|37 024102 024261 gi|68 
000741 82.9 011567 011811 gi|37 008587 008865 gi|38 
000621 91.6 011610 011799 gi|37 008997 009143 gi|38 
000777 86.1 011620 011799 gi|37 034902 035102 gi|38 
000418 89.2 011648 011712 gi|37 029874 029942 gi|72 
000282 91.9 011655 011691 gi|37 030143 030179 gi|71 
000347 88.2 011658 011708 gi|37 018434 018484 gi|44 
000267 75.8 011661 011788 gi|37 035010 035129 gi|75 
000955 74.2 014866 013917 gi|37 000010 000954 gi|60 
000383 76.3 016991 017348 gi|37 019588 019945 gi|72 
000487 75.0 019051 019458 gi|37 001376 001796 gi|50 
000364 69.2 019431 019250 gi|37 034646 034830 gi|44 
000321 81.8 019806 020207 gi|37 032069 032478 gi|73 
001486 74.3 019842 021147 gi|37 004594 005889 gi|44 
000345 73.9 019843 020256 gi|37 023884 024297 gi|64 
000277 84.7 021389 021305 gi|37 039663 039740 gi|61 
000360 83.4 025688 025424 gi|37 034903 035138 gi|61 
000255 77.4 026243 026503 gi|37 011878 012128 gi|73 
000268 75.0 026282 026521 gi|37 007502 007735 gi|73 
000431 81.5 031000 030882 gi|37 030391 030517 gi|68 
000432 82.0 030901 031000 gi|37 015613 015716 gi|70 
000259 85.1 030901 030967 gi|37 030425 030495 gi|68 
000261 83.6 030961 030901 gi|37 029717 029776 gi|72 
000268 83.9 030962 030901 gi|37 023297 023357 gi|73 
000443 83.0 030907 031000 gi|37 023295 023391 gi|73 
000575 82.3 030910 031022 gi|37 029718 029835 gi|72 
000293 82.8 030911 030968 gi|37 038393 038455 gi|75 
000974 76.6 032224 033010 gi|37 033226 034013 gi|55 
001110 75.0 033061 033985 gi|37 034268 035234 gi|55 
000330 73.6 002292 003490 gi|34 003124 004341 gi|53 
000369 74.5 003529 002312 gi|34 003382 004594 gi|51 
000549 74.5 002887 003533 gi|34 002061 002710 gi|67 
000268 78.5 005085 005191 gi|34 011695 011802 gi|73 
000595 72.5 005727 006035 gi|34 004684 004992 gi|35 
000565 74.8 011114 010777 gi|34 007477 007809 gi|73 
000591 80.4 011109 010783 gi|34 011898 012216 gi|73 
000276 75.1 010861 011109 gi|34 000420 000689 gi|61 
000255 76.5 019552 019370 gi|34 006254 006436 gi|57 
000857 74.5 034185 034883 gi|34 037713 038415 gi|52 
000491 75.5 039937 038883 gi|34 030712 031800 gi|72 
000273 78.6 039482 039357 gi|34 015677 015789 gi|48 
000324 77.2 039578 039399 gi|34 034379 034557 gi|47 
000290 76.2 039934 039750 gi|34 004848 005029 gi|58 
000385 78.8 039984 039754 gi|34 015172 015403 gi|48 
012018 97.6 006187 007667 gi|24 003339 004820 gi|56 
012069 99.5 006250 007609 gi|24 007136 008490 gi|26 
012130 99.4 007615 006253 gi|24 018445 019807 gi|74 
012062 99.5 006265 007608 gi|24 001648 002992 gi|30 
012032 98.8 006282 007700 gi|24 007740 009164 gi|28 
012028 99.1 006282 007689 gi|24 000322 001734 gi|38 
012061 100.0 006285 007609 gi|24 005732 007056 gi|69 
012049 100.0 007607 006285 gi|24 007975 009297 gi|39 
012038 99.5 006285 007653 gi|24 028011 029365 gi|33 
012034 99.8 007614 006285 gi|24 010984 012314 gi|28 
012028 99.9 007611 006285 gi|24 037653 038982 gi|70 
000295 76.4 008590 009259 gi|24 017563 018247 gi|70 
000481 73.9 009250 008600 gi|24 034596 035258 gi|74 
000594 86.3 012583 012721 gi|24 035285 035421 gi|70 
000388 73.0 014786 014992 gi|24 039964 040171 gi|55 
000529 72.5 015039 015340 gi|24 000043 000350 gi|49 
000276 92.7 015554 015514 gi|24 026564 026603 gi|32 
000259 92.1 015517 015554 gi|24 034941 034977 gi|70 
000250 97.4 015560 015522 gi|24 000133 000170 gi|37 
002584 79.7 015608 016420 gi|24 022703 023506 gi|61 
000268 86.7 018949 018860 gi|24 024744 024851 gi|33 
000330 90.7 018860 018913 gi|24 003197 003250 gi|38 
000266 86.4 018903 018860 gi|24 024424 024467 gi|71 
000310 88.2 024562 024646 gi|24 020045 020140 gi|67 
000294 97.2 024568 024603 gi|24 018952 018987 gi|48 
000348 77.0 027815 027572 gi|24 029436 029678 gi|63 
000436 79.2 027839 027581 gi|24 012055 012316 gi|49 
000276 72.5 027714 027815 gi|24 015304 015405 gi|48 
000282 78.1 028158 028031 gi|24 009273 009399 gi|30 
000275 68.6 028358 028647 gi|24 015132 015422 gi|48 
000318 75.5 028635 028444 gi|24 006412 006603 gi|49 
000305 82.6 029343 029434 gi|24 002385 002477 gi|29 
000639 88.4 009897 010025 gi|35 011451 011583 gi|37 
000369 82.5 009920 010016 gi|35 007313 007406 gi|39 
000277 85.7 010024 009920 gi|35 006091 006176 gi|75 
000504 85.6 009922 010025 gi|35 008487 008594 gi|70 
000442 77.9 010064 009925 gi|35 024147 024276 gi|68 
000425 77.3 009928 010024 gi|35 027996 028091 gi|39 
000310 87.3 009936 010006 gi|35 008609 008677 gi|38 
000418 74.3 015576 015137 gi|35 032288 032736 gi|76 
000282 80.7 015958 016050 gi|35 014030 014126 gi|57 
000254 83.1 016050 015968 gi|35 017316 017401 gi|63 
000273 82.0 015990 016050 gi|35 001497 001557 gi|37 
000551 75.0 029371 028345 gi|35 008657 009692 gi|65 
000475 77.3 000525 000863 gi|27 011810 012137 gi|73 
000766 74.7 000615 000938 gi|27 007484 007798 gi|73 
000439 78.5 000861 000615 gi|27 010863 011109 gi|34 
000250 72.5 000861 000615 gi|27 000422 000689 gi|61 
000351 73.4 000633 000854 gi|27 026282 026503 gi|37 
000895 96.3 012009 011902 gi|27 021959 022065 gi|48 
000850 94.2 012009 011906 gi|27 021655 021758 gi|48 
001714 74.5 013910 012391 gi|27 009264 010784 gi|52 
000261 76.5 012592 012512 gi|27 031900 031981 gi|73 
016404 97.5 022788 020863 gi|27 026556 028461 gi|48 
031108 99.8 026175 022856 gi|27 023057 026376 gi|48 
000470 93.4 026453 026393 gi|27 023057 023118 gi|48 
000476 88.2 026746 026671 gi|27 023043 023118 gi|48 
000402 88.5 026988 026928 gi|27 023057 023118 gi|48 
000302 80.8 034451 034374 gi|27 033213 033290 gi|57 
000250 77.3 002624 002848 gi|4 007664 007888 gi|53 
000322 77.6 002699 003078 gi|4 004945 005336 gi|58 
000347 69.8 014049 013609 gi|4 022660 023097 gi|10 
000734 74.0 014075 013611 gi|4 033826 034289 gi|48 
000676 71.9 013985 013680 gi|4 024497 024802 gi|10 
000286 75.1 013712 013932 gi|4 013188 013411 gi|74 
000257 69.3 013763 013863 gi|4 005833 005932 gi|35 
000363 78.6 017322 017947 gi|4 030161 030789 gi|17 
000265 82.9 017709 017813 gi|4 030002 030106 gi|31 
000430 75.0 017924 017713 gi|4 001756 001961 gi|12 
000271 78.2 017801 017724 gi|4 004954 005031 gi|10 
000291 76.0 017896 017726 gi|4 022598 022765 gi|38 
000395 75.8 019587 018350 gi|4 015384 016611 gi|51 
000302 74.8 023432 024477 gi|4 000404 001465 gi|37 
000279 74.8 028795 028182 gi|4 014918 015528 gi|18 
000258 76.7 028435 028537 gi|4 025157 025259 gi|62 
002348 74.2 030004 031684 gi|4 024737 026423 gi|15 
000448 79.0 030757 030048 gi|4 013139 013845 gi|18 
000266 78.2 030101 030187 gi|4 014557 014643 gi|74 
000301 74.2 030278 030645 gi|4 037447 037811 gi|13 
000408 79.9 030438 030646 gi|4 013041 013245 gi|49 
000277 79.3 030454 030699 gi|4 006408 006656 gi|49 
000272 80.7 030455 030656 gi|4 007472 007700 gi|49 
000270 77.3 030643 030463 gi|4 033971 034145 gi|48 
000611 74.2 032305 032629 gi|4 027024 027347 gi|15 
000965 81.9 036096 035528 gi|4 007307 007890 gi|73 
000839 78.0 035627 035994 gi|4 010784 011151 gi|34 
000511 75.0 036012 035705 gi|4 011829 012138 gi|73 
000974 75.0 036349 035707 gi|4 000205 000862 gi|27 
000323 74.9 035708 035954 gi|4 000422 000689 gi|61 
000328 78.8 035940 035715 gi|4 002054 002297 gi|29 
000266 73.6 001360 000084 gi|21 027825 029119 gi|46 
000355 84.6 027027 026756 gi|21 017292 017544 gi|63 
000313 83.8 026891 026995 gi|21 001455 001557 gi|37 
000254 87.5 026998 026903 gi|21 013540 013626 gi|75 
000535 96.2 026929 027006 gi|21 014060 014135 gi|57 
000411 90.4 027001 026929 gi|21 013023 013092 gi|67 
000349 87.3 027007 026929 gi|21 016289 016366 gi|39 
000294 77.6 029985 029910 gi|21 036853 036927 gi|29 
000256 73.8 031392 030912 gi|21 024134 024616 gi|33 
002665 87.7 032683 032138 gi|21 016269 016862 gi|76 
000254 83.2 034538 034438 gi|21 014400 014502 gi|76 
000358 85.6 034705 034518 gi|21 012155 012326 gi|47 
000424 83.3 034732 034523 gi|21 012434 012623 gi|46 
001028 82.6 034879 034536 gi|21 011904 012242 gi|46 
000316 72.6 034949 035553 gi|21 006520 007131 gi|39 
000640 83.5 036061 035929 gi|21 010806 010941 gi|76 
000262 80.8 027259 027078 gi|31 038793 038961 gi|51 
000280 72.9 039738 039488 gi|31 021833 022083 gi|37 
000995 93.8 000176 000001 gi|36 034872 035043 gi|38 
000553 87.2 000117 000001 gi|36 008673 008785 gi|38 
000312 97.4 000038 000001 gi|36 009047 009084 gi|38 
000368 84.1 000113 000001 gi|36 011639 011737 gi|37 
000404 91.1 000094 000039 gi|36 028163 028218 gi|39 
000259 86.4 000098 000040 gi|36 034887 034946 gi|38 
000409 82.3 000157 000079 gi|36 029884 029962 gi|72 
000651 97.4 000170 000094 gi|36 008678 008754 gi|38 
001095 89.6 000260 000098 gi|36 034842 035004 gi|38 
000532 92.2 000200 000098 gi|36 011620 011712 gi|37 
000345 88.2 000152 000102 gi|36 018434 018484 gi|44 
000252 81.0 000230 000115 gi|36 034926 035050 gi|38 
000264 91.4 000153 000119 gi|36 030145 030179 gi|71 
000468 81.6 000260 000136 gi|36 028118 028234 gi|39 
000345 82.9 000260 000191 gi|36 021138 021204 gi|72 
000485 98.1 000260 000208 gi|36 008986 009038 gi|38 
000279 81.9 000209 000324 gi|36 007118 007247 gi|51 
000342 88.2 000212 000262 gi|36 024102 024153 gi|68 
000903 82.7 004457 004716 gi|36 034893 035159 gi|38 
000265 78.3 004457 004516 gi|36 028165 028223 gi|39 
000769 84.2 004477 004685 gi|36 011619 011819 gi|37 
000779 83.8 004495 004642 gi|36 008678 008823 gi|38 
000332 80.7 004508 004569 gi|36 029884 029945 gi|72 
000261 80.4 004512 004562 gi|36 018434 018484 gi|44 
000551 83.2 004569 004669 gi|36 009048 009149 gi|38 
000268 85.7 004621 004669 gi|36 028219 028265 gi|39 
004337 75.0 005546 009271 gi|36 004976 008706 gi|62 
001099 75.8 010457 011237 gi|36 032515 033297 gi|49 
000319 76.8 014321 013916 gi|36 030970 031375 gi|49 
000257 87.8 014909 014990 gi|36 008666 008735 gi|50 
000542 77.4 017655 018128 gi|36 002385 002849 gi|50 
001935 78.6 000002 000558 gi|9 006557 007113 gi|20 
005705 96.5 002687 001993 gi|9 005435 006126 gi|20 
000271 77.3 006508 005722 gi|9 028883 029655 gi|63 
000301 79.0 005782 005991 gi|9 013252 013449 gi|18 
000360 76.2 006417 005784 gi|9 013390 013984 gi|17 
000349 75.0 006284 005784 gi|9 037332 037806 gi|13 
000266 75.1 005795 006353 gi|9 001797 002347 gi|12 
000363 79.0 005806 005962 gi|9 007659 007815 gi|53 
000383 75.6 005832 006425 gi|9 004901 005474 gi|10 
000354 81.7 005837 005994 gi|9 036015 036163 gi|36 
000309 78.8 005989 005877 gi|9 007448 007566 gi|49 
000401 80.5 005879 006387 gi|9 004944 005428 gi|58 
000253 74.1 005880 005964 gi|9 027738 027823 gi|43 
000283 78.6 006190 006343 gi|9 034354 034504 gi|48 
003401 76.3 018451 016247 gi|9 026784 028976 gi|29 
000333 77.2 029367 029668 gi|9 032701 032999 gi|51 
002185 70.9 033079 031963 gi|9 018970 020086 gi|16 
000719 79.8 033540 033190 gi|9 000569 000911 gi|33 
000762 73.5 035736 034467 gi|9 037380 038656 gi|61 
000615 76.7 035736 034804 gi|9 029035 029964 gi|16 
000310 81.3 036018 035896 gi|9 030420 030551 gi|68 
000274 78.0 035928 036018 gi|9 015597 015687 gi|70 
000309 79.8 035930 036018 gi|9 005779 005866 gi|12 
000289 79.3 035937 036018 gi|9 029698 029781 gi|72 
000284 76.8 036018 035937 gi|9 023187 023269 gi|14 
000299 79.0 036018 035938 gi|9 022969 023050 gi|12 
000260 83.1 035942 036012 gi|9 030896 030967 gi|37 
000292 82.3 035951 036018 gi|9 023296 023362 gi|73 
000296 85.7 035958 036006 gi|9 030435 030483 gi|68 
000296 85.7 036006 035958 gi|9 005803 005851 gi|12 
000296 85.7 035958 036006 gi|9 022984 023032 gi|12 
000297 85.7 036006 035958 gi|9 023299 023347 gi|73 
000296 85.7 036006 035958 gi|9 029718 029766 gi|72 
000271 83.9 036013 035958 gi|9 015612 015672 gi|70 
000537 69.2 036596 037278 gi|9 013690 014372 gi|20 
000259 81.2 038779 038874 gi|9 015418 015512 gi|46 
000254 71.2 038862 038783 gi|9 034410 034494 gi|48 
000406 78.5 039330 038944 gi|9 007569 007979 gi|53 
000259 76.7 039280 039011 gi|9 004841 005105 gi|58 
000363 72.3 039085 039333 gi|9 013802 014047 gi|17 
000253 76.6 039300 039092 gi|9 036164 036372 gi|23 
011992 97.9 001730 000261 gi|38 018357 019841 gi|74 
012034 99.3 000273 001657 gi|38 005692 007061 gi|69 
012077 99.0 001710 000320 gi|38 007917 009302 gi|39 
012048 99.8 001654 000320 gi|38 037654 038989 gi|70 
012071 99.3 000321 001687 gi|38 003433 004806 gi|56 
000427 84.5 003283 003181 gi|38 038762 038862 gi|66 
000308 91.5 003334 003194 gi|38 024369 024470 gi|71 
000305 89.1 003340 003194 gi|38 030324 030430 gi|71 
000350 79.3 008593 008684 gi|38 008491 008582 gi|70 
000397 90.0 008691 008750 gi|38 029884 029942 gi|72 
000264 91.4 008695 008729 gi|38 030145 030179 gi|71 
000345 88.2 008696 008746 gi|38 018434 018484 gi|44 
000614 84.4 008794 008960 gi|38 026880 027036 gi|40 
000361 86.1 008886 008808 gi|38 030277 030351 gi|55 
000287 83.2 008969 008827 gi|38 020981 021111 gi|54 
000279 80.0 008911 008832 gi|38 026905 026979 gi|40 
000269 82.8 008960 008862 gi|38 035936 036026 gi|65 
000352 85.1 008962 009035 gi|38 021110 021187 gi|72 
000362 84.6 009034 008970 gi|38 024102 024165 gi|68 
000261 82.5 008982 009038 gi|38 027344 027397 gi|74 
000296 78.6 009037 008982 gi|38 007118 007173 gi|51 
000522 83.6 008984 009160 gi|38 028116 028280 gi|39 
000345 74.8 009046 009148 gi|38 035041 035142 gi|75 
000430 88.7 021578 021438 gi|38 005302 005438 gi|63 
000432 81.9 024964 025118 gi|38 016257 016426 gi|52 
000341 85.5 034809 034891 gi|38 021113 021187 gi|72 
000304 82.1 034893 034838 gi|38 007118 007174 gi|51 
000439 81.0 034839 034964 gi|38 028115 028233 gi|39 
000333 86.5 034890 034839 gi|38 024102 024153 gi|68 
000420 92.9 034950 035005 gi|38 028163 028218 gi|39 
000373 75.0 035004 035107 gi|38 035040 035142 gi|75 
000327 85.3 000222 000114 gi|30 030270 030377 gi|55 
000484 88.6 000138 000225 gi|30 026890 026980 gi|40 
000407 87.5 000163 000242 gi|30 008834 008914 gi|38 
012004 98.7 001593 002997 gi|30 000250 001654 gi|38 
011976 98.7 001593 003036 gi|30 027952 029380 gi|33 
012041 99.2 001597 002992 gi|30 005649 007055 gi|69 
012054 99.5 001638 002997 gi|30 003395 004766 gi|56 
011993 98.4 003068 001641 gi|30 037579 039005 gi|70 
011954 98.0 003148 001660 gi|30 018244 019784 gi|74 
012055 100.0 002991 001668 gi|30 007975 009298 gi|39 
000268 75.2 021096 020960 gi|30 028984 029120 gi|55 
001320 72.8 022152 023363 gi|30 006897 008116 gi|68 
000360 75.1 022475 023008 gi|30 027241 027765 gi|73 
000579 76.8 025379 025052 gi|30 000027 000378 gi|58 
000252 90.9 006480 006426 gi|39 015624 015679 gi|70 
000277 92.7 006426 006480 gi|39 030428 030483 gi|68 
000283 89.1 006480 006426 gi|39 023299 023354 gi|73 
000353 86.0 007325 007381 gi|39 008502 008558 gi|70 
012002 97.5 007825 009303 gi|39 037499 038993 gi|70 
012011 99.1 009297 007913 gi|39 003437 004806 gi|56 
012074 100.0 009301 007975 gi|39 005728 007054 gi|69 
012049 100.0 007975 009297 gi|39 018453 019775 gi|74 
000443 89.7 016295 016381 gi|39 017311 017395 gi|63 
000509 90.4 016383 016301 gi|39 014043 014128 gi|57 
000445 86.1 016302 016380 gi|39 013028 013106 gi|67 
000281 81.1 024509 024582 gi|39 010672 010746 gi|68 
000253 81.1 028117 027917 gi|39 006064 006231 gi|75 
000611 76.0 028165 027991 gi|39 024103 024281 gi|68 
000558 81.4 028001 028188 gi|39 008503 008689 gi|70 
000285 87.3 028116 028194 gi|39 021136 021204 gi|72 
000283 89.4 028282 028217 gi|39 000521 000581 gi|70 
000466 73.6 029872 030461 gi|39 013589 014181 gi|64 
000530 72.6 030932 031344 gi|39 019871 020278 gi|76 
000865 80.5 032624 032363 gi|39 006217 006491 gi|75 
000395 73.9 023401 023680 gi|40 000113 000391 gi|46 
000302 74.9 023604 023406 gi|40 034759 034972 gi|58 
000405 90.8 026977 026891 gi|40 030270 030353 gi|55 
000300 80.4 027028 026917 gi|40 020985 021111 gi|54 
000297 79.5 027211 027085 gi|40 003166 003289 gi|51 
000298 71.9 027145 028143 gi|40 038865 039857 gi|73 
000533 76.1 028174 027744 gi|40 002198 002630 gi|51 
000494 74.1 006833 006255 gi|42 038067 038643 gi|63 
007974 91.0 009801 008531 gi|42 028797 030142 gi|60 
011949 97.0 011982 010547 gi|42 027260 028695 gi|60 
002512 87.2 012662 012180 gi|42 026814 027277 gi|60 
004039 95.5 018073 017559 gi|42 019925 020431 gi|60 
005853 80.5 024385 022881 gi|42 013835 015329 gi|60 
000860 75.8 024235 022936 gi|42 031690 032997 gi|63 
000379 73.4 028973 029943 gi|42 023021 023980 gi|68 
000319 76.1 029899 029309 gi|42 024910 025499 gi|62 
000611 81.6 003804 003691 gi|48 035078 035191 gi|70 
000294 77.9 003724 003800 gi|48 014593 014669 gi|64 
000330 73.1 006441 007058 gi|48 010884 011500 gi|54 
000369 79.0 008967 009142 gi|48 026176 026350 gi|49 
000259 72.2 015713 015124 gi|48 029130 029722 gi|63 
000268 72.8 015301 015785 gi|48 030795 031278 gi|72 
000298 76.1 015715 015306 gi|48 012740 013161 gi|49 
000312 79.7 015622 015754 gi|48 016149 016281 gi|53 
000425 100.0 018951 018999 gi|48 020049 020097 gi|67 
000469 86.6 019105 018994 gi|48 013946 014064 gi|57 
000288 79.8 020364 020207 gi|48 035137 035296 gi|70 
000734 98.8 021576 021496 gi|48 024217 024297 gi|62 
000734 98.8 021880 021800 gi|48 024217 024297 gi|62 
000981 73.7 032258 031110 gi|48 033782 034930 gi|59 
000297 75.5 034143 034046 gi|48 029440 029537 gi|63 
000251 79.2 034269 034145 gi|48 032119 032240 gi|74 
001394 76.6 000716 000004 gi|45 038982 039680 gi|71 
001990 75.5 001541 000700 gi|45 039043 039866 gi|71 
000643 79.9 000735 000878 gi|45 040028 040171 gi|53 
000261 77.5 037146 036330 gi|45 013955 014751 gi|47 
000331 79.7 036924 036787 gi|45 034005 034126 gi|48 
000372 80.3 002656 002388 gi|51 039438 039703 gi|73 
002901 73.6 004720 003318 gi|51 003021 004447 gi|53 
004319 76.5 004696 003372 gi|51 001384 002711 gi|67 
000258 80.0 007168 007099 gi|51 021139 021212 gi|72 
000269 84.3 007121 007171 gi|51 024102 024154 gi|68 
005077 77.5 011673 009886 gi|51 037507 039296 gi|72 
000400 73.6 030294 031058 gi|51 023390 024121 gi|56 
002782 81.0 037926 037305 gi|51 002491 003115 gi|58 
000286 75.9 004288 005167 gi|46 026314 027160 gi|64 
000371 85.0 008330 008449 gi|46 026183 026308 gi|47 
000282 79.3 008379 008533 gi|46 022720 022869 gi|48 
000447 82.1 008380 008530 gi|46 021980 022137 gi|48 
000740 98.8 008462 008542 gi|46 026446 026526 gi|47 
000468 75.1 010603 009902 gi|46 023102 023824 gi|76 
000384 86.7 012102 012259 gi|46 012173 012324 gi|47 
000289 88.7 012471 012647 gi|46 012173 012333 gi|47 
000441 76.0 020538 020774 gi|46 005931 006170 gi|56 
000580 74.8 034382 033831 gi|46 012248 012760 gi|76 
000806 78.2 033850 034482 gi|46 008842 009464 gi|70 
000535 76.8 033934 034338 gi|46 015160 015540 gi|73 
000412 76.5 039532 040020 gi|46 020674 021144 gi|73 
000300 87.7 021043 021107 gi|54 030270 030329 gi|55 
000250 84.0 027939 027846 gi|54 008764 008852 gi|64 
002078 74.8 003986 003060 gi|44 023779 024705 gi|61 
000421 76.9 004541 005073 gi|44 023842 024365 gi|64 
000293 76.3 004575 004991 gi|44 032091 032504 gi|73 
000478 100.0 018434 018484 gi|44 029888 029938 gi|72 
000316 75.6 035048 034644 gi|44 001388 001768 gi|50 
000344 77.8 027641 027870 gi|43 007636 007868 gi|53 
000301 78.5 027738 028105 gi|43 015322 015710 gi|48 
000279 81.5 027829 027738 gi|43 007472 007563 gi|49 
000363 77.2 027740 027831 gi|43 023716 023807 gi|53 
000256 86.0 012652 012610 gi|41 032450 032491 gi|74 
000642 86.2 017536 017341 gi|41 029890 030142 gi|60 
000628 87.5 017418 017537 gi|41 008604 008747 gi|42 
001004 92.7 017657 017507 gi|41 029533 029690 gi|60 
005861 94.2 018691 017931 gi|41 028796 029558 gi|60 
005583 94.1 017965 018693 gi|41 009074 009803 gi|42 
001684 87.3 019671 019301 gi|41 028458 028817 gi|60 
000961 87.0 019387 019671 gi|41 010495 010784 gi|42 
002027 92.9 019809 019544 gi|41 027268 027531 gi|60 
001958 89.8 019544 019817 gi|41 011710 011984 gi|42 
047378 92.4 026605 019850 gi|41 020215 026962 gi|60 
001670 81.2 022235 021747 gi|41 021586 022112 gi|65 
001461 88.0 026390 026605 gi|41 017559 017775 gi|42 
000383 87.6 026941 026853 gi|41 019922 020005 gi|60 
000269 97.8 026910 026955 gi|41 018278 018319 gi|42 
000263 97.8 026911 026955 gi|41 018913 018953 gi|42 
000907 91.9 027603 027762 gi|41 019153 019315 gi|42 
000415 90.0 028721 028800 gi|41 018883 018961 gi|42 
000458 97.1 028725 028793 gi|41 018250 018320 gi|42 
001102 91.7 030778 031031 gi|41 021914 022186 gi|42 
007500 97.5 031180 032143 gi|41 022098 023045 gi|42 
000735 87.6 032147 031963 gi|41 015157 015329 gi|60 
000447 98.0 032068 032018 gi|41 032947 032997 gi|63 
000745 77.0 039239 040178 gi|41 033755 034696 gi|43 
000813 81.0 003910 003479 gi|33 009360 009770 gi|57 
000379 82.7 006063 005954 gi|33 031548 031653 gi|53 
000281 80.7 005971 006063 gi|33 004131 004225 gi|74 
000274 82.3 005971 006055 gi|33 004062 004147 gi|74 
000259 88.1 006063 005997 gi|33 003913 003974 gi|72 
000346 78.2 024857 024633 gi|33 003191 003438 gi|38 
000265 82.6 024786 024854 gi|33 038783 038850 gi|66 
000310 91.7 024795 024854 gi|33 024413 024470 gi|71 
000302 82.3 024795 024907 gi|33 030373 030490 gi|71 
000269 80.6 024914 024817 gi|33 011713 011810 gi|37 
000322 82.6 024924 024839 gi|33 035008 035096 gi|38 
000289 82.6 024924 024839 gi|33 009049 009137 gi|38 
000291 85.0 024924 024865 gi|33 008753 008810 gi|38 
001201 93.3 025369 025205 gi|33 008504 008669 gi|70 
001090 90.3 025390 025205 gi|33 011472 011658 gi|37 
000450 82.3 025216 025362 gi|33 024105 024260 gi|68 
000427 82.2 025478 025248 gi|33 027864 028123 gi|39 
000371 80.7 025254 025434 gi|33 006064 006242 gi|75 
000444 86.2 025368 025282 gi|33 009935 010022 gi|35 
000385 80.8 025394 025291 gi|33 008575 008684 gi|38 
000353 89.1 025369 025315 gi|33 007327 007381 gi|39 
000269 74.3 027183 027291 gi|33 021257 021365 gi|47 
012068 99.7 029356 028005 gi|33 018431 019783 gi|74 
011966 98.0 029480 028008 gi|33 037520 038986 gi|70 
012049 99.8 028009 029348 gi|33 003435 004775 gi|56 
012031 99.8 028009 029333 gi|33 000323 001647 gi|38 
012046 99.4 028010 029369 gi|33 005731 007091 gi|69 
011942 98.2 029549 028010 gi|33 007776 009298 gi|39 
000324 83.7 030041 030193 gi|33 038543 038677 gi|66 
000584 83.2 030396 030224 gi|33 011653 011814 gi|37 
000561 85.6 030334 030231 gi|33 009050 009150 gi|38 
001116 88.7 030408 030232 gi|33 034932 035108 gi|38 
000787 83.0 030448 030232 gi|33 004456 004669 gi|36 
000696 82.4 030413 030255 gi|33 008673 008830 gi|38 
001467 89.4 030300 030554 gi|33 000001 000261 gi|36 
000433 90.6 030392 030329 gi|33 028163 028228 gi|39 
000340 84.9 030390 030338 gi|33 004457 004509 gi|36 
000315 94.9 030338 030396 gi|33 000156 000215 gi|36 
000261 79.9 030338 030476 gi|33 000098 000239 gi|36 
000615 83.7 030378 030524 gi|33 000027 000176 gi|36 
000386 81.6 030453 030378 gi|33 029883 029961 gi|72 
000486 89.0 030465 030393 gi|33 011639 011713 gi|37 
000461 97.4 030469 030394 gi|33 008673 008750 gi|38 
000335 88.0 030447 030398 gi|33 018435 018484 gi|44 
000539 81.0 030578 030411 gi|33 011567 011744 gi|37 
000503 83.3 030539 030414 gi|33 008652 008788 gi|38 
000455 81.6 030658 030415 gi|33 034729 034983 gi|38 
000324 77.1 030606 030432 gi|33 028073 028234 gi|39 
000391 80.5 030576 030449 gi|33 004431 004567 gi|36 
000372 86.0 030505 030449 gi|33 029887 029943 gi|72 
000321 84.3 030504 030454 gi|33 018434 018484 gi|44 
000279 84.3 030552 030502 gi|33 008987 009038 gi|38 
000254 85.2 030556 030503 gi|33 021134 021191 gi|72 
000263 83.6 039876 039936 gi|33 022180 022240 gi|48 
000293 80.2 039880 040051 gi|33 008477 008670 gi|46 
000352 84.4 014782 014603 gi|59 004041 004223 gi|74 
000390 91.2 014782 014726 gi|59 004110 004165 gi|74 
049056 99.8 019127 024686 gi|59 005667 011226 gi|71 
001679 84.3 025667 026126 gi|59 011194 011660 gi|71 
002599 75.9 002999 004448 gi|53 001340 002775 gi|67 
000729 75.2 016662 017705 gi|53 011366 012397 gi|57 
000258 75.8 023712 023864 gi|53 030814 030968 gi|72 
000289 80.1 024508 024328 gi|53 014971 015135 gi|74 
000310 82.9 031521 031602 gi|53 003878 003964 gi|72 
000277 83.3 031638 031543 gi|53 004063 004161 gi|74 
000277 80.4 031638 031547 gi|53 004132 004226 gi|74 
000273 93.0 031745 031703 gi|53 004082 004125 gi|74 
000550 75.0 040177 039914 gi|53 039685 039953 gi|71 
001876 80.7 001937 002398 gi|47 034212 034697 gi|70 
000685 77.7 003795 003019 gi|47 034280 035029 gi|62 
001039 85.8 025330 025092 gi|47 034423 034696 gi|70 
000384 74.0 026231 026561 gi|47 021669 021994 gi|48 
000251 72.1 026508 026369 gi|47 024156 024302 gi|62 
000679 98.7 026447 026374 gi|47 024141 024214 gi|62 
000411 74.9 026382 026832 gi|47 021504 022000 gi|48 
000312 73.8 026382 026839 gi|47 020918 021355 gi|48 
000448 76.5 026385 026779 gi|47 020997 021387 gi|48 
002334 86.0 026417 026979 gi|47 021113 021657 gi|48 
001612 83.2 026434 026979 gi|47 021392 021961 gi|48 
000328 73.1 026444 026618 gi|47 022876 023054 gi|48 
000275 74.4 026452 026654 gi|47 022805 023000 gi|48 
000418 77.3 026456 026851 gi|47 022644 023019 gi|48 
000322 79.8 026456 026569 gi|47 022367 022474 gi|48 
000633 81.4 026458 026839 gi|47 022079 022477 gi|48 
000348 73.7 026460 026831 gi|47 021332 021694 gi|48 
000452 73.2 026530 026961 gi|47 022630 023034 gi|48 
000356 73.2 026530 026872 gi|47 020819 021135 gi|48 
000312 73.7 026589 026926 gi|47 020960 021259 gi|48 
000725 82.6 026627 026977 gi|47 021068 021397 gi|48 
000296 75.6 026719 026931 gi|47 022080 022302 gi|48 
000401 74.1 026721 026971 gi|47 022180 022434 gi|48 
000317 72.9 026762 026890 gi|47 026432 026562 gi|48 
000322 83.3 026798 026929 gi|47 026376 026507 gi|48 
000710 97.5 026886 026806 gi|47 024217 024297 gi|62 
000264 80.2 004372 004277 gi|52 036783 036887 gi|69 
000394 74.6 005673 005955 gi|52 037222 037504 gi|62 
000333 79.0 015964 015751 gi|52 013179 013392 gi|67 
000289 75.0 023326 023893 gi|52 010964 011503 gi|54 
000321 72.8 005029 004846 gi|58 029437 029623 gi|63 
000344 71.7 013929 014557 gi|60 031589 032270 gi|63 
001282 77.2 014925 015301 gi|60 032644 033031 gi|63 
001655 81.0 024584 025072 gi|60 021586 022112 gi|65 
000927 74.4 006256 007294 gi|64 005441 006484 gi|67 
000293 81.9 014669 014515 gi|64 035082 035245 gi|70 
000296 78.2 024097 024289 gi|64 032321 032505 gi|73 
000275 89.1 036284 036239 gi|64 024987 025036 gi|75 
000342 73.2 000791 000497 gi|61 007373 007667 gi|73 
000284 84.8 000692 000647 gi|61 011895 011940 gi|73 
001839 73.7 030184 031615 gi|61 035700 037138 gi|72 
000252 77.0 032381 033763 gi|61 035276 036670 gi|64 
001153 76.4 006618 005554 gi|57 000005 001095 gi|66 
000307 77.9 010883 011303 gi|57 024913 025319 gi|63 
000568 90.0 014161 014042 gi|57 017268 017399 gi|63 
000517 95.3 014131 014047 gi|57 013021 013105 gi|67 
003868 97.6 037605 038096 gi|57 029469 029989 gi|68 
003843 97.4 038096 037605 gi|57 015991 016511 gi|70 
001394 92.1 038096 037907 gi|57 023666 023855 gi|73 
011990 98.2 007055 005590 gi|69 018452 019922 gi|74 
012021 99.3 007062 005685 gi|69 037655 039021 gi|70 
000371 77.3 007238 007532 gi|67 018692 018993 gi|68 
011969 96.9 004806 003278 gi|56 037600 039143 gi|70 
011955 98.0 003334 004783 gi|56 005619 007073 gi|69 
012017 98.5 004787 003359 gi|56 018427 019848 gi|74 
000558 73.5 012771 013479 gi|73 023217 023928 gi|75 
000312 70.3 015535 015112 gi|73 012297 012718 gi|76 
000278 79.6 023390 023298 gi|73 038354 038444 gi|75 
000300 82.3 012730 012493 gi|62 028643 028872 gi|64 
000677 74.3 025540 024911 gi|62 023313 023939 gi|68 
000431 74.7 027386 026671 gi|62 021618 022323 gi|68 
001267 79.5 036500 036943 gi|62 001717 002179 gi|71 
000265 96.0 036664 036615 gi|62 001095 001145 gi|71 
001735 82.9 037631 037987 gi|62 001875 002231 gi|71 
003408 76.0 037697 040149 gi|62 011789 014199 gi|71 
000409 75.9 007101 007739 gi|68 027135 027737 gi|73 
000312 86.3 024152 024102 gi|68 021136 021186 gi|72 
000490 83.2 024261 024119 gi|68 008510 008642 gi|70 
000260 84.7 024151 024261 gi|68 006064 006160 gi|75 
001056 74.8 028394 027052 gi|68 026855 028232 gi|73 
013725 98.7 030146 028494 gi|68 015834 017468 gi|70 
000663 93.8 028591 028496 gi|68 023847 023941 gi|73 
000881 100.0 028603 028498 gi|68 030459 030563 gi|72 
000310 77.2 028504 028582 gi|68 022922 023000 gi|74 
000278 91.3 028528 028573 gi|68 017389 017434 gi|70 
000278 91.3 028528 028573 gi|68 030489 030534 gi|72 
000280 89.8 028528 028576 gi|68 023865 023913 gi|73 
003469 96.1 029315 028882 gi|68 030042 030476 gi|72 
002713 94.2 030162 029765 gi|68 023493 023894 gi|73 
000284 78.3 030279 030211 gi|68 029801 029869 gi|72 
000270 75.4 030279 030211 gi|68 030059 030127 gi|71 
002110 96.2 030520 030232 gi|68 015589 015887 gi|70 
001874 94.3 030496 030232 gi|68 023287 023562 gi|73 
000891 94.7 030377 030265 gi|68 029939 030051 gi|72 
000299 80.0 030392 030521 gi|68 038354 038485 gi|75 
000861 96.2 030527 030397 gi|68 029667 029804 gi|72 
000263 87.9 030430 030495 gi|68 023297 023357 gi|73 
000271 84.6 030431 030495 gi|68 029717 029776 gi|72 
000459 91.1 017315 017393 gi|63 013028 013105 gi|67 
000325 84.5 028993 028775 gi|63 036512 036711 gi|73 
000451 80.4 029053 028830 gi|63 020766 020994 gi|70 
000374 75.7 029620 029378 gi|63 030717 030959 gi|72 
000342 73.2 031718 032254 gi|63 023628 024152 gi|65 
000429 85.6 008620 008503 gi|70 006064 006167 gi|75 
000585 75.3 009247 008843 gi|70 012354 012740 gi|76 
000478 73.8 008871 009255 gi|70 015105 015486 gi|73 
000881 95.7 015594 015710 gi|70 029686 029804 gi|72 
000273 76.6 015715 015609 gi|70 038354 038458 gi|75 
004479 94.0 015612 016215 gi|70 023287 023894 gi|73 
000915 96.5 015730 015842 gi|70 029939 030052 gi|72 
003337 97.1 016660 017076 gi|70 030042 030472 gi|72 
000881 100.0 017359 017464 gi|70 030459 030563 gi|72 
000663 93.8 017371 017466 gi|70 023847 023941 gi|73 
000372 79.4 017520 017380 gi|70 022860 023000 gi|74 
000280 89.8 017434 017386 gi|70 023865 023913 gi|73 
000278 91.3 017434 017389 gi|70 030489 030534 gi|72 
000557 76.2 018347 017401 gi|70 034490 035412 gi|74 
000292 80.5 020828 021088 gi|70 036512 036792 gi|73 
012010 99.1 037660 039039 gi|70 018453 019839 gi|74 
001067 77.1 027194 028404 gi|71 021668 022878 gi|72 
000976 90.7 030046 030174 gi|71 029788 029916 gi|72 
000398 71.9 006725 006214 gi|49 024276 024788 gi|53 
000498 77.2 006328 006669 gi|49 029364 029690 gi|63 
000359 75.1 007678 007410 gi|49 007623 007890 gi|53 
000346 80.7 007432 007540 gi|49 029390 029498 gi|63 
000307 73.9 007791 007466 gi|49 024273 024597 gi|53 
000284 73.9 007670 007472 gi|49 023608 023805 gi|53 
000260 72.5 013250 012734 gi|49 023607 024110 gi|53 
000323 76.5 013249 012986 gi|49 024397 024666 gi|53 
000257 85.1 030856 030783 gi|49 014045 014125 gi|57 
000260 79.0 029800 029701 gi|72 038360 038458 gi|75 
000755 95.0 029704 029804 gi|72 023287 023385 gi|73 
000273 85.5 029771 029717 gi|72 023297 023351 gi|73 
000883 94.7 029939 030052 gi|72 023405 023517 gi|73 
000662 88.9 030471 030596 gi|72 023847 023972 gi|73 
000310 77.2 030558 030480 gi|72 022922 023000 gi|74 
000280 89.8 030534 030486 gi|72 023865 023913 gi|73 
000318 82.9 024347 024416 gi|65 034628 034697 gi|70 
