   SW   perc perc perc  query       position in query           matching      repeat           position in repeat
score   div. del. ins.  sequence    begin   end        (left)   repeat        class/family   begin  end    (left)  ID

   13   23.8  1.9  3.9  CP127019.1     1834    1886 (3092057) + A-rich        Low_complexity      1     52    (0)   1  
   12   21.4  4.4  2.2  CP127019.1    17998   18042 (3075901) + (TAT)n        Simple_repeat       1     46    (0)   2  
   14    6.5  9.4  0.0  CP127019.1    20300   20331 (3073612) + A-rich        Low_complexity      1     35    (0)   3  
   13   13.2  0.0  0.0  CP127019.1    21976   22000 (3071943) + (GAT)n        Simple_repeat       1     25    (0)   4  
   14   25.4  4.0  4.0  CP127019.1    24684   24758 (3069185) + (TAATATA)n    Simple_repeat       1     75    (0)   5  
   13   21.2  5.2  3.4  CP127019.1    24834   24891 (3069052) + A-rich        Low_complexity      1     59    (0)   6  
   15   14.4  0.0  7.3  CP127019.1    37626   37669 (3056274) + (AATAATT)n    Simple_repeat       1     41    (0)   7  
   19   19.1  3.4  5.2  CP127019.1    44378   44436 (3049507) + (TA)n         Simple_repeat       1     58    (0)   8  
   12    7.8  3.2  6.7  CP127019.1    47050   47080 (3046863) + (AATG)n       Simple_repeat       1     30    (0)   9  
   13   17.1  3.0  0.0  CP127019.1    49399   49431 (3044512) + (AATAA)n      Simple_repeat       1     34    (0)  10  
   14   20.2  0.0  0.0  CP127019.1    51271   51304 (3042639) + A-rich        Low_complexity      1     34    (0)  11  
   15   13.9  0.0  0.0  CP127019.1    56998   57021 (3036922) + (A)n          Simple_repeat       1     24    (0)  12  
   12   23.3  2.5  0.0  CP127019.1    62309   62348 (3031595) + A-rich        Low_complexity      1     41    (0)  13  
   15   20.3  4.4  0.0  CP127019.1    66965   67009 (3026934) + (ATTA)n       Simple_repeat       1     47    (0)  14  
   12   15.3  5.3  2.6  CP127019.1    76746   76783 (3017160) + (ATTCAT)n     Simple_repeat       1     39    (0)  15  
   12   15.8  0.0  3.5  CP127019.1    83957   83986 (3009957) + (ATTTA)n      Simple_repeat       1     29    (0)  16  
   12   17.8  4.4  9.2  CP127019.1    94334   94401 (2999542) + (TTGAT)n      Simple_repeat       1     65    (0)  17  
   13   14.1  7.7  0.0  CP127019.1   104575  104613 (2989330) + A-rich        Low_complexity      1     42    (0)  18  
   11   17.4  0.0  5.9  CP127019.1   125728  125763 (2968180) + A-rich        Low_complexity      1     34    (0)  19  
   15   24.8  5.3  2.6  CP127019.1   130388  130462 (2963481) + (ATTATTT)n    Simple_repeat       1     77    (0)  20  
   13   20.3  0.0 10.7  CP127019.1   135012  135073 (2958870) + (TAATA)n      Simple_repeat       1     56    (0)  21  
   15   20.2  0.0  6.2  CP127019.1   149928  149978 (2943965) + A-rich        Low_complexity      1     48    (0)  22  
   20   21.7  5.1  2.5  CP127019.1   157716  157793 (2936150) + A-rich        Low_complexity      1     80    (0)  23  
   13   20.8  0.0  0.0  CP127019.1   164584  164616 (2929327) + A-rich        Low_complexity      1     33    (0)  24  
   11   21.7  0.0  5.1  CP127019.1   187682  187722 (2906221) + (TTTATT)n     Simple_repeat       1     39    (0)  25  
   14    9.0  5.1  5.1  CP127019.1   198061  198099 (2895844) + (ATTGCAA)n    Simple_repeat       1     39    (0)  26  
   12   20.7  0.0  2.9  CP127019.1   206375  206409 (2887534) + (ATTT)n       Simple_repeat       1     34    (0)  27  
   14   13.6  2.9  2.9  CP127019.1   221145  221178 (2872765) + (AAT)n        Simple_repeat       1     34    (0)  28  
   12   24.0  0.0  2.5  CP127019.1   225493  225533 (2868410) + (GAATAA)n     Simple_repeat       1     40    (0)  29  
   12   25.6  2.1  2.1  CP127019.1   246377  246424 (2847519) + (TTTATGA)n    Simple_repeat       1     48    (0)  30  
   12   22.5  2.3  2.3  CP127019.1   247690  247732 (2846211) + (AAGATA)n     Simple_repeat       1     43    (0)  31  
   16   27.0  0.0  0.0  CP127019.1   249271  249319 (2844624) + (TATATT)n     Simple_repeat       1     49    (0)  32  
   12   12.2  3.7  0.0  CP127019.1   258457  258483 (2835460) + (TATTG)n      Simple_repeat       1     28    (0)  33  
   13   25.0  0.0  0.0  CP127019.1   310763  310800 (2783143) + (ATTAGT)n     Simple_repeat       1     38    (0)  34  
   11   26.4  5.6  0.0  CP127019.1   311708  311761 (2782182) + (TAGTTG)n     Simple_repeat       1     57    (0)  35  
   17   22.7  1.9  1.9  CP127019.1   326610  326662 (2767281) + A-rich        Low_complexity      1     53    (0)  36  
   14   18.9  2.8  0.0  CP127019.1   331830  331865 (2762078) + (TAA)n        Simple_repeat       1     37    (0)  37  
   11   19.2  2.1  6.7  CP127019.1   332873  332919 (2761024) + (TTGATGA)n    Simple_repeat       1     45    (0)  38  
   14   10.3  0.0  8.8  CP127019.1   338644  338680 (2755263) + A-rich        Low_complexity      1     34    (0)  39  
   13   14.2  3.2  0.0  CP127019.1   353665  353695 (2740248) + (TTAGA)n      Simple_repeat       1     32    (0)  40  
   13   17.7  5.3  0.0  CP127019.1   355145  355182 (2738761) + (TATTCA)n     Simple_repeat       1     40    (0)  41  
   12   18.1  0.0  3.1  CP127019.1   358514  358546 (2735397) + (ATTTTA)n     Simple_repeat       1     32    (0)  42  
   15   21.1  0.0  2.6  CP127019.1   376269  376308 (2717635) + (CTT)n        Simple_repeat       1     39    (0)  43  
   11   30.4  0.0  0.0  CP127019.1   385446  385489 (2708454) + A-rich        Low_complexity      1     44    (0)  44  
   11   18.4  2.4  5.0  CP127019.1   386120  386160 (2707783) + A-rich        Low_complexity      1     40    (0)  45  
   17   30.5  0.0  0.0  CP127019.1   387124  387179 (2706764) + (AAT)n        Simple_repeat       1     56    (0)  46  
   12   18.1  0.0  3.1  CP127019.1   401995  402027 (2691916) + A-rich        Low_complexity      1     32    (0)  47  
   11   21.4  0.0 11.1  CP127019.1   421491  421550 (2672393) + A-rich        Low_complexity      1     54    (0)  48  
   11   21.1  2.5  2.5  CP127019.1   444655  444694 (2649249) + (AATGTT)n     Simple_repeat       1     40    (0)  49  
   13   24.9  0.0  0.0  CP127019.1   462240  462277 (2631666) + (ATGATG)n     Simple_repeat       1     38    (0)  50  
   13   21.9  0.0  2.6  CP127019.1   484893  484931 (2609012) + (AATCGA)n     Simple_repeat       1     38    (0)  51  
   15   24.1  1.8  3.6  CP127019.1   492748  492804 (2601139) + (CTTTT)n      Simple_repeat       1     56    (0)  52  
   15   18.2  0.0  2.6  CP127019.1   532571  532609 (2561334) + (TTAAGTT)n    Simple_repeat       1     38    (0)  53  
   17   19.9  4.9  3.2  CP127019.1   536289  536298 (2557645) + (AATT)n       Simple_repeat       1     61    (0)  54  
   16   18.8  4.0  2.0  CP127019.1   536299  536348 (2557595) + (TATTAAT)n    Simple_repeat       1     51    (0)  55  
   16   14.9  0.0  0.0  CP127019.1   537606  537635 (2556308) + (GAA)n        Simple_repeat       1     30    (0)  56  
   15   18.8  2.3  2.3  CP127019.1   638758  638801 (2455142) + (AAGTAA)n     Simple_repeat       1     44    (0)  57  
   12   28.0  0.0  0.0  CP127019.1   640150  640188 (2453755) + A-rich        Low_complexity      1     39    (0)  58  
   17   15.2  4.2  4.3  CP127019.1   641531  641583 (2452360) + A-rich        Low_complexity      1     52    (0)  59  
   12   15.3  6.4  4.2  CP127019.1   654214  654260 (2439683) + (AATGATG)n    Simple_repeat       1     48    (0)  60  
   12   11.7  3.3  3.3  CP127019.1   673526  673555 (2420388) + A-rich        Low_complexity      1     30    (0)  61  
   12    7.5  3.1  6.5  CP127019.1   676940  676971 (2416972) + (TTATGA)n     Simple_repeat       1     31    (0)  62  
   11   20.1  8.2  3.1  CP127019.1   679625  679685 (2414258) + (TGTAATA)n    Simple_repeat       1     64    (0)  63  
   15   27.8  1.5  3.1  CP127019.1   702923  702987 (2390956) + (AATAT)n      Simple_repeat       1     64    (0)  64  
   15   11.3  4.8  4.8  CP127019.1   719451  719492 (2374451) + A-rich        Low_complexity      1     42    (0)  65  
   12   14.3  4.5 11.1  CP127019.1   724965  725031 (2368912) + A-rich        Low_complexity      1     63    (0)  66  
   11   30.7  0.0  0.0  CP127019.1   728639  728682 (2365261) + (TTATAT)n     Simple_repeat       1     44    (0)  67  
   12   20.1  4.1  4.1  CP127019.1   729868  729916 (2364027) + (AATATAA)n    Simple_repeat       1     49    (0)  68  
   15   24.9  0.0  6.7  CP127019.1   730974  731037 (2362906) + A-rich        Low_complexity      1     60    (0)  69  
   13   20.7  0.0  8.3  CP127019.1   733149  733200 (2360743) + A-rich        Low_complexity      1     48    (0)  70  
   14   25.0  1.6  5.0  CP127019.1   733485  733546 (2360397) + A-rich        Low_complexity      1     60    (0)  71  
   14   17.3  4.1  4.1  CP127019.1   734693  734741 (2359202) + (AATATAA)n    Simple_repeat       1     49    (0)  72  
   12   25.0  3.2  4.9  CP127019.1   751800  751861 (2342082) + (ATTA)n       Simple_repeat       1     61    (0)  73  
   13   14.5 10.9  1.7  CP127019.1   752613  752667 (2341276) + A-rich        Low_complexity      1     60    (0)  74  
   15   12.0  2.5  5.1  CP127019.1   755142  755199 (2338744) + (GATTTA)n     Simple_repeat       1     56    (0)  75  
   12   12.8  8.8  0.0  CP127019.1   762842  762875 (2331068) + A-rich        Low_complexity      1     37    (0)  76  
   17   12.6  4.3  4.3  CP127019.1   767734  767780 (2326163) + A-rich        Low_complexity      1     47    (0)  77  
   15   16.9  0.0  0.0  CP127019.1   788120  788152 (2305791) + A-rich        Low_complexity      1     33    (0)  78  
   11   24.6  0.0  2.6  CP127019.1   789077  789116 (2304827) + A-rich        Low_complexity      1     39    (0)  79  
   12   17.1  4.9  2.4  CP127019.1   789289  789329 (2304614) + A-rich        Low_complexity      1     42    (0)  80  
   15   33.8  0.0  0.0  CP127019.1   811029  811087 (2282856) + A-rich        Low_complexity      1     59    (0)  81  
   13    8.7  4.0  0.0  CP127019.1   820181  820205 (2273738) + (ATC)n        Simple_repeat       1     26    (0)  82  
   13   17.0  7.5  0.0  CP127019.1   823457  823496 (2270447) + (ACAAG)n      Simple_repeat       1     43    (0)  83  
   11   24.4  0.0  0.0  CP127019.1   823805  823838 (2270105) + (TGCAGC)n     Simple_repeat       1     34    (0)  84  
   13   16.3  0.0  5.6  CP127019.1   857445  857482 (2236461) + A-rich        Low_complexity      1     36    (0)  85  
   16   12.5  2.7  2.7  CP127019.1   875344  875380 (2218563) + (AAGATA)n     Simple_repeat       1     37    (0)  86  
   12    5.5  0.0  0.0  CP127019.1   880634  880652 (2213291) + (GTG)n        Simple_repeat       1     19    (0)  87  
   13   11.0  7.0  4.5  CP127019.1   891057  891099 (2202844) + (ATGTTA)n     Simple_repeat       1     44    (0)  88  
   12   22.6  3.1  6.5  CP127019.1   903186  903249 (2190694) + (TAATAT)n     Simple_repeat       1     62    (0)  89  
   15   20.4  0.0  2.5  CP127019.1   905013  905053 (2188890) + (ATAAGT)n     Simple_repeat       1     40    (0)  90  
   12   23.3  2.5  0.0  CP127019.1   908868  908907 (2185036) + A-rich        Low_complexity      1     41    (0)  91  
   12   14.4  7.5  2.4  CP127019.1   915364  915403 (2178540) + (AATC)n       Simple_repeat       1     42    (0)  92  
   14   24.3  0.0  4.0  CP127019.1   929798  929849 (2164094) + (TATTCAT)n    Simple_repeat       1     50    (0)  93  
   33   26.7  0.0  0.0  CP127019.1   930233  930322 (2163621) + (TCTTTT)n     Simple_repeat       1     90    (0)  94  
   13   15.0  5.1  2.5  CP127019.1   935856  935894 (2158049) + (AATT)n       Simple_repeat       1     40    (0)  95  
   14   13.8  0.0  5.9  CP127019.1   939044  939079 (2154864) + A-rich        Low_complexity      1     34    (0)  96  
   15   21.4  2.3  0.0  CP127019.1   940829  940871 (2153072) + A-rich        Low_complexity      1     44    (0)  97  
   11   18.8  4.3  4.3  CP127019.1   951984  952029 (2141914) + (ATTTTAG)n    Simple_repeat       1     46    (0)  98  
   11   18.4  2.4  5.0  CP127019.1   960053  960093 (2133850) + (TTATCA)n     Simple_repeat       1     40    (0)  99  
   12   18.4  5.4  0.0  CP127019.1   980792  980828 (2113115) + (ATCAA)n      Simple_repeat       1     39    (0) 100  
   12   13.6  2.8  5.7  CP127019.1   993033  993068 (2100875) + (AATAA)n      Simple_repeat       1     35    (0) 101  
   12   16.9  2.9  2.9  CP127019.1  1021794 1021828 (2072115) + A-rich        Low_complexity      1     35    (0) 102  
   13   24.3  0.0  4.4  CP127019.1  1034910 1034956 (2058987) + (TTATA)n      Simple_repeat       1     45    (0) 103  
   14   15.3  2.5  5.1  CP127019.1  1035917 1035956 (2057987) + (TTA)n        Simple_repeat       1     39    (0) 104  
   14   23.7  3.6  1.8  CP127019.1  1040753 1040808 (2053135) + (TTAATAT)n    Simple_repeat       1     57    (0) 105  
   12   21.1  0.0  8.5  CP127019.1  1048173 1048223 (2045720) + A-rich        Low_complexity      1     47    (0) 106  
   15   13.2  5.7  2.8  CP127019.1  1048461 1048495 (2045448) + (AT)n         Simple_repeat       1     36    (0) 107  
   17   11.7  5.4  0.0  CP127019.1  1048591 1048645 (2045298) + (ATTT)n       Simple_repeat       1     57    (0) 108  
   13   14.3  3.0  3.0  CP127019.1  1062393 1062425 (2031518) + (ATG)n        Simple_repeat       1     33    (0) 109  
   13    7.8  3.5  3.5  CP127019.1  1066285 1066313 (2027630) + (TTTAT)n      Simple_repeat       1     29    (0) 110  
   12   13.9  4.4  6.8  CP127019.1  1074096 1074140 (2019803) + A-rich        Low_complexity      1     44    (0) 111  
   12    6.6 12.5  0.0  CP127019.1  1076154 1076185 (2017758) + (TGTAA)n      Simple_repeat       1     36    (0) 112  
   13   12.8 11.6  0.0  CP127019.1  1096164 1096206 (1997737) + (CTTCTAA)n    Simple_repeat       1     48    (0) 113  
   12   15.8  0.0  3.5  CP127019.1  1096374 1096403 (1997540) + (ATTT)n       Simple_repeat       1     29    (0) 114  
   12   10.7  2.9  6.1  CP127019.1  1103459 1103492 (1990451) + (TAACA)n      Simple_repeat       1     33    (0) 115  
   12   16.3  2.8  2.8  CP127019.1  1112215 1112250 (1981693) + A-rich        Low_complexity      1     36    (0) 116  
   13   17.6  0.0  7.3  CP127019.1  1120586 1120629 (1973314) + (TTGGTG)n     Simple_repeat       1     41    (0) 117  
   14   31.9  3.9  0.0  CP127019.1  1150120 1150196 (1943747) + (TTTTCA)n     Simple_repeat       1     80    (0) 118  
   13   33.3  1.4  1.4  CP127019.1  1158920 1158988 (1934955) + (ATTATT)n     Simple_repeat       1     69    (0) 119  
   12   26.4  2.1  2.1  CP127019.1  1163991 1164038 (1929905) + A-rich        Low_complexity      1     48    (0) 120  
   13   18.2  2.6  2.6  CP127019.1  1170350 1170388 (1923555) + (TGATAT)n     Simple_repeat       1     39    (0) 121  
   12   25.8  6.1  1.4  CP127019.1  1171426 1171491 (1922452) + (TATTTAT)n    Simple_repeat       1     69    (0) 122  
   13   28.8  0.0  0.0  CP127019.1  1176903 1176948 (1916995) + (AATAGC)n     Simple_repeat       1     46    (0) 123  
   19   27.7  0.0  5.2  CP127019.1  1202995 1203075 (1890868) + A-rich        Low_complexity      1     77    (0) 124  
   12   17.2  4.9  2.4  CP127019.1  1206573 1206613 (1887330) + (AATATTTT)n   Simple_repeat       1     42    (0) 125  
   12   25.4  3.8  1.9  CP127019.1  1217619 1217671 (1876272) + A-rich        Low_complexity      1     54    (0) 126  
   13   21.1  2.6  0.0  CP127019.1  1221643 1221680 (1872263) + (TATGAAG)n    Simple_repeat       1     39    (0) 127  
   12    9.1  4.2  0.0  CP127019.1  1228858 1228881 (1865062) + (TAAT)n       Simple_repeat       1     25    (0) 128  
   16   19.2  4.1  2.0  CP127019.1  1229906 1229954 (1863989) + (AATA)n       Simple_repeat       1     50    (0) 129  
   12   21.8  2.2  4.4  CP127019.1  1232100 1232145 (1861798) + A-rich        Low_complexity      1     45    (0) 130  
   13    5.0  0.0  4.5  CP127019.1  1250252 1250274 (1843669) + (AAC)n        Simple_repeat       1     22    (0) 131  
   13   11.7  3.6  0.0  CP127019.1  1251079 1251106 (1842837) + (AATAA)n      Simple_repeat       1     29    (0) 132  
   16    7.0  3.1  3.1  CP127019.1  1258699 1258730 (1835213) + (AAGATA)n     Simple_repeat       1     32    (0) 133  
   14   21.6  6.2  0.0  CP127019.1  1269189 1269236 (1824707) + (TTA)n        Simple_repeat       1     51    (0) 134  
   12   12.0  3.7  0.0  CP127019.1  1283886 1283912 (1810031) + (AATTT)n      Simple_repeat       1     28    (0) 135  
   12   24.9  7.0  0.0  CP127019.1  1290681 1290737 (1803206) + GA-rich       Low_complexity      1     61    (0) 136  
   12   23.5  0.0  0.0  CP127019.1  1298536 1298570 (1795373) + A-rich        Low_complexity      1     35    (0) 137  
   13   11.9  2.3  9.8  CP127019.1  1304295 1304338 (1789605) + A-rich        Low_complexity      1     41    (0) 138  
   25   30.3  1.1  1.1  CP127019.1  1355143 1355233 (1738710) + (ATA)n        Simple_repeat       1     91    (0) 139  
   15   15.3  2.6  2.6  CP127019.1  1355382 1355419 (1738524) + (ATCA)n       Simple_repeat       1     38    (0) 140  
   16   20.8  4.5  4.5  CP127019.1  1365313 1365378 (1728565) + (TTA)n        Simple_repeat       1     66    (0) 141  
   17   17.3  0.0  6.2  CP127019.1  1376633 1376683 (1717260) + A-rich        Low_complexity      1     48    (0) 142  
   12   19.7  0.0  0.0  CP127019.1  1390450 1390478 (1703465) + A-rich        Low_complexity      1     29    (0) 143  
   11   20.7  5.1  0.0  CP127019.1  1403970 1404008 (1689935) + (ATTATTA)n    Simple_repeat       1     41    (0) 144  
   16   18.9  6.2  6.2  CP127019.1  1404288 1404368 (1689575) + (ATATAA)n     Simple_repeat       1     81    (0) 145  
   13   10.5  6.5  0.0  CP127019.1  1433828 1433858 (1660085) + A-rich        Low_complexity      1     33    (0) 146  
   13   22.0  2.7  5.6  CP127019.1  1442069 1442129 (1651814) + A-rich        Low_complexity      1     59    (0) 147  
   15   21.2  0.0  2.6  CP127019.1  1443917 1443956 (1649987) + (TTC)n        Simple_repeat       1     39    (0) 148  
   12   21.4  3.3  6.8  CP127019.1  1444602 1444662 (1649281) + (TTATTC)n     Simple_repeat       1     59    (0) 149  
   16   16.7 10.1  3.6  CP127019.1  1455405 1455483 (1638460) + (AATTGA)n     Simple_repeat       1     84    (0) 150  
   13   12.9  2.6  5.4  CP127019.1  1468613 1468650 (1625293) + (AATAGAT)n    Simple_repeat       1     37    (0) 151  
   12   12.1  0.0  6.9  CP127019.1  1480091 1480121 (1613822) + (TGATT)n      Simple_repeat       1     29    (0) 152  
   15   11.9  0.0 10.0  CP127019.1  1491453 1491496 (1602447) + (ATTTT)n      Simple_repeat       1     40    (0) 153  
   13   21.6  2.1  4.3  CP127019.1  1510519 1510565 (1583378) + (TAA)n        Simple_repeat       1     46    (0) 154  
   13   14.0  4.7  4.7  CP127019.1  1515147 1515189 (1578754) + (CTTTAT)n     Simple_repeat       1     43    (0) 155  
   11   21.3  4.4  2.2  CP127019.1  1526097 1526141 (1567802) + (TATTTATA)n   Simple_repeat       1     46    (0) 156  
   13   12.0  0.0  3.6  CP127019.1  1623706 1623734 (1470209) + (TTCTT)n      Simple_repeat       1     28    (0) 157  
   12   12.5  0.0  3.7  CP127019.1  1638478 1638505 (1455438) + (CTTTT)n      Simple_repeat       1     27    (0) 158  
   12   17.8  4.0  6.1  CP127019.1  1640951 1641000 (1452943) + (TTTGAT)n     Simple_repeat       1     49    (0) 159  
   15   17.2  0.0  0.0  CP127019.1  1645856 1645888 (1448055) + (CTTTAT)n     Simple_repeat       1     33    (0) 160  
   12   15.8  2.6  5.3  CP127019.1  1651557 1651595 (1442348) + (ATCTTAC)n    Simple_repeat       1     38    (0) 161  
   13   27.7  1.9  1.9  CP127019.1  1673661 1673714 (1420229) + (TTTATAT)n    Simple_repeat       1     54    (0) 162  
   12   21.1  0.0  5.0  CP127019.1  1684354 1684395 (1409548) + A-rich        Low_complexity      1     40    (0) 163  
   18   17.1  1.7  7.0  CP127019.1  1695672 1695731 (1398212) + (ATTATC)n     Simple_repeat       1     57    (0) 164  
   13   13.6  6.8  4.4  CP127019.1  1712321 1712364 (1381579) + (ATA)n        Simple_repeat       1     45    (0) 165  
   13   14.6  0.0  3.2  CP127019.1  1713469 1713500 (1380443) + (TTTTAA)n     Simple_repeat       1     31    (0) 166  
   16   17.6  2.6  0.0  CP127019.1  1727664 1727702 (1366241) + (TTTTAA)n     Simple_repeat       1     40    (0) 167  
   12   16.5  2.8  2.8  CP127019.1  1734617 1734652 (1359291) + (TTACGT)n     Simple_repeat       1     36    (0) 168  
   13   29.8  2.7  2.7  CP127019.1  1750843 1750915 (1343028) + (TTTACG)n     Simple_repeat       1     73    (0) 169  
   17   16.1  3.9  3.9  CP127019.1  1765694 1765745 (1328198) + A-rich        Low_complexity      1     52    (0) 170  
   13   14.4  3.2  0.0  CP127019.1  1799885 1799915 (1294028) + (ATTCAA)n     Simple_repeat       1     32    (0) 171  
   14   14.8  2.4  5.0  CP127019.1  1808329 1808369 (1285574) + (TTGCAT)n     Simple_repeat       1     40    (0) 172  
   12   31.7  0.0  1.8  CP127019.1  1813811 1813866 (1280077) + (TTTAAT)n     Simple_repeat       1     55    (0) 173  
   13   29.1  2.6  4.0  CP127019.1  1825096 1825172 (1268771) + (TTTTTAA)n    Simple_repeat       1     76    (0) 174  
   11   22.0  3.9  3.9  CP127019.1  1835111 1835161 (1258782) + (AACTAC)n     Simple_repeat       1     51    (0) 175  
   17    9.7  3.0  0.0  CP127019.1  1854384 1854416 (1239527) + (TTTTCT)n     Simple_repeat       1     34    (0) 176  
   15   25.6  0.0  0.0  CP127019.1  1854417 1854425 (1239518) + (TTT)n        Simple_repeat       1     42    (0) 177  
   14   12.0  0.0  0.0  CP127019.1  1859986 1860012 (1233931) + (TTCTT)n      Simple_repeat       1     27    (0) 178  
   11   17.7  5.0  2.4  CP127019.1  1891178 1891217 (1202726) + (CAATTT)n     Simple_repeat       1     41    (0) 179  
   12   17.0  2.9  2.9  CP127019.1  1899557 1899591 (1194352) + (TAA)n        Simple_repeat       1     35    (0) 180  
   11   24.4  2.2  2.2  CP127019.1  1904546 1904590 (1189353) + (TTTTCGT)n    Simple_repeat       1     45    (0) 181  
   13   17.0  3.0  0.0  CP127019.1  1917267 1917299 (1176644) + (AATTAA)n     Simple_repeat       1     34    (0) 182  
   13   16.7  8.2  1.9  CP127019.1  1921158 1921206 (1172737) + (ATTATTA)n    Simple_repeat       1     52    (0) 183  
   14   17.7  2.5  2.5  CP127019.1  1928641 1928680 (1165263) + (ATTATA)n     Simple_repeat       1     40    (0) 184  
   12   12.3  5.1  5.1  CP127019.1  1930721 1930759 (1163184) + (TTTTAGC)n    Simple_repeat       1     39    (0) 185  
   12   28.7  3.6  0.0  CP127019.1  1942450 1942504 (1151439) + A-rich        Low_complexity      1     57    (0) 186  
   15   15.8  2.1  6.5  CP127019.1  1954929 1954976 (1138967) + (TTGA)n       Simple_repeat       1     46    (0) 187  
   12   20.6  5.1  0.0  CP127019.1  1958635 1958673 (1135270) + (TGAT)n       Simple_repeat       1     41    (0) 188  
   15   13.9  0.0  0.0  CP127019.1  1991605 1991628 (1102315) + (T)n          Simple_repeat       1     24    (0) 189  
   13   21.1  2.6  0.0  CP127019.1  2004551 2004588 (1089355) + (ATTATA)n     Simple_repeat       1     39    (0) 190  
   12    7.9  7.4  0.0  CP127019.1  2011171 2011197 (1082746) + (TTTAA)n      Simple_repeat       1     29    (0) 191  
   14   23.2  6.5  1.5  CP127019.1  2022616 2022677 (1071266) + (AATT)n       Simple_repeat       1     65    (0) 192  
   16   24.4  3.2  3.2  CP127019.1  2028827 2028888 (1065055) + (TTA)n        Simple_repeat       1     62    (0) 193  
   12   23.1  5.1  3.3  CP127019.1  2029658 2029716 (1064227) + (AATT)n       Simple_repeat       1     60    (0) 194  
   14    6.5  8.8  2.8  CP127019.1  2034722 2034786 (1059157) + (ATT)n        Simple_repeat       1     68    (0) 195  
   12    8.4  0.0  7.4  CP127019.1  2036316 2036344 (1057599) + (ACACA)n      Simple_repeat       1     27    (0) 196  
   13   19.4  0.0  2.8  CP127019.1  2060859 2060895 (1033048) + (TTTAATA)n    Simple_repeat       1     36    (0) 197  
   13   22.6  2.8  7.3  CP127019.1  2092913 2092983 (1000960) + A-rich        Low_complexity      1     68    (0) 198  
   12   13.3  2.7  5.6  CP127019.1  2124367 2124403  (969540) + (TTCATC)n     Simple_repeat       1     36    (0) 199  
   13   11.1  3.2  3.2  CP127019.1  2137497 2137527  (956416) + (AAT)n        Simple_repeat       1     31    (0) 200  
   13   13.1  0.0  0.0  CP127019.1  2150295 2150319  (943624) + (TAAA)n       Simple_repeat       1     25    (0) 201  
   11   18.7  0.0  7.7  CP127019.1  2154326 2154367  (939576) + (AATAACA)n    Simple_repeat       1     39    (0) 202  
   14   14.2  4.7  4.7  CP127019.1  2156829 2156871  (937072) + (TTAT)n       Simple_repeat       1     43    (0) 203  
   12   23.3  0.0  0.0  CP127019.1  2158120 2158154  (935789) + (CTTTAT)n     Simple_repeat       1     35    (0) 204  
   13   18.9  2.6  2.6  CP127019.1  2162638 2162675  (931268) + (AAT)n        Simple_repeat       1     38    (0) 205  
   13   20.0  5.5  3.6  CP127019.1  2166321 2166375  (927568) + (GCATTTT)n    Simple_repeat       1     56    (0) 206  
   16   18.6  2.2  2.2  CP127019.1  2181068 2181112  (912831) + (TTTCTTT)n    Simple_repeat       1     45    (0) 207  
   16   14.5  1.9  8.0  CP127019.1  2181865 2181917  (912026) + A-rich        Low_complexity      1     50    (0) 208  
   37   10.5  0.0  0.0  CP127019.1  2186314 2186375  (907568) + (CGATGTGTA)n  Simple_repeat       1     62    (0) 209  
   11   19.1  4.3  4.3  CP127019.1  2187576 2187621  (906322) + (CTTCTG)n     Simple_repeat       1     46    (0) 210  
   15   23.1  1.9  3.8  CP127019.1  2190075 2190128  (903815) + (TGTA)n       Simple_repeat       1     53    (0) 211  
   17   30.5  0.0  0.0  CP127019.1  2190854 2190909  (903034) + (TTA)n        Simple_repeat       1     56    (0) 212  
   13   21.7  2.6  0.0  CP127019.1  2191874 2191911  (902032) + (TTTGAA)n     Simple_repeat       1     39    (0) 213  
   12   19.9  5.0  0.0  CP127019.1  2203834 2203873  (890070) + (TTATTAC)n    Simple_repeat       1     42    (0) 214  
   12   20.2  2.3  4.7  CP127019.1  2209352 2209395  (884548) + (TATT)n       Simple_repeat       1     43    (0) 215  
   12   15.9  4.2  6.4  CP127019.1  2209875 2209922  (884021) + (ATTTATA)n    Simple_repeat       1     47    (0) 216  
   12   28.5  4.6  1.5  CP127019.1  2216537 2216601  (877342) + (ATTT)n       Simple_repeat       1     67    (0) 217  
   17   20.1  0.0  7.3  CP127019.1  2217232 2217294  (876649) + A-rich        Low_complexity      1     58    (0) 218  
   45   24.0  5.4  1.7  CP127019.1  2218505 2218672  (875271) + (GGATTT)n     Simple_repeat       1    174    (0) 219  
   16   25.2  5.6  1.3  CP127019.1  2218996 2219067  (874876) + (TATGAA)n     Simple_repeat       1     75    (0) 220  
   14   25.3  0.0  5.6  CP127019.1  2223177 2223233  (870710) + (TTATTT)n     Simple_repeat       1     54    (0) 221  
   22    5.6  0.0  7.5  CP127019.1  2231548 2231590  (862353) + (TTCTTT)n     Simple_repeat       1     40    (0) 222  
   13   12.7  0.0  0.0  CP127019.1  2233538 2233563  (860380) + (TTAAT)n      Simple_repeat       1     26    (0) 223  
   13   23.1  0.0  6.2  CP127019.1  2233571 2233621  (860322) + (GTTTAT)n     Simple_repeat       1     48    (0) 224  
   13   25.7  4.4  2.9  CP127019.1  2249544 2249611  (844332) + (TTTTATA)n    Simple_repeat       1     69    (0) 225  
   24   25.6  3.7  3.7  CP127019.1  2260511 2260619  (833324) + (TCATAT)n     Simple_repeat       1    109    (0) 226  
   11   24.1  0.0  0.0  CP127019.1  2265047 2265080  (828863) + (TCTTCC)n     Simple_repeat       1     34    (0) 227  
   11   24.2  2.6  0.0  CP127019.1  2267620 2267658  (826285) + (TTCTTTT)n    Simple_repeat       1     40    (0) 228  
   11   26.4  6.8  0.0  CP127019.1  2269749 2269776  (824167) + (ACATAT)n     Simple_repeat       1     61    (0) 229  
   15   20.4  0.0  0.0  CP127019.1  2269777 2269805  (824138) + (AT)n         Simple_repeat       1     29    (0) 230  
   12   14.8  4.9  4.9  CP127019.1  2279848 2279888  (814055) + (TAATC)n      Simple_repeat       1     41    (0) 231  
   13   30.4  1.7  1.7  CP127019.1  2287687 2287744  (806199) + (CTT)n        Simple_repeat       1     58    (0) 232  
   12   22.6  0.0  2.7  CP127019.1  2290363 2290400  (803543) + A-rich        Low_complexity      1     37    (0) 233  
   13   28.2  0.0  6.3  CP127019.1  2293851 2293917  (800026) + (TTTCTTA)n    Simple_repeat       1     63    (0) 234  
   17   20.6  6.3  1.5  CP127019.1  2295821 2295883  (798060) + A-rich        Low_complexity      1     66    (0) 235  
   12   13.0  8.8  0.0  CP127019.1  2297297 2297330  (796613) + (TTTAA)n      Simple_repeat       1     37    (0) 236  
   21   10.2  4.8  0.0  CP127019.1  2297629 2297670  (796273) + (TTTATAA)n    Simple_repeat       1     44    (0) 237  
   15   28.3  0.0  6.0  CP127019.1  2297689 2297759  (796184) + (ATT)n        Simple_repeat       1     67    (0) 238  
   12   15.3  3.5  0.0  CP127019.1  2299449 2299477  (794466) + (ATTTT)n      Simple_repeat       1     30    (0) 239  
   19   25.7  0.0  4.5  CP127019.1  2300734 2300803  (793140) + (TTTA)n       Simple_repeat       1     67    (0) 240  
   11   25.3  0.0  4.5  CP127019.1  2301829 2301874  (792069) + A-rich        Low_complexity      1     44    (0) 241  
   13   12.0  5.0  5.0  CP127019.1  2302794 2302833  (791110) + (TTGTTCA)n    Simple_repeat       1     40    (0) 242  
   17   21.1  3.8  6.4  CP127019.1  2303455 2303534  (790409) + (ATCTC)n      Simple_repeat       1     78    (0) 243  
   13   23.3  0.0  2.4  CP127019.1  2303696 2303737  (790206) + (TCATT)n      Simple_repeat       1     41    (0) 244  
   12    9.7 13.0  2.0  CP127019.1  2303862 2303907  (790036) + (TCAATCAC)n   Simple_repeat       1     51    (0) 245  
   16   21.8  2.5  7.9  CP127019.1  2303978 2304057  (789886) + (ATTAATA)n    Simple_repeat       1     76    (0) 246  
   16   26.0  0.0  8.9  CP127019.1  2308553 2308638  (785305) + A-rich        Low_complexity      1     79    (0) 247  
   12   16.9  2.9  2.9  CP127019.1  2309119 2309153  (784790) + GA-rich       Low_complexity      1     35    (0) 248  
   13   10.0  5.9  2.9  CP127019.1  2310700 2310733  (783210) + A-rich        Low_complexity      1     35    (0) 249  
   13   21.9  2.3  2.3  CP127019.1  2331635 2331678  (762265) + A-rich        Low_complexity      1     44    (0) 250  
   12   22.4  0.0  2.7  CP127019.1  2335213 2335250  (758693) + (AACAAG)n     Simple_repeat       1     37    (0) 251  
   16   17.8  6.6  3.2  CP127019.1  2344892 2344952  (748991) + (AATACA)n     Simple_repeat       1     63    (0) 252  
   13   27.0  0.0  4.3  CP127019.1  2362067 2362115  (731828) + (AAT)n        Simple_repeat       1     47    (0) 253  
   12    7.5  0.0 12.5  CP127019.1  2366827 2366862  (727081) + (TTTTTA)n     Simple_repeat       1     32    (0) 254  
   12   16.9  0.0  5.7  CP127019.1  2373427 2373463  (720480) + A-rich        Low_complexity      1     35    (0) 255  
   13   27.6  1.7  3.4  CP127019.1  2383491 2383550  (710393) + (ATTTATA)n    Simple_repeat       1     59    (0) 256  
   13   23.3  0.0  6.2  CP127019.1  2410780 2410830  (683113) + A-rich        Low_complexity      1     48    (0) 257  
   17   29.7  1.3  2.6  CP127019.1  2427245 2427321  (666622) + (ATTCTTA)n    Simple_repeat       1     76    (0) 258  
   12   20.8  0.0  2.9  CP127019.1  2443058 2443092  (650851) + (TTTAT)n      Simple_repeat       1     34    (0) 259  
   20   25.7  0.0  0.0  CP127019.1  2447133 2447188  (646755) + (TCTTCT)n     Simple_repeat       1     56    (0) 260  
   13   15.0  8.2  3.9  CP127019.1  2448963 2449011  (644932) + (ATT)n        Simple_repeat       1     51    (0) 261  
   12   12.8  5.1  5.1  CP127019.1  2451740 2451778  (642165) + (AATTCTC)n    Simple_repeat       1     39    (0) 262  
   16   18.9  0.0  4.5  CP127019.1  2458713 2458758  (635185) + (ATTATCA)n    Simple_repeat       1     44    (0) 263  
   14   11.0  4.4  6.8  CP127019.1  2481183 2481227  (612716) + (TTATCAG)n    Simple_repeat       1     44    (0) 264  
   16   33.1  0.0  0.0  CP127019.1  2481462 2481525  (612418) + (GCATTA)n     Simple_repeat       1     64    (0) 265  
   15   13.2  2.9  2.9  CP127019.1  2487219 2487253  (606690) + (TGC)n        Simple_repeat       1     35    (0) 266  
   13   22.0  2.7  8.6  CP127019.1  2487875 2487948  (605995) + (TATTT)n      Simple_repeat       1     70    (0) 267  
   11   14.8  4.9  4.9  CP127019.1  2488139 2488179  (605764) + (CTTCTA)n     Simple_repeat       1     41    (0) 268  
   13   25.5  0.0  2.3  CP127019.1  2521868 2521911  (572032) + (TTTTAAT)n    Simple_repeat       1     43    (0) 269  
   24   25.6  0.0  0.0  CP127019.1  2536926 2536990  (556953) + (TTTGGAA)n    Simple_repeat       1     65    (0) 270  
   17   16.7  2.5  0.0  CP127019.1  2537111 2537150  (556793) + A-rich        Low_complexity      1     41    (0) 271  
   12    6.7 12.5  0.0  CP127019.1  2569098 2569129  (524814) + (TTACCT)n     Simple_repeat       1     36    (0) 272  
   12   18.1  2.4  5.0  CP127019.1  2575010 2575050  (518893) + (ATT)n        Simple_repeat       1     40    (0) 273  
   14   25.6  0.0  2.1  CP127019.1  2601068 2601115  (492828) + (CATTTA)n     Simple_repeat       1     47    (0) 274  
   12   13.5  2.0 10.9  CP127019.1  2613938 2613987  (479956) + (TTTAAT)n     Simple_repeat       1     46    (0) 275  
   15   31.5  0.0  0.0  CP127019.1  2622526 2622580  (471363) + (TTATTT)n     Simple_repeat       1     55    (0) 276  
   23   22.8  1.6  0.0  CP127019.1  2623385 2623445  (470498) + (ACTACA)n     Simple_repeat       1     62    (0) 277  
   19   29.9  1.4  0.0  CP127019.1  2623446 2623453  (470490) + (ACA)n        Simple_repeat       1     70    (0) 278  
   12   22.5  3.5  5.4  CP127019.1  2638323 2638379  (455564) + (ATTAT)n      Simple_repeat       1     56    (0) 279  
   14   19.5  0.0  2.8  CP127019.1  2648335 2648371  (445572) + (TAA)n        Simple_repeat       1     36    (0) 280  
   12   20.7  0.0  7.1  CP127019.1  2666525 2666569  (427374) + A-rich        Low_complexity      1     42    (0) 281  
   16   32.1  1.4  0.0  CP127019.1  2667643 2667711  (426232) + (TTAGTT)n     Simple_repeat       1     70    (0) 282  
   12   13.6  0.0  8.6  CP127019.1  2679265 2679302  (414641) + A-rich        Low_complexity      1     35    (0) 283  
   14   16.6  7.3  0.0  CP127019.1  2679523 2679563  (414380) + (ATT)n        Simple_repeat       1     44    (0) 284  
   17   22.7  4.8  4.8  CP127019.1  2680318 2680401  (413542) + (ATTTAT)n     Simple_repeat       1     84    (0) 285  
   19   25.6  1.3  4.1  CP127019.1  2693332 2693406  (400537) + (TTGGTTA)n    Simple_repeat       1     73    (0) 286  
   12   25.3  2.4  0.0  CP127019.1  2709962 2710003  (383940) + (TATATTT)n    Simple_repeat       1     43    (0) 287  
   28    4.7  0.0  6.4  CP127019.1  2743525 2743574  (350369) + (TAGTTAACAT)n Simple_repeat       1     47    (0) 288  
   13   24.8  0.0  0.0  CP127019.1  2809623 2809660  (284283) + (TTTCTT)n     Simple_repeat       1     38    (0) 289  
   13   20.0  2.4  2.4  CP127019.1  2821386 2821427  (272516) + A-rich        Low_complexity      1     42    (0) 290  
   20   13.9  5.0  0.0  CP127019.1  2826533 2826572  (267371) + (TA)n         Simple_repeat       1     42    (0) 291  
   12   19.7  9.6  0.0  CP127019.1  2848734 2848785  (245158) + (TATTTA)n     Simple_repeat       1     57    (0) 292  
   13   16.3  7.0  2.2  CP127019.1  2849862 2849904  (244039) + (ATT)n        Simple_repeat       1     45    (0) 293  
   11   18.7  0.0  7.7  CP127019.1  2863213 2863254  (230689) + (ATCTTT)n     Simple_repeat       1     39    (0) 294  
   13    5.4  6.2 10.9  CP127019.1  2863985 2864032  (229911) + (TTTAGA)n     Simple_repeat       1     46    (0) 295  
   12   20.1  2.9  0.0  CP127019.1  2869271 2869304  (224639) + (ATT)n        Simple_repeat       1     35    (0) 296  
   12   11.3  7.0  2.7  CP127019.1  2876766 2876806  (217137) + A-rich        Low_complexity      1     42    (0) 297  
   12   26.4  2.2  0.0  CP127019.1  2878460 2878504  (215439) + (TATTGT)n     Simple_repeat       1     46    (0) 298  
   11   16.7  5.9  0.0  CP127019.1  2921078 2921111  (172832) + (TTTATTG)n    Simple_repeat       1     36    (0) 299  
   15   16.9  0.0  0.0  CP127019.1  2929537 2929569  (164374) + A-rich        Low_complexity      1     33    (0) 300  
   12   18.1  0.0  3.1  CP127019.1  2930428 2930460  (163483) + A-rich        Low_complexity      1     32    (0) 301  
   13   17.5  0.0  3.0  CP127019.1  2940215 2940248  (153695) + (TAACT)n      Simple_repeat       1     33    (0) 302  
   11   24.0  2.6  0.0  CP127019.1  2972881 2972919  (121024) + A-rich        Low_complexity      1     40    (0) 303  
   11   25.4  0.0  6.1  CP127019.1  2974440 2974491  (119452) + (TAATAA)n     Simple_repeat       1     49    (0) 304  
   15    3.9  7.4  0.0  CP127019.1  2982170 2982196  (111747) + (TTAT)n       Simple_repeat       1     29    (0) 305  
   12   17.6  3.1  0.0  CP127019.1  2983743 2983781  (110162) + (TTTTAA)n     Simple_repeat       1     40    (0) 306  
   13   21.4  2.6  0.0  CP127019.1  2995532 2995569   (98374) + (TTATACA)n    Simple_repeat       1     39    (0) 307  
   16   23.2  3.5  1.7  CP127019.1  3003888 3003944   (89999) + (TATT)n       Simple_repeat       1     58    (0) 308  
   19    5.3  4.4  6.8  CP127019.1  3005290 3005334   (88609) + (ATCAA)n      Simple_repeat       1     44    (0) 309  
   16   17.9  3.6  5.5  CP127019.1  3012017 3012072   (81871) + (TTAA)n       Simple_repeat       1     55    (0) 310  
   12    6.7  9.1  2.9  CP127019.1  3029530 3029562   (64381) + (TCATTT)n     Simple_repeat       1     35    (0) 311  
   11   18.7  4.3  4.3  CP127019.1  3035130 3035175   (58768) + (ATATTT)n     Simple_repeat       1     46    (0) 312  
   14    4.9  0.0  0.0  CP127019.1  3046978 3046998   (46945) + (TTAT)n       Simple_repeat       1     21    (0) 313  
   13   17.7  2.4  4.9  CP127019.1  3065779 3065820   (28123) + (TCATT)n      Simple_repeat       1     41    (0) 314  
   16    8.3  7.5  2.4  CP127019.1  3084438 3084479    (9464) + (TTATA)n      Simple_repeat       1     44    (0) 315  
   15   13.9  0.0  0.0  CP127019.1  3087365 3087388    (6555) + (T)n          Simple_repeat       1     24    (0) 316  
   19   18.9  0.0  0.0  CP127020.1     1022    1057   (26265) + A-rich        Low_complexity      1     36    (0) 317  
   14   23.3  3.9  1.9  CP127020.1     4321    4372   (22950) + (TTTA)n       Simple_repeat       1     53    (0) 318  
   13   28.4  1.9  1.9  CP127020.1     6335    6387   (20935) + (ATC)n        Simple_repeat       1     53    (0) 319  
   15    6.5  5.9  2.9  CP127020.1     8122    8155   (19167) + (ATATC)n      Simple_repeat       1     35    (0) 320  
   12    9.1  7.7  5.0  CP127020.1     9369    9407   (17915) + A-rich        Low_complexity      1     40    (0) 321  
   13   25.2  0.0  2.3  CP127020.1    11185   11228   (16094) + A-rich        Low_complexity      1     43    (0) 322  
   13   23.9  0.0  2.5  CP127020.1    13858   13898   (13424) + A-rich        Low_complexity      1     40    (0) 323  
