[16:28:13] This is prokka 1.14.6
[16:28:13] Written by Torsten Seemann <torsten.seemann@gmail.com>
[16:28:13] Homepage is https://github.com/tseemann/prokka
[16:28:13] Local time is Sat Feb 17 16:28:13 2024
[16:28:13] You are alperen
[16:28:13] Operating system is linux
[16:28:13] You have BioPerl 1.7.8
[16:28:13] System has 20 cores.
[16:28:13] Will use maximum of 8 cores.
[16:28:13] Annotating as >>> Bacteria <<<
[16:28:13] Generating locus_tag from 'resource/genome/smitis_genome.fasta' contents.
[16:28:13] Setting --locustag LBPGPGBP from MD5 5b9090b946c77aab9589ca282853213d
[16:28:13] Creating new output folder: output2/smitis
[16:28:13] Running: mkdir -p output2\/smitis
[16:28:13] Using filename prefix: smitis.XXX
[16:28:13] Setting HMMER_NCPU=1
[16:28:13] Writing log to: output2/smitis/smitis.log
[16:28:13] Command: /home/alperen/miniconda3/envs/prokka/bin/prokka --outdir output2/smitis --cpus 8 --prefix smitis --usegenus --genus Streptococcus --species mitis --addgenes --addmrna --metagenome --force --proteins resource/protein/smitis_protein.fasta resource/genome/smitis_genome.fasta
[16:28:13] Appending to PATH: /home/alperen/miniconda3/envs/prokka/bin
[16:28:13] Looking for 'aragorn' - found /home/alperen/miniconda3/envs/prokka/bin/aragorn
[16:28:14] Determined aragorn version is 001002 from 'ARAGORN v1.2.41 Dean Laslett'
[16:28:14] Looking for 'barrnap' - found /home/alperen/miniconda3/envs/prokka/bin/barrnap
[16:28:14] Determined barrnap version is 000009 from 'barrnap 0.9'
[16:28:14] Looking for 'blastp' - found /home/alperen/miniconda3/envs/prokka/bin/blastp
[16:28:14] Determined blastp version is 002015 from 'blastp: 2.15.0+'
[16:28:14] Looking for 'cmpress' - found /home/alperen/miniconda3/envs/prokka/bin/cmpress
[16:28:14] Determined cmpress version is 001001 from '# INFERNAL 1.1.4 (Dec 2020)'
[16:28:14] Looking for 'cmscan' - found /home/alperen/miniconda3/envs/prokka/bin/cmscan
[16:28:14] Determined cmscan version is 001001 from '# INFERNAL 1.1.4 (Dec 2020)'
[16:28:14] Looking for 'egrep' - found /usr/bin/egrep
[16:28:14] Looking for 'find' - found /usr/bin/find
[16:28:14] Looking for 'grep' - found /usr/bin/grep
[16:28:14] Looking for 'hmmpress' - found /home/alperen/miniconda3/envs/prokka/bin/hmmpress
[16:28:14] Determined hmmpress version is 003004 from '# HMMER 3.4 (Aug 2023); http://hmmer.org/'
[16:28:14] Looking for 'hmmscan' - found /home/alperen/miniconda3/envs/prokka/bin/hmmscan
[16:28:14] Determined hmmscan version is 003004 from '# HMMER 3.4 (Aug 2023); http://hmmer.org/'
[16:28:14] Looking for 'java' - found /home/alperen/miniconda3/envs/prokka/bin/java
[16:28:14] Looking for 'makeblastdb' - found /home/alperen/miniconda3/envs/prokka/bin/makeblastdb
[16:28:14] Determined makeblastdb version is 002015 from 'makeblastdb: 2.15.0+'
[16:28:14] Looking for 'minced' - found /home/alperen/miniconda3/envs/prokka/bin/minced
[16:28:14] Determined minced version is 004002 from 'minced 0.4.2'
[16:28:14] Looking for 'parallel' - found /home/alperen/miniconda3/envs/prokka/bin/parallel
[16:28:14] Determined parallel version is 20240122 from 'GNU parallel 20240122'
[16:28:14] Looking for 'prodigal' - found /home/alperen/miniconda3/envs/prokka/bin/prodigal
[16:28:14] Determined prodigal version is 002006 from 'Prodigal V2.6.3: February, 2016'
[16:28:14] Looking for 'prokka-genbank_to_fasta_db' - found /home/alperen/miniconda3/envs/prokka/bin/prokka-genbank_to_fasta_db
[16:28:14] Looking for 'sed' - found /usr/bin/sed
[16:28:14] Looking for 'tbl2asn' - found /home/alperen/miniconda3/envs/prokka/bin/tbl2asn
[16:28:14] Determined tbl2asn version is 025007 from 'tbl2asn 25.7   arguments:'
[16:28:14] Using genetic code table 11.
[16:28:14] Loading and checking input file: resource/genome/smitis_genome.fasta
[16:28:14] Wrote 3 contigs totalling 1915198 bp.
[16:28:14] Predicting tRNAs and tmRNAs
[16:28:14] Running: aragorn -l -gc11  -w output2\/smitis\/smitis\.fna
[16:28:14] 1 tRNA-Ala [1819,1893] 35 (tgc)
[16:28:14] 2 tRNA-Asn [5116,5189] 35 (gtt)
[16:28:14] 3 tRNA-Glu [187388,187461] 35 (ttc)
[16:28:14] 4 tRNA-Ala [189298,189372] 35 (tgc)
[16:28:14] 5 tRNA-Val [192594,192666] 34 (tac)
[16:28:14] 6 tRNA-Gly [192671,192743] 34 (tcc)
[16:28:14] 7 tRNA-Ile [192776,192851] 36 (gat)
[16:28:14] 8 tRNA-Glu [192858,192931] 35 (ttc)
[16:28:14] 9 tRNA-Ser [192935,193024] 37 (tga)
[16:28:14] 10 tRNA-Met [193035,193108] 35 (cat)
[16:28:14] 11 tRNA-Phe [193112,193184] 34 (gaa)
[16:28:14] 12 tRNA-Tyr [193196,193278] 36 (gta)
[16:28:14] 13 tRNA-Trp [193281,193353] 34 (cca)
[16:28:14] 14 tRNA-His [193366,193440] 35 (gtg)
[16:28:14] 15 tRNA-Gln [193452,193525] 34 (ttg)
[16:28:14] 16 tRNA-Leu [193533,193618] 36 (caa)
[16:28:14] 17 tRNA-Glu [231099,231172] 35 (ttc)
[16:28:14] 1 tRNA-Glu [692,765] 35 (ttc)
[16:28:14] 2 tRNA-Ala [2602,2676] 35 (tgc)
[16:28:14] 3 tRNA-Val [5898,5970] 34 (tac)
[16:28:14] 4 tRNA-Asp [5973,6045] 34 (gtc)
[16:28:14] 5 tRNA-Lys [6069,6141] 34 (ttt)
[16:28:14] 6 tRNA-Leu [6146,6229] 36 (tag)
[16:28:14] 7 tRNA-Thr [6247,6319] 34 (tgt)
[16:28:14] 8 tRNA-Gly [6342,6413] 33 (gcc)
[16:28:14] 9 tRNA-Leu [6421,6506] 35 (taa)
[16:28:14] 10 tRNA-Arg [6518,6591] 35 (acg)
[16:28:14] 11 tRNA-Pro [6606,6681] 36 (tgg)
[16:28:14] 12 tRNA-Met [6685,6760] 36 (cat)
[16:28:14] 13 tRNA-Met [6772,6847] 36 (cat)
[16:28:14] 14 tRNA-Ser [6859,6948] 37 (tga)
[16:28:14] 15 tRNA-Met [6959,7032] 35 (cat)
[16:28:14] 16 tRNA-Phe [7036,7108] 34 (gaa)
[16:28:14] 17 tRNA-Gly [7129,7199] 33 (tcc)
[16:28:14] 18 tRNA-Ile [7233,7308] 36 (gat)
[16:28:14] 19 tRNA-Ser [7313,7402] 36 (gct)
[16:28:14] 20 tRNA-Lys c[54762,54835] 34 (ctt)
[16:28:14] 21 tRNA-Lys c[55762,55837] 35 (ctt)
[16:28:14] 22 tRNA-Leu [189586,189671] 35 (aag)
[16:28:14] 23 tRNA-Thr [199304,199376] 34 (cgt)
[16:28:14] 24 tRNA-Tyr [356211,356291] 35 (gta)
[16:28:14] 25 tRNA-Gln [356301,356372] 33 (ttg)
[16:28:14] 26 tRNA-Phe c[558590,558687] 39 (aaa)
[16:28:14] 27 tRNA-Thr c[631862,631934] 34 (ggt)
[16:28:14] 28 tRNA-Arg c[743405,743478] 35 (ccg)
[16:28:14] 29 tRNA-Arg c[792273,792344] 34 (cct)
[16:28:14] 30 tRNA-Ser [841582,841671] 36 (gga)
[16:28:14] 31 tmRNA c[843483,843827] 83,118 AKNNTSYALAA*
[16:28:14] 32 tRNA-Asn c[1488857,1488930] 35 (gtt)
[16:28:14] 33 tRNA-Glu c[1488936,1489007] 34 (ttc)
[16:28:14] 34 tRNA-Arg c[1491434,1491507] 35 (tct)
[16:28:14] 35 tRNA-Glu [1509242,1509315] 35 (ttc)
[16:28:14] 1 tRNA-Val [81,153] 34 (tac)
[16:28:14] 2 tRNA-Asp [156,228] 34 (gtc)
[16:28:14] 3 tRNA-Lys [252,324] 34 (ttt)
[16:28:14] 4 tRNA-Leu [329,412] 36 (tag)
[16:28:14] 5 tRNA-Thr [430,502] 34 (tgt)
[16:28:14] 6 tRNA-Gly [525,596] 33 (gcc)
[16:28:14] 7 tRNA-Leu [604,689] 35 (taa)
[16:28:14] 8 tRNA-Arg [701,774] 35 (acg)
[16:28:14] 9 tRNA-Pro [789,864] 36 (tgg)
[16:28:14] 10 tRNA-Cys c[66671,66744] 34 (gca)
[16:28:14] 11 tRNA-Glu [169190,169261] 34 (ttc)
[16:28:14] 12 tRNA-Ala [171099,171173] 35 (tgc)
[16:28:14] Found 64 tRNAs
[16:28:14] Predicting Ribosomal RNAs
[16:28:14] Running Barrnap with 8 threads
[16:28:15] 1 NZ_JYGP01000001.1 226 16S ribosomal RNA
[16:28:15] 2 NZ_JYGP01000001.1 2020 23S ribosomal RNA
[16:28:15] 3 NZ_JYGP01000001.1 4998 5S ribosomal RNA
[16:28:15] 4 NZ_JYGP01000001.1 187705 16S ribosomal RNA
[16:28:15] 5 NZ_JYGP01000001.1 189499 23S ribosomal RNA
[16:28:15] 6 NZ_JYGP01000001.1 192477 5S ribosomal RNA
[16:28:15] 7 NZ_JYGP01000002.1 1009 16S ribosomal RNA
[16:28:15] 8 NZ_JYGP01000002.1 2803 23S ribosomal RNA
[16:28:15] 9 NZ_JYGP01000002.1 5781 5S ribosomal RNA
[16:28:15] 10 NZ_JYGP01000003.1 169506 16S ribosomal RNA
[16:28:15] 11 NZ_JYGP01000003.1 171300 23S ribosomal RNA
[16:28:15] 12 NZ_JYGP01000003.1 174278 5S ribosomal RNA
[16:28:15] Found 12 rRNAs
[16:28:15] Skipping ncRNA search, enable with --rfam if desired.
[16:28:15] Total of 75 tRNA + rRNA features
[16:28:15] Searching for CRISPR repeats
[16:28:15] CRISPR1 NZ_JYGP01000001.1 163493 with 18 spacers
[16:28:15] CRISPR2 NZ_JYGP01000002.1 162193 with 3 spacers
[16:28:15] Found 2 CRISPRs
[16:28:15] Predicting coding sequences
[16:28:15] Contigs total 1915198 bp, so using meta mode
[16:28:15] Running: prodigal -i output2\/smitis\/smitis\.fna -c -m -g 11 -p meta -f sco -q
[16:28:16] Excluding CDS which overlaps existing RNA (tRNA) at NZ_JYGP01000001.1:193186..193431 on - strand
[16:28:21] Excluding CDS which overlaps existing RNA (tRNA) at NZ_JYGP01000002.1:557195..558736 on - strand
[16:28:21] Excluding CDS which overlaps existing RNA (tRNA) at NZ_JYGP01000002.1:841492..841662 on - strand
[16:28:21] Excluding CDS which overlaps existing RNA (tRNA) at NZ_JYGP01000002.1:1488892..1489032 on - strand
[16:28:22] Found 1865 CDS
[16:28:22] Connecting features back to sequences
[16:28:22] Skipping genus-specific proteins as can't see /home/alperen/miniconda3/envs/prokka/db/Streptococcus
[16:28:22] Preparing user-supplied primary BLAST annotation source: resource/protein/smitis_protein.fasta
[16:28:22] Guessed source was in fasta format.
[16:28:22] Running: makeblastdb -dbtype prot -in resource\/protein\/smitis_protein\.fasta -out output2\/smitis\/proteins -logfile /dev/null
[16:28:22] Using /inference source as 'smitis_protein.fasta'
[16:28:22] Annotating CDS, please be patient.
[16:28:22] Will use 8 CPUs for similarity searching.
[16:28:22] There are still 1865 unannotated CDS left (started with 1865)
[16:28:22] Will use blast to search against output2/smitis/proteins with 8 CPUs
[16:28:22] Running: cat output2\/smitis\/smitis\.proteins\.tmp\.254232\.faa | parallel --gnu --plain -j 8 --block 36144 --recstart '>' --pipe blastp -query - -db output2/smitis/proteins -evalue 1e-09 -qcov_hsp_perc 80 -num_threads 1 -num_descriptions 1 -num_alignments 1 -seg no > output2\/smitis\/smitis\.proteins\.tmp\.254232\.blast 2> /dev/null
[16:28:26] Modify product: DUF3169 family protein [Streptococcus mitis] => hypothetical protein
[16:28:26] Modify product: DUF1189 domain-containing protein [Streptococcus mitis] => hypothetical protein
[16:28:26] Modify product: MULTISPECIES: DUF6110 family protein [Streptococcus] => hypothetical protein
[16:28:26] Modify product: MULTISPECIES: DUF1304 domain-containing protein [Streptococcus] => hypothetical protein
[16:28:26] Modify product: DUF975 family protein [Streptococcus mitis] => hypothetical protein
[16:28:26] Modify product: DUF1033 family protein [Streptococcus mitis] => hypothetical protein
[16:28:26] Modify product: MULTISPECIES: smi_0061 family bacteriocin-like peptide [Streptococcus] => MULTISPECIES: family bacteriocin-like peptide [Streptococcus]
[16:28:26] Modify product: MULTISPECIES: DUF6037 family protein [Streptococcus] => hypothetical protein
[16:28:26] Modify product: DUF4956 domain-containing protein [Streptococcus mitis] => hypothetical protein
[16:28:26] Modify product: MULTISPECIES: SAG1252 family conjugative relaxosome accessory protein [Streptococcus] => MULTISPECIES: family conjugative relaxosome accessory protein [Streptococcus]
[16:28:26] Modify product: MULTISPECIES: DUF5960 family protein [Streptococcus] => hypothetical protein
[16:28:26] Modify product: DUF5945 family protein [Streptococcus mitis] => hypothetical protein
[16:28:26] Modify product: MULTISPECIES: DUF5965 family protein [Streptococcus] => hypothetical protein
[16:28:26] Modify product: DUF1430 domain-containing protein [Streptococcus mitis] => hypothetical protein
[16:28:26] Modify product: DUF5966 family protein [Streptococcus mitis] => hypothetical protein
[16:28:26] Modify product: DUF5962 family protein [Streptococcus mitis] => hypothetical protein
[16:28:26] Modify product: DUF4300 family protein [Streptococcus mitis] => hypothetical protein
[16:28:26] Modify product: DUF1648 domain-containing protein [Streptococcus mitis] => hypothetical protein
[16:28:26] Modify product: MULTISPECIES: DUF1002 domain-containing protein [Streptococcus] => hypothetical protein
[16:28:26] Modify product: DUF1694 domain-containing protein [Streptococcus mitis] => hypothetical protein
[16:28:26] Modify product: MULTISPECIES: DUF1831 domain-containing protein [Streptococcus] => hypothetical protein
[16:28:26] Modify product: DUF4649 family protein [Streptococcus mitis] => hypothetical protein
[16:28:26] Modify product: DUF1430 domain-containing protein [Streptococcus mitis] => hypothetical protein
[16:28:26] Modify product: MULTISPECIES: SPJ_0845 family protein [Streptococcus] => MULTISPECIES: family protein [Streptococcus]
[16:28:26] Modify product: MULTISPECIES: DUF3290 family protein [Streptococcus] => hypothetical protein
[16:28:26] Modify product: MULTISPECIES: DUF421 domain-containing protein [Streptococcus] => hypothetical protein
[16:28:26] Modify product: MULTISPECIES: DUF308 domain-containing protein [Streptococcus] => hypothetical protein
[16:28:26] Modify product: MULTISPECIES: DUF3013 family protein [Streptococcus] => hypothetical protein
[16:28:26] Modify product: MULTISPECIES: DUF2785 domain-containing protein [Streptococcus] => hypothetical protein
[16:28:26] Modify product: DUF4649 family protein [Streptococcus mitis] => hypothetical protein
[16:28:26] Modify product: DUF624 domain-containing protein [Streptococcus mitis] => hypothetical protein
[16:28:26] Modify product: DUF1430 domain-containing protein [Streptococcus mitis] => hypothetical protein
[16:28:26] Modify product: MULTISPECIES: DUF3796 domain-containing protein [Streptococcus] => hypothetical protein
[16:28:26] Modify product: MULTISPECIES: DUF2829 domain-containing protein [Streptococcus] => hypothetical protein
[16:28:26] Modify product: MULTISPECIES: DUF3270 domain-containing protein [Streptococcus] => hypothetical protein
[16:28:26] Modify product: MULTISPECIES: DUF1827 family protein [Streptococcus] => hypothetical protein
[16:28:26] Modify product: MULTISPECIES: DUF1797 family protein [Streptococcus] => hypothetical protein
[16:28:26] Modify product: DUF1697 domain-containing protein [Streptococcus mitis] => hypothetical protein
[16:28:26] Modify product: MULTISPECIES: DUF2969 domain-containing protein [Streptococcus] => hypothetical protein
[16:28:26] Modify product: MULTISPECIES: DUF3272 domain-containing protein [Streptococcus] => hypothetical protein
[16:28:26] Modify product: DUF5301 domain-containing protein [Streptococcus mitis] => hypothetical protein
[16:28:26] Modify product: DUF1294 domain-containing protein [Streptococcus mitis] => hypothetical protein
[16:28:26] Modify product: DUF177 domain-containing protein [Streptococcus mitis] => hypothetical protein
[16:28:26] Modify product: DUF1934 domain-containing protein [Streptococcus mitis] => hypothetical protein
[16:28:26] Modify product: DUF368 domain-containing protein [Streptococcus mitis] => hypothetical protein
[16:28:26] Modify product: CppA N-terminal domain-containing protein [Streptococcus mitis] => hypothetical protein
[16:28:26] Modify product: MULTISPECIES: DUF1803 domain-containing protein [Streptococcus] => hypothetical protein
[16:28:26] Modify product: DUF5590 domain-containing protein [Streptococcus mitis] => hypothetical protein
[16:28:26] Modify product: MULTISPECIES: DUF1149 family protein [Streptococcus] => hypothetical protein
[16:28:26] Modify product: MULTISPECIES: DUF956 family protein [Streptococcus] => hypothetical protein
[16:28:26] Modify product: DUF1273 domain-containing protein [Streptococcus mitis] => hypothetical protein
[16:28:26] Modify product: acyl-CoA thioesterase/BAAT N-terminal domain-containing protein [Streptococcus mitis] => hypothetical protein
[16:28:26] Modify product: MULTISPECIES: SP_0198 family lipoprotein [Streptococcus] => MULTISPECIES: family lipoprotein [Streptococcus]
[16:28:26] Modify product: MULTISPECIES: DUF1292 domain-containing protein [Bacteria] => hypothetical protein
[16:28:26] Modify product: MULTISPECIES: SP0191 family lipoprotein [Streptococcus] => MULTISPECIES: family lipoprotein [Streptococcus]
[16:28:26] Modify product: DUF1129 domain-containing protein [Streptococcus mitis] => hypothetical protein
[16:28:26] Modify product: DUF3021 domain-containing protein [Streptococcus mitis] => hypothetical protein
[16:28:26] Modify product: MULTISPECIES: DUF624 domain-containing protein [Streptococcus] => hypothetical protein
[16:28:26] Modify product: MULTISPECIES: DUF1700 domain-containing protein [Streptococcus] => hypothetical protein
[16:28:26] Modify product: DUF4097 domain-containing protein [Streptococcus mitis] => hypothetical protein
[16:28:26] Modify product: DUF4299 family protein [Streptococcus mitis] => hypothetical protein
[16:28:26] Modify product: MULTISPECIES: DUF4044 domain-containing protein [Streptococcus] => hypothetical protein
[16:28:26] Modify product: DUF2130 domain-containing protein [Streptococcus mitis] => hypothetical protein
[16:28:26] Modify product: DUF3884 family protein [Streptococcus mitis] => hypothetical protein
[16:28:26] Modify product: DUF4336 domain-containing protein [Streptococcus mitis] => hypothetical protein
[16:28:26] Modify product: MULTISPECIES: DUF1846 domain-containing protein [Streptococcus] => hypothetical protein
[16:28:26] Modify product: DUF3278 domain-containing protein [Streptococcus mitis] => hypothetical protein
[16:28:26] Modify product: DUF3278 domain-containing protein [Streptococcus mitis] => hypothetical protein
[16:28:26] Modify product: DUF5960 family protein [Streptococcus mitis] => hypothetical protein
[16:28:26] Modify product: DUF2207 domain-containing protein [Streptococcus mitis] => hypothetical protein
[16:28:26] Modify product: MULTISPECIES: DUF4059 family protein [Streptococcus] => hypothetical protein
[16:28:26] Modify product: DUF1836 domain-containing protein [Streptococcus mitis] => hypothetical protein
[16:28:26] Modify product: MULTISPECIES: DUF896 family protein [Streptococcus] => hypothetical protein
[16:28:26] Modify product: MULTISPECIES: DUF1697 domain-containing protein [Streptococcus] => hypothetical protein
[16:28:26] Modify product: MULTISPECIES: DUF3165 family protein [Streptococcus] => hypothetical protein
[16:28:26] Modify product: MULTISPECIES: DUF3042 family protein [Streptococcus] => hypothetical protein
[16:28:26] Modify product: DUF1542 domain-containing protein [Streptococcus mitis] => hypothetical protein
[16:28:26] Modify product: DUF4479 and tRNA-binding domain-containing protein [Streptococcus mitis] => hypothetical protein
[16:28:26] Modify product: MULTISPECIES: DUF402 domain-containing protein [Streptococcus] => hypothetical protein
[16:28:26] Modify product: conserved phage C-terminal domain-containing protein [Streptococcus mitis] => hypothetical protein
[16:28:26] Modify product: DUF722 domain-containing protein [Streptococcus mitis] => hypothetical protein
[16:28:26] Modify product: DUF2974 domain-containing protein [Streptococcus mitis] => hypothetical protein
[16:28:26] Modify product: DUF389 domain-containing protein [Streptococcus mitis] => hypothetical protein
[16:28:26] Modify product: MULTISPECIES: DUF3397 family protein [Streptococcus] => hypothetical protein
[16:28:26] Modify product: DUF948 domain-containing protein [Streptococcus mitis] => hypothetical protein
[16:28:26] Modify product: MULTISPECIES: UPF0223 family protein [Bacteria] => hypothetical protein
[16:28:26] Modify product: RsmF rRNA methyltransferase first C-terminal domain-containing protein [Streptococcus mitis] => hypothetical protein
[16:28:26] Modify product: DUF4982 domain-containing protein [Streptococcus mitis] => hypothetical protein
[16:28:26] Modify product: MULTISPECIES: TetR-like C-terminal domain-containing protein [Streptococcus] => hypothetical protein
[16:28:26] Modify product: MULTISPECIES: DUF951 family protein [Streptococcus] => hypothetical protein
[16:28:26] Modify product: MULTISPECIES: SP_0009 family protein [Streptococcus] => MULTISPECIES: family protein [Streptococcus]
[16:28:26] Modify product: DUF956 family protein [Streptococcus mitis] => hypothetical protein
[16:28:26] Modify product: MULTISPECIES: DUF960 domain-containing protein [Streptococcus] => hypothetical protein
[16:28:27] Modify product: DUF1146 family protein [Streptococcus mitis] => hypothetical protein
[16:28:27] Modify product: DUF2812 domain-containing protein [Streptococcus mitis] => hypothetical protein
[16:28:27] Modify product: DUF2812 domain-containing protein [Streptococcus mitis] => hypothetical protein
[16:28:27] Modify product: MULTISPECIES: DUF1858 domain-containing protein [Streptococcus] => hypothetical protein
[16:28:27] Modify product: DUF438 domain-containing protein [Streptococcus mitis] => hypothetical protein
[16:28:27] Modify product: MULTISPECIES: DUF1912 family protein [Streptococcus] => hypothetical protein
[16:28:27] Modify product: DUF4651 domain-containing protein [Streptococcus mitis] => hypothetical protein
[16:28:27] Cleaned 100 /product names
[16:28:27] Deleting unwanted file: output2/smitis/smitis.proteins.tmp.254232.faa
[16:28:27] Deleting unwanted file: output2/smitis/smitis.proteins.tmp.254232.blast
[16:28:27] There are still 74 unannotated CDS left (started with 1865)
[16:28:27] Will use blast to search against /home/alperen/miniconda3/envs/prokka/db/kingdom/Bacteria/IS with 8 CPUs
[16:28:27] Running: cat output2\/smitis\/smitis\.IS\.tmp\.254232\.faa | parallel --gnu --plain -j 8 --block 606 --recstart '>' --pipe blastp -query - -db /home/alperen/miniconda3/envs/prokka/db/kingdom/Bacteria/IS -evalue 1e-30 -qcov_hsp_perc 90 -num_threads 1 -num_descriptions 1 -num_alignments 1 -seg no > output2\/smitis\/smitis\.IS\.tmp\.254232\.blast 2> /dev/null
[16:28:27] Deleting unwanted file: output2/smitis/smitis.IS.tmp.254232.faa
[16:28:27] Deleting unwanted file: output2/smitis/smitis.IS.tmp.254232.blast
[16:28:27] There are still 74 unannotated CDS left (started with 1865)
[16:28:27] Will use blast to search against /home/alperen/miniconda3/envs/prokka/db/kingdom/Bacteria/AMR with 8 CPUs
[16:28:27] Running: cat output2\/smitis\/smitis\.AMR\.tmp\.254232\.faa | parallel --gnu --plain -j 8 --block 606 --recstart '>' --pipe blastp -query - -db /home/alperen/miniconda3/envs/prokka/db/kingdom/Bacteria/AMR -evalue 1e-300 -qcov_hsp_perc 90 -num_threads 1 -num_descriptions 1 -num_alignments 1 -seg no > output2\/smitis\/smitis\.AMR\.tmp\.254232\.blast 2> /dev/null
[16:28:28] Deleting unwanted file: output2/smitis/smitis.AMR.tmp.254232.faa
[16:28:28] Deleting unwanted file: output2/smitis/smitis.AMR.tmp.254232.blast
[16:28:28] There are still 74 unannotated CDS left (started with 1865)
[16:28:28] Will use blast to search against /home/alperen/miniconda3/envs/prokka/db/kingdom/Bacteria/sprot with 8 CPUs
[16:28:28] Running: cat output2\/smitis\/smitis\.sprot\.tmp\.254232\.faa | parallel --gnu --plain -j 8 --block 606 --recstart '>' --pipe blastp -query - -db /home/alperen/miniconda3/envs/prokka/db/kingdom/Bacteria/sprot -evalue 1e-09 -qcov_hsp_perc 80 -num_threads 1 -num_descriptions 1 -num_alignments 1 -seg no > output2\/smitis\/smitis\.sprot\.tmp\.254232\.blast 2> /dev/null
[16:28:29] Deleting unwanted file: output2/smitis/smitis.sprot.tmp.254232.faa
[16:28:29] Deleting unwanted file: output2/smitis/smitis.sprot.tmp.254232.blast
[16:28:29] There are still 68 unannotated CDS left (started with 1865)
[16:28:29] Will use hmmer3 to search against /home/alperen/miniconda3/envs/prokka/db/hmm/HAMAP.hmm with 8 CPUs
[16:28:29] Running: cat output2\/smitis\/smitis\.HAMAP\.hmm\.tmp\.254232\.faa | parallel --gnu --plain -j 8 --block 514 --recstart '>' --pipe hmmscan --noali --notextw --acc -E 1e-09 --cpu 1 /home/alperen/miniconda3/envs/prokka/db/hmm/HAMAP.hmm /dev/stdin > output2\/smitis\/smitis\.HAMAP\.hmm\.tmp\.254232\.hmmer3 2> /dev/null
[16:28:29] Deleting unwanted file: output2/smitis/smitis.HAMAP.hmm.tmp.254232.faa
[16:28:29] Deleting unwanted file: output2/smitis/smitis.HAMAP.hmm.tmp.254232.hmmer3
[16:28:29] Deleting unwanted file: output2/smitis/proteins.psq
[16:28:29] Deleting unwanted file: output2/smitis/proteins.phr
[16:28:29] Deleting unwanted file: output2/smitis/proteins.pin
[16:28:29] Labelling remaining 67 proteins as 'hypothetical protein'
[16:28:29] Possible /pseudo 'Rpn family recombination-promoting nuclease/putative transposase [Streptococcus mitis]' at NZ_JYGP01000001.1 position 20564
[16:28:29] Possible /pseudo 'IS3 family transposase [Streptococcus mitis]' at NZ_JYGP01000001.1 position 98708
[16:28:29] Possible /pseudo 'hypothetical protein [Streptococcus mitis]' at NZ_JYGP01000001.1 position 115021
[16:28:29] Possible /pseudo 'MULTISPECIES: sugar ABC transporter permease [Streptococcus]' at NZ_JYGP01000001.1 position 143760
[16:28:29] Possible /pseudo 'class I SAM-dependent methyltransferase [Streptococcus mitis]' at NZ_JYGP01000001.1 position 213345
[16:28:29] Possible /pseudo 'ABC transporter ATP-binding protein [Streptococcus mitis]' at NZ_JYGP01000002.1 position 34907
[16:28:29] Possible /pseudo 'AbiH family protein [Streptococcus mitis]' at NZ_JYGP01000002.1 position 59894
[16:28:29] Possible /pseudo 'ABC transporter ATP-binding protein [Streptococcus mitis]' at NZ_JYGP01000002.1 position 75182
[16:28:29] Possible /pseudo 'hypothetical protein [Streptococcus mitis]' at NZ_JYGP01000002.1 position 84068
[16:28:29] Possible /pseudo 'hypothetical protein [Streptococcus mitis]' at NZ_JYGP01000002.1 position 84292
[16:28:29] Possible /pseudo 'hypothetical protein [Streptococcus mitis]' at NZ_JYGP01000002.1 position 147501
[16:28:29] Possible /pseudo 'MULTISPECIES: phosphate ABC transporter ATP-binding protein PstB [Streptococcus]' at NZ_JYGP01000002.1 position 221208
[16:28:29] Possible /pseudo 'ABC transporter ATP-binding protein [Streptococcus mitis]' at NZ_JYGP01000002.1 position 265738
[16:28:29] Possible /pseudo 'MULTISPECIES: ABC transporter permease [Streptococcus]' at NZ_JYGP01000002.1 position 344521
[16:28:29] Possible /pseudo 'formate/nitrite transporter family protein [Streptococcus mitis]' at NZ_JYGP01000002.1 position 448181
[16:28:29] Possible /pseudo 'Phosphoenolpyruvate-protein phosphotransferase' at NZ_JYGP01000002.1 position 481374
[16:28:29] Possible /pseudo 'hypothetical protein [Streptococcus mitis]' at NZ_JYGP01000002.1 position 512231
[16:28:29] Possible /pseudo 'glycosyltransferase family 2 protein [Streptococcus mitis]' at NZ_JYGP01000002.1 position 572891
[16:28:29] Possible /pseudo 'glycosyltransferase family 2 protein [Streptococcus mitis]' at NZ_JYGP01000002.1 position 573932
[16:28:29] Possible /pseudo 'pneumococcal-type histidine triad protein [Streptococcus mitis]' at NZ_JYGP01000002.1 position 639862
[16:28:29] Possible /pseudo 'MULTISPECIES: ECF transporter S component [Streptococcus]' at NZ_JYGP01000002.1 position 695996
[16:28:29] Possible /pseudo 'hypothetical protein [Streptococcus mitis]' at NZ_JYGP01000002.1 position 728596
[16:28:29] Possible /pseudo 'phosphorylcholine transferase LicD [Streptococcus mitis]' at NZ_JYGP01000002.1 position 765835
[16:28:29] Possible /pseudo 'fluoride efflux transporter CrcB [Streptococcus mitis]' at NZ_JYGP01000002.1 position 793176
[16:28:29] Possible /pseudo 'MULTISPECIES: ABC transporter ATP-binding protein [Streptococcus]' at NZ_JYGP01000002.1 position 878216
[16:28:29] Possible /pseudo 'MULTISPECIES: branched-chain amino acid ABC transporter permease [Streptococcus]' at NZ_JYGP01000002.1 position 879940
[16:28:29] Possible /pseudo 'MULTISPECIES: amino acid ABC transporter permease [Streptococcus]' at NZ_JYGP01000002.1 position 911260
[16:28:29] Possible /pseudo 'hypothetical protein [Streptococcus mitis]' at NZ_JYGP01000002.1 position 934713
[16:28:29] Possible /pseudo 'hypothetical protein [Streptococcus mitis]' at NZ_JYGP01000002.1 position 936549
[16:28:29] Possible /pseudo 'GNAT family N-acetyltransferase [Streptococcus mitis]' at NZ_JYGP01000002.1 position 981236
[16:28:29] Possible /pseudo 'aminoacyltransferase [Streptococcus mitis]' at NZ_JYGP01000002.1 position 1078988
[16:28:29] Possible /pseudo 'MULTISPECIES: amino acid ABC transporter permease [Streptococcus]' at NZ_JYGP01000002.1 position 1087661
[16:28:29] Possible /pseudo 'MULTISPECIES: threonine/serine exporter family protein [Streptococcus]' at NZ_JYGP01000002.1 position 1115693
[16:28:29] Possible /pseudo 'hypothetical protein [Streptococcus mitis]' at NZ_JYGP01000002.1 position 1228700
[16:28:29] Possible /pseudo 'ABC transporter ATP-binding protein [Streptococcus mitis]' at NZ_JYGP01000002.1 position 1276042
[16:28:29] Possible /pseudo 'pitrilysin family protein [Streptococcus mitis]' at NZ_JYGP01000002.1 position 1475464
[16:28:29] Possible /pseudo 'ABC transporter permease [Streptococcus mitis]' at NZ_JYGP01000003.1 position 53476
[16:28:29] Possible /pseudo 'hypothetical protein [Streptococcus mitis]' at NZ_JYGP01000003.1 position 111098
[16:28:29] Possible /pseudo 'hypothetical protein [Streptococcus mitis]' at NZ_JYGP01000003.1 position 118190
[16:28:29] Possible /pseudo 'MULTISPECIES: hypothetical protein [Streptococcus]' at NZ_JYGP01000003.1 position 127080
[16:28:29] Possible /pseudo 'hypothetical protein [Streptococcus mitis]' at NZ_JYGP01000003.1 position 157992
[16:28:29] Possible /pseudo 'helix-turn-helix transcriptional regulator [Streptococcus mitis]' at NZ_JYGP01000003.1 position 159597
[16:28:29] Possible /pseudo 'hypothetical protein [Streptococcus mitis]' at NZ_JYGP01000003.1 position 161001
[16:28:29] Possible /pseudo 'hypothetical protein [Streptococcus mitis]' at NZ_JYGP01000003.1 position 161450
[16:28:29] Possible /pseudo 'hypothetical protein [Streptococcus mitis]' at NZ_JYGP01000003.1 position 161631
[16:28:29] Possible /pseudo 'hypothetical protein [Streptococcus mitis]' at NZ_JYGP01000003.1 position 161843
[16:28:29] Possible /pseudo 'hypothetical protein [Streptococcus mitis]' at NZ_JYGP01000003.1 position 162147
[16:28:29] Found 4 unique /gene codes.
[16:28:29] Fixed 2 duplicate /gene - ptsI_1 ptsI_2
[16:28:29] Fixed 1 colliding /gene names.
[16:28:29] Adding /locus_tag identifiers
[16:28:29] Assigned 1941 locus_tags to CDS and RNA features.
[16:28:29] Writing outputs to output2/smitis/
[16:28:31] Generating annotation statistics file
[16:28:31] Generating Genbank and Sequin files
[16:28:31] Running: tbl2asn -V b -a r10k -l paired-ends -M n -N 1 -y 'Annotated using prokka 1.14.6 from https://github.com/tseemann/prokka' -Z output2\/smitis\/smitis\.err -i output2\/smitis\/smitis\.fsa 2> /dev/null
[16:28:34] Deleting unwanted file: output2/smitis/errorsummary.val
[16:28:34] Deleting unwanted file: output2/smitis/smitis.dr
[16:28:34] Deleting unwanted file: output2/smitis/smitis.fixedproducts
[16:28:34] Deleting unwanted file: output2/smitis/smitis.ecn
[16:28:34] Deleting unwanted file: output2/smitis/smitis.val
[16:28:34] Repairing broken .GBK output that tbl2asn produces...
[16:28:34] Running: sed 's/COORDINATES: profile/COORDINATES:profile/' < output2\/smitis\/smitis\.gbf > output2\/smitis\/smitis\.gbk
[16:28:34] Deleting unwanted file: output2/smitis/smitis.gbf
[16:28:34] Output files:
[16:28:34] output2/smitis/smitis.tbl
[16:28:34] output2/smitis/smitis.fna
[16:28:34] output2/smitis/smitis.gbk
[16:28:34] output2/smitis/smitis.gff
[16:28:34] output2/smitis/smitis.log
[16:28:34] output2/smitis/smitis.sqn
[16:28:34] output2/smitis/smitis.tsv
[16:28:34] output2/smitis/smitis.fsa
[16:28:34] output2/smitis/smitis.err
[16:28:34] output2/smitis/smitis.txt
[16:28:34] output2/smitis/smitis.faa
[16:28:34] output2/smitis/smitis.ffn
[16:28:34] Annotation finished successfully.
[16:28:34] Walltime used: 0.35 minutes
[16:28:34] If you use this result please cite the Prokka paper:
[16:28:34] Seemann T (2014) Prokka: rapid prokaryotic genome annotation. Bioinformatics. 30(14):2068-9.
[16:28:34] Type 'prokka --citation' for more details.
[16:28:34] Share and enjoy!
