   SW   perc perc perc  query       position in query           matching   repeat           position in repeat
score   div. del. ins.  sequence    begin   end        (left)   repeat     class/family   begin  end    (left)  ID

   19   22.2  7.6  2.1  CP007470.1     2420    2511 (1843748) + A-rich     Low_complexity      1     97    (0)   1  
   14   18.2  0.0  5.1  CP007470.1     2544    2584 (1843675) + (TTAA)n    Simple_repeat       1     39    (0)   2  
   16   29.9  1.3  3.9  CP007470.1    42353   42431 (1803828) + (ATTTT)n   Simple_repeat       1     77    (0)   3  
   13   21.1  0.0  5.0  CP007470.1    47088   47129 (1799130) + (TATTT)n   Simple_repeat       1     40    (0)   4  
   12   27.6  0.0  0.0  CP007470.1    56186   56224 (1790035) + (TTTGA)n   Simple_repeat       1     39    (0)   5  
   11   20.7  5.1  0.0  CP007470.1    60324   60362 (1785897) + A-rich     Low_complexity      1     41    (0)   6  
  130    0.0  0.0  0.0  CP007470.1    72002   72114 (1774145) + (TGAAAGA)n Simple_repeat       1    113    (0)   7  
   15   13.7  3.1  0.0  CP007470.1   117673  117704 (1728555) + (TATT)n    Simple_repeat       1     33    (0)   8  
  109    0.0  0.0  0.0  CP007470.1   128125  128219 (1718040) + (TTGA)n    Simple_repeat       1     95    (0)   9  
   11   24.7  2.2  2.2  CP007470.1   157916  157960 (1688299) + (ATATTT)n  Simple_repeat       1     45    (0)  10  
   15   20.0  0.0  2.4  CP007470.1   166892  166933 (1679326) + A-rich     Low_complexity      1     41    (0)  11  
   19   19.8  0.0  2.1  CP007470.1   174184  174231 (1672028) + (TTTGATT)n Simple_repeat       1     47    (0)  12  
   15   22.1  0.0  0.0  CP007470.1   177841  177877 (1668382) + (GGT)n     Simple_repeat       1     37    (0)  13  
   15   27.0  0.0  5.0  CP007470.1   177878  177899 (1668360) + (TGTTGG)n  Simple_repeat       5     60    (0)  14  
   12   15.8  0.0  3.5  CP007470.1   187789  187818 (1658441) + A-rich     Low_complexity      1     29    (0)  15  
   57    0.0  0.0  0.0  CP007470.1   246347  246397 (1599862) + (TCTG)n    Simple_repeat       1     51    (0)  16  
   51    0.0  0.0  0.0  CP007470.1   259216  259261 (1586998) + (TTGG)n    Simple_repeat       1     46    (0)  17  
   13    7.0  6.2  3.0  CP007470.1   267243  267274 (1578985) + (AATGTA)n  Simple_repeat       1     33    (0)  18  
   13   16.1  8.2  4.8  CP007470.1   280360  280420 (1565839) + (GAATT)n   Simple_repeat       1     63    (0)  19  
   35    0.0  0.0  0.0  CP007470.1   281288  281320 (1564939) + (AACAACC)n Simple_repeat       1     33    (0)  20  
   20   12.9  2.3  2.3  CP007470.1   424645  424688 (1421571) + (CATCAG)n  Simple_repeat       1     44    (0)  21  
  130    0.0  0.0  0.0  CP007470.1   474711  474823 (1371436) + (ATCTTTC)n Simple_repeat       1    113    (0)  22  
   41    0.0  0.0  0.0  CP007470.1   598917  598954 (1247305) + (AATGA)n   Simple_repeat       1     38    (0)  23  
   17   15.1  4.4  7.6  CP007470.1   681873  681942 (1164317) + A-rich     Low_complexity      1     67    (0)  24  
   65    0.0  0.0  0.0  CP007470.1   692491  692548 (1153711) + (CAGC)n    Simple_repeat       1     58    (0)  25  
   17   22.5  0.0  0.0  CP007470.1   722822  722857 (1123402) + A-rich     Low_complexity      1     36    (0)  26  
   15   16.6  0.0  2.9  CP007470.1   749742  749777 (1096482) + (AGTAGA)n  Simple_repeat       1     35    (0)  27  
   13   25.6  0.0  0.0  CP007470.1   772185  772221 (1074038) + (TGC)n     Simple_repeat       1     37    (0)  28  
   13   20.9  0.0  0.0  CP007470.1   841948  841980 (1004279) + (ATTTTT)n  Simple_repeat       1     33    (0)  29  
   17   15.5  0.0  0.0  CP007470.1   850550  850578  (995681) + (T)n       Simple_repeat       1     29    (0)  30  
   32    2.9  0.0  0.0  CP007470.1   855813  855847  (990412) + (AAAC)n    Simple_repeat       1     35    (0)  31  
   13   21.8  0.0  6.7  CP007470.1   868981  869028  (977231) + (TGA)n     Simple_repeat       1     45    (0)  32  
   90    0.0  0.0  0.0  CP007470.1   873647  873725  (972534) + (CAAT)n    Simple_repeat       1     79    (0)  33  
   67    0.0  0.0  0.0  CP007470.1   973626  973685  (872574) + (TTGC)n    Simple_repeat       1     60    (0)  34  
   14   22.5  0.0  6.1  CP007470.1   986320  986371  (859888) + (ACCTAC)n  Simple_repeat       1     49    (0)  35  
   13   20.6  3.5  5.4  CP007470.1  1012509 1012565  (833694) + (CTCGTCT)n Simple_repeat       1     56    (0)  36  
   12   30.6  0.0  6.0  CP007470.1  1012630 1012700  (833559) + (TTTTC)n   Simple_repeat       1     67    (0)  37  
   25   15.3  2.0  0.0  CP007470.1  1016124 1016174  (830085) + A-rich     Low_complexity      1     52    (0)  38  
   12   13.7  6.2  0.0  CP007470.1  1016353 1016384  (829875) + (TATT)n    Simple_repeat       1     34    (0)  39  
   13   20.6  3.5  5.4  CP007470.1  1046079 1046135  (800124) + (CTCGTCT)n Simple_repeat       1     56    (0)  40  
   12   30.6  0.0  6.0  CP007470.1  1046200 1046270  (799989) + (TTTTC)n   Simple_repeat       1     67    (0)  41  
   25   15.3  2.0  0.0  CP007470.1  1049694 1049744  (796515) + A-rich     Low_complexity      1     52    (0)  42  
   12   13.7  6.2  0.0  CP007470.1  1049923 1049954  (796305) + (TATT)n    Simple_repeat       1     34    (0)  43  
   13   13.6  2.9  2.9  CP007470.1  1111758 1111791  (734468) + (AATAAC)n  Simple_repeat       1     34    (0)  44  
   12   10.2  2.6  8.3  CP007470.1  1112492 1112529  (733730) + (TAATTC)n  Simple_repeat       1     36    (0)  45  
   16   16.6  4.9  0.0  CP007470.1  1151993 1152033  (694226) + (TTTAA)n   Simple_repeat       1     43    (0)  46  
   12   11.2  6.9  0.0  CP007470.1  1154428 1154456  (691803) + (ATGCC)n   Simple_repeat       1     31    (0)  47  
   13   21.6  6.2  0.0  CP007470.1  1158241 1158288  (687971) + (ATTTAA)n  Simple_repeat       1     51    (0)  48  
   23   22.1  1.0  8.7  CP007470.1  1186240 1186338  (659921) + (TTTTAT)n  Simple_repeat       1     92    (0)  49  
   31   28.1  2.9  0.0  CP007470.1  1197130 1197234  (649025) + (GATCAT)n  Simple_repeat       1    108    (0)  50  
   12   16.5  2.8  2.8  CP007470.1  1217011 1217046  (629213) + (CTTTTG)n  Simple_repeat       1     36    (0)  51  
   12   29.7  3.2  1.6  CP007470.1  1229850 1229912  (616347) + A-rich     Low_complexity      1     64    (0)  52  
   16   16.2  0.0  0.0  CP007470.1  1255948 1255975  (590284) + (T)n       Simple_repeat       1     28    (0)  53  
   13   30.4  0.0  0.0  CP007470.1  1256511 1256558  (589701) + (GCATTT)n  Simple_repeat       1     48    (0)  54  
   15   17.0  0.0  0.0  CP007470.1  1261661 1261693  (584566) + (TTTAGC)n  Simple_repeat       1     33    (0)  55  
   13   13.3  9.8  0.0  CP007470.1  1261694 1261701  (584558) + (TTTAGCT)n Simple_repeat       1     45    (0)  56  
   12   16.6  3.5  9.3  CP007470.1  1265620 1265676  (580583) + (TAATTGA)n Simple_repeat       1     54    (0)  57  
   12   21.7  0.0  5.1  CP007470.1  1269191 1269231  (577028) + (ATTT)n    Simple_repeat       1     39    (0)  58  
   12   30.6  0.0  6.0  CP007470.1  1303034 1303104  (543155) + (TTTTC)n   Simple_repeat       1     67    (0)  59  
   17   13.6  5.8  3.8  CP007470.1  1343631 1343682  (502577) + (TTTTGGT)n Simple_repeat       1     53    (0)  60  
   72    0.0  0.0  0.0  CP007470.1  1349096 1349159  (497100) + (TGTC)n    Simple_repeat       1     64    (0)  61  
   16   23.1  0.0  7.3  CP007470.1  1351925 1352001  (494258) + (ATT)n     Simple_repeat       1     71    (0)  62  
   13   16.3  0.0  5.6  CP007470.1  1397032 1397069  (449190) + (TTTTGCC)n Simple_repeat       1     36    (0)  63  
   12   16.4  5.9  0.0  CP007470.1  1404228 1404261  (441998) + (GATT)n    Simple_repeat       1     36    (0)  64  
   14   13.2  2.9  2.9  CP007470.1  1440402 1440436  (405823) + (ATATTT)n  Simple_repeat       1     35    (0)  65  
  100    0.0  0.0  0.0  CP007470.1  1440623 1440710  (405549) + (TTGA)n    Simple_repeat       1     88    (0)  66  
   13   26.4  1.3  8.1  CP007470.1  1471133 1471211  (375048) + (TGCGTTT)n Simple_repeat       1     74    (0)  67  
   11   20.8  6.8  0.0  CP007470.1  1488485 1488528  (357731) + (TTTTTCG)n Simple_repeat       1     47    (0)  68  
   29   10.5  8.0  2.5  CP007470.1  1489422 1489496  (356763) + (TTAACTT)n Simple_repeat       1     79    (0)  69  
   14   13.7  3.1  0.0  CP007470.1  1496278 1496309  (349950) + A-rich     Low_complexity      1     33    (0)  70  
   13   15.5  9.3  0.0  CP007470.1  1508781 1508823  (337436) + A-rich     Low_complexity      1     47    (0)  71  
   14   28.5  3.1  1.5  CP007470.1  1515879 1515943  (330316) + A-rich     Low_complexity      1     66    (0)  72  
   14   20.1  0.0  0.0  CP007470.1  1516325 1516358  (329901) + A-rich     Low_complexity      1     34    (0)  73  
   50    0.0  0.0  0.0  CP007470.1  1525285 1525329  (320930) + (TTGC)n    Simple_repeat       1     45    (0)  74  
   13   28.1  3.6  0.0  CP007470.1  1559269 1559324  (286935) + A-rich     Low_complexity      1     58    (0)  75  
   78    0.0  0.0  0.0  CP007470.1  1587429 1587497  (258762) + (AAGC)n    Simple_repeat       1     69    (0)  76  
   17   15.9  0.0  0.0  CP007470.1  1591484 1591518  (254741) + A-rich     Low_complexity      1     35    (0)  77  
  326   35.7  0.0  0.0  CP007470.1  1622915 1623071  (223188) + IS150      ARTEFACT         1116   1272  (171)  78  
   18   28.3  1.4  1.4  CP007470.1  1666629 1666698  (179561) + (TGAAGA)n  Simple_repeat       1     70    (0)  79  
   87    0.0  0.0  0.0  CP007470.1  1682952 1683028  (163231) + (TTGA)n    Simple_repeat       1     77    (0)  80  
   15   17.5  6.7  0.0  CP007470.1  1705326 1705370  (140889) + A-rich     Low_complexity      1     48    (0)  81  
   13   28.7  0.0  0.0  CP007470.1  1719201 1719242  (127017) + (GCA)n     Simple_repeat       1     42    (0)  82  
   11   21.4  4.4  2.2  CP007470.1  1724257 1724301  (121958) + (TCTTGT)n  Simple_repeat       1     46    (0)  83  
   27   20.0  0.0  0.0  CP007470.1  1756273 1756329   (89930) + (CAG)n     Simple_repeat       1     57    (0)  84  
   12   12.5  0.0  3.7  CP007470.1  1758057 1758084   (88175) + (AATAA)n   Simple_repeat       1     27    (0)  85  
   19   10.1  4.3  4.3  CP007470.1  1758428 1758473   (87786) + A-rich     Low_complexity      1     46    (0)  86  
   13   14.9  6.2  4.1  CP007470.1  1767069 1767116   (79143) + (TTGGTT)n  Simple_repeat       1     49    (0)  87  
   12    9.5  0.0  4.2  CP007470.1  1777775 1777799   (68460) + (ATTT)n    Simple_repeat       1     24    (0)  88  
   12   13.7  0.0  0.0  CP007470.1  1778619 1778642   (67617) + (ACC)n     Simple_repeat       1     24    (0)  89  
   98    0.0  0.0  0.0  CP007470.1  1780881 1780966   (65293) + (TTGG)n    Simple_repeat       1     86    (0)  90  
   19   22.6  0.0  0.0  CP007470.1  1802296 1802336   (43923) + (T)n       Simple_repeat       1     41    (0)  91  
   11    7.2 10.3  0.0  CP007470.1  1813294 1813322   (32937) + (ATCAAG)n  Simple_repeat       1     32    (0)  92  
  153    0.0  0.0  0.0  CP007470.1  1832855 1832986   (13273) + (TTGG)n    Simple_repeat       1    132    (0)  93  
   13   16.9  3.0  0.0  CP007470.1  1841974 1842006    (4253) + (TTATCT)n  Simple_repeat       1     34    (0)  94  
   12   13.7  6.2  0.0  CP007470.1  1844668 1844707    (1552) + A-rich     Low_complexity      1     42    (0)  95  
   12   15.8  8.6  7.3  CP007470.1  1844834 1844914    (1345) + (ATTAAGT)n Simple_repeat       1     82    (0)  96 *
   25   15.3  2.0  0.0  CP007470.1  1844878 1844928    (1331) + (ATTTTA)n  Simple_repeat       1     52    (0)  97  
