

Building a new DB, current time: 02/11/2024 00:56:15
New DB name:   /home/alperen/PycharmProjects/target_project/output/repeatmodeler/pa_rm/RM_19770.SunFeb110053272024/round-2/sampleDB-2.fa.masked
New DB title:  /home/alperen/PycharmProjects/target_project/output/repeatmodeler/pa_rm/RM_19770.SunFeb110053272024/round-2/sampleDB-2.fa.masked
Sequence type: Nucleotide
Keep MBits: T
Maximum file size: 1000000000B
Adding sequences from FASTA; added 76 sequences in 0.0143468 seconds.




Building a new DB, current time: 02/11/2024 01:08:05
New DB name:   /home/alperen/PycharmProjects/target_project/output/repeatmodeler/pa_rm/RM_19770.SunFeb110053272024/round-2/family-7.fa
New DB title:  /home/alperen/PycharmProjects/target_project/output/repeatmodeler/pa_rm/RM_19770.SunFeb110053272024/round-2/family-7.fa
Sequence type: Nucleotide
Keep MBits: T
Maximum file size: 1000000000B
Adding sequences from FASTA; added 16 sequences in 0.000484943 seconds.




Building a new DB, current time: 02/11/2024 01:08:06
New DB name:   /home/alperen/PycharmProjects/target_project/output/repeatmodeler/pa_rm/RM_19770.SunFeb110053272024/round-2/family-7-cons-2.fa
New DB title:  /home/alperen/PycharmProjects/target_project/output/repeatmodeler/pa_rm/RM_19770.SunFeb110053272024/round-2/family-7-cons-2.fa
Sequence type: Nucleotide
Keep MBits: T
Maximum file size: 1000000000B
Adding sequences from FASTA; added 1 sequences in 0.000185966 seconds.




Building a new DB, current time: 02/11/2024 01:08:06
New DB name:   /home/alperen/PycharmProjects/target_project/output/repeatmodeler/pa_rm/RM_19770.SunFeb110053272024/round-2/family-7-cons-3.fa
New DB title:  /home/alperen/PycharmProjects/target_project/output/repeatmodeler/pa_rm/RM_19770.SunFeb110053272024/round-2/family-7-cons-3.fa
Sequence type: Nucleotide
Keep MBits: T
Maximum file size: 1000000000B
Adding sequences from FASTA; added 1 sequences in 0.000148058 seconds.




Building a new DB, current time: 02/11/2024 01:08:07
New DB name:   /home/alperen/PycharmProjects/target_project/output/repeatmodeler/pa_rm/RM_19770.SunFeb110053272024/round-2/family-7-cons-4.fa
New DB title:  /home/alperen/PycharmProjects/target_project/output/repeatmodeler/pa_rm/RM_19770.SunFeb110053272024/round-2/family-7-cons-4.fa
Sequence type: Nucleotide
Keep MBits: T
Maximum file size: 1000000000B
Adding sequences from FASTA; added 1 sequences in 0.000125885 seconds.




Building a new DB, current time: 02/11/2024 01:08:07
New DB name:   /home/alperen/PycharmProjects/target_project/output/repeatmodeler/pa_rm/RM_19770.SunFeb110053272024/round-2/family-7-cons-5.fa
New DB title:  /home/alperen/PycharmProjects/target_project/output/repeatmodeler/pa_rm/RM_19770.SunFeb110053272024/round-2/family-7-cons-5.fa
Sequence type: Nucleotide
Keep MBits: T
Maximum file size: 1000000000B
Adding sequences from FASTA; added 1 sequences in 0.000128984 seconds.




Building a new DB, current time: 02/11/2024 01:08:08
New DB name:   /home/alperen/PycharmProjects/target_project/output/repeatmodeler/pa_rm/RM_19770.SunFeb110053272024/round-2/family-7-cons-6.fa
New DB title:  /home/alperen/PycharmProjects/target_project/output/repeatmodeler/pa_rm/RM_19770.SunFeb110053272024/round-2/family-7-cons-6.fa
Sequence type: Nucleotide
Keep MBits: T
Maximum file size: 1000000000B
Adding sequences from FASTA; added 1 sequences in 0.000127077 seconds.




Building a new DB, current time: 02/11/2024 01:08:08
New DB name:   /home/alperen/PycharmProjects/target_project/output/repeatmodeler/pa_rm/RM_19770.SunFeb110053272024/round-2/family-7-cons-7.fa
New DB title:  /home/alperen/PycharmProjects/target_project/output/repeatmodeler/pa_rm/RM_19770.SunFeb110053272024/round-2/family-7-cons-7.fa
Sequence type: Nucleotide
Keep MBits: T
Maximum file size: 1000000000B
Adding sequences from FASTA; added 1 sequences in 0.000133038 seconds.




Building a new DB, current time: 02/11/2024 01:08:08
New DB name:   /home/alperen/PycharmProjects/target_project/output/repeatmodeler/pa_rm/RM_19770.SunFeb110053272024/round-2/family-7-cons-8.fa
New DB title:  /home/alperen/PycharmProjects/target_project/output/repeatmodeler/pa_rm/RM_19770.SunFeb110053272024/round-2/family-7-cons-8.fa
Sequence type: Nucleotide
Keep MBits: T
Maximum file size: 1000000000B
Adding sequences from FASTA; added 1 sequences in 0.000128984 seconds.




Building a new DB, current time: 02/11/2024 01:08:09
New DB name:   /home/alperen/PycharmProjects/target_project/output/repeatmodeler/pa_rm/RM_19770.SunFeb110053272024/round-2/family-7-cons-9.fa
New DB title:  /home/alperen/PycharmProjects/target_project/output/repeatmodeler/pa_rm/RM_19770.SunFeb110053272024/round-2/family-7-cons-9.fa
Sequence type: Nucleotide
Keep MBits: T
Maximum file size: 1000000000B
Adding sequences from FASTA; added 1 sequences in 0.000124931 seconds.




Building a new DB, current time: 02/11/2024 01:08:09
New DB name:   /home/alperen/PycharmProjects/target_project/output/repeatmodeler/pa_rm/RM_19770.SunFeb110053272024/round-2/family-7-cons-10.fa
New DB title:  /home/alperen/PycharmProjects/target_project/output/repeatmodeler/pa_rm/RM_19770.SunFeb110053272024/round-2/family-7-cons-10.fa
Sequence type: Nucleotide
Keep MBits: T
Maximum file size: 1000000000B
Adding sequences from FASTA; added 1 sequences in 0.000128031 seconds.




Building a new DB, current time: 02/11/2024 01:08:10
New DB name:   /home/alperen/PycharmProjects/target_project/output/repeatmodeler/pa_rm/RM_19770.SunFeb110053272024/round-2/family-7-cons-11.fa
New DB title:  /home/alperen/PycharmProjects/target_project/output/repeatmodeler/pa_rm/RM_19770.SunFeb110053272024/round-2/family-7-cons-11.fa
Sequence type: Nucleotide
Keep MBits: T
Maximum file size: 1000000000B
Adding sequences from FASTA; added 1 sequences in 0.00013113 seconds.


