000256 77.9 000345 000534 gi|7 020928 021160 gi|20 
000261 77.6 002508 001983 gi|7 030093 030623 gi|12 
000815 78.1 014940 013355 gi|7 031979 033562 gi|59 
000255 74.7 013422 013805 gi|7 033691 034071 gi|42 
000495 78.2 015593 013441 gi|7 017279 019386 gi|26 
000337 80.7 014130 015727 gi|7 035968 037491 gi|18 
000284 80.0 014224 014767 gi|7 011277 011813 gi|10 
000667 76.8 014286 015725 gi|7 034147 035529 gi|42 
000284 77.4 015971 016368 gi|7 015066 015465 gi|50 
000385 74.7 016098 016579 gi|7 034715 035183 gi|71 
000337 80.3 016353 016100 gi|7 012975 013228 gi|10 
000803 77.9 020734 021582 gi|7 000667 001566 gi|12 
002002 76.8 027193 026303 gi|7 009770 010662 gi|30 
001011 76.7 003577 004813 gi|8 031682 032889 gi|42 
000265 78.6 005177 005024 gi|8 023401 023578 gi|17 
000269 77.5 006105 005395 gi|8 001752 002498 gi|70 
000256 76.4 006109 005395 gi|8 030148 030883 gi|13 
000417 77.4 006115 005447 gi|8 039049 039744 gi|15 
000279 85.7 009672 009631 gi|8 029650 029692 gi|52 
000266 85.7 016314 016161 gi|8 019959 020104 gi|76 
000252 93.2 016161 016204 gi|8 020067 020114 gi|76 
000290 74.6 020389 019878 gi|8 014283 014798 gi|48 
000312 73.6 020417 020240 gi|8 006835 007009 gi|25 
000273 78.3 023757 023712 gi|8 039005 039050 gi|28 
000255 91.7 023712 023759 gi|8 004413 004457 gi|10 
000262 88.1 023715 023756 gi|8 038968 039010 gi|69 
000514 76.3 025672 025032 gi|8 035418 036044 gi|33 
000298 74.2 025675 025118 gi|8 018988 019542 gi|37 
000361 77.9 025672 025139 gi|8 021271 021795 gi|74 
000358 77.3 025180 025770 gi|8 004451 005014 gi|32 
000267 78.1 025717 025261 gi|8 036866 037336 gi|75 
000263 76.5 025785 025270 gi|8 011852 012354 gi|36 
000542 80.3 025681 025377 gi|8 009401 009699 gi|53 
000250 79.6 025681 025628 gi|8 035236 035292 gi|55 
000253 75.7 029198 029300 gi|8 037886 037994 gi|75 
000265 85.9 032764 032694 gi|8 026427 026495 gi|15 
000287 83.0 033328 033235 gi|8 006212 006305 gi|35 
000261 83.1 034948 035113 gi|8 038773 038931 gi|55 
001905 75.7 039137 037712 gi|8 024134 025563 gi|43 
000757 76.6 037830 039128 gi|8 026055 027332 gi|27 
000931 76.2 037930 039103 gi|8 007692 008847 gi|57 
000260 81.2 038238 037967 gi|8 035639 035934 gi|54 
000815 76.9 038034 039126 gi|8 033988 035057 gi|18 
001644 76.4 038074 039132 gi|8 018766 019812 gi|31 
000514 74.8 039994 039511 gi|8 027748 028219 gi|71 
000293 76.8 001313 001103 gi|16 008523 008729 gi|59 
000310 77.6 001104 001308 gi|16 009347 009530 gi|53 
000404 75.3 001308 001123 gi|16 010196 010379 gi|34 
001207 79.8 001136 003008 gi|16 021219 023113 gi|74 
000319 77.5 001136 001313 gi|16 031970 032149 gi|55 
000332 78.5 001299 001142 gi|16 018261 018414 gi|71 
000305 72.5 001144 001310 gi|16 032747 032913 gi|33 
000586 82.6 001314 001148 gi|16 035722 035888 gi|34 
000272 86.2 001459 001148 gi|16 027078 027386 gi|32 
000281 78.6 001295 001151 gi|16 027398 027536 gi|36 
000304 77.0 001152 001303 gi|16 035382 035534 gi|33 
000303 78.7 001161 001310 gi|16 000040 000201 gi|58 
000262 76.0 001185 001284 gi|16 022054 022156 gi|51 
000289 80.6 001301 001204 gi|16 020587 020684 gi|54 
001430 78.5 003946 001664 gi|16 032988 035360 gi|34 
000360 74.5 003106 003776 gi|16 023301 024013 gi|74 
000515 74.2 003919 004841 gi|16 018436 019397 gi|74 
000432 76.5 005015 003947 gi|16 032026 033064 gi|34 
000275 75.0 003965 004784 gi|16 014346 015175 gi|19 
000449 74.1 003984 004830 gi|16 020035 020893 gi|74 
000271 86.8 016328 016155 gi|16 010903 011064 gi|35 
000330 76.3 018606 018489 gi|16 020855 020972 gi|37 
000257 72.1 019290 019058 gi|16 021973 022206 gi|21 
000260 86.2 024370 024066 gi|16 023611 023864 gi|50 
000316 80.1 025118 025953 gi|16 009681 010541 gi|41 
000259 74.8 025965 025119 gi|16 030311 031172 gi|53 
000534 73.1 025142 026001 gi|16 008565 009447 gi|29 
000354 76.9 025695 025146 gi|16 006381 006927 gi|34 
000582 78.4 025146 025982 gi|16 003257 004114 gi|62 
000314 76.5 025146 025868 gi|16 033992 034726 gi|32 
000381 75.8 025168 025982 gi|16 031735 032565 gi|26 
000270 86.1 038955 038855 gi|16 024856 024964 gi|18 
001305 77.5 038946 039998 gi|16 020463 021527 gi|72 
001162 76.7 040000 039500 gi|16 039501 039992 gi|65 
000586 75.0 023355 022844 gi|14 036309 036817 gi|35 
000274 77.8 023013 022852 gi|14 003034 003195 gi|61 
002454 76.0 023538 024569 gi|14 011824 012852 gi|44 
000307 73.2 024562 024440 gi|14 039871 039993 gi|18 
000263 80.8 024801 025419 gi|14 032685 033258 gi|33 
000644 75.0 025476 024809 gi|14 009746 010425 gi|34 
000394 74.9 024811 025460 gi|14 035310 035990 gi|33 
001111 78.9 025680 024829 gi|14 017589 018455 gi|71 
000310 80.4 024939 024833 gi|14 006333 006439 gi|26 
000457 81.0 024845 024997 gi|14 001123 001279 gi|16 
000268 78.1 024861 024965 gi|14 000018 000122 gi|58 
001804 78.2 025773 024862 gi|14 034971 035896 gi|34 
000303 75.6 024865 025426 gi|14 001672 002254 gi|24 
000608 73.5 025583 024867 gi|14 004243 004959 gi|32 
001247 79.6 024875 025618 gi|14 021236 021967 gi|74 
000377 75.0 024891 025389 gi|14 018972 019482 gi|37 
000503 78.3 025400 024899 gi|14 026859 027357 gi|32 
000255 78.6 025412 024912 gi|14 028253 028771 gi|55 
000260 76.9 024968 025431 gi|14 011305 011761 gi|66 
000365 75.2 025386 025736 gi|14 001664 002020 gi|16 
003214 76.7 025998 026987 gi|14 011830 012828 gi|44 
000425 82.1 026990 026885 gi|14 039887 039993 gi|18 
000537 75.2 028361 027546 gi|14 033934 034716 gi|34 
000256 76.0 027631 029000 gi|14 002334 003696 gi|16 
000459 77.1 027729 029311 gi|14 022547 024096 gi|74 
000326 77.8 028517 029237 gi|14 003089 003789 gi|16 
000290 77.7 029218 028520 gi|14 033169 033870 gi|34 
001201 76.0 032457 031676 gi|14 017291 018078 gi|52 
000447 78.6 000002 000783 gi|11 036188 037028 gi|65 
000323 76.7 000183 000628 gi|11 007932 008377 gi|42 
000387 81.3 002363 002919 gi|11 006126 006680 gi|74 
001861 76.0 002417 003733 gi|11 033593 034927 gi|75 
000898 76.5 002426 003236 gi|11 036018 036821 gi|41 
001215 77.4 002428 003673 gi|11 015214 016472 gi|15 
000921 77.0 003229 002435 gi|11 001350 002144 gi|22 
000482 77.9 002882 002435 gi|11 018053 018506 gi|33 
000298 78.4 002528 002689 gi|11 010383 010542 gi|40 
000253 80.7 009978 010195 gi|11 018000 018227 gi|37 
000271 75.9 015660 016909 gi|11 002056 003182 gi|12 
000253 78.6 018595 019168 gi|11 016067 016619 gi|38 
000661 76.2 020193 019231 gi|11 027231 028192 gi|49 
000352 74.2 019803 020167 gi|11 027883 028238 gi|29 
000406 80.0 020051 020180 gi|11 018692 018821 gi|34 
000256 73.6 023075 023146 gi|11 018086 018158 gi|61 
000264 82.0 024363 024451 gi|11 014744 014831 gi|36 
000274 81.3 029221 029147 gi|11 036243 036314 gi|19 
000251 82.9 029842 029551 gi|11 011828 012122 gi|65 
000263 74.0 036965 036866 gi|11 035615 035724 gi|55 
000743 77.7 004413 005546 gi|6 031328 032472 gi|14 
000303 77.5 010648 010851 gi|6 024546 024749 gi|28 
000282 78.9 011278 011386 gi|6 036595 036706 gi|51 
000297 77.0 012448 012110 gi|6 038249 038587 gi|27 
000341 88.2 017014 016930 gi|6 037666 037747 gi|25 
001479 77.0 018239 017395 gi|6 018319 019160 gi|25 
000304 80.0 028327 028018 gi|6 000205 000517 gi|10 
000312 80.6 028071 028466 gi|6 033527 033925 gi|68 
000255 79.3 029299 028904 gi|6 032831 033172 gi|49 
000316 80.3 029458 028935 gi|6 005649 006134 gi|8 
000276 77.5 028974 029365 gi|6 038237 038613 gi|69 
000675 78.5 030005 031921 gi|6 031408 033289 gi|64 
000573 76.2 031926 030929 gi|6 022886 023911 gi|49 
000254 73.9 030932 031751 gi|6 024579 025407 gi|20 
000981 75.0 031844 030956 gi|6 030935 031804 gi|44 
001560 77.2 030969 032200 gi|6 007331 008668 gi|74 
001893 77.4 030996 032192 gi|6 035018 036234 gi|70 
000255 76.6 031845 031004 gi|6 004406 005224 gi|48 
000729 78.8 031019 032100 gi|6 000160 001238 gi|40 
000432 78.6 032200 031039 gi|6 015547 016795 gi|34 
000288 77.8 032200 032129 gi|6 030570 030647 gi|44 
000260 78.6 000598 000653 gi|13 029461 029516 gi|30 
001246 77.1 003241 001910 gi|13 030130 031471 gi|30 
000436 77.2 002675 002146 gi|13 038129 038666 gi|37 
000651 83.1 002660 002312 gi|13 036933 037290 gi|37 
000298 82.0 009900 009712 gi|13 028576 028778 gi|59 
000289 77.4 013077 012857 gi|13 000423 000643 gi|44 
000251 81.2 016346 016446 gi|13 020962 021065 gi|66 
000268 83.1 022888 022824 gi|13 018023 018086 gi|69 
000489 72.8 027194 026446 gi|13 033989 034740 gi|32 
000358 74.5 027214 026447 gi|13 029865 030647 gi|70 
000297 97.0 028702 028670 gi|13 025338 025370 gi|51 
000393 77.4 030128 031194 gi|13 038205 039258 gi|69 
000272 77.3 030783 030159 gi|13 030218 030830 gi|56 
000427 78.0 030176 030915 gi|13 007127 007835 gi|34 
000270 84.3 034374 034462 gi|13 015835 015935 gi|61 
000696 98.7 034722 034799 gi|13 013836 013913 gi|26 
000287 85.1 034857 034923 gi|13 019314 019384 gi|23 
000702 98.7 035013 035091 gi|13 013836 013914 gi|26 
000286 86.2 035137 035216 gi|13 019305 019384 gi|23 
000417 77.2 036992 037841 gi|13 021926 022805 gi|72 
000456 76.7 037838 036999 gi|13 031710 032567 gi|26 
000428 77.5 037762 037029 gi|13 025218 025953 gi|16 
000393 78.8 037845 037034 gi|13 022786 023613 gi|20 
000409 76.7 037836 037112 gi|13 033990 034731 gi|32 
000369 76.2 037292 037845 gi|13 030606 031154 gi|53 
000433 76.5 037833 037302 gi|13 009718 010249 gi|41 
000287 78.5 037833 037615 gi|13 001814 002011 gi|65 
000312 77.1 037633 037807 gi|13 039094 039259 gi|61 
000493 77.5 037996 039141 gi|13 029179 030338 gi|26 
000254 75.3 038998 039973 gi|13 027587 028561 gi|26 
000287 74.9 000103 000385 gi|3 030897 031177 gi|53 
000429 76.1 001507 002055 gi|3 027907 028439 gi|6 
000490 74.5 002415 001662 gi|3 007407 008145 gi|55 
000255 84.5 007692 007609 gi|3 011310 011405 gi|61 
000265 80.1 009008 009153 gi|3 028718 028902 gi|10 
000919 77.0 011574 010891 gi|3 039259 039948 gi|58 
000300 76.7 012611 012166 gi|3 023129 023625 gi|64 
000304 80.9 015752 015622 gi|3 013274 013395 gi|59 
000256 78.2 016038 015635 gi|3 025380 025765 gi|8 
000279 75.6 015642 015817 gi|3 018914 019092 gi|37 
000288 82.8 015888 015645 gi|3 008499 008715 gi|59 
000275 71.1 015682 015830 gi|3 001154 001300 gi|16 
000384 84.1 015695 015920 gi|3 035398 035592 gi|33 
000252 79.3 018185 019190 gi|3 010560 011665 gi|44 
000449 77.4 019130 018424 gi|3 014842 015577 gi|66 
000379 71.8 018486 018794 gi|3 017635 017955 gi|74 
000287 77.3 021532 022174 gi|3 010146 010791 gi|56 
000327 76.9 031260 031350 gi|3 006409 006498 gi|53 
000273 74.4 031475 031556 gi|3 020363 020443 gi|48 
000264 79.0 031663 031719 gi|3 020363 020418 gi|48 
001132 74.4 031847 032483 gi|3 033235 033874 gi|14 
000272 80.7 032855 032711 gi|3 012234 012362 gi|13 
000251 79.8 037288 037131 gi|3 022209 022368 gi|42 
000256 86.4 037491 037534 gi|3 037124 037170 gi|23 
000540 76.1 020137 019223 gi|4 031596 032490 gi|28 
000275 77.2 019964 020143 gi|4 039119 039295 gi|61 
000264 77.9 020180 020009 gi|4 000653 000820 gi|53 
002257 76.3 029181 030816 gi|4 008549 010166 gi|27 
000250 89.3 029977 030079 gi|4 009918 010010 gi|60 
000263 79.0 030667 030516 gi|4 017395 017552 gi|33 
000367 76.3 031270 031678 gi|4 011158 011563 gi|27 
000279 82.3 032105 031987 gi|4 006759 006876 gi|68 
000453 75.9 032083 032807 gi|4 014419 015132 gi|27 
001692 74.8 035368 033203 gi|4 013612 015840 gi|30 
000271 76.5 035525 035851 gi|4 035333 035654 gi|23 
000484 73.7 004898 005490 gi|17 006708 007282 gi|30 
000255 82.3 007027 006932 gi|17 021558 021659 gi|74 
000289 76.0 012925 014475 gi|17 035268 036804 gi|18 
000309 78.0 014140 013270 gi|17 018557 019470 gi|26 
000401 77.0 013323 014448 gi|17 033663 034793 gi|42 
000658 78.1 015677 013447 gi|17 030794 033005 gi|59 
000331 76.7 017433 018522 gi|17 023886 025046 gi|22 
000256 79.1 018599 017475 gi|17 029471 030655 gi|27 
000454 76.8 022386 021727 gi|17 027283 027968 gi|62 
001528 77.7 032426 033533 gi|17 031112 032206 gi|50 
012575 94.6 035154 033251 gi|17 022272 024186 gi|73 
012771 99.2 033460 034914 gi|17 036789 038239 gi|32 
012738 100.0 034914 033537 gi|17 001999 003376 gi|59 
000547 77.8 036838 035985 gi|17 015392 016216 gi|49 
000274 84.4 036869 036913 gi|17 032729 032774 gi|70 
000272 81.6 036922 036874 gi|17 025324 025374 gi|66 
000265 83.9 037047 037195 gi|17 016500 016654 gi|26 
000272 82.3 001652 001753 gi|5 038548 038637 gi|21 
000271 79.0 001847 001672 gi|5 034712 034880 gi|28 
000306 78.6 002609 002884 gi|5 001372 001654 gi|22 
000295 78.8 002869 002710 gi|5 015740 015899 gi|15 
000254 84.1 006196 006239 gi|5 001898 001941 gi|22 
000279 75.1 007881 008590 gi|5 026035 026739 gi|20 
000273 81.7 009902 010190 gi|5 032560 032892 gi|33 
000467 79.5 019255 020028 gi|5 035357 036126 gi|33 
000259 80.0 019272 019426 gi|5 001150 001301 gi|16 
000344 71.6 019413 019273 gi|5 027399 027542 gi|36 
000384 76.2 026347 027123 gi|5 039160 039972 gi|35 
000295 78.7 026425 026626 gi|5 002516 002708 gi|57 
000511 79.1 033894 034243 gi|5 019559 019928 gi|25 
000272 79.5 036560 036817 gi|5 024315 024562 gi|32 
000417 76.6 039117 039851 gi|5 017446 018165 gi|75 
000257 81.5 039387 039548 gi|5 019600 019758 gi|36 
000251 81.4 006296 006381 gi|15 013152 013240 gi|23 
000886 76.9 014248 013686 gi|15 037478 038061 gi|55 
000270 88.0 014279 014328 gi|15 013047 013095 gi|68 
000318 100.0 014328 014295 gi|15 004464 004497 gi|53 
000422 77.9 014781 017337 gi|15 033164 035758 gi|75 
000258 82.2 014937 015071 gi|15 029411 029542 gi|64 
000402 78.2 016051 015165 gi|15 001311 002215 gi|22 
000698 77.1 016088 015173 gi|15 008456 009369 gi|54 
000540 76.3 015173 015949 gi|15 035972 036752 gi|41 
000286 77.2 015173 015958 gi|15 023194 023990 gi|53 
000310 82.2 015908 015752 gi|15 012206 012362 gi|26 
000817 77.1 023771 027699 gi|15 009042 013171 gi|49 
000776 76.6 027775 023966 gi|15 010849 014691 gi|72 
000302 76.2 026227 025386 gi|15 038825 039723 gi|49 
000336 77.5 026059 025660 gi|15 037823 038243 gi|76 
000276 80.0 026350 026469 gi|15 033341 033469 gi|21 
000277 75.9 027690 027206 gi|15 037341 037819 gi|49 
000270 85.7 029027 029180 gi|15 026814 026981 gi|36 
000250 83.6 029109 029163 gi|15 020867 020922 gi|67 
000289 94.7 029111 029148 gi|15 033829 033868 gi|26 
000256 89.5 029118 029174 gi|15 020065 020121 gi|30 
000556 78.7 032835 031065 gi|15 007166 009004 gi|69 
000344 76.0 032825 031121 gi|15 037734 039481 gi|67 
000368 77.6 032822 032171 gi|15 034585 035243 gi|71 
000340 76.9 032822 032446 gi|15 015059 015434 gi|50 
000503 78.4 032517 032817 gi|15 010028 010331 gi|73 
000274 82.0 035340 035478 gi|15 012964 013112 gi|68 
000265 96.7 035429 035458 gi|15 033839 033868 gi|26 
000280 79.2 039686 039054 gi|15 032521 033112 gi|49 
000277 79.5 039377 039120 gi|15 002759 003013 gi|49 
001102 79.0 000707 000002 gi|10 005821 006501 gi|11 
000324 79.8 000155 000500 gi|10 007847 008167 gi|55 
000257 80.8 005005 005171 gi|10 000933 001081 gi|15 
000250 93.8 005380 005317 gi|10 022034 022098 gi|51 
000304 78.5 008549 008893 gi|10 002737 003101 gi|47 
000845 77.4 011263 013228 gi|10 022177 024191 gi|71 
000366 78.6 011841 013354 gi|10 037535 039018 gi|18 
000592 79.4 013248 012394 gi|10 015173 015979 gi|50 
000319 79.6 012689 013228 gi|10 032171 032686 gi|15 
000482 78.8 013225 012835 gi|10 034725 035139 gi|71 
000288 82.5 013042 013161 gi|10 033690 033812 gi|42 
000253 79.8 019962 020055 gi|10 027083 027182 gi|24 
000657 79.5 028050 025548 gi|10 000925 003386 gi|13 
001375 77.6 025822 026990 gi|10 030288 031454 gi|30 
000295 84.0 026224 026579 gi|10 038132 038489 gi|37 
000775 80.9 026262 026580 gi|10 036948 037272 gi|37 
000403 78.7 027803 028177 gi|10 032372 032766 gi|54 
000384 76.2 027833 028172 gi|10 031641 031994 gi|54 
008686 80.8 028112 031023 gi|10 023752 026639 gi|29 
000901 80.2 031230 031603 gi|10 026689 027068 gi|29 
000666 79.8 031691 032740 gi|10 019786 020858 gi|29 
000444 77.0 036588 035665 gi|10 027219 028119 gi|49 
000655 77.8 035673 036577 gi|10 019297 020191 gi|11 
000615 77.4 004461 004073 gi|21 032490 032908 gi|41 
000267 80.3 013693 013516 gi|21 035937 036114 gi|40 
000302 81.4 013524 013700 gi|21 037870 038046 gi|67 
000251 77.1 026304 026469 gi|21 038220 038400 gi|63 
000277 82.6 038697 038554 gi|21 028876 029017 gi|30 
000265 91.2 000443 000410 gi|12 025668 025701 gi|22 
000364 75.9 003182 001766 gi|12 007191 008594 gi|13 
000286 85.5 003353 003421 gi|12 025647 025714 gi|22 
000264 80.3 003362 003432 gi|12 004453 004530 gi|53 
000275 87.5 003410 003371 gi|12 014290 014329 gi|15 
000265 81.1 009084 008953 gi|12 039769 039906 gi|43 
000281 81.2 009717 009998 gi|12 003875 004146 gi|72 
000328 78.3 010039 009805 gi|12 023946 024184 gi|71 
000272 77.2 009974 009808 gi|12 032513 032676 gi|15 
000276 75.2 010410 010097 gi|12 010024 010335 gi|73 
000320 78.1 010429 010106 gi|12 002959 003280 gi|61 
000253 77.9 010136 010406 gi|12 019110 019386 gi|26 
000270 79.5 010161 010326 gi|12 022821 022996 gi|14 
000342 76.5 010182 010407 gi|12 007267 007483 gi|69 
000439 82.6 012823 012127 gi|12 000027 000667 gi|34 
000438 81.0 012863 012638 gi|12 005038 005278 gi|34 
000252 79.9 015684 015822 gi|12 021593 021727 gi|68 
000560 77.0 028133 026783 gi|12 023920 025271 gi|22 
000329 76.7 026851 028166 gi|12 030116 031454 gi|73 
000749 80.5 026883 027591 gi|12 014856 015540 gi|66 
000623 75.5 028141 026893 gi|12 017061 018306 gi|74 
000278 78.7 028134 027229 gi|12 017473 018297 gi|17 
003191 76.2 032048 037962 gi|12 008794 014797 gi|49 
001097 77.2 032165 036449 gi|12 023673 027827 gi|15 
000521 77.8 033431 036283 gi|12 004213 007020 gi|69 
000301 84.7 033623 033487 gi|12 000251 000373 gi|72 
000309 77.3 037767 035822 gi|12 006326 008300 gi|72 
001089 78.7 038380 039714 gi|12 034108 035450 gi|26 
000818 80.1 038396 039794 gi|12 038017 039345 gi|59 
000815 79.1 001327 002213 gi|22 008500 009373 gi|54 
000318 78.5 002175 001350 gi|22 035999 036815 gi|41 
002069 78.1 002725 004581 gi|22 011121 012968 gi|54 
000881 76.7 011860 013474 gi|22 001902 003509 gi|31 
000271 85.2 013023 013265 gi|22 030972 031213 gi|66 
000257 78.7 017154 017510 gi|22 011801 012139 gi|73 
001441 75.7 019098 017789 gi|22 024800 026103 gi|28 
001579 75.9 017812 019101 gi|22 013702 014986 gi|40 
001855 76.7 017838 019086 gi|22 034984 036232 gi|32 
000336 76.7 021796 020844 gi|22 009107 010086 gi|44 
001364 79.5 020869 023472 gi|22 029996 032562 gi|51 
001300 76.3 023529 021972 gi|22 010016 011617 gi|56 
000267 78.9 022069 023520 gi|22 027597 029032 gi|27 
003484 76.4 023539 022097 gi|22 007267 008709 gi|44 
000325 76.8 023591 022162 gi|22 013417 014849 gi|43 
000290 79.3 022313 023445 gi|22 009805 010936 gi|37 
001053 76.1 023835 025181 gi|22 016984 018315 gi|74 
002610 79.2 024986 023864 gi|22 029593 030712 gi|27 
000598 75.9 025151 023876 gi|22 030190 031455 gi|73 
000291 78.8 025568 025361 gi|22 011494 011701 gi|46 
003348 76.3 026465 028015 gi|22 000395 001960 gi|30 
000267 84.3 026921 027035 gi|22 035933 036055 gi|26 
000275 79.7 033116 033268 gi|22 013571 013720 gi|57 
000265 78.2 036671 036771 gi|22 018043 018154 gi|46 
000251 89.9 037722 037810 gi|22 001280 001379 gi|66 
000289 81.9 039803 039957 gi|22 022433 022590 gi|33 
001805 78.6 000688 001323 gi|20 003409 004044 gi|29 
000487 76.2 000727 001276 gi|20 020730 021282 gi|59 
000251 84.1 008647 008690 gi|20 026214 026257 gi|37 
000252 87.5 009074 008971 gi|20 008405 008494 gi|73 
000263 74.3 013958 013718 gi|20 006732 006957 gi|34 
005088 76.9 022593 018968 gi|20 036174 039854 gi|76 
001436 75.6 022767 023667 gi|20 031686 032586 gi|26 
001595 74.3 022769 023672 gi|20 003231 004140 gi|62 
000268 77.8 023303 022769 gi|20 022738 023266 gi|27 
000346 80.2 022816 023401 gi|20 038059 038641 gi|72 
000291 82.8 022816 023024 gi|20 001825 002032 gi|65 
000361 78.8 024033 023808 gi|20 008972 009186 gi|52 
000332 75.9 024470 025539 gi|20 032214 033264 gi|64 
001228 78.6 025597 024580 gi|20 004305 005328 gi|48 
001165 77.3 025594 024582 gi|20 022896 023932 gi|49 
001509 77.1 024605 025595 gi|20 022987 023996 gi|66 
000660 75.0 024626 025595 gi|20 000096 001059 gi|40 
000615 76.1 025595 024679 gi|20 030858 031747 gi|44 
000556 78.8 025595 024681 gi|20 015868 016824 gi|34 
000456 76.6 024681 025547 gi|20 007374 008243 gi|74 
000276 80.0 025883 025932 gi|20 024299 024348 gi|66 
000254 74.1 033183 033487 gi|20 008997 009328 gi|54 
000300 78.4 007092 004263 gi|28 029449 032307 gi|62 
000252 77.0 008881 008760 gi|28 014347 014474 gi|73 
000369 79.4 018906 019123 gi|28 022254 022473 gi|30 
003758 80.4 020280 023261 gi|28 030230 033078 gi|43 
000253 82.5 024662 024474 gi|28 007060 007277 gi|56 
000294 76.8 026802 024790 gi|28 034285 036263 gi|32 
000676 76.7 026058 024800 gi|28 013734 014983 gi|40 
001411 77.2 026122 027339 gi|28 013038 014246 gi|74 
000740 77.1 027380 026200 gi|28 015671 016863 gi|74 
000916 75.8 028027 029367 gi|28 011870 013207 gi|46 
000562 79.0 039091 040000 gi|28 032970 033823 gi|43 
000260 80.2 000855 000725 gi|30 012559 012689 gi|63 
000666 71.5 002644 004917 gi|30 016255 018587 gi|41 
000300 84.3 005094 005418 gi|30 017767 018090 gi|41 
000267 76.0 006776 007271 gi|30 011077 011572 gi|57 
000866 80.2 009612 008829 gi|30 031926 032691 gi|47 
000399 78.4 014051 013696 gi|30 025826 026185 gi|70 
000378 79.7 018954 019297 gi|30 034781 035138 gi|36 
000251 87.5 020114 020067 gi|30 015447 015497 gi|75 
000280 79.6 028941 028844 gi|30 014638 014732 gi|55 
000415 78.3 030696 031128 gi|30 038133 038589 gi|37 
000651 75.6 030714 031062 gi|30 036933 037294 gi|37 
000276 83.3 034982 035209 gi|30 017429 017684 gi|60 
000555 76.5 039306 040000 gi|30 000190 000869 gi|63 
000263 79.8 018194 018317 gi|23 015710 015839 gi|62 
000332 80.2 027803 027456 gi|23 013554 013884 gi|24 
001969 78.7 030522 029729 gi|23 015184 015970 gi|76 
000401 76.7 038076 037760 gi|23 033005 033340 gi|53 
000250 80.3 001244 001360 gi|24 002686 002796 gi|38 
000284 76.7 001603 002113 gi|24 021148 021646 gi|74 
000286 73.1 002491 001662 gi|24 027973 028839 gi|55 
000503 77.2 001682 002251 gi|24 035383 035949 gi|33 
000250 83.4 006050 006254 gi|24 034045 034216 gi|44 
000404 72.0 011775 011305 gi|24 026011 026487 gi|36 
000450 77.3 011698 011368 gi|24 018203 018555 gi|43 
000266 80.7 013209 012604 gi|24 020079 020696 gi|47 
000260 81.1 014979 015280 gi|24 016564 016892 gi|69 
000291 82.3 016416 016039 gi|24 018062 018445 gi|71 
000366 83.9 016075 016359 gi|24 035383 035690 gi|33 
000256 78.4 016075 016398 gi|24 006625 006943 gi|45 
000256 87.9 018637 018580 gi|24 025368 025425 gi|66 
000328 92.2 018583 018633 gi|24 032816 032866 gi|70 
000310 90.2 018583 018633 gi|24 032928 032978 gi|70 
000288 89.5 018583 018639 gi|24 012334 012395 gi|73 
000282 85.5 018637 018583 gi|24 039790 039847 gi|67 
000299 77.9 023636 024432 gi|24 032058 032878 gi|35 
000670 82.3 025037 024835 gi|24 004985 005181 gi|64 
000263 77.0 025935 026021 gi|24 028704 028795 gi|63 
001005 76.3 027162 026618 gi|24 037071 037622 gi|40 
000717 77.7 027685 028329 gi|24 021385 022023 gi|66 
000254 77.3 031631 031758 gi|24 023993 024120 gi|69 
000570 76.0 035572 036233 gi|24 038113 038769 gi|40 
000265 88.1 000527 000469 gi|26 020062 020117 gi|50 
000609 77.6 002629 003406 gi|26 034512 035280 gi|71 
000722 77.3 002688 004629 gi|26 004056 006052 gi|73 
001921 78.4 002695 004644 gi|26 003808 005832 gi|72 
000410 79.3 002697 003498 gi|26 037677 038460 gi|50 
000513 80.5 003470 002698 gi|26 023534 024308 gi|71 
002231 76.1 002712 004676 gi|26 007188 009197 gi|69 
000270 80.2 002712 004676 gi|26 037742 039677 gi|67 
000606 78.6 002714 003479 gi|26 003266 004022 gi|47 
000333 78.9 002714 003696 gi|26 015066 016039 gi|50 
000262 76.0 006334 006458 gi|26 035820 035953 gi|34 
000354 78.4 006570 007709 gi|26 020601 021715 gi|45 
000348 74.4 012370 012058 gi|26 034127 034445 gi|75 
000334 76.0 012333 012067 gi|26 019604 019876 gi|64 
000593 76.2 014993 015656 gi|26 014229 014868 gi|47 
001336 78.5 017575 019493 gi|26 031571 033597 gi|59 
000618 74.9 018709 018009 gi|26 034022 034763 gi|42 
000273 86.0 018308 018428 gi|26 015995 016118 gi|53 
000732 74.6 019440 019083 gi|26 033657 034013 gi|42 
000258 78.0 019085 019521 gi|26 037694 038115 gi|50 
000609 80.2 019907 019524 gi|26 003436 003804 gi|53 
000261 78.1 021484 022054 gi|26 018835 019413 gi|72 
000272 74.0 021662 021884 gi|26 019381 019624 gi|76 
000262 75.9 023399 023535 gi|26 038592 038740 gi|54 
000252 86.0 027738 027682 gi|26 018399 018452 gi|30 
000357 78.5 030222 031640 gi|26 013230 014618 gi|49 
000696 73.2 031687 032627 gi|26 003230 004177 gi|62 
000260 81.8 033835 033966 gi|26 015232 015366 gi|52 
000259 93.5 033838 033868 gi|26 020065 020095 gi|30 
000258 97.6 033842 033882 gi|26 028897 028935 gi|30 
000802 78.1 034427 035475 gi|26 038215 039295 gi|59 
000262 81.3 003546 003716 gi|38 001244 001425 gi|69 
000279 85.4 009200 009322 gi|38 034275 034402 gi|72 
000260 87.7 004123 004236 gi|18 011804 011901 gi|35 
000250 81.0 007952 007895 gi|18 027973 028036 gi|50 
000265 83.8 011111 011190 gi|18 035969 036052 gi|75 
000264 81.9 011141 011223 gi|18 014617 014698 gi|55 
000733 74.5 016965 016322 gi|18 005245 005903 gi|35 
000793 76.7 017878 017553 gi|18 004323 004660 gi|35 
000254 85.4 020465 020425 gi|18 038991 039031 gi|58 
000250 83.1 020933 021104 gi|18 024941 025103 gi|27 
001994 80.6 026344 029124 gi|18 020082 022701 gi|19 
000363 76.7 031520 032472 gi|18 007363 008315 gi|55 
001015 77.2 033643 035018 gi|18 018404 019767 gi|31 
000661 76.7 035062 033679 gi|18 024142 025514 gi|43 
000691 77.1 034069 035493 gi|18 026345 027753 gi|27 
000371 77.4 036023 035732 gi|18 019081 019366 gi|26 
000636 76.5 038262 039020 gi|18 023570 024319 gi|71 
000536 80.9 039116 038305 gi|18 003115 003947 gi|47 
000493 86.0 039993 039894 gi|18 012726 012825 gi|44 
027122 97.0 004628 001149 gi|1 017087 020569 gi|67 
009236 97.0 008841 007699 gi|1 007243 008385 gi|67 
009818 81.6 012530 009682 gi|1 002810 005724 gi|67 
000250 83.6 013889 013817 gi|1 000809 000884 gi|67 
000802 81.2 014026 013830 gi|1 000129 000362 gi|67 
000562 85.0 014039 013840 gi|1 001398 001610 gi|67 
000791 81.2 014026 013841 gi|1 039151 039376 gi|29 
000843 85.7 014213 014004 gi|1 001461 001654 gi|67 
001269 87.0 014218 014035 gi|1 000177 000359 gi|67 
000255 89.7 014037 014075 gi|1 000127 000164 gi|67 
000277 90.2 014089 014039 gi|1 000805 000858 gi|67 
001171 89.4 014199 014039 gi|1 039218 039376 gi|29 
000293 97.1 014041 014075 gi|1 001409 001443 gi|67 
000294 97.1 014041 014075 gi|1 039152 039186 gi|29 
000289 78.6 014839 014737 gi|1 001405 001505 gi|67 
000283 97.1 014801 014835 gi|1 000318 000353 gi|67 
000274 97.1 014801 014835 gi|1 001572 001607 gi|67 
000259 84.6 014801 014839 gi|1 039340 039378 gi|29 
000320 79.8 015051 014948 gi|1 001404 001505 gi|67 
000250 78.0 015047 014948 gi|1 000129 000226 gi|67 
000264 94.3 015012 015046 gi|1 000318 000353 gi|67 
000257 85.7 015012 015081 gi|1 001572 001643 gi|67 
000288 88.3 016137 016078 gi|1 000805 000869 gi|67 
000827 83.3 016275 016084 gi|1 001447 001612 gi|67 
001206 83.7 016275 016086 gi|1 000168 000356 gi|67 
001125 87.6 016247 016087 gi|1 039218 039376 gi|29 
000283 94.3 016089 016123 gi|1 001409 001443 gi|67 
000284 94.3 016089 016123 gi|1 039152 039186 gi|29 
007489 81.2 020202 018666 gi|1 023091 024624 gi|5 
000253 84.9 021033 020908 gi|1 004297 004417 gi|67 
001650 75.7 026301 028635 gi|1 013151 015456 gi|57 
000319 78.2 031623 030689 gi|1 033964 034895 gi|32 
000322 78.5 031660 030721 gi|1 025079 026009 gi|16 
000351 76.4 031630 030747 gi|1 037998 038889 gi|72 
000329 78.8 037974 038540 gi|1 004611 005163 gi|39 
000448 77.3 007361 006281 gi|33 018538 019612 gi|44 
000263 75.5 011334 011172 gi|33 017456 017616 gi|49 
000318 83.5 011317 011209 gi|33 016568 016694 gi|43 
000294 77.8 012137 012658 gi|33 011220 011716 gi|62 
000528 79.1 014130 013461 gi|33 000084 000776 gi|70 
000963 79.9 013547 014684 gi|33 009530 010622 gi|36 
000288 75.4 014634 014342 gi|33 032679 032959 gi|56 
000660 79.8 018531 017998 gi|33 008032 008567 gi|71 
000355 75.7 018544 018031 gi|33 010252 010761 gi|40 
000251 79.6 018980 018036 gi|33 005688 006671 gi|74 
000250 75.4 018520 018054 gi|33 036013 036474 gi|41 
000389 76.1 018109 018506 gi|33 008892 009321 gi|54 
000481 81.3 018506 018213 gi|33 033607 033900 gi|75 
000259 75.2 021859 021995 gi|33 001211 001341 gi|49 
000275 88.9 022150 022052 gi|33 010380 010482 gi|44 
000490 79.0 036045 035313 gi|33 017760 018470 gi|71 
000340 79.4 035727 035374 gi|33 008380 008684 gi|59 
000390 76.1 035383 036168 gi|33 021236 022050 gi|74 
000386 77.8 035998 035383 gi|33 035241 035883 gi|34 
000641 78.3 035397 036017 gi|33 018968 019593 gi|37 
000265 78.3 035420 035700 gi|33 022063 022363 gi|51 
000307 79.7 006567 007390 gi|25 013970 014774 gi|48 
000338 79.8 017102 015478 gi|25 000887 002526 gi|39 
000281 91.1 000430 000519 gi|27 037404 037493 gi|60 
001085 76.4 004591 003943 gi|27 006496 007149 gi|41 
000251 83.0 004164 004269 gi|27 039306 039415 gi|33 
000252 87.9 007618 007528 gi|27 010785 010878 gi|68 
000256 79.7 007831 007983 gi|27 007497 007646 gi|45 
001287 77.3 020120 018865 gi|27 010193 011485 gi|33 
000346 73.3 021019 021751 gi|27 012307 013049 gi|68 
000477 75.2 023244 022425 gi|27 038034 038850 gi|72 
000277 76.2 023280 022702 gi|27 003216 003798 gi|62 
000283 79.8 023207 022935 gi|27 036670 036944 gi|39 
000980 76.7 025953 027340 gi|27 018404 019815 gi|31 
000547 75.3 026018 027341 gi|27 007585 008900 gi|57 
001359 77.5 027342 026111 gi|27 024139 025370 gi|43 
000259 76.0 029032 027593 gi|27 013500 014933 gi|43 
000254 76.7 029033 027696 gi|27 010054 011403 gi|56 
000450 77.8 029591 030761 gi|27 030360 031516 gi|73 
001465 77.0 030720 029739 gi|27 017002 017968 gi|74 
000720 76.6 030929 031871 gi|27 004639 005572 gi|74 
003864 79.0 031971 033207 gi|27 013141 014377 gi|68 
000274 85.2 034676 034515 gi|27 020580 020729 gi|54 
000267 90.0 040000 039961 gi|27 036841 036880 gi|68 
000260 85.7 001306 001216 gi|9 031761 031857 gi|55 
001593 77.5 002949 001981 gi|9 014270 015246 gi|53 
001053 76.3 014248 012765 gi|9 002209 003707 gi|33 
000298 78.5 018070 016094 gi|9 035041 037024 gi|19 
000880 75.3 021707 020282 gi|9 036813 038217 gi|65 
001845 76.7 021794 020330 gi|9 008352 009827 gi|42 
000504 78.3 029711 027794 gi|9 011418 013356 gi|20 
000259 79.0 036836 037139 gi|9 010106 010409 gi|12 
000250 78.6 037136 036955 gi|9 035937 036112 gi|40 
000533 78.0 037163 037676 gi|9 008002 008513 gi|71 
000333 78.2 037211 037673 gi|9 036016 036478 gi|41 
000324 76.8 037285 037693 gi|9 006261 006662 gi|74 
000251 77.2 000168 000090 gi|48 035261 035336 gi|67 
000345 80.9 004087 003926 gi|48 008568 008734 gi|74 
000405 76.7 005234 004307 gi|48 023046 023996 gi|66 
000855 75.0 004319 005326 gi|48 022907 023932 gi|49 
000340 75.1 005345 004487 gi|48 007251 008160 gi|74 
000770 79.9 005250 004838 gi|48 032367 032782 gi|64 
000790 77.3 006928 006669 gi|48 017779 018026 gi|50 
001375 75.8 027210 026897 gi|48 004204 004517 gi|50 
000892 78.0 001027 003112 gi|19 032936 035012 gi|47 
000291 84.9 007879 008170 gi|19 011661 011910 gi|54 
000314 83.4 007996 008272 gi|19 003347 003584 gi|22 
000298 80.1 008452 008632 gi|19 024284 024479 gi|37 
002926 78.3 014224 015381 gi|19 019887 021057 gi|74 
002919 78.2 014307 015400 gi|19 018461 019561 gi|74 
000303 76.2 015814 014311 gi|19 011260 012822 gi|74 
000503 75.4 018557 017707 gi|19 021314 022159 gi|25 
002481 77.9 024312 021406 gi|19 002073 005015 gi|74 
001389 76.3 027212 025994 gi|19 003634 004825 gi|74 
000665 78.6 027418 028282 gi|19 030916 031774 gi|27 
000600 75.3 027454 028221 gi|19 004660 005435 gi|74 
000279 81.0 027889 027475 gi|19 020298 020703 gi|47 
000266 76.8 027556 027732 gi|19 009797 009973 gi|41 
000473 77.8 029512 028819 gi|19 030367 031055 gi|46 
000538 74.7 029648 029262 gi|19 030590 030977 gi|46 
000253 78.1 030097 029984 gi|19 019345 019464 gi|47 
000263 80.4 032014 032217 gi|19 006570 006780 gi|45 
000259 79.2 032354 032526 gi|19 021572 021750 gi|74 
000803 77.8 000993 000094 gi|40 022943 023881 gi|49 
000767 75.7 000097 001332 gi|40 007314 008648 gi|74 
001221 75.9 001048 000133 gi|40 004318 005236 gi|48 
000570 78.4 000193 001395 gi|40 035073 036282 gi|70 
000415 76.6 001069 000227 gi|40 030861 031673 gi|44 
000393 80.6 006637 006976 gi|40 000479 000822 gi|52 
000255 77.0 010521 010214 gi|40 009084 009388 gi|54 
000335 72.8 010235 010738 gi|40 023193 023705 gi|53 
000303 75.5 010272 010790 gi|40 008047 008570 gi|71 
000257 81.0 014009 014108 gi|40 028528 028636 gi|58 
000254 78.6 015173 015076 gi|40 002512 002600 gi|45 
000289 77.9 036232 035884 gi|40 015066 015403 gi|50 
000295 79.7 035922 036261 gi|40 002962 003314 gi|61 
000297 81.6 035930 036228 gi|40 033929 034226 gi|53 
000312 76.7 000001 000223 gi|42 033824 034051 gi|43 
000876 76.5 007224 009831 gi|42 035604 038176 gi|65 
000297 82.9 029733 029594 gi|42 026529 026665 gi|56 
000296 79.6 030991 030585 gi|42 019980 020390 gi|53 
000409 76.1 034070 033656 gi|42 033102 033538 gi|59 
001127 79.3 035234 033827 gi|42 031608 032918 gi|59 
000302 80.7 034175 034516 gi|42 022274 022579 gi|71 
000922 79.1 000008 001320 gi|2 013596 014918 gi|3 
001393 80.5 000749 001318 gi|2 015465 016032 gi|3 
000301 82.2 001042 000914 gi|2 027459 027587 gi|36 
000260 80.0 000970 001059 gi|2 035213 035296 gi|55 
000359 81.7 000973 001201 gi|2 035395 035587 gi|33 
000378 84.1 001230 000998 gi|2 025471 025676 gi|8 
000670 78.9 005625 006518 gi|2 039098 040000 gi|35 
000254 81.4 006435 006595 gi|2 035867 036027 gi|51 
000313 76.6 006588 007214 gi|2 002688 003316 gi|49 
000922 80.0 013769 012552 gi|2 030282 031517 gi|20 
000932 79.3 015966 017040 gi|2 019324 020450 gi|59 
000804 76.5 017103 015997 gi|2 027074 028234 gi|56 
000300 80.9 016156 016000 gi|2 000011 000167 gi|52 
001188 78.8 017037 016003 gi|2 017185 018292 gi|44 
001382 76.9 020609 019605 gi|2 010716 011723 gi|52 
000275 81.0 025483 025405 gi|2 018967 019038 gi|37 
000282 78.9 028477 029364 gi|2 005890 006759 gi|70 
000265 90.0 034451 034490 gi|2 025336 025376 gi|51 
000259 82.5 034452 034514 gi|2 037134 037196 gi|23 
000289 75.2 039660 038891 gi|2 035738 036512 gi|58 
000256 76.6 010893 011029 gi|35 020015 020169 gi|36 
000264 76.6 013057 013150 gi|35 007213 007310 gi|36 
000358 76.0 035537 034633 gi|35 016964 017854 gi|43 
000286 80.8 011683 009290 gi|31 024387 026668 gi|63 
000320 76.6 009834 011758 gi|31 002044 003944 gi|68 
000838 77.7 011739 009880 gi|31 031072 032880 gi|60 
008221 81.8 009885 011933 gi|31 010732 012765 gi|61 
007924 80.3 009899 012054 gi|31 006704 008854 gi|75 
000982 76.9 011764 010256 gi|31 035380 036875 gi|60 
000383 77.6 015311 016422 gi|31 034896 035973 gi|34 
000847 79.1 016330 015403 gi|31 035372 036297 gi|33 
000435 76.9 016325 015556 gi|31 021228 021992 gi|74 
000319 75.8 015667 017189 gi|31 017773 019293 gi|71 
000323 77.8 015778 017187 gi|31 009837 011261 gi|34 
003062 75.3 019812 018501 gi|31 024139 025438 gi|43 
000998 78.1 018601 019768 gi|31 007665 008834 gi|57 
000649 79.3 032421 031881 gi|31 031319 031835 gi|53 
000460 79.2 000011 000164 gi|52 028072 028225 gi|56 
000617 84.6 000165 000017 gi|52 019364 019509 gi|59 
000877 74.1 003496 002595 gi|52 001784 002691 gi|65 
000406 77.9 003545 002927 gi|52 037973 038587 gi|72 
000290 88.1 015272 015189 gi|52 014645 014731 gi|55 
000259 78.6 024934 024617 gi|52 031592 031942 gi|74 
000277 80.5 030242 030043 gi|52 030957 031158 gi|69 
000262 84.2 030378 030472 gi|52 006064 006155 gi|62 
000279 88.2 034300 034216 gi|52 021002 021083 gi|67 
000425 76.2 036349 036043 gi|52 031676 031979 gi|58 
000469 77.0 018972 019535 gi|37 021252 021812 gi|74 
002071 77.0 026860 025519 gi|37 034686 036031 gi|62 
000264 79.9 030849 031017 gi|37 039780 039939 gi|63 
000387 75.8 001909 002061 gi|55 035854 036005 gi|56 
000811 72.6 008420 007320 gi|55 033236 034338 gi|68 
000406 76.4 010940 012276 gi|55 000033 001390 gi|63 
000257 77.5 026699 026549 gi|55 033430 033589 gi|59 
000276 80.9 032406 032515 gi|55 034295 034398 gi|69 
000316 75.6 008255 007990 gi|50 026819 027084 gi|66 
000258 88.2 009586 009636 gi|50 034717 034763 gi|54 
000308 82.0 013500 013329 gi|50 036310 036457 gi|75 
000400 78.3 015059 015731 gi|50 003820 004471 gi|72 
000250 75.9 015063 015731 gi|50 004077 004712 gi|73 
000342 78.0 037848 038015 gi|50 025803 025976 gi|69 
007783 77.3 003709 000002 gi|51 027522 031274 gi|76 
000260 91.0 014893 014772 gi|51 017015 017134 gi|56 
000254 82.5 022025 022367 gi|51 009375 009690 gi|53 
000928 78.0 032674 031015 gi|51 009929 011593 gi|56 
000444 77.9 036882 036566 gi|51 027843 028161 gi|66 
000392 78.9 000009 000273 gi|47 030426 030690 gi|60 
000315 79.4 000009 000367 gi|47 022858 023201 gi|63 
001038 78.5 003165 002669 gi|47 032242 032745 gi|52 
000324 77.6 003251 003919 gi|47 015054 015731 gi|50 
000315 75.2 003273 003929 gi|47 034600 035253 gi|71 
000258 86.3 009455 009317 gi|47 012194 012325 gi|74 
000282 86.0 009964 010006 gi|47 008665 008707 gi|50 
000288 92.3 010023 009972 gi|47 008771 008827 gi|50 
000262 94.1 009973 010006 gi|47 003597 003630 gi|59 
003251 76.6 010057 013985 gi|47 022792 026835 gi|67 
000277 78.8 013989 011057 gi|47 007321 010232 gi|62 
000575 77.7 013972 012559 gi|47 024373 025762 gi|57 
000878 74.1 000851 001546 gi|29 013865 014561 gi|66 
000297 76.7 003434 003977 gi|29 020714 021259 gi|59 
001228 80.2 004789 008036 gi|29 022071 025065 gi|75 
000250 78.1 009337 008548 gi|29 036948 037723 gi|58 
000299 71.4 008745 008571 gi|29 006753 006928 gi|34 
000259 80.9 026576 026404 gi|29 020629 020818 gi|52 
000258 89.7 039185 039147 gi|29 000824 000861 gi|67 
001456 92.5 039148 039388 gi|29 001405 001617 gi|67 
001815 92.5 039151 039376 gi|29 000129 000355 gi|67 
000283 94.3 039186 039152 gi|29 000319 000353 gi|67 
000355 92.9 039327 039382 gi|29 000805 000864 gi|67 
000254 88.0 039386 039337 gi|29 001399 001445 gi|67 
000269 79.7 002050 001864 gi|34 003661 003853 gi|48 
000801 76.2 004009 002180 gi|34 027380 029277 gi|69 
000308 79.5 004293 004128 gi|34 037895 038055 gi|67 
000262 72.2 004244 004473 gi|34 004327 004560 gi|56 
000578 83.8 005120 005236 gi|34 024782 024898 gi|40 
000427 76.8 006924 006085 gi|34 038035 038871 gi|72 
000394 77.5 007086 007830 gi|34 038219 038965 gi|69 
000262 89.8 007858 007916 gi|34 003793 003856 gi|36 
000486 74.9 010425 009780 gi|34 021173 021817 gi|74 
000386 78.6 010017 011207 gi|34 008377 009568 gi|59 
000268 78.1 010322 010195 gi|34 009403 009531 gi|53 
000474 76.8 016825 015566 gi|34 023078 024328 gi|66 
000519 75.7 015868 016884 gi|34 004307 005257 gi|48 
000335 76.1 018409 018823 gi|34 015821 016220 gi|49 
000271 75.5 018816 018449 gi|34 007279 007646 gi|41 
000532 77.4 028602 029087 gi|34 014260 014706 gi|48 
000455 76.3 032243 033074 gi|34 011954 012797 gi|74 
000267 77.2 033073 032595 gi|34 018464 018987 gi|74 
001685 76.2 035916 033974 gi|34 021209 023128 gi|74 
000838 78.2 034871 035946 gi|34 017434 018465 gi|71 
000266 77.4 035018 035846 gi|34 027918 028771 gi|55 
000263 78.1 035874 035267 gi|34 018968 019570 gi|37 
000258 75.6 035592 035981 gi|34 008388 008780 gi|59 
000297 85.0 036292 036391 gi|34 000026 000120 gi|54 
000268 79.3 038087 037769 gi|34 028924 029200 gi|44 
000406 77.7 002050 000470 gi|54 013986 015542 gi|71 
002754 78.8 003555 002193 gi|54 012380 013742 gi|71 
000629 76.3 009348 008458 gi|54 033580 034467 gi|75 
004081 80.1 023108 021679 gi|54 015115 016535 gi|65 
001464 73.8 023171 021679 gi|54 017960 019430 gi|58 
000271 79.2 003446 003341 gi|45 037106 037204 gi|70 
000253 75.5 003350 003565 gi|45 017197 017416 gi|56 
002143 78.0 009991 012593 gi|45 029967 032684 gi|63 
000260 75.5 013278 013112 gi|45 038231 038401 gi|68 
000294 77.5 030227 030059 gi|45 016028 016202 gi|54 
000577 76.9 014327 010007 gi|49 006646 010888 gi|72 
000292 85.9 012564 012648 gi|49 034095 034182 gi|75 
000336 77.4 016019 016217 gi|49 003304 003501 gi|52 
000306 72.1 016201 016023 gi|49 001795 001973 gi|65 
000344 73.9 023812 022886 gi|49 035040 035962 gi|70 
000766 77.0 023815 022889 gi|49 023079 024002 gi|66 
000565 79.5 023871 022909 gi|49 032354 033272 gi|64 
000690 78.4 023815 022970 gi|49 007374 008282 gi|74 
000286 77.4 029520 030719 gi|49 011826 013000 gi|57 
000252 77.6 038138 038320 gi|49 013602 013787 gi|50 
000426 79.0 039983 038743 gi|49 004455 005659 gi|69 
000252 81.8 005172 005052 gi|44 003401 003533 gi|47 
000267 79.1 005218 005061 gi|44 026102 026243 gi|46 
001716 79.2 008645 007235 gi|44 031204 032624 gi|51 
001345 79.2 007282 008645 gi|44 010054 011423 gi|56 
001179 76.8 010063 008794 gi|44 029637 030955 gi|51 
000844 76.8 011629 010214 gi|44 030124 031573 gi|73 
003442 78.0 010240 011595 gi|44 016956 018305 gi|74 
000893 79.5 018280 016974 gi|44 019374 020676 gi|59 
000383 82.9 018140 018326 gi|44 000012 000197 gi|52 
002905 79.2 026381 025005 gi|44 029785 031154 gi|67 
000623 76.0 025069 026310 gi|44 034196 035410 gi|56 
001631 76.7 031895 030855 gi|44 032263 033289 gi|64 
000670 76.5 031843 030855 gi|44 034938 035957 gi|70 
000448 76.5 030935 031806 gi|44 022972 023889 gi|49 
000680 76.2 030943 031757 gi|44 004416 005227 gi|48 
000368 75.1 031745 030986 gi|44 007374 008145 gi|74 
000251 79.6 000721 000862 gi|53 000020 000161 gi|54 
000566 79.1 023155 023710 gi|53 006096 006660 gi|74 
000561 80.5 023238 023811 gi|53 008052 008613 gi|71 
001667 75.7 030288 031184 gi|53 021937 022835 gi|72 
000887 76.4 031175 030290 gi|53 029858 030753 gi|70 
000276 79.7 030944 031169 gi|53 025171 025393 gi|56 
000646 76.4 002010 003961 gi|68 006639 008580 gi|75 
000294 85.7 013128 013059 gi|68 015435 015500 gi|75 
000254 80.5 019568 019654 gi|68 023759 023851 gi|71 
000281 79.6 003321 003224 gi|43 035944 036054 gi|74 
000272 83.8 017052 017218 gi|43 021360 021524 gi|70 
000960 74.9 025513 024093 gi|43 007520 008904 gi|57 
000250 81.9 024999 024928 gi|43 007801 007865 gi|59 
000807 80.5 010145 009438 gi|36 000004 000663 gi|70 
000250 84.6 016406 016444 gi|36 025387 025425 gi|66 
000280 77.2 025735 024874 gi|36 038018 038873 gi|72 
000386 74.7 025883 026506 gi|36 017987 018658 gi|43 
000303 81.5 027563 027111 gi|36 011185 011684 gi|66 
000320 77.1 027396 027561 gi|36 008545 008709 gi|59 
002413 76.1 033187 031664 gi|36 012425 013958 gi|42 
000252 82.3 032434 032501 gi|36 039258 039319 gi|49 
002601 76.4 035245 033612 gi|36 030739 032367 gi|75 
000259 84.7 038731 038647 gi|36 027324 027402 gi|45 
009241 82.8 010684 012687 gi|61 006628 008660 gi|75 
005407 80.1 010688 013674 gi|61 002042 004995 gi|68 
000827 79.0 012664 010840 gi|61 024214 025990 gi|63 
012747 99.9 001999 003393 gi|59 022521 023916 gi|73 
000250 89.5 003584 003669 gi|59 025446 025525 gi|66 
000257 90.2 003588 003648 gi|59 025329 025403 gi|66 
000284 91.7 003630 003595 gi|59 032734 032769 gi|70 
004140 79.8 009200 011420 gi|59 003105 005395 gi|63 
000309 73.7 012158 012351 gi|59 004899 005095 gi|63 
000275 84.2 020126 020220 gi|59 018636 018738 gi|71 
000286 76.8 008850 008532 gi|64 006747 007098 gi|70 
000825 76.6 032316 033289 gi|64 034963 035957 gi|70 
000584 75.3 032346 033289 gi|64 007319 008372 gi|74 
000412 78.3 013382 010377 gi|39 031060 034125 gi|58 
000283 87.2 014622 014576 gi|39 025456 025501 gi|66 
000263 82.1 014642 014576 gi|39 023963 024028 gi|72 
000260 88.4 014622 014580 gi|39 025341 025382 gi|66 
003016 77.9 021911 023137 gi|39 010199 011437 gi|46 
000324 83.5 024026 023749 gi|39 017012 017291 gi|49 
000263 77.5 035211 035281 gi|39 025175 025243 gi|70 
000264 81.5 014174 014040 gi|65 033377 033529 gi|66 
000366 80.1 039499 039309 gi|65 000006 000192 gi|76 
000657 76.7 039984 039422 gi|65 021039 021601 gi|72 
000280 76.6 003952 005816 gi|72 004205 006051 gi|73 
000255 76.6 024127 023970 gi|72 024146 024302 gi|74 
000319 80.9 023976 024064 gi|72 001249 001339 gi|73 
000283 85.0 024068 023976 gi|72 001352 001447 gi|73 
000350 81.7 023984 024065 gi|72 001356 001441 gi|73 
000251 81.2 024200 024460 gi|72 035800 036057 gi|76 
000412 79.0 006039 002292 gi|46 007164 010991 gi|62 
001189 79.3 004464 005931 gi|46 025345 026885 gi|67 
000286 81.5 016027 016334 gi|46 013884 014225 gi|50 
000252 79.2 018750 018679 gi|46 028463 028528 gi|48 
010910 97.6 039755 038520 gi|46 021199 022434 gi|48 
006824 77.1 007081 002845 gi|69 010887 015208 gi|72 
005160 77.7 008274 003799 gi|69 006600 011086 gi|72 
000367 77.5 007141 007588 gi|69 034537 034994 gi|71 
001749 77.4 007172 009259 gi|69 003810 005915 gi|72 
000250 74.3 025717 025957 gi|69 004142 004379 gi|73 
000295 79.0 038234 038890 gi|69 001748 002371 gi|70 
000298 74.7 006170 006553 gi|74 033579 033959 gi|75 
000258 80.2 001339 001254 gi|73 024209 024288 gi|74 
000250 80.5 001441 001355 gi|73 024208 024288 gi|74 
001253 73.8 031446 030388 gi|73 017050 018093 gi|74 
001244 78.8 004335 006057 gi|41 024152 025898 gi|57 
000516 78.8 005958 004536 gi|41 004463 005882 gi|46 
000316 76.5 005986 004544 gi|41 025343 026822 gi|67 
000691 77.6 004551 005942 gi|41 007345 008734 gi|62 
000639 80.9 009670 010522 gi|41 029833 030710 gi|70 
000512 78.7 010532 009670 gi|41 021983 022844 gi|72 
000488 81.7 009950 009700 gi|41 025144 025398 gi|56 
000293 77.0 010472 009804 gi|41 036947 037612 gi|58 
000257 84.4 016609 016717 gi|41 015009 015116 gi|58 
000402 76.6 032502 033065 gi|41 012014 012563 gi|62 
000667 76.2 035825 036808 gi|41 033399 034401 gi|75 
000447 80.5 035909 036478 gi|41 023117 023702 gi|53 
000502 76.0 035999 036569 gi|41 008034 008594 gi|71 
000305 75.4 003217 003793 gi|62 029852 030424 gi|70 
000318 75.6 003265 004093 gi|62 038046 038859 gi|72 
000395 78.8 023080 024199 gi|57 020971 022091 gi|75 
000277 79.0 024410 025776 gi|57 007375 008736 gi|62 
002279 77.3 029481 027932 gi|57 035901 037433 gi|68 
001236 75.8 030766 029791 gi|70 021928 022886 gi|72 
000409 91.2 032879 032709 gi|70 001255 001426 gi|73 
000259 88.1 032767 032709 gi|70 001255 001325 gi|73 
000338 87.5 032730 032849 gi|70 012245 012367 gi|73 
000390 88.3 032991 032752 gi|70 001255 001499 gi|73 
000290 85.4 032873 032961 gi|70 012268 012367 gi|73 
000259 91.2 032927 032960 gi|70 015516 015549 gi|73 
001190 76.3 034979 036253 gi|70 007324 008678 gi|74 
000385 72.7 008052 008505 gi|71 006191 006647 gi|74 
001048 79.6 018415 017511 gi|71 021224 022110 gi|74 
000345 76.3 029117 030018 gi|67 038176 039098 gi|74 
000604 78.5 036906 039819 gi|67 003243 006181 gi|73 
000252 86.2 039847 039761 gi|67 023984 024067 gi|72 
000331 81.0 039764 039847 gi|67 023984 024064 gi|72 
000313 93.7 039848 039786 gi|67 012333 012390 gi|73 
000749 80.5 022114 022447 gi|56 033036 033368 gi|70 
000366 78.2 025169 025379 gi|56 022596 022806 gi|72 
000575 78.5 028222 026952 gi|56 019365 020673 gi|59 
000261 84.0 029275 029157 gi|56 028430 028549 gi|76 
000255 87.3 029757 029679 gi|56 032000 032090 gi|75 
000250 79.2 030834 030307 gi|56 001755 002288 gi|70 
000314 78.6 037183 034140 gi|56 028132 031149 gi|67 
005255 79.2 024642 030790 gi|60 017331 023207 gi|63 
001398 77.2 032881 031066 gi|60 010739 012578 gi|61 
000747 79.2 033038 031122 gi|60 001990 003876 gi|68 
001532 79.1 031164 032820 gi|60 024395 025958 gi|63 
001143 77.8 032928 031184 gi|60 006654 008442 gi|75 
000255 85.8 032704 032599 gi|60 038810 038906 gi|62 
001526 78.0 036905 035265 gi|60 011089 012697 gi|61 
001195 76.9 036875 035289 gi|60 007061 008652 gi|75 
000904 78.7 036793 035386 gi|60 002541 003944 gi|68 
001769 78.8 035411 036910 gi|60 024301 025731 gi|63 
001412 78.5 023244 025297 gi|66 030792 032817 gi|67 
000458 78.7 025231 025493 gi|66 001233 001516 gi|73 
000416 84.3 025547 025300 gi|66 032806 033029 gi|70 
000519 83.8 025541 025301 gi|66 001249 001474 gi|73 
000299 83.5 025303 025496 gi|66 032771 032968 gi|70 
000466 89.1 025489 025334 gi|66 032734 032885 gi|70 
000291 96.2 025385 025334 gi|66 032726 032773 gi|70 
000780 87.8 025339 025568 gi|66 001252 001463 gi|73 
000473 86.4 025340 025449 gi|66 039762 039867 gi|67 
000323 84.0 025422 025342 gi|66 001255 001339 gi|73 
000347 81.8 025609 025396 gi|66 001278 001505 gi|73 
000275 84.2 025430 025562 gi|66 024188 024304 gi|74 
000464 83.0 025449 025577 gi|66 039755 039884 gi|67 
000285 90.5 025540 025457 gi|66 039761 039847 gi|67 
000674 93.0 025457 025542 gi|66 023984 024069 gi|72 
000341 85.5 025539 025457 gi|66 024207 024287 gi|74 
001239 79.2 025980 024294 gi|63 006805 008541 gi|75 
000281 77.7 025620 024312 gi|63 002558 003917 gi|68 
011484 98.9 001260 002578 gi|32 015914 017250 gi|71 
000259 77.5 004977 004086 gi|32 035366 036268 gi|33 
000862 79.7 004259 005903 gi|32 009661 011245 gi|34 
000263 78.0 016489 017799 gi|32 000001 001310 gi|66 
000250 83.5 019394 019545 gi|32 039461 039588 gi|43 
000583 77.1 022490 024446 gi|32 027701 029790 gi|66 
000282 79.0 023034 024510 gi|32 000001 001525 gi|66 
000556 76.3 026830 027357 gi|32 035317 035859 gi|34 
000387 77.7 034919 033538 gi|32 005969 007370 gi|34 
000344 75.5 033964 034725 gi|32 038010 038774 gi|72 
000494 77.6 034715 033966 gi|32 030404 031162 gi|53 
000262 75.9 034723 033989 gi|32 036962 037702 gi|58 
000527 73.5 033993 034812 gi|32 009718 010545 gi|41 
000659 74.7 035047 036231 gi|32 013798 014969 gi|40 
000309 85.8 036508 036873 gi|32 025111 025469 gi|66 
000433 84.3 036672 036843 gi|32 001283 001475 gi|73 
000261 97.3 036727 036763 gi|32 003591 003630 gi|59 
000488 85.7 036727 036866 gi|32 025453 025581 gi|66 
000268 89.7 036834 036728 gi|32 025435 025540 gi|66 
000300 92.9 036812 036728 gi|32 023984 024067 gi|72 
000286 100.0 036763 036730 gi|32 032734 032768 gi|70 
000255 94.1 036763 036730 gi|32 014588 014622 gi|39 
000416 85.9 036731 036815 gi|32 023984 024067 gi|72 
000271 87.0 036822 036731 gi|32 039756 039847 gi|67 
012738 100.0 038239 036862 gi|32 022521 023898 gi|73 
012738 100.0 038239 036862 gi|32 001999 003376 gi|59 
001790 78.1 018032 019437 gi|58 015122 016542 gi|65 
000457 76.5 037708 036887 gi|58 038029 038844 gi|72 
000256 73.1 037912 038041 gi|58 017500 017629 gi|64 
