002599 75.9 002999 004448 gi|18 001340 002775 gi|21 
002760 74.0 004447 003021 gi|18 003318 004720 gi|25 
000464 73.9 007009 005443 gi|18 014361 015869 gi|19 
000370 74.9 007806 007500 gi|18 005552 005861 gi|44 
001104 75.3 008238 007523 gi|18 013382 014100 gi|19 
000385 72.4 007533 007836 gi|18 035294 035596 gi|62 
000324 81.2 007594 007811 gi|18 001745 001955 gi|53 
000337 75.0 007890 007623 gi|18 007410 007678 gi|43 
000387 76.5 007630 007897 gi|18 004858 005131 gi|46 
000268 71.5 007881 007633 gi|18 006346 006600 gi|43 
000362 78.1 007636 007868 gi|18 027641 027870 gi|67 
000269 77.3 007664 007888 gi|18 002624 002848 gi|63 
000265 74.0 007715 007983 gi|18 013329 013594 gi|57 
000309 79.7 016149 016281 gi|18 015622 015754 gi|50 
000729 75.2 016662 017705 gi|18 011366 012397 gi|27 
000267 77.4 023558 023849 gi|18 035337 035628 gi|62 
000352 71.8 024110 023607 gi|18 012734 013250 gi|43 
000314 80.0 023712 023841 gi|18 004957 005082 gi|46 
000267 83.3 023787 023716 gi|18 005552 005623 gi|44 
000349 77.2 023716 023807 gi|18 027740 027831 gi|67 
000383 73.2 025025 024271 gi|18 011629 012395 gi|43 
000280 73.8 024597 024273 gi|18 007466 007791 gi|43 
000455 71.9 024788 024276 gi|18 006214 006725 gi|43 
000426 76.1 024278 024553 gi|18 036068 036343 gi|62 
000289 80.1 024508 024328 gi|18 014971 015135 gi|69 
000297 77.0 024666 024397 gi|18 012986 013249 gi|43 
000281 76.0 031621 031543 gi|18 021568 021648 gi|48 
000277 83.3 031638 031543 gi|18 004063 004161 gi|69 
000277 80.4 031638 031547 gi|18 004132 004226 gi|69 
000388 82.1 031653 031548 gi|18 005954 006063 gi|41 
000330 82.1 031622 031556 gi|18 021637 021700 gi|48 
000293 75.8 031745 031556 gi|18 021568 021761 gi|48 
000333 81.7 031563 031622 gi|18 015997 016056 gi|51 
000295 79.6 031746 031566 gi|18 021637 021812 gi|48 
000258 85.1 031627 031581 gi|18 020549 020594 gi|48 
000295 83.3 031703 031768 gi|18 016013 016082 gi|51 
000273 93.0 031745 031703 gi|18 004082 004125 gi|69 
000257 85.1 031751 031705 gi|18 020549 020594 gi|48 
000281 78.9 040178 039881 gi|18 018552 018813 gi|35 
000550 75.0 040177 039914 gi|18 039685 039953 gi|55 
000788 80.8 040178 039966 gi|18 019407 019616 gi|35 
000272 82.8 002543 002410 gi|14 016234 016378 gi|16 
000255 82.0 002537 002410 gi|14 019738 019882 gi|16 
000308 79.2 002427 002633 gi|14 011523 011754 gi|73 
000292 77.8 002573 002430 gi|14 011981 012122 gi|25 
000330 82.0 003193 002911 gi|14 012977 013239 gi|16 
000258 70.6 003099 002998 gi|14 021895 021996 gi|57 
000293 79.3 007117 006847 gi|14 016110 016364 gi|16 
000294 83.1 006849 007008 gi|14 011523 011658 gi|73 
000311 80.0 006983 006849 gi|14 019268 019397 gi|57 
000328 74.3 007015 006880 gi|14 011979 012115 gi|25 
011960 97.9 007057 008517 gi|14 003342 004789 gi|42 
012049 99.3 008489 007069 gi|14 018452 019844 gi|69 
012061 99.5 007136 008490 gi|14 006250 007609 gi|24 
012058 99.3 007150 008508 gi|14 000313 001670 gi|76 
012052 99.9 007162 008491 gi|14 007739 009069 gi|74 
012051 99.9 008488 007162 gi|14 007975 009301 gi|70 
012031 99.8 008490 007164 gi|14 010990 012316 gi|74 
011966 97.8 007164 008590 gi|14 001667 003109 gi|45 
011910 96.5 007164 008779 gi|14 028009 029622 gi|41 
000301 81.8 012231 011985 gi|14 016133 016364 gi|16 
000313 84.7 011987 012149 gi|14 011523 011657 gi|73 
000282 82.2 012121 011987 gi|14 019268 019397 gi|57 
000374 80.9 012153 012018 gi|14 011979 012115 gi|25 
000386 85.9 015478 015541 gi|14 025827 025891 gi|31 
000289 83.0 015478 015530 gi|14 016423 016475 gi|31 
000309 81.4 015478 015536 gi|14 027613 027671 gi|73 
000309 81.4 015478 015536 gi|14 018746 018804 gi|15 
000260 77.8 015483 015536 gi|14 027884 027937 gi|73 
000402 76.3 027215 027964 gi|14 005301 006043 gi|64 
000755 71.9 031409 032554 gi|14 038813 039959 gi|19 
000314 83.9 003878 003964 gi|17 031521 031602 gi|18 
000272 87.1 003974 003913 gi|17 005997 006063 gi|41 
000262 86.7 012528 012632 gi|17 005230 005341 gi|46 
000376 76.3 019588 019945 gi|17 016991 017348 gi|65 
001000 77.1 021668 022878 gi|17 027194 028404 gi|55 
000515 76.0 021924 022860 gi|17 010684 011620 gi|36 
001055 75.1 026170 024853 gi|17 029631 030937 gi|46 
000339 89.4 029870 029916 gi|17 030128 030174 gi|55 
000646 100.0 029870 029938 gi|17 005955 006023 gi|53 
000356 85.7 029883 029938 gi|17 014806 014861 gi|31 
000313 82.1 029883 029938 gi|17 025728 025783 gi|31 
000372 87.5 029883 029938 gi|17 021019 021074 gi|67 
000304 82.1 029883 029938 gi|17 020904 020959 gi|67 
000329 87.5 029883 029938 gi|17 027782 027837 gi|73 
000318 83.6 029884 029938 gi|17 025671 025725 gi|31 
000385 88.9 029885 029938 gi|17 014867 014920 gi|31 
002579 98.4 030052 030358 gi|17 029486 029792 gi|36 
002509 97.4 030357 030052 gi|17 029000 029305 gi|52 
000252 75.5 030659 030895 gi|17 022717 022947 gi|46 
000482 76.3 031800 030712 gi|17 038883 039937 gi|56 
000395 79.3 031073 030717 gi|17 037455 037811 gi|35 
000330 76.5 030959 030717 gi|17 029378 029620 gi|73 
000384 72.7 030795 031278 gi|17 015301 015785 gi|50 
000258 72.5 030801 030909 gi|17 020622 020728 gi|51 
000343 76.1 032861 032724 gi|17 035154 035291 gi|53 
001803 73.9 035700 037138 gi|17 030184 031615 gi|68 
005028 77.4 039296 037507 gi|17 009886 011673 gi|25 
000352 84.4 014782 014603 gi|9 004041 004223 gi|69 
000276 95.7 014649 014603 gi|9 006038 006083 gi|22 
000391 81.3 014783 014629 gi|9 021595 021744 gi|48 
000253 87.9 014783 014726 gi|9 021661 021710 gi|48 
000390 91.2 014782 014726 gi|9 004110 004165 gi|69 
049056 99.8 019127 024686 gi|9 005667 011226 gi|55 
000474 74.5 019316 019168 gi|9 025940 026085 gi|72 
031342 99.5 025947 022334 gi|9 018682 022299 gi|72 
001679 84.3 025667 026126 gi|9 011194 011660 gi|55 
000923 73.7 034930 033782 gi|9 031110 032258 gi|50 
000430 74.6 023278 023604 gi|4 014388 014708 gi|44 
000395 73.9 023401 023680 gi|4 000113 000391 gi|29 
000302 74.9 023604 023406 gi|4 034759 034972 gi|58 
000329 76.8 025501 025906 gi|4 014304 014712 gi|44 
000461 89.0 026890 026980 gi|4 000138 000225 gi|45 
000405 90.8 026977 026891 gi|4 030270 030353 gi|11 
000258 78.7 026979 026905 gi|4 008832 008911 gi|76 
000300 80.4 027028 026917 gi|4 020985 021111 gi|31 
000455 85.7 026918 027036 gi|4 008833 008960 gi|76 
000268 91.3 027015 026947 gi|4 029166 029234 gi|59 
000297 79.5 027211 027085 gi|4 003166 003289 gi|25 
000298 71.9 027145 028143 gi|4 038865 039857 gi|40 
000533 76.1 028174 027744 gi|4 002198 002630 gi|25 
000575 76.8 028140 027783 gi|4 014828 015185 gi|53 
000690 78.8 039682 040153 gi|4 002661 003119 gi|14 
000974 82.3 039751 040174 gi|4 008509 008938 gi|14 
011990 98.2 007055 005590 gi|7 018452 019922 gi|69 
011959 98.0 005619 007073 gi|7 003334 004783 gi|42 
012032 99.2 005649 007055 gi|7 001597 002992 gi|45 
012111 99.5 005675 007062 gi|7 007109 008499 gi|14 
012021 99.3 007062 005685 gi|7 037655 039021 gi|8 
012016 99.3 005692 007061 gi|7 000273 001657 gi|76 
012074 100.0 007054 005728 gi|7 007975 009301 gi|70 
012043 99.4 005731 007091 gi|7 028010 029369 gi|41 
011977 97.0 005731 007267 gi|7 007743 009266 gi|74 
012061 100.0 005732 007056 gi|7 006285 007609 gi|24 
012031 99.8 007058 005732 gi|7 010988 012314 gi|74 
000254 81.9 036887 036783 gi|7 004277 004372 gi|26 
000289 77.7 000826 000946 gi|21 036159 036279 gi|54 
004127 76.6 002711 001384 gi|21 003372 004696 gi|25 
000406 74.6 002061 002710 gi|21 002887 003533 gi|56 
000912 74.5 005441 006484 gi|21 006256 007294 gi|39 
000371 77.3 007238 007532 gi|21 018692 018993 gi|52 
000278 82.5 013095 012970 gi|21 001489 001630 gi|65 
000351 81.0 013102 012987 gi|21 037131 037261 gi|46 
000509 95.3 013105 013021 gi|21 014047 014131 gi|27 
000422 90.0 013092 013023 gi|21 026929 027001 gi|47 
000452 91.0 013028 013105 gi|21 017315 017393 gi|73 
000431 86.1 013028 013106 gi|21 016302 016380 gi|70 
000341 87.3 013106 013028 gi|21 003416 003499 gi|51 
000456 79.0 013392 013179 gi|21 015751 015964 gi|26 
000251 74.0 018394 018107 gi|21 002971 003255 gi|31 
000296 89.6 020045 020140 gi|21 024562 024646 gi|24 
000425 100.0 020049 020097 gi|21 001294 001342 gi|36 
000425 100.0 020049 020097 gi|21 018951 018999 gi|50 
000437 75.0 002430 003050 gi|19 025231 025852 gi|49 
000267 78.0 006727 006587 gi|19 014527 014663 gi|70 
000267 73.0 010071 009946 gi|19 004939 005067 gi|58 
000256 76.8 010066 009985 gi|19 027737 027818 gi|67 
000256 78.5 010599 010465 gi|19 005302 005436 gi|58 
000273 76.5 010610 010530 gi|19 020995 021072 gi|51 
000265 79.5 010809 011042 gi|19 008015 008253 gi|53 
000335 79.5 012019 011431 gi|19 012135 012730 gi|33 
000450 73.7 013457 014065 gi|19 005204 005800 gi|44 
000376 74.3 013464 014149 gi|19 005497 006160 gi|66 
000368 75.4 014041 013737 gi|19 028399 028694 gi|24 
000401 74.6 013749 013996 gi|19 007425 007670 gi|43 
000319 73.9 013808 013995 gi|19 029439 029626 gi|73 
000466 81.9 014036 013811 gi|19 001734 001956 gi|53 
000290 74.3 014686 014876 gi|19 030416 030606 gi|73 
000277 75.0 024264 024125 gi|19 031974 032119 gi|71 
002368 73.8 025490 024375 gi|19 030288 031409 gi|71 
000572 73.5 026083 025488 gi|19 028519 029138 gi|71 
002170 78.5 027532 026154 gi|19 026815 028138 gi|71 
000290 78.7 030161 030789 gi|19 017322 017947 gi|63 
000291 80.4 000264 000375 gi|3 012222 012330 gi|62 
000345 73.7 002560 002810 gi|3 014924 015174 gi|60 
001903 74.8 002913 004248 gi|3 003292 004611 gi|46 
000334 73.6 010326 009823 gi|3 032677 033189 gi|28 
000332 78.5 011236 010939 gi|3 001493 001800 gi|52 
000260 71.2 029775 029930 gi|3 000173 000327 gi|29 
000582 74.3 038755 037077 gi|3 035173 036854 gi|76 
000256 86.0 012652 012610 gi|5 032450 032491 gi|69 
000628 87.5 017418 017537 gi|5 008604 008747 gi|28 
005583 94.1 017965 018693 gi|5 009074 009803 gi|28 
000961 87.0 019387 019671 gi|5 010495 010784 gi|28 
001958 89.8 019544 019817 gi|5 011710 011984 gi|28 
001670 81.2 022235 021747 gi|5 021586 022112 gi|10 
001461 88.0 026390 026605 gi|5 017559 017775 gi|28 
000269 97.8 026910 026955 gi|5 018278 018319 gi|28 
000263 97.8 026911 026955 gi|5 018913 018953 gi|28 
000907 91.9 027603 027762 gi|5 019153 019315 gi|28 
000415 90.0 028721 028800 gi|5 018883 018961 gi|28 
000458 97.1 028725 028793 gi|5 018250 018320 gi|28 
001102 91.7 030778 031031 gi|5 021914 022186 gi|28 
007500 97.5 031180 032143 gi|5 022098 023045 gi|28 
000447 98.0 032068 032018 gi|5 032947 032997 gi|73 
000745 77.0 039239 040178 gi|5 033755 034696 gi|67 
000892 74.3 000954 000010 gi|2 013917 014866 gi|65 
001085 74.4 004689 003442 gi|2 034179 035420 gi|38 
002323 74.5 013919 012852 gi|2 034361 035427 gi|54 
006082 80.4 015329 013835 gi|2 022881 024385 gi|28 
000344 71.7 013929 014557 gi|2 031589 032270 gi|73 
001282 77.2 014925 015301 gi|2 032644 033031 gi|73 
000740 86.7 015329 015157 gi|2 031963 032147 gi|5 
000333 86.9 020005 019922 gi|2 026853 026941 gi|5 
004000 95.5 020431 019925 gi|2 017559 018073 gi|28 
047518 92.4 026962 020215 gi|2 019850 026605 gi|5 
001655 81.0 024584 025072 gi|2 021586 022112 gi|10 
002512 86.6 027277 026814 gi|2 012180 012662 gi|28 
011965 97.0 028695 027260 gi|2 010547 011982 gi|28 
002040 92.8 027531 027268 gi|2 019544 019809 gi|5 
001679 86.9 028817 028458 gi|2 019301 019671 gi|5 
005919 94.2 029558 028796 gi|2 017931 018691 gi|5 
007977 91.5 030142 028797 gi|2 008531 009801 gi|28 
000979 93.0 029690 029533 gi|2 017507 017657 gi|5 
000610 89.3 030142 029890 gi|2 017341 017536 gi|5 
000299 78.0 023282 022942 gi|13 033808 034151 gi|47 
000975 79.0 023940 023346 gi|13 019723 020299 gi|33 
000262 80.8 027259 027078 gi|13 038793 038961 gi|25 
000260 78.0 027269 027111 gi|13 011968 012128 gi|14 
000250 77.4 027216 027111 gi|13 002442 002550 gi|14 
000272 78.4 029975 030113 gi|13 008863 009001 gi|53 
000287 73.0 029977 030198 gi|13 010816 011022 gi|19 
000275 82.9 030002 030106 gi|13 017709 017813 gi|63 
000345 68.8 030022 030258 gi|13 008055 008291 gi|53 
000263 76.4 030773 031073 gi|13 008816 009124 gi|53 
000280 72.9 039738 039488 gi|13 021833 022083 gi|65 
000464 90.6 001092 001008 gi|15 016218 016295 gi|31 
000409 89.3 001110 001008 gi|15 025551 025644 gi|31 
000358 82.7 001146 001008 gi|15 020759 020881 gi|67 
000321 87.4 001094 001008 gi|15 028115 028190 gi|70 
000508 93.8 001091 001028 gi|15 027410 027473 gi|73 
000348 85.2 001093 001040 gi|15 011430 011483 gi|68 
002078 74.8 003986 003060 gi|15 023779 024705 gi|68 
002022 75.5 004356 005832 gi|15 024131 025583 gi|62 
000421 76.9 004541 005073 gi|15 023842 024365 gi|39 
000293 76.3 004575 004991 gi|15 032091 032504 gi|40 
001556 74.1 004594 005889 gi|15 019842 021147 gi|65 
000967 99.1 018239 018352 gi|15 028309 028423 gi|36 
000289 80.2 018353 018248 gi|15 038352 038458 gi|75 
000764 95.1 018251 018352 gi|15 023287 023387 gi|40 
000258 85.9 018322 018252 gi|15 028322 028393 gi|36 
000263 87.9 018317 018252 gi|15 023297 023357 gi|40 
000354 92.9 018252 018321 gi|15 029912 029986 gi|39 
000284 93.2 018320 018262 gi|15 029920 029980 gi|39 
000259 92.9 018319 018264 gi|15 006426 006480 gi|70 
000421 80.7 018352 018265 gi|15 030880 030967 gi|38 
000646 100.0 018416 018484 gi|15 005955 006023 gi|53 
000646 100.0 018416 018484 gi|15 029870 029938 gi|17 
000339 89.4 018416 018462 gi|15 030128 030174 gi|55 
000384 80.5 018429 018505 gi|15 014806 014881 gi|31 
000355 83.6 018429 018489 gi|15 025728 025788 gi|31 
000371 88.5 018429 018489 gi|15 027782 027842 gi|73 
000414 88.5 018429 018489 gi|15 021019 021079 gi|67 
000375 78.5 018429 018507 gi|15 020904 020982 gi|67 
000355 86.7 018430 018489 gi|15 025671 025732 gi|31 
000429 89.8 018431 018489 gi|15 014867 014925 gi|31 
001189 93.6 018485 018641 gi|15 028441 028597 gi|36 
000910 90.3 018485 018639 gi|15 023405 023574 gi|40 
000429 87.1 018551 018705 gi|15 014682 014810 gi|31 
000922 84.9 018590 018807 gi|15 025675 025889 gi|31 
000910 89.0 018590 018799 gi|15 014870 015075 gi|31 
001353 92.3 018590 018810 gi|15 027460 027677 gi|73 
000393 92.2 018591 018705 gi|15 020910 021023 gi|67 
000572 80.9 018593 018807 gi|15 027727 027940 gi|73 
000305 90.6 018600 018705 gi|15 025581 025672 gi|31 
000255 83.8 018600 018704 gi|15 016228 016322 gi|31 
000607 89.8 018604 018800 gi|15 010132 010286 gi|71 
001586 92.4 018626 018836 gi|15 016303 016519 gi|31 
000551 91.9 018721 018636 gi|15 001609 001697 gi|39 
000308 94.7 018649 018705 gi|15 020854 020908 gi|67 
000401 79.1 018654 018844 gi|15 034986 035178 gi|75 
000477 80.6 018710 018807 gi|15 005892 005987 gi|39 
000331 79.3 018711 018821 gi|15 027288 027390 gi|37 
000279 81.8 018758 018823 gi|15 028217 028281 gi|70 
000316 75.6 035048 034644 gi|15 001388 001768 gi|23 
000374 69.7 034830 034646 gi|15 019250 019431 gi|65 
001119 82.1 036782 036476 gi|15 016209 016516 gi|31 
000322 74.3 036612 036504 gi|15 028165 028270 gi|70 
000340 77.3 036688 036508 gi|15 027768 027942 gi|73 
000251 89.4 036555 036509 gi|15 011841 011887 gi|36 
000306 78.6 036634 036509 gi|15 010157 010294 gi|71 
000879 83.7 036772 036510 gi|15 027410 027674 gi|73 
000456 76.0 036725 036518 gi|15 014869 015075 gi|31 
001055 87.4 036770 036541 gi|15 020810 021099 gi|67 
000511 88.5 036634 036548 gi|15 027766 027849 gi|73 
000830 85.4 036744 036553 gi|15 014732 014930 gi|31 
000515 87.9 036668 036553 gi|15 025619 025737 gi|31 
001068 87.7 036772 036554 gi|15 025572 025792 gi|31 
000325 73.7 036742 036557 gi|15 014789 014982 gi|31 
000564 82.1 036668 036557 gi|15 020856 020965 gi|67 
000272 80.7 036697 036558 gi|15 016240 016382 gi|31 
000424 77.9 036697 036558 gi|15 027431 027572 gi|73 
000273 88.0 036612 036563 gi|15 005974 006023 gi|53 
000273 88.0 036612 036563 gi|15 029889 029938 gi|17 
000690 87.2 036727 036603 gi|15 020966 021090 gi|67 
000516 86.6 036688 036607 gi|15 010159 010241 gi|71 
000415 88.2 036607 036682 gi|15 001623 001699 gi|39 
000261 85.7 036725 036656 gi|15 016326 016394 gi|31 
000483 88.5 036742 036656 gi|15 027494 027584 gi|73 
000637 87.2 036772 036656 gi|15 028118 028233 gi|70 
000364 81.8 036761 036663 gi|15 010130 010241 gi|71 
000449 96.4 036723 036669 gi|15 014927 014982 gi|31 
000259 81.0 036781 036677 gi|15 011423 011529 gi|68 
000306 79.0 038118 038179 gi|15 015397 015458 gi|71 
000256 73.1 040154 039887 gi|15 009178 009445 gi|67 
000264 88.5 000581 000521 gi|8 028217 028282 gi|70 
000257 91.5 000589 000531 gi|8 025826 025890 gi|31 
001007 93.6 004113 004252 gi|8 014776 014919 gi|33 
000966 85.0 008476 008681 gi|8 009982 010192 gi|71 
000447 86.1 008487 008594 gi|8 009922 010025 gi|66 
000320 78.1 008497 008601 gi|8 011742 011847 gi|36 
000274 86.2 008501 008558 gi|8 020751 020807 gi|67 
000329 86.0 008502 008558 gi|8 007325 007381 gi|70 
000552 81.3 008503 008689 gi|8 028001 028188 gi|70 
000429 85.6 008620 008503 gi|8 006064 006167 gi|75 
000272 81.0 008503 008586 gi|8 021171 021261 gi|67 
000736 90.2 008557 008678 gi|8 027676 027797 gi|73 
000260 86.8 008636 008711 gi|8 014725 014798 gi|31 
000729 77.8 008842 009464 gi|8 033850 034482 gi|29 
000585 75.3 009247 008843 gi|8 012354 012740 gi|60 
000478 73.8 008871 009255 gi|8 015105 015486 gi|40 
002098 95.9 015556 015845 gi|8 028258 028557 gi|36 
000923 97.3 015600 015712 gi|8 018239 018352 gi|15 
000273 82.3 015685 015607 gi|8 033254 033332 gi|15 
000273 76.6 015715 015609 gi|8 038354 038458 gi|75 
004479 94.0 015612 016215 gi|8 023287 023894 gi|40 
000327 89.9 015613 015681 gi|8 029912 029986 gi|39 
000318 85.0 015618 015697 gi|8 010765 010847 gi|11 
000418 80.2 015712 015622 gi|8 030880 030970 gi|38 
000960 92.9 015730 015899 gi|8 018485 018639 gi|15 
013344 98.1 015817 017466 gi|8 028656 030295 gi|36 
006232 99.1 016962 016205 gi|8 029000 029775 gi|52 
001999 97.7 016511 016206 gi|8 037605 037881 gi|27 
002394 98.0 016670 016963 gi|8 030052 030358 gi|17 
000728 78.9 017457 017264 gi|8 035641 035832 gi|12 
000663 93.8 017371 017466 gi|8 023847 023941 gi|40 
000372 79.4 017520 017380 gi|8 022860 023000 gi|69 
000280 89.8 017434 017386 gi|8 023865 023913 gi|40 
000278 91.3 017434 017389 gi|8 030218 030263 gi|36 
000557 76.2 018347 017401 gi|8 034490 035412 gi|69 
000353 76.9 017563 018247 gi|8 008590 009259 gi|24 
000439 80.8 020994 020766 gi|8 028830 029053 gi|73 
000292 80.5 020828 021088 gi|8 036512 036792 gi|40 
006665 97.5 023547 022711 gi|8 036236 037064 gi|53 
006675 99.1 023508 022734 gi|8 016222 016994 gi|72 
006650 98.5 022753 023558 gi|8 033707 034496 gi|61 
000261 79.5 033232 033397 gi|8 005350 005520 gi|73 
001977 81.7 034212 034697 gi|8 001937 002398 gi|37 
001907 88.2 034333 034697 gi|8 037219 037563 gi|32 
001038 87.6 034696 034423 gi|8 025092 025330 gi|37 
000337 83.3 034619 034696 gi|8 019233 019314 gi|51 
000352 82.9 034628 034697 gi|8 024347 024416 gi|10 
000920 78.4 035017 034759 gi|8 026686 026948 gi|46 
000297 85.1 035010 034877 gi|8 000099 000231 gi|65 
000486 77.8 034892 035017 gi|8 000087 000206 gi|65 
000254 83.6 034911 034977 gi|8 026696 026758 gi|46 
000324 79.2 035017 034912 gi|8 022485 022591 gi|46 
000260 91.9 034941 034977 gi|8 015517 015554 gi|24 
000587 81.6 035191 035078 gi|8 003691 003804 gi|50 
000329 82.9 035245 035082 gi|8 014515 014669 gi|39 
000483 87.5 035083 035250 gi|8 019042 019189 gi|44 
000268 78.8 035296 035137 gi|8 002550 002708 gi|36 
000278 80.0 035296 035137 gi|8 020207 020364 gi|50 
000564 86.1 035285 035421 gi|8 012583 012721 gi|24 
011968 97.5 037499 038993 gi|8 007825 009303 gi|70 
011951 98.1 038986 037520 gi|8 028008 029480 gi|41 
011985 98.4 039005 037579 gi|8 001641 003068 gi|45 
012013 99.4 038982 037591 gi|8 007166 008579 gi|14 
011955 96.9 039143 037600 gi|8 003278 004806 gi|42 
012026 99.9 038982 037653 gi|8 006285 007611 gi|24 
012043 99.8 038989 037654 gi|8 000320 001654 gi|76 
012040 99.8 038990 037658 gi|8 007737 009068 gi|74 
012025 99.8 037660 038986 gi|8 010992 012318 gi|74 
012010 99.1 037660 039039 gi|8 018453 019839 gi|69 
002609 74.5 001510 000004 gi|16 018766 020389 gi|35 
002300 74.4 001543 000004 gi|16 017858 019403 gi|35 
000739 74.1 000675 000004 gi|16 017056 017719 gi|35 
001394 76.6 000716 000004 gi|16 038982 039680 gi|55 
000746 69.9 000494 000013 gi|16 018057 018539 gi|35 
000850 75.2 001507 000662 gi|16 019746 020623 gi|35 
001990 75.5 001541 000700 gi|16 039043 039866 gi|55 
000838 73.5 001547 000711 gi|16 017068 017897 gi|35 
000643 79.9 000735 000878 gi|16 040028 040171 gi|18 
000256 77.6 009785 009719 gi|16 029910 029976 gi|47 
000257 83.3 016198 016281 gi|16 037023 037105 gi|53 
000280 76.1 036872 036275 gi|16 022104 022679 gi|47 
000261 77.5 037146 036330 gi|16 013955 014751 gi|37 
000331 79.7 036924 036787 gi|16 034005 034126 gi|50 
001792 74.6 003862 000127 gi|11 031948 035656 gi|48 
002069 74.1 008972 007752 gi|11 018010 019213 gi|62 
000344 71.8 008672 008357 gi|11 020567 020878 gi|46 
000583 76.2 010628 010377 gi|11 016249 016499 gi|31 
000675 79.8 010728 010388 gi|11 018420 018810 gi|15 
000613 78.8 010628 010388 gi|11 027440 027677 gi|73 
001220 83.4 010661 010391 gi|11 025619 025890 gi|31 
000783 79.4 010565 010401 gi|11 027770 027931 gi|73 
001210 81.8 010772 010405 gi|11 014696 015070 gi|31 
001199 82.8 010773 010478 gi|11 020803 021094 gi|67 
000331 79.5 010553 010481 gi|11 018429 018498 gi|15 
001149 87.7 010661 010492 gi|11 014756 014926 gi|31 
000750 84.1 010661 010492 gi|11 020856 021024 gi|67 
000551 86.0 010605 010492 gi|11 020854 020965 gi|67 
000726 85.3 010492 010661 gi|11 036557 036723 gi|15 
000308 77.4 010492 010628 gi|11 036613 036742 gi|15 
000549 85.9 010628 010494 gi|11 014734 014865 gi|31 
000285 78.6 010553 010498 gi|11 005968 006023 gi|53 
000285 78.6 010553 010498 gi|11 029883 029938 gi|17 
001169 81.7 010534 010768 gi|11 036544 036772 gi|15 
001154 89.5 010746 010538 gi|11 020882 021090 gi|67 
000280 80.2 010627 010542 gi|11 010157 010241 gi|71 
000872 79.9 010768 010545 gi|11 025572 025792 gi|31 
000529 86.8 010627 010545 gi|11 027766 027846 gi|73 
000619 84.1 010717 010548 gi|11 014812 014982 gi|31 
000334 86.7 010661 010549 gi|11 016270 016382 gi|31 
000376 85.0 010608 010549 gi|11 018430 018489 gi|15 
000259 77.0 010661 010549 gi|11 018591 018705 gi|15 
000539 79.6 010690 010549 gi|11 027431 027572 gi|73 
000339 83.6 010608 010554 gi|11 005969 006023 gi|53 
000339 83.6 010608 010554 gi|11 029884 029938 gi|17 
000364 84.1 010719 010594 gi|11 020968 021090 gi|67 
000426 82.7 010678 010598 gi|11 010162 010241 gi|71 
000256 83.3 010604 010747 gi|11 036555 036697 gi|15 
000535 82.4 010746 010605 gi|11 025646 025790 gi|31 
000933 81.2 010920 010607 gi|11 016061 016382 gi|31 
000748 92.2 010721 010607 gi|11 014867 014981 gi|31 
000460 88.4 010718 010607 gi|11 018590 018705 gi|15 
000791 90.7 010768 010607 gi|11 027410 027572 gi|73 
000443 86.6 010607 010673 gi|11 001629 001697 gi|39 
000269 78.9 010757 010630 gi|11 010130 010265 gi|71 
000412 77.7 010768 010648 gi|11 028118 028234 gi|70 
000537 87.5 010747 010652 gi|11 020996 021090 gi|67 
000421 88.3 010658 010717 gi|11 036553 036612 gi|15 
000355 80.4 010760 010659 gi|11 025700 025792 gi|31 
000465 83.8 010757 010659 gi|11 027739 027846 gi|73 
000354 85.2 010728 010668 gi|11 005959 006023 gi|53 
000354 85.2 010728 010668 gi|11 029874 029938 gi|17 
000267 89.2 010721 010685 gi|11 030143 030179 gi|55 
000544 86.9 010686 010853 gi|11 001008 001165 gi|15 
000371 87.3 010772 010718 gi|11 011428 011482 gi|68 
000309 84.7 010763 010847 gi|11 023292 023372 gi|40 
000344 88.0 010765 010847 gi|11 028327 028408 gi|36 
000352 86.6 010766 010847 gi|11 018259 018337 gi|15 
000259 81.1 010822 010770 gi|11 038391 038444 gi|75 
000268 87.0 010771 010824 gi|11 029927 029983 gi|39 
000281 90.4 010826 010775 gi|11 018260 018311 gi|15 
000288 88.5 010826 010775 gi|11 028330 028382 gi|36 
000273 87.8 010823 010775 gi|11 023297 023346 gi|40 
000281 75.2 029120 028984 gi|11 020960 021096 gi|45 
000353 82.8 030165 030257 gi|11 010161 010264 gi|71 
000406 82.2 030184 030284 gi|11 016272 016370 gi|31 
000387 92.2 030184 030234 gi|11 025621 025671 gi|31 
000362 92.2 030184 030234 gi|11 014929 014980 gi|31 
000386 92.2 030184 030234 gi|11 020972 021022 gi|67 
000366 94.1 030184 030234 gi|11 020858 020907 gi|67 
000418 96.1 030234 030184 gi|11 036671 036721 gi|15 
000434 98.0 030184 030234 gi|11 027521 027571 gi|73 
000524 89.9 030184 030272 gi|11 028167 028253 gi|70 
000256 83.9 030377 030241 gi|11 000114 000247 gi|45 
000303 86.7 030270 030329 gi|11 021043 021107 gi|31 
000352 91.8 030325 030277 gi|11 008837 008886 gi|76 
002539 76.4 032494 030735 gi|11 015893 017638 gi|22 
000980 76.7 033226 034013 gi|11 032224 033010 gi|65 
002003 78.3 033256 034035 gi|11 038155 038908 gi|38 
001005 76.1 034268 035234 gi|11 033061 033985 gi|65 
001917 78.8 034343 035212 gi|11 039041 039926 gi|38 
000465 76.9 036867 037286 gi|11 001805 002257 gi|20 
000372 73.1 039964 040171 gi|11 014786 014992 gi|24 
000429 78.8 006144 005895 gi|20 004989 005241 gi|21 
031467 99.1 010782 007211 gi|20 022813 026308 gi|30 
001624 96.9 007404 007211 gi|20 026393 026586 gi|30 
001255 95.4 007404 007211 gi|20 026671 026843 gi|30 
030445 99.7 010484 007211 gi|20 027399 030668 gi|38 
000615 88.9 007404 007315 gi|20 026928 027016 gi|30 
049672 99.6 007340 012662 gi|20 003357 008679 gi|36 
001126 95.8 007483 007341 gi|20 024538 024675 gi|38 
029915 99.2 007343 010739 gi|20 023057 026376 gi|50 
000342 90.2 007404 007354 gi|20 030753 030802 gi|38 
000462 81.0 010440 010592 gi|20 006727 006880 gi|36 
001231 100.0 010739 010596 gi|20 027261 027404 gi|38 
000477 83.1 010710 010863 gi|20 006457 006609 gi|36 
016667 99.7 012660 010871 gi|20 021039 022845 gi|30 
016280 99.5 010912 012660 gi|20 026556 028301 gi|50 
016499 97.4 012839 010913 gi|20 025255 027174 gi|38 
000307 81.4 012848 012645 gi|20 025053 025238 gi|38 
000835 81.9 012662 012854 gi|20 026524 026700 gi|37 
000429 80.1 012663 012858 gi|20 022628 022798 gi|50 
000373 77.7 012795 012675 gi|20 024908 025040 gi|38 
000302 76.7 012686 012848 gi|20 022451 022618 gi|50 
000273 79.3 012686 012796 gi|20 026813 026924 gi|37 
000319 76.3 025818 025468 gi|20 004965 005302 gi|22 
000252 81.2 030424 030508 gi|20 004593 004674 gi|43 
000283 75.2 032057 031727 gi|20 035169 035499 gi|53 
000411 96.2 032575 032627 gi|20 002755 002807 gi|36 
000417 96.3 032575 032628 gi|20 020411 020464 gi|50 
000552 75.6 000344 001179 gi|22 037513 038347 gi|68 
001004 76.2 000354 001179 gi|22 029174 029996 gi|64 
000564 72.5 004028 004690 gi|22 023641 024303 gi|72 
000413 72.8 005066 005311 gi|22 024706 024953 gi|72 
000371 71.2 005105 005302 gi|22 006452 006648 gi|72 
000496 80.5 005949 006102 gi|22 004089 004244 gi|69 
000278 75.5 005949 006107 gi|22 021645 021786 gi|48 
000322 86.0 006085 005950 gi|22 015924 016047 gi|51 
000276 75.3 005950 006107 gi|22 021576 021725 gi|48 
000280 76.7 005951 006122 gi|22 021705 021867 gi|48 
000376 80.4 005952 006099 gi|22 004023 004172 gi|69 
000259 86.7 006026 006085 gi|22 006005 006063 gi|41 
001168 73.9 007410 006395 gi|22 006183 007196 gi|65 
000505 76.6 015024 014507 gi|22 012327 012854 gi|59 
003709 82.4 015712 014630 gi|22 006777 007871 gi|40 
000287 75.9 015001 014633 gi|22 026282 026658 gi|65 
000962 76.9 015021 014672 gi|22 011896 012241 gi|40 
000583 75.7 014678 015035 gi|22 010770 011126 gi|56 
000742 79.1 014693 015161 gi|22 035621 036051 gi|63 
000712 75.0 015019 014780 gi|22 000615 000863 gi|30 
000342 78.2 015004 014789 gi|22 002055 002297 gi|54 
000272 79.3 015490 015303 gi|22 011698 011889 gi|40 
000501 82.4 018445 019058 gi|22 007215 007783 gi|64 
001081 79.4 035514 036607 gi|22 031318 032407 gi|72 
000420 75.2 009692 008657 gi|10 028345 029371 gi|66 
000261 75.9 008996 009604 gi|10 024909 025499 gi|14 
000750 78.0 015658 015054 gi|10 035884 036494 gi|35 
000495 76.6 016515 016075 gi|10 036148 036582 gi|35 
000330 72.6 023628 024152 gi|10 031718 032254 gi|73 
000266 80.0 024347 024416 gi|10 037494 037563 gi|32 
000283 73.0 030988 030826 gi|10 023514 023676 gi|59 
004750 75.0 004976 008706 gi|12 005546 009271 gi|49 
000300 82.3 012730 012493 gi|12 028643 028872 gi|39 
000743 86.7 024290 024141 gi|12 003131 003276 gi|36 
000676 98.7 024214 024141 gi|12 026374 026447 gi|37 
000731 98.8 024297 024217 gi|12 021496 021576 gi|50 
000731 98.8 024297 024217 gi|12 021800 021880 gi|50 
000705 97.5 024297 024217 gi|12 026806 026886 gi|37 
000375 76.1 025499 024910 gi|12 029309 029899 gi|28 
000677 74.3 025540 024911 gi|12 023313 023939 gi|52 
000264 76.7 025157 025259 gi|12 028435 028537 gi|63 
000431 74.7 027386 026671 gi|12 021618 022323 gi|52 
000416 84.2 034180 034331 gi|12 031122 031277 gi|62 
000675 76.9 035029 034280 gi|12 003019 003795 gi|37 
000369 76.3 034280 034452 gi|12 012459 012631 gi|35 
000563 78.0 034865 035195 gi|12 013059 013398 gi|35 
000714 77.4 035832 035625 gi|12 030093 030301 gi|36 
001267 79.5 036500 036943 gi|12 001717 002179 gi|55 
000265 96.0 036664 036615 gi|12 001095 001145 gi|55 
000463 74.6 037222 037504 gi|12 005673 005955 gi|26 
001735 82.9 037631 037987 gi|12 001875 002231 gi|55 
003408 76.0 037697 040149 gi|12 011789 014199 gi|55 
004262 78.1 039235 037881 gi|12 017068 018400 gi|72 
000431 71.5 001418 001841 gi|32 026588 027008 gi|45 
000297 78.3 002558 002714 gi|32 025597 025764 gi|49 
000290 79.8 004164 004252 gi|32 032164 032252 gi|73 
000290 68.3 035752 035890 gi|32 031736 031879 gi|73 
001582 82.1 037199 037567 gi|32 002032 002402 gi|37 
001106 85.2 037578 037276 gi|32 025077 025365 gi|37 
000319 83.3 037485 037562 gi|32 019233 019314 gi|51 
000283 76.5 038187 038120 gi|32 023342 023407 gi|37 
000824 79.8 039830 040175 gi|32 013846 014198 gi|35 
000586 84.3 039866 040178 gi|32 006596 006931 gi|35 
000646 84.0 039916 040178 gi|32 005529 005815 gi|35 
000455 79.0 039948 040175 gi|32 004435 004662 gi|35 
000606 81.6 039951 040178 gi|32 008816 009047 gi|35 
000532 79.8 039961 040178 gi|32 003158 003375 gi|35 
000503 82.9 039966 040175 gi|32 009898 010108 gi|35 
000451 75.2 039977 040178 gi|32 000764 000966 gi|35 
000416 81.6 039977 040177 gi|32 001749 001951 gi|35 
000555 84.9 039980 040178 gi|32 007764 007969 gi|35 
000464 75.8 001376 001796 gi|23 019051 019458 gi|65 
000687 76.6 001474 001840 gi|23 023657 024020 gi|62 
000540 77.0 002385 002849 gi|23 017655 018128 gi|49 
000268 85.7 008666 008735 gi|23 014909 014990 gi|49 
000305 81.3 019313 019462 gi|23 031375 031538 gi|51 
000250 75.4 000385 000008 gi|29 008986 009351 gi|32 
000317 82.5 000132 000331 gi|29 014525 014724 gi|44 
000286 75.9 004288 005167 gi|29 026314 027160 gi|39 
000371 85.0 008330 008449 gi|29 026183 026308 gi|37 
000282 79.3 008379 008533 gi|29 022720 022869 gi|50 
000447 82.1 008380 008530 gi|29 021980 022137 gi|50 
000774 98.9 008462 008549 gi|29 003275 003361 gi|36 
000740 98.8 008462 008542 gi|29 026446 026526 gi|37 
000273 82.5 008477 008670 gi|29 039880 040051 gi|41 
000468 75.1 010603 009902 gi|29 023102 023824 gi|60 
000510 80.7 012481 011880 gi|29 016047 016634 gi|51 
000975 82.3 012242 011904 gi|29 034536 034879 gi|47 
000384 86.7 012102 012259 gi|29 012173 012324 gi|37 
000263 76.7 012612 012360 gi|29 016289 016537 gi|51 
000409 81.6 012623 012434 gi|29 034523 034732 gi|47 
000289 88.7 012471 012647 gi|29 012173 012333 gi|37 
000294 76.6 016045 015764 gi|29 024435 024715 gi|46 
000256 82.9 015818 015887 gi|29 030526 030595 gi|63 
001038 75.4 020139 019367 gi|29 020916 021685 gi|36 
000441 76.0 020538 020774 gi|29 005931 006170 gi|42 
000580 74.8 034382 033831 gi|29 012248 012760 gi|60 
000535 76.8 033934 034338 gi|29 015160 015540 gi|40 
000412 76.5 039532 040020 gi|29 020674 021144 gi|40 
000386 84.6 002320 002397 gi|37 019233 019314 gi|51 
000346 84.3 012326 012155 gi|37 034518 034705 gi|47 
007038 79.9 022982 020942 gi|37 014742 016802 gi|46 
000261 74.3 021257 021365 gi|37 027183 027291 gi|41 
003443 76.5 022967 021920 gi|37 013275 014309 gi|46 
000384 74.0 026231 026561 gi|37 021669 021994 gi|50 
000293 73.5 026602 026373 gi|37 024692 024932 gi|38 
000411 74.9 026382 026832 gi|37 021504 022000 gi|50 
000312 73.8 026382 026839 gi|37 020918 021355 gi|50 
000448 76.5 026385 026779 gi|37 020997 021387 gi|50 
002334 86.0 026417 026979 gi|37 021113 021657 gi|50 
001612 83.2 026434 026979 gi|37 021392 021961 gi|50 
000328 73.1 026444 026618 gi|37 022876 023054 gi|50 
000276 72.5 026961 026446 gi|37 024697 025218 gi|38 
000275 74.4 026452 026654 gi|37 022805 023000 gi|50 
000329 74.9 026654 026452 gi|37 024731 024927 gi|38 
000418 77.3 026456 026851 gi|37 022644 023019 gi|50 
000322 79.8 026456 026569 gi|37 022367 022474 gi|50 
000340 76.3 026649 026456 gi|37 025111 025305 gi|38 
000633 81.4 026458 026839 gi|37 022079 022477 gi|50 
000348 73.7 026460 026831 gi|37 021332 021694 gi|50 
000387 75.9 026961 026498 gi|37 024871 025359 gi|38 
000455 74.0 026851 026529 gi|37 024712 025046 gi|38 
000452 73.2 026530 026961 gi|37 022630 023034 gi|50 
000356 73.2 026530 026872 gi|37 020819 021135 gi|50 
000312 73.7 026589 026926 gi|37 020960 021259 gi|50 
000725 82.6 026627 026977 gi|37 021068 021397 gi|50 
000344 82.3 026839 026704 gi|37 025181 025326 gi|38 
000296 75.6 026719 026931 gi|37 022080 022302 gi|50 
000401 74.1 026721 026971 gi|37 022180 022434 gi|50 
000317 72.9 026762 026890 gi|37 026432 026562 gi|50 
000292 74.4 026989 026795 gi|37 025220 025416 gi|38 
000322 83.3 026798 026929 gi|37 026376 026507 gi|50 
000357 78.0 027288 027378 gi|37 027578 027670 gi|73 
000395 88.2 027297 027364 gi|37 005900 005969 gi|39 
000319 77.1 034557 034379 gi|37 039399 039578 gi|56 
000931 75.5 000862 000205 gi|30 035707 036349 gi|63 
000475 77.3 000525 000863 gi|30 011810 012137 gi|40 
000530 78.1 000588 000938 gi|30 012305 012646 gi|59 
000766 74.7 000615 000938 gi|30 007484 007798 gi|40 
000439 78.5 000861 000615 gi|30 010863 011109 gi|56 
000250 72.5 000861 000615 gi|30 000422 000689 gi|68 
000351 73.4 000633 000854 gi|30 026282 026503 gi|65 
000895 96.3 012009 011902 gi|30 021959 022065 gi|50 
000850 94.2 012009 011906 gi|30 021655 021758 gi|50 
000261 76.5 012592 012512 gi|30 031900 031981 gi|40 
016404 97.5 022788 020863 gi|30 026556 028461 gi|50 
016759 99.5 022845 020970 gi|30 006888 008745 gi|36 
048987 99.2 021040 026442 gi|30 025426 030802 gi|38 
030335 99.1 026181 022813 gi|30 003354 006799 gi|36 
031108 99.8 026175 022856 gi|30 023057 026376 gi|50 
001135 95.8 026035 026177 gi|30 024538 024675 gi|38 
000342 90.2 026114 026164 gi|30 030753 030802 gi|38 
002784 97.3 026393 026720 gi|30 030473 030802 gi|38 
000488 93.7 026393 026455 gi|30 024612 024675 gi|38 
000470 93.4 026453 026393 gi|30 023057 023118 gi|50 
000470 91.0 026459 026393 gi|30 003354 003421 gi|36 
003098 95.5 026671 027287 gi|30 030473 031079 gi|38 
000482 92.2 026671 026734 gi|30 024612 024676 gi|38 
000476 88.2 026746 026671 gi|30 023043 023118 gi|50 
000470 93.4 026731 026671 gi|30 003360 003421 gi|36 
000626 89.9 026928 027016 gi|30 030473 030562 gi|38 
000410 89.9 026928 026996 gi|30 024612 024678 gi|38 
000402 88.5 026988 026928 gi|30 023057 023118 gi|50 
000402 88.5 026988 026928 gi|30 003360 003421 gi|36 
012018 97.6 006187 007667 gi|24 003339 004820 gi|42 
012130 99.4 007615 006253 gi|24 018445 019807 gi|69 
012062 99.5 006265 007608 gi|24 001648 002992 gi|45 
012032 98.8 006282 007700 gi|24 007740 009164 gi|74 
012028 99.1 006282 007689 gi|24 000322 001734 gi|76 
012049 100.0 007607 006285 gi|24 007975 009297 gi|70 
012038 99.5 006285 007653 gi|24 028011 029365 gi|41 
012034 99.8 007614 006285 gi|24 010984 012314 gi|74 
000481 73.9 009250 008600 gi|24 034596 035258 gi|69 
000272 77.9 008998 008922 gi|24 012792 012868 gi|48 
000529 72.5 015039 015340 gi|24 000043 000350 gi|43 
000289 89.9 015471 015559 gi|24 026680 026763 gi|46 
000282 82.9 015577 015502 gi|24 026705 026779 gi|46 
000262 88.3 015577 015518 gi|24 022504 022561 gi|46 
000250 97.4 015560 015522 gi|24 000133 000170 gi|65 
002584 79.7 015608 016420 gi|24 022703 023506 gi|68 
000330 90.7 018860 018913 gi|24 003197 003250 gi|76 
000326 90.2 018860 018910 gi|24 030806 030856 gi|38 
000266 86.4 018903 018860 gi|24 024424 024467 gi|55 
000263 81.5 021793 021873 gi|24 019243 019324 gi|71 
000266 91.2 024536 024603 gi|24 001260 001330 gi|36 
000294 97.2 024568 024603 gi|24 018952 018987 gi|50 
000348 77.0 027815 027572 gi|24 029436 029678 gi|73 
000436 79.2 027839 027581 gi|24 012055 012316 gi|43 
000276 72.5 027714 027815 gi|24 015304 015405 gi|50 
000282 78.1 028158 028031 gi|24 009273 009399 gi|45 
000275 68.6 028358 028647 gi|24 015132 015422 gi|50 
000330 75.7 028402 028627 gi|24 024502 024721 gi|46 
000254 76.4 028414 028705 gi|24 001760 002038 gi|53 
000318 75.5 028635 028444 gi|24 006412 006603 gi|43 
000342 71.3 028526 028675 gi|24 004937 005086 gi|46 
000264 73.5 028527 029036 gi|24 008213 008737 gi|61 
000305 82.6 029343 029434 gi|24 002385 002477 gi|54 
000307 76.8 002231 002627 gi|25 014828 015221 gi|53 
000372 80.3 002656 002388 gi|25 039438 039703 gi|40 
000297 74.4 004594 003382 gi|25 002312 003529 gi|56 
000268 80.7 012651 012538 gi|25 011661 011774 gi|46 
000636 74.3 014802 016641 gi|25 018702 020508 gi|36 
000552 75.6 016611 015384 gi|25 018350 019587 gi|63 
000347 77.2 016937 017943 gi|25 020833 021843 gi|36 
000400 73.6 030294 031058 gi|25 023390 024121 gi|42 
002782 81.0 037926 037305 gi|25 002491 003115 gi|58 
000345 75.2 040012 040172 gi|25 006388 006549 gi|51 
001153 76.4 006618 005554 gi|27 000005 001095 gi|34 
000263 76.5 006436 006254 gi|27 019370 019552 gi|56 
000758 80.0 009770 009360 gi|27 003479 003910 gi|41 
000307 77.9 010883 011303 gi|27 024913 025319 gi|73 
000420 87.4 014064 013946 gi|27 001337 001448 gi|36 
000420 87.4 014064 013946 gi|27 018994 019105 gi|50 
000330 79.3 014041 014132 gi|27 003413 003504 gi|51 
000568 90.0 014161 014042 gi|27 017268 017399 gi|73 
000498 90.7 014128 014043 gi|27 016301 016383 gi|70 
000280 86.4 014125 014045 gi|27 030783 030856 gi|43 
000406 88.6 014050 014128 gi|27 037131 037208 gi|46 
000381 84.4 014058 014134 gi|27 001490 001565 gi|65 
000549 96.0 014060 014135 gi|27 026929 027006 gi|47 
000547 77.6 024801 029754 gi|27 031466 036436 gi|51 
000251 75.1 024914 025178 gi|27 033429 033693 gi|51 
000314 80.7 030265 030388 gi|27 036783 036900 gi|51 
000301 80.8 033290 033213 gi|27 034374 034451 gi|30 
001902 96.3 037874 037602 gi|27 029030 029328 gi|36 
002012 97.5 037605 037881 gi|27 029469 029774 gi|52 
000372 73.1 010884 011500 gi|31 006441 007058 gi|50 
001137 84.8 014675 015022 gi|31 020780 021117 gi|67 
000642 80.8 014678 014865 gi|31 027367 027571 gi|73 
000374 83.3 014690 014827 gi|31 028103 028234 gi|70 
000272 86.7 014725 014814 gi|31 027754 027846 gi|73 
000600 90.2 014725 014816 gi|31 010145 010240 gi|71 
000318 86.5 014737 014810 gi|31 027495 027572 gi|73 
000790 91.0 014747 014880 gi|31 020964 021090 gi|67 
000425 87.9 014810 014753 gi|31 001629 001686 gi|39 
000591 92.1 014790 014865 gi|31 027766 027841 gi|73 
000345 85.7 014806 014861 gi|31 005968 006023 gi|53 
000961 89.5 014812 014982 gi|31 020856 021024 gi|67 
000528 91.1 014851 014929 gi|31 027771 027846 gi|73 
000251 82.7 014851 014931 gi|31 010162 010240 gi|71 
000292 92.1 014866 014903 gi|31 030142 030179 gi|55 
001080 88.5 014867 015075 gi|31 027457 027666 gi|73 
000377 88.9 014867 014920 gi|31 005970 006023 gi|53 
000320 78.1 014869 014982 gi|31 020854 020965 gi|67 
000594 79.5 014910 015070 gi|31 027771 027927 gi|73 
000411 87.0 014910 015070 gi|31 010162 010279 gi|71 
000345 80.7 014997 014915 gi|31 001609 001697 gi|39 
000437 96.4 014927 014982 gi|31 020856 020909 gi|67 
000358 89.3 014927 014982 gi|31 028165 028219 gi|70 
000327 81.2 014982 015103 gi|31 005889 006001 gi|39 
000299 82.6 014989 015074 gi|31 027291 027373 gi|37 
000640 86.8 016206 016341 gi|31 028100 028234 gi|70 
000344 86.5 016218 016269 gi|31 011431 011482 gi|68 
000270 81.5 016218 016271 gi|31 027346 027397 gi|69 
001837 89.5 016219 016543 gi|31 027410 027732 gi|73 
000753 90.1 016221 016382 gi|31 020810 020964 gi|67 
000348 79.4 016230 016365 gi|31 010130 010280 gi|71 
000270 81.0 016322 016244 gi|31 001630 001720 gi|39 
000378 84.7 016246 016382 gi|31 020885 021023 gi|67 
000464 91.9 016249 016322 gi|31 027494 027571 gi|73 
000527 87.0 016268 016429 gi|31 020968 021122 gi|67 
000567 78.0 016305 016509 gi|31 027768 027964 gi|73 
000623 91.9 016305 016477 gi|31 010159 010286 gi|71 
000592 94.2 016398 016313 gi|31 001609 001697 gi|39 
000281 94.7 016326 016382 gi|31 020854 020908 gi|67 
000376 77.2 016331 016479 gi|31 034986 035137 gi|75 
000475 82.6 016387 016478 gi|31 005892 005981 gi|39 
000348 78.3 016388 016479 gi|31 027288 027377 gi|37 
000264 84.6 016435 016486 gi|31 028217 028266 gi|70 
000250 81.8 021109 021000 gi|31 000163 000268 gi|45 
000701 89.7 025569 025675 gi|31 028115 028221 gi|70 
000487 91.8 025570 025642 gi|31 027408 027485 gi|73 
001115 85.7 025574 025831 gi|31 020810 021061 gi|67 
000407 88.9 025583 025681 gi|31 010130 010241 gi|71 
000877 92.5 025610 025743 gi|31 020964 021090 gi|67 
000310 93.2 025672 025614 gi|31 001629 001688 gi|39 
000465 94.6 025617 025672 gi|31 027517 027572 gi|73 
000721 84.6 025619 025826 gi|31 020910 021114 gi|67 
000983 86.8 025646 025903 gi|31 027432 027682 gi|73 
000500 85.3 025654 025755 gi|31 027768 027868 gi|73 
000290 86.0 025654 025739 gi|31 010159 010241 gi|71 
000271 89.0 025732 025660 gi|31 001629 001699 gi|39 
000319 83.6 025671 025725 gi|31 005969 006023 gi|53 
000469 85.2 025674 025788 gi|31 020854 020964 gi|67 
000976 80.8 025703 025895 gi|31 027759 027946 gi|73 
000337 86.8 025703 025914 gi|31 010150 010324 gi|71 
000318 82.1 025728 025783 gi|31 005968 006023 gi|53 
000333 76.2 025789 025889 gi|31 035044 035142 gi|75 
000507 85.6 025791 025887 gi|31 005892 005984 gi|39 
000406 85.2 025792 025872 gi|31 027288 027366 gi|37 
000269 81.5 025841 026024 gi|31 028219 028403 gi|70 
000250 84.0 027939 027846 gi|31 008764 008852 gi|39 
000409 87.6 001697 001609 gi|39 027505 027588 gi|73 
000505 88.5 001699 001622 gi|39 010165 010242 gi|71 
000343 92.8 001697 001629 gi|39 020954 021023 gi|67 
000279 93.0 001685 001629 gi|39 020854 020908 gi|67 
000516 82.5 001749 001630 gi|39 027384 027514 gi|73 
000469 81.2 005892 005987 gi|39 027577 027674 gi|73 
000286 69.8 005892 005977 gi|39 027845 027930 gi|73 
000427 73.7 013589 014181 gi|39 029872 030461 gi|70 
000358 83.1 014717 014588 gi|39 019006 019122 gi|44 
000278 77.9 014593 014669 gi|39 003724 003800 gi|50 
000271 81.0 021381 021277 gi|39 029654 029758 gi|50 
000367 73.9 023884 024297 gi|39 019843 020256 gi|65 
000335 73.4 024089 024694 gi|39 024575 025213 gi|62 
000296 78.2 024097 024289 gi|39 032321 032505 gi|40 
000348 90.9 029888 029986 gi|39 023272 023356 gi|40 
002842 77.4 030777 031790 gi|39 033483 034502 gi|44 
000662 78.0 032096 032586 gi|39 034090 034567 gi|44 
000547 81.7 032587 032908 gi|39 034692 035022 gi|44 
000275 89.1 036284 036239 gi|39 024987 025036 gi|75 
000469 77.0 008770 008917 gi|38 020242 020388 gi|42 
003481 85.6 025397 024538 gi|38 022370 023197 gi|50 
000479 81.0 024766 024683 gi|38 026376 026458 gi|50 
000553 73.3 025027 024684 gi|38 022080 022434 gi|50 
001035 75.6 025423 024685 gi|38 021569 022343 gi|50 
000879 81.8 025421 024687 gi|38 021960 022707 gi|50 
000893 75.9 025416 024690 gi|38 022164 022868 gi|50 
003940 91.3 025423 024692 gi|38 022257 022947 gi|50 
000992 83.0 025080 024692 gi|38 021109 021467 gi|50 
000505 75.4 025419 024692 gi|38 021480 022239 gi|50 
000453 72.6 024859 024692 gi|38 026374 026544 gi|50 
000676 76.9 025300 024712 gi|38 020997 021541 gi|50 
000363 73.5 025063 024720 gi|38 020705 021046 gi|50 
000908 74.4 025415 024732 gi|38 021314 021997 gi|50 
000372 74.0 025309 024732 gi|38 021150 021694 gi|50 
000554 76.3 025423 024735 gi|38 021873 022561 gi|50 
000473 80.2 025002 024761 gi|38 026329 026570 gi|50 
000768 77.0 025396 024784 gi|38 022455 023039 gi|50 
000620 75.6 025419 024784 gi|38 021788 022427 gi|50 
000380 75.0 025359 024784 gi|38 022119 022702 gi|50 
000276 77.1 025045 024858 gi|38 026375 026552 gi|50 
000621 82.0 025413 024864 gi|38 022533 023041 gi|50 
000276 83.9 024977 024866 gi|38 039828 039935 gi|41 
000328 75.2 025421 024906 gi|38 021220 021694 gi|50 
000354 74.1 025137 024964 gi|38 020520 020722 gi|50 
000487 74.8 025220 024967 gi|38 022795 023044 gi|50 
000449 80.7 025301 025110 gi|38 022811 022996 gi|50 
000356 77.7 025317 025143 gi|38 026375 026549 gi|50 
000389 77.8 025413 025148 gi|38 022795 023039 gi|50 
000438 75.8 025411 025230 gi|38 022878 023053 gi|50 
000897 86.7 025447 025245 gi|38 026355 026544 gi|50 
000304 77.9 025417 025323 gi|38 026468 026563 gi|50 
000514 82.1 025423 025329 gi|38 022959 023055 gi|50 
017038 99.6 027262 025426 gi|38 026468 028300 gi|50 
030672 99.3 030534 027180 gi|38 023057 026455 gi|50 
000324 82.7 027283 027180 gi|38 022246 022342 gi|50 
000312 77.1 027262 027180 gi|38 022063 022144 gi|50 
000384 80.2 027280 027185 gi|38 022148 022241 gi|50 
000282 75.6 027268 027187 gi|38 022958 023039 gi|50 
000339 90.0 030802 030753 gi|38 023068 023118 gi|50 
000301 82.6 030877 030786 gi|38 024395 024487 gi|55 
000278 78.5 030877 030799 gi|38 030355 030434 gi|55 
000414 91.4 030800 030857 gi|38 003191 003248 gi|76 
000383 79.1 030970 030880 gi|38 023297 023387 gi|40 
000285 84.6 030975 030911 gi|38 029920 029986 gi|39 
002330 76.8 038156 039926 gi|38 032256 033963 gi|65 
000626 72.5 031498 032018 gi|34 009139 009659 gi|57 
000302 81.5 038543 038677 gi|34 030041 030193 gi|41 
000454 84.2 038862 038762 gi|34 003181 003283 gi|76 
000281 80.7 005971 006063 gi|41 004131 004225 gi|69 
000274 82.3 005971 006055 gi|41 004062 004147 gi|69 
000286 81.5 005975 006055 gi|41 021622 021700 gi|48 
000281 79.2 006051 005975 gi|41 015993 016068 gi|51 
000266 82.7 005981 006055 gi|41 021688 021761 gi|48 
000303 73.9 024616 024134 gi|41 030912 031392 gi|47 
011996 98.7 027952 029380 gi|41 001593 003036 gi|45 
012068 99.7 029356 028005 gi|41 018431 019783 gi|69 
012065 99.5 029379 028005 gi|41 010929 012320 gi|74 
012019 99.4 028008 029374 gi|41 007741 009112 gi|74 
012049 99.8 028009 029348 gi|41 003435 004775 gi|42 
012031 99.8 028009 029333 gi|41 000323 001647 gi|76 
011942 98.2 029549 028010 gi|41 007776 009298 gi|70 
002033 75.3 034512 033621 gi|41 025634 026520 gi|57 
001029 75.8 035353 034504 gi|41 023273 024128 gi|57 
000263 83.6 039876 039936 gi|41 022180 022240 gi|50 
013373 99.7 001290 002816 gi|36 018947 020471 gi|50 
000935 81.7 003039 002821 gi|36 024728 024958 gi|38 
000499 77.9 003343 002823 gi|36 024784 025337 gi|38 
000330 77.0 002826 003168 gi|36 026521 026851 gi|37 
000335 79.6 002834 003000 gi|36 026368 026555 gi|50 
000296 77.3 002837 003343 gi|36 022434 022947 gi|50 
001006 84.1 002839 003039 gi|36 022793 023003 gi|50 
000452 77.5 002841 003183 gi|36 021316 021639 gi|50 
001704 78.2 003500 002841 gi|36 024538 025220 gi|38 
000257 78.1 002913 002841 gi|36 025341 025413 gi|38 
000471 76.2 002851 003261 gi|36 026452 026865 gi|37 
000258 75.8 002854 002952 gi|36 022278 022387 gi|50 
000359 82.8 002855 002912 gi|36 022890 022947 gi|50 
000366 79.6 002952 002855 gi|36 024731 024841 gi|38 
000563 78.6 002857 003346 gi|36 022371 022869 gi|50 
000352 75.2 002857 003227 gi|36 022081 022468 gi|50 
000877 86.3 002858 003084 gi|36 020921 021135 gi|50 
000432 75.2 002858 003345 gi|36 021893 022429 gi|50 
000351 84.2 002858 002914 gi|36 022985 023041 gi|50 
000328 72.0 002858 003168 gi|36 021507 021845 gi|50 
000318 75.9 002858 003346 gi|36 020997 021470 gi|50 
000351 84.2 002914 002858 gi|36 024690 024746 gi|38 
000301 75.8 002859 003168 gi|36 021245 021541 gi|50 
000776 79.5 002886 003197 gi|36 022760 023048 gi|50 
000329 78.5 002894 003261 gi|36 021449 021859 gi|50 
000326 77.1 002921 003344 gi|36 021795 022240 gi|50 
000900 83.9 002922 003188 gi|36 021143 021387 gi|50 
000270 79.6 002929 003149 gi|36 020914 021095 gi|50 
000726 80.4 002931 003344 gi|36 022076 022511 gi|50 
000851 83.1 003197 002937 gi|36 024683 024920 gi|38 
000309 79.7 002942 003261 gi|36 021257 021555 gi|50 
000293 73.9 003227 003002 gi|36 025190 025415 gi|38 
000553 81.1 003093 003224 gi|36 026350 026499 gi|50 
000293 74.0 003188 003093 gi|36 027187 027287 gi|38 
000357 80.3 003116 003343 gi|36 021876 022137 gi|50 
030267 97.5 003117 006756 gi|36 022795 026376 gi|50 
000483 80.3 003344 003117 gi|36 025147 025413 gi|38 
000250 74.7 003118 003188 gi|36 026473 026544 gi|50 
001437 99.3 003202 003356 gi|36 026373 026527 gi|37 
029316 99.7 006501 003354 gi|36 027399 030540 gi|38 
000342 90.2 003421 003371 gi|36 030753 030802 gi|38 
001231 100.0 006756 006613 gi|36 027261 027404 gi|38 
016397 97.9 006929 008903 gi|36 026556 028588 gi|50 
016401 99.9 008676 006930 gi|36 025426 027174 gi|38 
000259 92.5 008634 008686 gi|36 027123 027173 gi|38 
000458 74.6 010406 011692 gi|36 027172 028454 gi|55 
000278 73.9 010444 011655 gi|36 007259 008476 gi|46 
000289 79.3 011737 011847 gi|36 009998 010110 gi|71 
000322 80.4 011747 011853 gi|36 009932 010037 gi|66 
000289 80.7 028426 028318 gi|36 038354 038458 gi|75 
001840 94.9 028321 028557 gi|36 023287 023520 gi|40 
000258 88.1 028388 028322 gi|36 023297 023357 gi|40 
000364 93.0 028322 028392 gi|36 029912 029986 gi|39 
000296 93.4 028391 028331 gi|36 029920 029982 gi|39 
000421 80.7 028423 028336 gi|36 030880 030967 gi|38 
002677 92.9 028653 029018 gi|36 023489 023855 gi|40 
006178 98.0 029791 029030 gi|36 029000 029767 gi|52 
000658 93.9 030200 030314 gi|36 023847 023964 gi|40 
000288 76.0 030287 030209 gi|36 022922 023000 gi|69 
000280 89.8 030263 030215 gi|36 023865 023913 gi|40 
001507 76.0 033267 032133 gi|36 038366 039494 gi|45 
000433 77.9 032320 032695 gi|36 000102 000490 gi|57 
001935 78.6 000002 000558 gi|1 006557 007113 gi|51 
005705 96.5 002687 001993 gi|1 005435 006126 gi|51 
000271 77.3 006508 005722 gi|1 028883 029655 gi|73 
000301 79.0 005782 005991 gi|1 013252 013449 gi|57 
000360 76.2 006417 005784 gi|1 013390 013984 gi|19 
000349 75.0 006284 005784 gi|1 037332 037806 gi|35 
000266 75.1 005795 006353 gi|1 001797 002347 gi|53 
000363 79.0 005806 005962 gi|1 007659 007815 gi|18 
000383 75.6 005832 006425 gi|1 004901 005474 gi|46 
000354 81.7 005837 005994 gi|1 036015 036163 gi|49 
000309 78.8 005989 005877 gi|1 007448 007566 gi|43 
000401 80.5 005879 006387 gi|1 004944 005428 gi|58 
000253 74.1 005880 005964 gi|1 027738 027823 gi|67 
000283 78.6 006190 006343 gi|1 034354 034504 gi|50 
003401 76.3 018451 016247 gi|1 026784 028976 gi|54 
000333 77.2 029367 029668 gi|1 032701 032999 gi|25 
002185 70.9 033079 031963 gi|1 018970 020086 gi|64 
000719 79.8 033540 033190 gi|1 000569 000911 gi|41 
000517 76.7 035732 034375 gi|1 000211 001573 gi|22 
000762 73.5 035736 034467 gi|1 037380 038656 gi|68 
000615 76.7 035736 034804 gi|1 029035 029964 gi|64 
000537 69.2 036596 037278 gi|1 013690 014372 gi|51 
000259 81.2 038779 038874 gi|1 015418 015512 gi|29 
000254 71.2 038862 038783 gi|1 034410 034494 gi|50 
000406 78.5 039330 038944 gi|1 007569 007979 gi|18 
000259 76.7 039280 039011 gi|1 004841 005105 gi|58 
000363 72.3 039085 039333 gi|1 013802 014047 gi|19 
000253 76.6 039300 039092 gi|1 036164 036372 gi|62 
000494 74.1 006833 006255 gi|28 038067 038643 gi|73 
000860 75.8 024235 022936 gi|28 031690 032997 gi|73 
002613 82.0 026102 027181 gi|28 015129 016190 gi|33 
005223 86.9 026172 027189 gi|28 016327 017353 gi|33 
004632 84.1 026273 027207 gi|28 017423 018345 gi|33 
000379 73.4 028973 029943 gi|28 023021 023980 gi|52 
000987 82.4 007890 007307 gi|40 035528 036096 gi|63 
000391 73.2 007667 007373 gi|40 000497 000791 gi|68 
000639 73.7 007477 007803 gi|40 012328 012651 gi|59 
000603 74.5 007809 007477 gi|40 010777 011114 gi|56 
000417 78.8 007498 007714 gi|40 002054 002297 gi|54 
000295 74.4 007502 007735 gi|40 026282 026521 gi|65 
000264 78.7 011695 011802 gi|40 005085 005191 gi|56 
000503 75.2 012138 011829 gi|40 035705 036012 gi|63 
000273 76.5 011878 012128 gi|40 026243 026503 gi|65 
000324 81.8 011892 012172 gi|40 002031 002338 gi|54 
000286 84.8 011940 011895 gi|40 000647 000692 gi|68 
000610 79.9 012216 011898 gi|40 010783 011109 gi|56 
000472 75.5 011967 012219 gi|40 012410 012654 gi|59 
000558 73.5 012771 013479 gi|40 023217 023928 gi|75 
000312 70.3 015535 015112 gi|40 012297 012718 gi|60 
000292 81.3 022123 021813 gi|40 013184 013494 gi|44 
000278 79.6 023390 023298 gi|40 038354 038444 gi|75 
000273 89.3 023354 023299 gi|40 006426 006480 gi|70 
000990 73.0 025562 026377 gi|40 029675 030496 gi|62 
000617 75.2 028197 026772 gi|40 033404 034795 gi|46 
000943 75.5 028232 026855 gi|40 027052 028394 gi|52 
000340 74.5 027135 027737 gi|40 007101 007739 gi|52 
000368 82.2 032069 032478 gi|40 019806 020207 gi|65 
000438 76.4 032136 032491 gi|40 024404 024753 gi|62 
000331 83.0 036711 036512 gi|40 028775 028993 gi|73 
000376 79.1 039704 039312 gi|40 014978 015382 gi|53 
000251 82.1 003499 003416 gi|51 016302 016380 gi|70 
000314 82.9 003527 003417 gi|51 017288 017393 gi|73 
001166 73.9 012079 011414 gi|51 036389 037061 gi|57 
000580 84.9 016072 015762 gi|51 024932 025202 gi|76 
000537 81.7 016087 015924 gi|51 004048 004225 gi|69 
000372 81.7 016051 015932 gi|51 004017 004148 gi|69 
000377 82.4 016024 015934 gi|51 024916 025011 gi|76 
000384 85.4 016086 015991 gi|51 004119 004214 gi|69 
000305 88.0 016085 015994 gi|51 024982 025072 gi|76 
000251 78.0 016192 016111 gi|51 038867 038948 gi|72 
000335 83.9 016754 016643 gi|51 027799 027908 gi|65 
015637 98.4 012658 010874 gi|35 003594 005384 gi|37 
001334 92.4 013250 013027 gi|35 002991 003221 gi|37 
000357 80.5 014045 013544 gi|35 002249 002726 gi|37 
000818 74.7 016990 017853 gi|35 038954 039820 gi|55 
001037 71.1 018048 018705 gi|35 039181 039837 gi|55 
001875 76.2 018720 019666 gi|35 039019 039952 gi|55 
000532 76.7 019626 020576 gi|35 038948 039861 gi|55 
000859 73.0 037260 037899 gi|35 029061 029708 gi|73 
000422 78.2 037838 037329 gi|35 015203 015699 gi|50 
000258 72.0 037344 037728 gi|35 012763 013161 gi|43 
000340 80.0 037387 037811 gi|35 011819 012264 gi|43 
000317 74.7 037809 037391 gi|35 013253 013669 gi|57 
000488 72.2 037424 037913 gi|35 006182 006700 gi|43 
000350 74.0 037447 037811 gi|35 030278 030645 gi|63 
000507 73.0 037913 037465 gi|35 004760 005208 gi|46 
000407 74.7 037595 037811 gi|35 025156 025372 gi|61 
000336 74.5 037735 037626 gi|35 034039 034148 gi|50 
000274 82.1 037738 037627 gi|35 024614 024726 gi|46 
000520 72.6 037875 037628 gi|35 035330 035577 gi|62 
000595 77.6 038289 039391 gi|35 030123 031227 gi|73 
012017 98.5 004787 003359 gi|42 018427 019848 gi|69 
012064 99.5 003395 004766 gi|42 001638 002997 gi|45 
012041 99.0 004840 003411 gi|42 010929 012354 gi|74 
012063 99.3 003433 004806 gi|42 000321 001687 gi|76 
012031 99.9 003437 004759 gi|42 007744 009066 gi|74 
012004 99.0 004806 003437 gi|42 007913 009297 gi|70 
000337 87.8 032249 032160 gi|42 036850 036931 gi|54 
000398 76.0 002583 001348 gi|44 029140 030357 gi|53 
000317 77.0 005641 005211 gi|44 001861 002324 gi|53 
000486 74.8 005246 005887 gi|44 005533 006175 gi|66 
000413 84.8 019120 019042 gi|44 003719 003799 gi|50 
001278 74.8 020478 019539 gi|44 012967 013906 gi|70 
000258 77.5 000219 000131 gi|45 008836 008925 gi|76 
000407 87.5 000163 000242 gi|45 008834 008914 gi|76 
012004 98.7 001593 002997 gi|45 000250 001654 gi|76 
011954 98.0 003148 001660 gi|45 018244 019784 gi|69 
012070 99.9 001664 002991 gi|45 007739 009066 gi|74 
012012 99.1 003046 001666 gi|45 010916 012317 gi|74 
012055 100.0 002991 001668 gi|45 007975 009298 gi|70 
002123 75.5 007950 009019 gi|45 000232 001296 gi|64 
000254 78.2 012897 012646 gi|45 037072 037328 gi|63 
001320 72.8 022152 023363 gi|45 006897 008116 gi|52 
000559 75.8 023373 022641 gi|45 033471 034197 gi|46 
000579 76.8 025379 025052 gi|45 000027 000378 gi|58 
000451 75.9 039053 038444 gi|45 000369 000987 gi|57 
000268 73.7 035935 036139 gi|49 036168 036372 gi|62 
000256 87.7 003929 003857 gi|33 038412 038481 gi|59 
005598 96.4 019296 018609 gi|33 016403 017092 gi|60 
002427 88.6 018836 019212 gi|33 032138 032516 gi|47 
002376 87.7 019159 019717 gi|33 031630 032123 gi|47 
000256 100.0 019201 019239 gi|33 032553 032591 gi|47 
000285 100.0 021168 021134 gi|33 014438 014472 gi|60 
002640 77.3 022506 021147 gi|33 009512 010877 gi|60 
001553 74.5 025140 023758 gi|33 006519 007899 gi|60 
000307 76.5 029383 029048 gi|33 005699 006036 gi|56 
000259 76.8 001717 001953 gi|53 013183 013423 gi|57 
000257 75.2 001953 001752 gi|53 039758 039976 gi|56 
000442 74.3 001961 001756 gi|53 017713 017924 gi|63 
000339 84.2 001781 001963 gi|53 004846 005035 gi|58 
000301 82.1 001851 001956 gi|53 035465 035572 gi|62 
000309 77.3 002375 001877 gi|53 005457 005911 gi|66 
000339 89.4 005955 006001 gi|53 030128 030174 gi|55 
000329 87.5 005968 006023 gi|53 027782 027837 gi|73 
000372 87.5 005968 006023 gi|53 021019 021074 gi|67 
000304 82.1 005968 006023 gi|53 020904 020959 gi|67 
000255 76.5 007712 007615 gi|53 005302 005402 gi|58 
000289 69.6 014452 014586 gi|53 021542 021682 gi|59 
000630 79.0 019344 019054 gi|53 031307 031614 gi|61 
001052 81.8 019344 019064 gi|53 016965 017228 gi|73 
000339 74.8 023378 024481 gi|53 035558 036613 gi|56 
000381 76.5 023933 024482 gi|53 020257 020832 gi|62 
006674 99.7 037029 036269 gi|53 033707 034468 gi|61 
006631 100.0 036282 037043 gi|53 016227 016987 gi|72 
000450 81.0 002279 002054 gi|54 000453 000675 gi|68 
000297 80.3 002297 002054 gi|54 035715 035940 gi|63 
000265 76.0 002057 002302 gi|54 026281 026508 gi|65 
000319 89.4 002375 002235 gi|54 010797 010931 gi|56 
001588 72.5 010600 009127 gi|54 007632 009094 gi|59 
000264 78.0 024728 024602 gi|54 026674 026809 gi|55 
000292 81.3 010672 010746 gi|52 024509 024582 gi|70 
000834 78.5 015010 014034 gi|52 033219 034214 gi|59 
000261 75.4 021599 021805 gi|52 033495 033702 gi|53 
000266 73.7 004837 005030 gi|58 036180 036377 gi|62 
000321 72.8 005029 004846 gi|58 029437 029623 gi|73 
001695 74.6 010784 009264 gi|26 012391 013910 gi|30 
000255 76.0 009970 009517 gi|26 028925 029368 gi|62 
000353 87.8 016230 016149 gi|26 015947 016024 gi|51 
000373 81.4 016291 016195 gi|26 015947 016036 gi|51 
000505 82.0 016375 016215 gi|26 015925 016085 gi|51 
000441 83.5 016257 016426 gi|26 024964 025118 gi|76 
000289 75.0 023326 023893 gi|26 010964 011503 gi|31 
000823 74.7 037713 038415 gi|26 034185 034883 gi|56 
000481 74.7 011196 010493 gi|59 025240 025940 gi|64 
000408 75.0 012654 012331 gi|59 035624 035955 gi|63 
000278 78.2 012343 012571 gi|59 026269 026503 gi|65 
000290 80.4 018534 018438 gi|59 027738 027825 gi|67 
000541 72.3 019871 020278 gi|60 030932 031344 gi|70 
000395 74.8 032736 032288 gi|60 015137 015576 gi|66 
000409 74.3 034198 033822 gi|60 002773 003151 gi|65 
000274 79.4 006681 006874 gi|64 024507 024694 gi|76 
000824 74.2 029010 030007 gi|64 037355 038358 gi|68 
011978 97.9 019841 018357 gi|69 000261 001730 gi|76 
012045 99.5 018424 019783 gi|69 010957 012320 gi|74 
012051 100.0 019778 018453 gi|69 007740 009066 gi|74 
012049 100.0 018453 019775 gi|69 007975 009297 gi|70 
000413 77.4 002231 002126 gi|55 018294 018399 gi|72 
000679 81.2 002632 002214 gi|55 017758 018174 gi|72 
000680 75.8 005856 005638 gi|55 025940 026155 gi|72 
020528 99.5 011226 008874 gi|55 019943 022299 gi|72 
002492 81.7 011773 011194 gi|55 018391 018962 gi|72 
002233 73.7 013299 011971 gi|55 017072 018393 gi|72 
006793 75.5 014231 016884 gi|55 000003 002653 gi|72 
001466 74.7 015700 015215 gi|55 003265 003750 gi|72 
001488 75.7 017244 017901 gi|55 002632 003269 gi|72 
000332 88.2 024470 024369 gi|55 003194 003334 gi|76 
000813 72.1 028583 029392 gi|55 022842 023650 gi|61 
000373 85.0 030430 030324 gi|55 003194 003340 gi|76 
000355 84.6 027027 026756 gi|47 017292 017544 gi|73 
000313 83.8 026891 026995 gi|47 001455 001557 gi|65 
000254 87.5 026998 026903 gi|47 013540 013626 gi|75 
000268 86.9 026929 027012 gi|47 003433 003511 gi|51 
000349 87.3 027007 026929 gi|47 016289 016366 gi|70 
000294 77.6 029985 029910 gi|47 036853 036927 gi|54 
002665 87.7 032683 032138 gi|47 016269 016862 gi|60 
000254 83.2 034538 034438 gi|47 014400 014502 gi|60 
000878 86.5 034557 034890 gi|47 016309 016613 gi|51 
000316 72.6 034949 035553 gi|47 006520 007131 gi|70 
000640 83.5 036061 035929 gi|47 010806 010941 gi|60 
000351 81.2 020725 020915 gi|67 009989 010241 gi|71 
000292 82.5 020754 020810 gi|67 007328 007384 gi|70 
000752 91.8 020769 021023 gi|67 027351 027572 gi|73 
000669 87.1 020810 020925 gi|67 028120 028234 gi|70 
000462 94.4 020838 020908 gi|67 027494 027572 gi|73 
000555 91.0 020890 020967 gi|67 027768 027845 gi|73 
000400 84.0 020949 021054 gi|67 010162 010275 gi|71 
000443 86.5 020967 021040 gi|67 028162 028234 gi|70 
000444 85.8 020968 021122 gi|67 027459 027619 gi|73 
000650 88.7 021005 021172 gi|67 027768 027918 gi|73 
000305 83.0 021005 021098 gi|67 010159 010258 gi|71 
000275 77.1 021150 021245 gi|67 009990 010089 gi|71 
000263 74.4 021171 021248 gi|67 028001 028078 gi|70 
000259 72.2 015713 015124 gi|50 029130 029722 gi|73 
000383 78.9 015403 015172 gi|50 039754 039984 gi|56 
000334 78.2 015222 015777 gi|50 001780 002356 gi|53 
000250 74.4 015319 015490 gi|50 020634 020805 gi|51 
000257 76.1 015789 015677 gi|50 039357 039482 gi|56 
000790 73.9 034289 033826 gi|50 013611 014075 gi|63 
000257 76.6 034145 033971 gi|50 030463 030643 gi|63 
000297 75.5 034143 034046 gi|50 029440 029537 gi|73 
000251 79.2 034269 034145 gi|50 032119 032240 gi|69 
000494 78.9 013845 013139 gi|57 030048 030757 gi|63 
000319 75.3 013962 013203 gi|57 024660 025420 gi|61 
000441 74.0 013785 013302 gi|57 029086 029558 gi|73 
000276 74.6 015528 014918 gi|57 028182 028795 gi|63 
001124 75.0 034519 035708 gi|57 029810 030993 gi|69 
000416 88.3 005438 005302 gi|73 021438 021578 gi|76 
000388 75.5 027571 027676 gi|73 035040 035145 gi|75 
000303 95.0 020594 020555 gi|48 016015 016055 gi|51 
000349 76.8 021700 021503 gi|48 015932 016117 gi|51 
000531 78.4 021548 021700 gi|48 004063 004215 gi|69 
000764 81.5 021578 021761 gi|48 004023 004215 gi|69 
000329 78.8 021589 021701 gi|48 024964 025077 gi|76 
000313 79.8 021590 021762 gi|48 024904 025077 gi|76 
000512 80.9 021761 021605 gi|48 015932 016086 gi|51 
000617 80.0 021642 021861 gi|48 004017 004255 gi|69 
000263 77.8 021656 021831 gi|48 024904 025083 gi|76 
000478 80.8 021831 021671 gi|48 015924 016085 gi|51 
000434 79.4 021700 021835 gi|48 004017 004156 gi|69 
000409 81.9 021825 021732 gi|48 015986 016085 gi|51 
000286 75.1 013712 013932 gi|63 013188 013411 gi|69 
000257 69.3 013763 013863 gi|63 005833 005932 gi|66 
000291 76.0 017896 017726 gi|63 022598 022765 gi|76 
000302 74.8 023432 024477 gi|63 000404 001465 gi|65 
000266 78.2 030101 030187 gi|63 014557 014643 gi|69 
000323 74.9 035708 035954 gi|63 000422 000689 gi|68 
000359 85.1 001563 001490 gi|65 017310 017382 gi|73 
000338 92.6 001543 001490 gi|65 016317 016368 gi|70 
000272 82.0 001497 001557 gi|65 015990 016050 gi|66 
000277 84.7 021389 021305 gi|65 039663 039740 gi|68 
000360 83.4 025688 025424 gi|65 034903 035138 gi|68 
000496 75.8 030846 030525 gi|65 037926 038247 gi|72 
012061 99.9 007738 009068 gi|74 000320 001649 gi|76 
012052 99.9 012316 010992 gi|74 000323 001647 gi|76 
000326 79.2 011411 011482 gi|68 027390 027460 gi|73 
000253 84.2 011436 011530 gi|68 028122 028212 gi|70 
000257 72.2 007303 007381 gi|70 009989 010067 gi|71 
012042 99.0 009302 007917 gi|70 000320 001710 gi|76 
012070 99.9 009305 007974 gi|70 007734 009067 gi|74 
012033 99.9 007975 009297 gi|70 010992 012314 gi|74 
000443 89.7 016295 016381 gi|70 017311 017395 gi|73 
000253 81.1 028117 027917 gi|70 006064 006231 gi|75 
000883 82.8 028002 028257 gi|70 010013 010286 gi|71 
000255 82.1 028060 028238 gi|70 027680 027857 gi|73 
000428 81.7 028076 028233 gi|70 027372 027531 gi|73 
000427 91.4 028161 028218 gi|70 027515 027572 gi|73 
000285 81.7 028217 028276 gi|70 027625 027684 gi|73 
000865 80.5 032624 032363 gi|70 006217 006491 gi|75 
002619 74.3 024737 026423 gi|61 030004 031684 gi|63 
000277 75.6 024837 024914 gi|61 014566 014643 gi|69 
000672 74.1 027024 027347 gi|61 032305 032629 gi|63 
000263 75.4 028712 028772 gi|61 038917 038978 gi|72 
001633 83.9 031191 031525 gi|61 016848 017183 gi|73 
006659 100.0 034458 033707 gi|61 016224 016973 gi|72 
000369 82.5 009920 010016 gi|66 007313 007406 gi|70 
000277 85.7 010024 009920 gi|66 006091 006176 gi|75 
000425 77.3 009928 010024 gi|66 027996 028091 gi|70 
000500 80.0 009931 010025 gi|66 010010 010103 gi|71 
000295 77.2 009933 010011 gi|66 021171 021245 gi|67 
000278 82.5 009934 009990 gi|66 020753 020808 gi|67 
000254 83.1 016050 015968 gi|66 017316 017401 gi|73 
000307 79.3 024556 024359 gi|66 036632 036853 gi|72 
000595 72.5 005727 006035 gi|56 004684 004992 gi|66 
000525 77.2 011109 010776 gi|56 012332 012662 gi|59 
000795 78.0 010784 011151 gi|56 035627 035994 gi|63 
000276 75.1 010861 011109 gi|56 000420 000689 gi|68 
000285 75.2 039387 039982 gi|56 024819 025421 gi|61 
000338 75.2 039874 039589 gi|56 013299 013598 gi|57 
000290 76.2 039934 039750 gi|56 004848 005029 gi|58 
000271 81.5 012296 012398 gi|62 025592 025704 gi|75 
005132 76.7 023566 025758 gi|62 019054 021259 gi|65 
000385 72.6 035584 035271 gi|62 029430 029743 gi|73 
000321 81.5 036299 036127 gi|62 014970 015127 gi|69 
001015 75.5 003303 004571 gi|46 030403 031671 gi|49 
000765 77.5 003494 004568 gi|46 031878 032943 gi|49 
000272 76.1 004697 005427 gi|46 001610 002378 gi|53 
001832 76.8 004728 006079 gi|46 015087 016396 gi|50 
000425 70.0 004757 005089 gi|46 035289 035627 gi|62 
000290 79.7 004815 005173 gi|46 004784 005146 gi|58 
000369 72.2 005390 004855 gi|46 029092 029627 gi|73 
000325 77.2 005395 004862 gi|46 030109 030645 gi|63 
000312 73.9 005462 004862 gi|46 039324 039933 gi|56 
000261 71.6 005038 004870 gi|46 013761 013929 gi|63 
000250 81.2 004927 005038 gi|46 034033 034142 gi|50 
000389 75.0 004940 005400 gi|46 013329 013785 gi|57 
000356 73.5 004942 005073 gi|46 022678 022809 gi|76 
000274 78.2 005031 004954 gi|46 017724 017801 gi|63 
000257 74.7 004958 005052 gi|46 027738 027832 gi|67 
000549 74.6 007308 008444 gi|46 027256 028392 gi|55 
000324 81.6 011008 011148 gi|46 015949 016077 gi|51 
000302 74.6 011148 011035 gi|46 004058 004171 gi|69 
000271 76.3 020630 020857 gi|46 018376 018597 gi|62 
000304 82.9 022589 022438 gi|46 000098 000256 gi|65 
000263 84.1 022498 022566 gi|46 000105 000184 gi|65 
000617 71.5 022651 023246 gi|46 033843 034440 gi|50 
000317 69.6 023097 022660 gi|46 013609 014049 gi|63 
001067 72.1 024460 025137 gi|46 033878 034555 gi|50 
000668 71.9 024802 024497 gi|46 013680 013985 gi|63 
000449 87.0 026820 026683 gi|46 000080 000209 gi|65 
000258 78.7 026699 026792 gi|46 000105 000205 gi|65 
003201 73.9 033439 034815 gi|46 027120 028490 gi|52 
000314 73.4 034178 034036 gi|46 007398 007539 gi|52 
002237 72.0 034987 036671 gi|46 037921 039600 gi|48 
000318 84.6 037221 037105 gi|46 017296 017418 gi|73 
000266 80.6 037295 037131 gi|46 016224 016376 gi|70 
000325 85.2 037141 037221 gi|46 026929 027011 gi|47 
006140 90.7 004473 003569 gi|71 002811 003711 gi|75 
000353 81.0 010129 009977 gi|71 006064 006207 gi|75 
000928 86.2 010071 010288 gi|71 027680 027935 gi|73 
000515 84.6 010157 010299 gi|71 027495 027679 gi|73 
000465 85.7 010174 010257 gi|71 027455 027543 gi|73 
000257 79.4 000442 000025 gi|43 027335 027742 gi|47 
000722 77.2 006710 005929 gi|43 036081 036857 gi|62 
000444 75.9 006685 006043 gi|43 035300 035927 gi|62 
000330 80.3 006515 006323 gi|43 004943 005139 gi|46 
000498 77.2 006328 006669 gi|43 029364 029690 gi|73 
000257 79.5 006408 006656 gi|43 030454 030699 gi|63 
000275 68.5 006515 006408 gi|43 013332 013439 gi|57 
000732 76.2 007790 007101 gi|43 035266 035952 gi|62 
000339 74.8 007606 007102 gi|43 036243 036770 gi|62 
000365 74.7 007579 007426 gi|43 004942 005092 gi|46 
000346 80.7 007432 007540 gi|43 029390 029498 gi|73 
000257 77.6 007633 007442 gi|43 015268 015440 gi|50 
000389 78.5 007602 007445 gi|43 001841 001996 gi|53 
000271 83.0 007472 007700 gi|43 030455 030656 gi|63 
000335 73.9 007586 007472 gi|43 013327 013438 gi|57 
000283 81.5 007563 007472 gi|43 027738 027829 gi|67 
000402 73.7 007490 007664 gi|43 005552 005726 gi|44 
000445 70.9 012291 011694 gi|43 036165 036762 gi|62 
000322 79.8 012067 012289 gi|43 025175 025393 gi|61 
000376 74.2 013397 012690 gi|43 035241 035951 gi|62 
000336 76.8 013161 012740 gi|43 015306 015715 gi|50 
000380 79.5 013041 013245 gi|43 030438 030646 gi|63 
000351 78.9 026176 026350 gi|43 008967 009142 gi|50 
001071 75.9 032515 033297 gi|43 010457 011237 gi|49 
