
Tandem Repeats Finder, Version 4.09
Copyright (C) Dr. Gary Benson 1999-2012. All rights reserved.

Loading sequence...
Allocating Memory...
Initializing data structures...
Computing TR Model Statistics...
Scanning...
Freeing Memory...
Resolving output...
Done.
Tandem Repeats Finder, Version 4.09
Copyright (C) Dr. Gary Benson 1999-2012. All rights reserved.

Loading sequence...
Allocating Memory...
Initializing data structures...
Computing TR Model Statistics...
Scanning...
Freeing Memory...
Resolving output...
Done.
Tandem Repeats Finder, Version 4.09
Copyright (C) Dr. Gary Benson 1999-2012. All rights reserved.

Loading sequence...
Allocating Memory...
Initializing data structures...
Computing TR Model Statistics...
Scanning...
Freeing Memory...
Resolving output...
Done.
Tandem Repeats Finder, Version 4.09
Copyright (C) Dr. Gary Benson 1999-2012. All rights reserved.

Loading sequence...
Allocating Memory...
Initializing data structures...
Computing TR Model Statistics...
Scanning...
Freeing Memory...
Resolving output...
Done.
Tandem Repeats Finder, Version 4.09
Copyright (C) Dr. Gary Benson 1999-2012. All rights reserved.

Loading sequence...
Allocating Memory...
Initializing data structures...
Computing TR Model Statistics...
Scanning...
Freeing Memory...
Resolving output...
Done.
Tandem Repeats Finder, Version 4.09
Copyright (C) Dr. Gary Benson 1999-2012. All rights reserved.

Loading sequence...
Allocating Memory...
Initializing data structures...
Computing TR Model Statistics...
Scanning...
Freeing Memory...
Resolving output...
Done.
Tandem Repeats Finder, Version 4.09
Copyright (C) Dr. Gary Benson 1999-2012. All rights reserved.

Loading sequence...
Allocating Memory...
Initializing data structures...
Computing TR Model Statistics...
Scanning...
Freeing Memory...
Resolving output...
Done.deleting >R=6: 0.987179487179487 / 0.987179487179487

Tandem Repeats Finder, Version 4.09
Copyright (C) Dr. Gary Benson 1999-2012. All rights reserved.

Loading sequence...
Allocating Memory...
Initializing data structures...
Computing TR Model Statistics...
Scanning...
Freeing Memory...
Resolving output...
Done.
Tandem Repeats Finder, Version 4.09
Copyright (C) Dr. Gary Benson 1999-2012. All rights reserved.

Loading sequence...
Allocating Memory...
Initializing data structures...
Computing TR Model Statistics...
Scanning...
Freeing Memory...
Resolving output...
Done.
Tandem Repeats Finder, Version 4.09
Copyright (C) Dr. Gary Benson 1999-2012. All rights reserved.

Loading sequence...
Allocating Memory...
Initializing data structures...
Computing TR Model Statistics...
Scanning...
Freeing Memory...
Resolving output...
Done.
Tandem Repeats Finder, Version 4.09
Copyright (C) Dr. Gary Benson 1999-2012. All rights reserved.

Loading sequence...
Allocating Memory...
Initializing data structures...
Computing TR Model Statistics...
Scanning...
Freeing Memory...
Resolving output...
Done.
Tandem Repeats Finder, Version 4.09
Copyright (C) Dr. Gary Benson 1999-2012. All rights reserved.

Loading sequence...
Allocating Memory...
Initializing data structures...
Computing TR Model Statistics...
Scanning...
Freeing Memory...
Resolving output...
Done.1 deleted.  13 saved. 1 skipped for length.
