

Building a new DB, current time: 02/08/2024 22:14:57
New DB name:   /home/alperen/PycharmProjects/target_project/RM_88912.ThuFeb82214322024/round-1/sampleDB-1.fa
New DB title:  /home/alperen/PycharmProjects/target_project/RM_88912.ThuFeb82214322024/round-1/sampleDB-1.fa
Sequence type: Nucleotide
Keep MBits: T
Maximum file size: 1000000000B
Adding sequences from FASTA; added 47 sequences in 0.00888109 seconds.




Building a new DB, current time: 02/08/2024 22:14:57
New DB name:   /home/alperen/PycharmProjects/target_project/RM_88912.ThuFeb82214322024/round-1/consensi.fa
New DB title:  /home/alperen/PycharmProjects/target_project/RM_88912.ThuFeb82214322024/round-1/consensi.fa
Sequence type: Nucleotide
Keep MBits: T
Maximum file size: 1000000000B
Adding sequences from FASTA; added 11 sequences in 0.00434017 seconds.




Building a new DB, current time: 02/08/2024 22:14:58
New DB name:   /home/alperen/PycharmProjects/target_project/RM_88912.ThuFeb82214322024/round-1/family-0.fa
New DB title:  /home/alperen/PycharmProjects/target_project/RM_88912.ThuFeb82214322024/round-1/family-0.fa
Sequence type: Nucleotide
Keep MBits: T
Maximum file size: 1000000000B
Adding sequences from FASTA; added 24 sequences in 0.000614882 seconds.




Building a new DB, current time: 02/08/2024 22:14:58
New DB name:   /home/alperen/PycharmProjects/target_project/RM_88912.ThuFeb82214322024/round-1/family-0-cons-2.fa
New DB title:  /home/alperen/PycharmProjects/target_project/RM_88912.ThuFeb82214322024/round-1/family-0-cons-2.fa
Sequence type: Nucleotide
Keep MBits: T
Maximum file size: 1000000000B
Adding sequences from FASTA; added 1 sequences in 0.000217915 seconds.




Building a new DB, current time: 02/08/2024 22:14:58
New DB name:   /home/alperen/PycharmProjects/target_project/RM_88912.ThuFeb82214322024/round-1/family-0-cons-3.fa
New DB title:  /home/alperen/PycharmProjects/target_project/RM_88912.ThuFeb82214322024/round-1/family-0-cons-3.fa
Sequence type: Nucleotide
Keep MBits: T
Maximum file size: 1000000000B
Adding sequences from FASTA; added 1 sequences in 0.000219107 seconds.




Building a new DB, current time: 02/08/2024 22:14:59
New DB name:   /home/alperen/PycharmProjects/target_project/RM_88912.ThuFeb82214322024/round-1/family-0-cons-4.fa
New DB title:  /home/alperen/PycharmProjects/target_project/RM_88912.ThuFeb82214322024/round-1/family-0-cons-4.fa
Sequence type: Nucleotide
Keep MBits: T
Maximum file size: 1000000000B
Adding sequences from FASTA; added 1 sequences in 0.000246048 seconds.




Building a new DB, current time: 02/08/2024 22:14:59
New DB name:   /home/alperen/PycharmProjects/target_project/RM_88912.ThuFeb82214322024/round-1/family-0-cons-5.fa
New DB title:  /home/alperen/PycharmProjects/target_project/RM_88912.ThuFeb82214322024/round-1/family-0-cons-5.fa
Sequence type: Nucleotide
Keep MBits: T
Maximum file size: 1000000000B
Adding sequences from FASTA; added 1 sequences in 0.000190973 seconds.


