000348 87.5 001710 001781 gi|14 028322 028396 gi|75 
000357 87.5 001710 001781 gi|14 029705 029779 gi|72 
000346 87.5 001781 001718 gi|14 030422 030485 gi|67 
000314 87.1 001720 001781 gi|14 015624 015685 gi|66 
002760 74.0 004447 003021 gi|14 003318 004720 gi|50 
000464 73.9 007009 005443 gi|14 014361 015869 gi|71 
000370 74.9 007806 007500 gi|14 005552 005861 gi|70 
001104 75.3 008238 007523 gi|14 013382 014100 gi|71 
000385 72.4 007533 007836 gi|14 035294 035596 gi|41 
000341 79.8 007979 007569 gi|14 038944 039330 gi|46 
000324 81.2 007594 007811 gi|14 001745 001955 gi|62 
000337 75.0 007890 007623 gi|14 007410 007678 gi|60 
000387 76.5 007630 007897 gi|14 004858 005131 gi|39 
000268 71.5 007881 007633 gi|14 006346 006600 gi|60 
000362 78.1 007636 007868 gi|14 027641 027870 gi|22 
000367 77.1 007659 007815 gi|14 005806 005962 gi|46 
000269 77.3 007664 007888 gi|14 002624 002848 gi|43 
000265 74.0 007715 007983 gi|14 013329 013594 gi|54 
001535 92.4 011637 011375 gi|14 033470 033721 gi|69 
000887 92.2 011534 011382 gi|14 019264 019407 gi|69 
000254 79.8 011401 011494 gi|14 013103 013188 gi|38 
000256 91.4 011414 011483 gi|14 000513 000582 gi|66 
000307 79.6 011428 011628 gi|14 037578 037779 gi|33 
001035 87.0 011433 011594 gi|14 030233 030396 gi|74 
001127 91.2 011433 011637 gi|14 020595 020802 gi|34 
000573 79.2 011436 011646 gi|14 032133 032346 gi|71 
001168 93.0 011637 011437 gi|14 017206 017409 gi|71 
000340 83.2 011444 011532 gi|14 024839 024924 gi|74 
001458 86.6 011451 011755 gi|14 018159 018480 gi|71 
000463 89.3 011534 011460 gi|14 000105 000175 gi|73 
000379 88.1 011637 011529 gi|14 026404 026503 gi|39 
000920 83.8 011535 011769 gi|14 027815 028040 gi|71 
000255 79.6 011535 011637 gi|14 030449 030542 gi|74 
000501 91.0 011535 011601 gi|14 037746 037812 gi|33 
000410 90.3 011637 011535 gi|14 033980 034074 gi|15 
000321 87.1 011627 011535 gi|14 034029 034130 gi|15 
001242 90.7 011757 011565 gi|14 008501 008689 gi|66 
001132 92.1 011589 011753 gi|14 025205 025368 gi|74 
000670 85.4 011591 011748 gi|14 024102 024261 gi|67 
000761 85.9 011754 011599 gi|14 023732 023887 gi|69 
000427 85.7 011757 011667 gi|14 011746 011836 gi|75 
000399 96.0 011750 011701 gi|14 026343 026392 gi|39 
000729 75.2 016662 017705 gi|14 011366 012397 gi|48 
000267 77.4 023558 023849 gi|14 035337 035628 gi|41 
000352 71.8 024110 023607 gi|14 012734 013250 gi|60 
000314 80.0 023712 023841 gi|14 004957 005082 gi|39 
000258 75.8 023712 023864 gi|14 030814 030968 gi|72 
000267 83.3 023787 023716 gi|14 005552 005623 gi|70 
000349 77.2 023716 023807 gi|14 027740 027831 gi|22 
000383 73.2 025025 024271 gi|14 011629 012395 gi|60 
000280 73.8 024597 024273 gi|14 007466 007791 gi|60 
000455 71.9 024788 024276 gi|14 006214 006725 gi|60 
000426 76.1 024278 024553 gi|14 036068 036343 gi|41 
000297 77.0 024666 024397 gi|14 012986 013249 gi|60 
000310 82.9 031521 031602 gi|14 003878 003964 gi|72 
000281 76.0 031621 031543 gi|14 021568 021648 gi|34 
000388 82.1 031653 031548 gi|14 005954 006063 gi|74 
000330 82.1 031622 031556 gi|14 021637 021700 gi|34 
000293 75.8 031745 031556 gi|14 021568 021761 gi|34 
000333 81.7 031563 031622 gi|14 015997 016056 gi|73 
000295 79.6 031746 031566 gi|14 021637 021812 gi|34 
000258 85.1 031627 031581 gi|14 020549 020594 gi|34 
000295 83.3 031703 031768 gi|14 016013 016082 gi|73 
000257 85.1 031751 031705 gi|14 020549 020594 gi|34 
000281 78.9 040178 039881 gi|14 018552 018813 gi|31 
000788 80.8 040178 039966 gi|14 019407 019616 gi|31 
000710 79.9 040028 040171 gi|14 000735 000878 gi|57 
000356 75.4 005569 006771 gi|7 017025 018275 gi|64 
006679 99.1 016994 016222 gi|7 022734 023508 gi|66 
006659 100.0 016973 016224 gi|7 033707 034458 gi|69 
006631 100.0 016227 016987 gi|7 036282 037043 gi|62 
004215 77.7 018400 017068 gi|7 037881 039235 gi|35 
031342 99.5 022299 018682 gi|7 022334 025947 gi|45 
001296 74.8 022365 023038 gi|7 015787 016461 gi|64 
017999 92.8 023004 025353 gi|7 016205 018575 gi|64 
000432 74.0 026085 025940 gi|7 019168 019316 gi|45 
000295 81.5 036853 036632 gi|7 024359 024556 gi|24 
000481 75.8 038247 037926 gi|7 030525 030846 gi|61 
007068 97.7 039058 038208 gi|7 025643 026492 gi|64 
006988 98.7 039053 038242 gi|7 018555 019363 gi|64 
004582 86.1 039053 038264 gi|7 002081 002874 gi|64 
000284 78.0 038948 038867 gi|7 016111 016192 gi|73 
000903 88.8 038868 039055 gi|7 004617 004808 gi|64 
000267 75.8 038917 038978 gi|7 028712 028772 gi|69 
002078 74.8 003986 003060 gi|19 023779 024705 gi|20 
002022 75.5 004356 005832 gi|19 024131 025583 gi|41 
000293 76.3 004575 004991 gi|19 032091 032504 gi|52 
001556 74.1 004594 005889 gi|19 019842 021147 gi|61 
000478 100.0 018434 018484 gi|19 029888 029938 gi|72 
000478 100.0 018434 018484 gi|19 005973 006023 gi|62 
000325 84.3 018484 018434 gi|19 030454 030504 gi|74 
000329 86.3 018484 018434 gi|19 037637 037687 gi|33 
000344 88.0 018484 018435 gi|19 030398 030447 gi|74 
000253 80.0 018484 018435 gi|19 027708 027757 gi|71 
000374 69.7 034830 034646 gi|19 019250 019431 gi|61 
000306 79.0 038118 038179 gi|19 015397 015458 gi|76 
000256 73.1 040154 039887 gi|19 009178 009445 gi|22 
000304 83.4 002031 002338 gi|15 011892 012172 gi|52 
000450 81.0 002279 002054 gi|15 000453 000675 gi|20 
000396 81.2 002054 002297 gi|15 007498 007714 gi|52 
000297 80.3 002297 002054 gi|15 035715 035940 gi|43 
000265 76.0 002057 002302 gi|15 026281 026508 gi|61 
000340 82.8 002385 002477 gi|15 029343 029434 gi|49 
003502 76.2 028976 026784 gi|15 016247 018451 gi|46 
000472 86.6 034141 033881 gi|15 032219 032445 gi|71 
000349 81.9 033895 034038 gi|15 021056 021204 gi|72 
000556 82.2 034166 033931 gi|15 030352 030584 gi|74 
000510 91.8 033937 034021 gi|15 019173 019255 gi|69 
001044 98.0 033947 034099 gi|15 017174 017322 gi|71 
000351 89.5 034017 033961 gi|15 024102 024157 gi|67 
000942 93.3 033968 034102 gi|15 026392 026521 gi|39 
000989 97.0 034099 033969 gi|15 020686 020813 gi|34 
000712 90.8 033969 034088 gi|15 033459 033575 gi|69 
000311 82.3 034020 033970 gi|15 007118 007168 gi|50 
000965 90.2 034132 033980 gi|15 018200 018362 gi|71 
000326 81.9 034135 033981 gi|15 027754 027920 gi|71 
000579 88.4 034135 033990 gi|15 037627 037773 gi|33 
000377 85.9 034159 033990 gi|15 030312 030476 gi|74 
000263 82.2 034135 034001 gi|15 027698 027830 gi|71 
000665 86.2 034135 034006 gi|15 037683 037813 gi|33 
000339 95.3 034077 034014 gi|15 030334 030396 gi|74 
000526 96.0 034095 034020 gi|15 018179 018256 gi|71 
000518 90.7 034053 034149 gi|15 017225 017321 gi|71 
000518 90.7 034149 034053 gi|15 020687 020783 gi|34 
000400 87.3 034053 034131 gi|15 026423 026499 gi|39 
000262 88.5 034053 034130 gi|15 033489 033563 gi|69 
000529 89.0 034135 034054 gi|15 018253 018335 gi|71 
000322 92.0 034135 034061 gi|15 037741 037813 gi|33 
002282 74.5 035427 034361 gi|15 012852 013919 gi|16 
000263 81.2 036786 036955 gi|15 009660 009815 gi|57 
000289 77.7 000826 000946 gi|12 036159 036279 gi|15 
002612 75.7 001340 002775 gi|12 002999 004448 gi|14 
004127 76.6 002711 001384 gi|12 003372 004696 gi|50 
000390 79.0 005241 004989 gi|12 005895 006144 gi|23 
000912 74.5 005441 006484 gi|12 006256 007294 gi|17 
000371 77.3 007238 007532 gi|12 018692 018993 gi|67 
000278 82.5 013095 012970 gi|12 001489 001630 gi|61 
000351 81.0 013102 012987 gi|12 037131 037261 gi|39 
000509 95.3 013105 013021 gi|12 014047 014131 gi|48 
000452 91.0 013028 013105 gi|12 017315 017393 gi|56 
000431 86.1 013028 013106 gi|12 016302 016380 gi|29 
000341 87.3 013106 013028 gi|12 003416 003499 gi|73 
000456 79.0 013392 013179 gi|12 015751 015964 gi|36 
000251 74.0 018394 018107 gi|12 002971 003255 gi|51 
000296 89.6 020045 020140 gi|12 024562 024646 gi|49 
000425 100.0 020049 020097 gi|12 001294 001342 gi|75 
000265 74.2 039772 040066 gi|12 018121 018423 gi|40 
000272 82.8 002543 002410 gi|8 016234 016378 gi|57 
000255 82.0 002537 002410 gi|8 019738 019882 gi|57 
000308 79.2 002427 002633 gi|8 011523 011754 gi|56 
000292 77.8 002573 002430 gi|8 011981 012122 gi|50 
000784 78.2 002661 003119 gi|8 039682 040153 gi|55 
000330 82.0 003193 002911 gi|8 012977 013239 gi|57 
000258 70.6 003099 002998 gi|8 021895 021996 gi|54 
000293 79.3 007117 006847 gi|8 016110 016364 gi|57 
000294 83.1 006849 007008 gi|8 011523 011658 gi|56 
000311 80.0 006983 006849 gi|8 019268 019397 gi|54 
000328 74.3 007015 006880 gi|8 011979 012115 gi|50 
011960 97.9 007057 008517 gi|8 003342 004789 gi|9 
012049 99.3 008489 007069 gi|8 018452 019844 gi|13 
012136 99.5 007109 008499 gi|8 005675 007062 gi|30 
012061 99.5 007136 008490 gi|8 006250 007609 gi|49 
012058 99.3 007150 008508 gi|8 000313 001670 gi|27 
012052 99.9 007162 008491 gi|8 007739 009069 gi|68 
012051 99.9 008488 007162 gi|8 007975 009301 gi|29 
012031 99.8 008490 007164 gi|8 010990 012316 gi|68 
011966 97.8 007164 008590 gi|8 001667 003109 gi|65 
011910 96.5 007164 008779 gi|8 028009 029622 gi|74 
012002 99.4 008579 007166 gi|8 037591 038982 gi|66 
001083 82.6 008509 008938 gi|8 039751 040174 gi|55 
000301 81.8 012231 011985 gi|8 016133 016364 gi|57 
000313 84.7 011987 012149 gi|8 011523 011657 gi|56 
000282 82.2 012121 011987 gi|8 019268 019397 gi|54 
000374 80.9 012153 012018 gi|8 011979 012115 gi|50 
000342 82.8 015538 015475 gi|8 030234 030300 gi|74 
000332 79.7 015475 015548 gi|8 004604 004674 gi|11 
000322 81.2 015478 015541 gi|8 017352 017415 gi|71 
000338 83.6 015538 015478 gi|8 020596 020656 gi|34 
000335 83.0 015478 015536 gi|8 019304 019362 gi|69 
000317 79.4 015478 015545 gi|8 033604 033671 gi|69 
000309 81.4 015536 015478 gi|8 011436 011494 gi|14 
000402 76.3 027215 027964 gi|8 005301 006043 gi|53 
000755 71.9 031409 032554 gi|8 038813 039959 gi|71 
000892 74.3 000954 000010 gi|16 013917 014866 gi|61 
006082 80.4 015329 013835 gi|16 022881 024385 gi|58 
000344 71.7 013929 014557 gi|16 031589 032270 gi|56 
001282 77.2 014925 015301 gi|16 032644 033031 gi|56 
000740 86.7 015329 015157 gi|16 031963 032147 gi|28 
000333 86.9 020005 019922 gi|16 026853 026941 gi|28 
004000 95.5 020431 019925 gi|16 017559 018073 gi|58 
047518 92.4 026962 020215 gi|16 019850 026605 gi|28 
002512 86.6 027277 026814 gi|16 012180 012662 gi|58 
011965 97.0 028695 027260 gi|16 010547 011982 gi|58 
002040 92.8 027531 027268 gi|16 019544 019809 gi|28 
001679 86.9 028817 028458 gi|16 019301 019671 gi|28 
005919 94.2 029558 028796 gi|16 017931 018691 gi|28 
007977 91.5 030142 028797 gi|16 008531 009801 gi|58 
000979 93.0 029690 029533 gi|16 017507 017657 gi|28 
000610 89.3 030142 029890 gi|16 017341 017536 gi|28 
000611 81.6 003804 003691 gi|1 035078 035191 gi|66 
000417 85.2 003799 003719 gi|1 019042 019120 gi|70 
000294 77.9 003724 003800 gi|1 014593 014669 gi|17 
000330 73.1 006441 007058 gi|1 010884 011500 gi|51 
000304 76.2 008871 009076 gi|1 024512 024714 gi|63 
000369 79.0 008967 009142 gi|1 026176 026350 gi|60 
000254 85.0 009534 009435 gi|1 037162 037259 gi|39 
001754 76.0 015087 016396 gi|1 004728 006079 gi|39 
000259 72.2 015713 015124 gi|1 029130 029722 gi|56 
000273 68.7 015132 015422 gi|1 028358 028647 gi|49 
000383 78.9 015403 015172 gi|1 039754 039984 gi|10 
000336 77.7 015699 015203 gi|1 037329 037838 gi|31 
000334 78.2 015222 015777 gi|1 001780 002356 gi|62 
000268 72.8 015301 015785 gi|1 030795 031278 gi|72 
000266 72.5 015304 015405 gi|1 027714 027815 gi|49 
000298 76.1 015715 015306 gi|1 012740 013161 gi|60 
000250 74.4 015319 015490 gi|1 020634 020805 gi|73 
000312 79.7 015622 015754 gi|1 016149 016281 gi|14 
000257 76.1 015789 015677 gi|1 039357 039482 gi|10 
013389 99.7 018947 020471 gi|1 001290 002816 gi|75 
000425 100.0 018951 018999 gi|1 020049 020097 gi|12 
000298 97.2 018952 018987 gi|1 024568 024603 gi|49 
000469 86.6 019105 018994 gi|1 013946 014064 gi|48 
000288 79.8 020364 020207 gi|1 035137 035296 gi|66 
000423 96.3 020411 020464 gi|1 032575 032628 gi|23 
000374 71.9 020819 021135 gi|1 026530 026872 gi|42 
000273 75.3 020914 021095 gi|1 002929 003149 gi|75 
000320 72.6 020918 021355 gi|1 026382 026839 gi|42 
000880 85.6 020921 021135 gi|1 002858 003084 gi|75 
000304 70.3 020960 021259 gi|1 026589 026926 gi|42 
000321 75.1 020997 021470 gi|1 002858 003346 gi|75 
000456 76.2 020997 021387 gi|1 026385 026779 gi|42 
000722 81.5 021068 021397 gi|1 026627 026977 gi|42 
002338 85.5 021113 021657 gi|1 026417 026979 gi|42 
000918 82.5 021143 021387 gi|1 002922 003188 gi|75 
000288 74.8 021245 021541 gi|1 002859 003168 gi|75 
000316 78.3 021257 021555 gi|1 002942 003261 gi|75 
000455 76.8 021316 021639 gi|1 002841 003183 gi|75 
000339 73.0 021332 021694 gi|1 026460 026831 gi|42 
001610 83.9 021392 021961 gi|1 026434 026979 gi|42 
000306 80.8 021449 021859 gi|1 002894 003261 gi|75 
000734 98.8 021576 021496 gi|1 024217 024297 gi|35 
000390 77.3 021504 022000 gi|1 026382 026832 gi|42 
000305 74.3 021507 021845 gi|1 002858 003168 gi|75 
000849 94.2 021758 021655 gi|1 011906 012009 gi|26 
000376 73.6 021669 021994 gi|1 026231 026561 gi|42 
000339 78.2 021795 022240 gi|1 002921 003344 gi|75 
000734 98.8 021880 021800 gi|1 024217 024297 gi|35 
000352 82.8 021876 022137 gi|1 003116 003343 gi|75 
000415 77.5 021893 022429 gi|1 002858 003345 gi|75 
000892 96.3 022065 021959 gi|1 011902 012009 gi|26 
000446 82.9 021980 022137 gi|1 008380 008530 gi|6 
000709 81.4 022076 022511 gi|1 002931 003344 gi|75 
000618 82.2 022079 022477 gi|1 026458 026839 gi|42 
000291 76.7 022080 022302 gi|1 026719 026931 gi|42 
000319 76.3 022081 022468 gi|1 002857 003227 gi|75 
000371 74.5 022180 022434 gi|1 026721 026971 gi|42 
000307 78.7 022367 022474 gi|1 026456 026569 gi|42 
000549 79.0 022371 022869 gi|1 002857 003346 gi|75 
000312 77.6 022434 022947 gi|1 002837 003343 gi|75 
000312 77.4 022451 022618 gi|1 012686 012848 gi|23 
000439 77.2 022628 022798 gi|1 012663 012858 gi|23 
000455 71.4 022630 023034 gi|1 026530 026961 gi|42 
000419 76.1 022644 023019 gi|1 026456 026851 gi|42 
000308 78.7 022720 022869 gi|1 008379 008533 gi|6 
000775 77.8 022760 023048 gi|1 002886 003197 gi|75 
001011 84.8 022793 023003 gi|1 002839 003039 gi|75 
030277 97.4 022795 026376 gi|1 003117 006756 gi|75 
000285 73.5 022805 023000 gi|1 026452 026654 gi|42 
000341 73.7 022876 023054 gi|1 026444 026618 gi|42 
000355 82.8 022890 022947 gi|1 002855 002912 gi|75 
000344 84.2 022985 023041 gi|1 002858 002914 gi|75 
000483 88.2 023118 023043 gi|1 026671 026746 gi|26 
031109 99.8 026376 023057 gi|1 022856 026175 gi|26 
000472 93.5 023118 023057 gi|1 026393 026453 gi|26 
000404 88.7 023118 023057 gi|1 026928 026988 gi|26 
029924 99.1 023057 026376 gi|1 007343 010739 gi|23 
000549 83.3 026350 026499 gi|1 003093 003224 gi|75 
000319 81.9 026368 026555 gi|1 002834 003000 gi|75 
000317 83.3 026376 026507 gi|1 026798 026929 gi|42 
000317 73.3 026432 026562 gi|1 026762 026890 gi|42 
016396 97.4 028461 026556 gi|1 020863 022788 gi|26 
016407 98.0 026556 028588 gi|1 006929 008903 gi|75 
016282 99.5 026556 028301 gi|1 010912 012660 gi|23 
000981 73.7 032258 031110 gi|1 033782 034930 gi|45 
000790 73.9 034289 033826 gi|1 013611 014075 gi|43 
000711 71.9 033843 034440 gi|1 022651 023246 gi|39 
001055 72.1 033878 034555 gi|1 024460 025137 gi|39 
000257 76.6 034145 033971 gi|1 030463 030643 gi|43 
000320 77.0 034126 034005 gi|1 036787 036924 gi|57 
000290 74.5 034148 034039 gi|1 037626 037735 gi|31 
000297 75.5 034143 034046 gi|1 029440 029537 gi|56 
000251 79.2 034269 034145 gi|1 032119 032240 gi|13 
000250 78.2 034354 034504 gi|1 006190 006343 gi|46 
000975 79.0 023940 023346 gi|3 019723 020299 gi|37 
000262 80.8 027259 027078 gi|3 038793 038961 gi|50 
000260 78.0 027269 027111 gi|3 011968 012128 gi|8 
000250 77.4 027216 027111 gi|3 002442 002550 gi|8 
000272 78.4 029975 030113 gi|3 008863 009001 gi|62 
000287 73.0 029977 030198 gi|3 010816 011022 gi|71 
000275 82.9 030002 030106 gi|3 017709 017813 gi|43 
000345 68.8 030022 030258 gi|3 008055 008291 gi|62 
000263 76.4 030773 031073 gi|3 008816 009124 gi|62 
000280 72.9 039738 039488 gi|3 021833 022083 gi|61 
000464 75.8 001376 001796 gi|18 019051 019458 gi|61 
000268 74.0 001768 001388 gi|18 034644 035048 gi|19 
000687 76.6 001474 001840 gi|18 023657 024020 gi|41 
000451 77.9 005943 006155 gi|18 009487 009696 gi|40 
000305 81.3 019313 019462 gi|18 031375 031538 gi|73 
000587 81.6 004017 004255 gi|13 021642 021861 gi|34 
000414 80.0 004017 004156 gi|13 021700 021835 gi|34 
000360 83.3 004148 004017 gi|13 015932 016051 gi|73 
000709 82.4 004023 004215 gi|13 021578 021761 gi|34 
000333 84.7 004223 004041 gi|13 014603 014782 gi|45 
000523 83.2 004225 004048 gi|13 015924 016087 gi|73 
000289 74.6 004171 004058 gi|13 011035 011148 gi|39 
000282 82.6 004062 004147 gi|13 005971 006055 gi|74 
000488 78.4 004063 004215 gi|13 021548 021700 gi|34 
000266 83.8 004161 004063 gi|13 031543 031638 gi|14 
000273 93.2 004125 004082 gi|13 031703 031745 gi|14 
000379 91.1 004165 004110 gi|13 014726 014782 gi|45 
000366 85.4 004214 004119 gi|13 015991 016086 gi|73 
000279 81.0 004131 004225 gi|13 005971 006063 gi|74 
000257 81.0 004226 004132 gi|13 031547 031638 gi|14 
000297 75.5 013188 013411 gi|13 013712 013932 gi|43 
000251 78.2 014557 014643 gi|13 030101 030187 gi|43 
000262 81.9 015131 014883 gi|13 022709 022957 gi|39 
000286 79.8 015127 014970 gi|13 036127 036299 gi|41 
000253 78.2 015135 014971 gi|13 024328 024508 gi|14 
011944 98.0 019784 018244 gi|13 001660 003148 gi|65 
011978 97.9 019841 018357 gi|13 000261 001730 gi|27 
012045 99.5 018424 019783 gi|13 010957 012320 gi|68 
012073 99.7 019783 018431 gi|13 028005 029356 gi|74 
012128 99.4 019807 018445 gi|13 006253 007615 gi|49 
012044 98.2 019922 018452 gi|13 005590 007055 gi|30 
012051 100.0 019778 018453 gi|13 007740 009066 gi|68 
012049 100.0 018453 019775 gi|13 007975 009297 gi|29 
012004 99.1 018453 019839 gi|13 037660 039039 gi|66 
000369 79.4 023000 022860 gi|13 017380 017520 gi|66 
000310 77.2 023000 022922 gi|13 030480 030558 gi|72 
000310 77.2 022922 023000 gi|13 028504 028582 gi|67 
000294 76.0 023000 022922 gi|13 030209 030287 gi|75 
000251 85.5 027397 027343 gi|13 030502 030557 gi|74 
001055 74.8 029810 030993 gi|13 034519 035708 gi|54 
000533 75.8 035412 034490 gi|13 017401 018347 gi|66 
000483 74.4 035258 034596 gi|13 008600 009250 gi|49 
000264 76.9 000422 000689 gi|20 035708 035954 gi|43 
000342 73.2 000791 000497 gi|20 007373 007667 gi|52 
000284 84.8 000692 000647 gi|20 011895 011940 gi|52 
002686 79.5 022703 023506 gi|20 015608 016420 gi|49 
001839 73.7 030184 031615 gi|20 035700 037138 gi|72 
000337 81.4 035138 034903 gi|20 025424 025688 gi|61 
000833 74.3 037355 038358 gi|20 029010 030007 gi|53 
000782 73.5 038656 037380 gi|20 034467 035736 gi|46 
001613 72.3 009094 007632 gi|4 009127 010600 gi|15 
000481 74.7 011196 010493 gi|4 025240 025940 gi|53 
000537 77.5 012305 012646 gi|4 000588 000938 gi|26 
000421 77.1 012854 012327 gi|4 014507 015024 gi|5 
000575 73.5 012328 012651 gi|4 007477 007803 gi|52 
000408 75.0 012654 012331 gi|4 035624 035955 gi|43 
000522 77.0 012662 012332 gi|4 010776 011109 gi|10 
000278 78.2 012343 012571 gi|4 026269 026503 gi|61 
000427 74.7 012410 012654 gi|4 011967 012219 gi|52 
000290 80.4 018534 018438 gi|4 027738 027825 gi|22 
000292 70.9 021542 021682 gi|4 014452 014586 gi|62 
000283 91.3 029234 029166 gi|4 026947 027015 gi|55 
001002 78.9 034214 033219 gi|4 014034 015010 gi|67 
001491 89.7 000001 000261 gi|11 030300 030554 gi|74 
000572 92.9 000098 000001 gi|11 017240 017349 gi|71 
000421 85.7 000001 000112 gi|11 032192 032299 gi|71 
000531 90.8 000001 000098 gi|11 020659 020768 gi|34 
000869 92.9 000001 000113 gi|11 011497 011608 gi|14 
000848 96.9 000098 000001 gi|11 033504 033601 gi|69 
000337 100.0 000038 000001 gi|11 019264 019301 gi|69 
000280 92.1 000038 000001 gi|11 000105 000142 gi|73 
001132 88.7 000262 000016 gi|11 033967 034198 gi|15 
000609 84.0 000027 000176 gi|11 030378 030524 gi|74 
000291 84.7 000098 000027 gi|11 034014 034088 gi|15 
000401 84.9 000027 000112 gi|11 018244 018330 gi|71 
000291 84.6 000027 000078 gi|11 032270 032323 gi|71 
000465 89.0 000027 000108 gi|11 037732 037811 gi|33 
000565 81.4 000039 000248 gi|11 027703 027920 gi|71 
000498 86.9 000039 000175 gi|11 018202 018335 gi|71 
000476 82.2 000039 000223 gi|11 037632 037813 gi|33 
000421 80.6 000040 000168 gi|11 037691 037813 gi|33 
000461 86.1 000078 000228 gi|11 027690 027830 gi|71 
000409 82.3 000157 000079 gi|11 029884 029962 gi|72 
000930 89.4 000080 000239 gi|11 037618 037773 gi|33 
000262 80.3 000098 000239 gi|11 030338 030476 gi|74 
000560 88.2 000098 000249 gi|11 018203 018362 gi|71 
000345 88.2 000152 000102 gi|11 005973 006023 gi|62 
000345 88.2 000152 000102 gi|11 018434 018484 gi|19 
000701 87.7 000260 000115 gi|11 033459 033608 gi|69 
000456 90.4 000230 000148 gi|11 034053 034135 gi|15 
000387 82.1 000155 000260 gi|11 032227 032355 gi|71 
000305 95.0 000156 000215 gi|11 030338 030396 gi|74 
000984 100.0 000260 000156 gi|11 017195 017299 gi|71 
000475 98.2 000156 000209 gi|11 018203 018256 gi|71 
000944 87.1 000387 000156 gi|11 026273 026497 gi|39 
000941 95.5 000156 000267 gi|11 020709 020820 gi|34 
000390 89.4 000156 000249 gi|11 011536 011637 gi|14 
000345 82.9 000260 000191 gi|11 021138 021204 gi|72 
000501 100.0 000260 000208 gi|11 019203 019255 gi|69 
000279 81.9 000209 000324 gi|11 007118 007247 gi|50 
000342 88.2 000212 000262 gi|11 024102 024153 gi|67 
000681 84.2 004669 004417 gi|11 020594 020838 gi|34 
000396 81.8 004567 004431 gi|11 030449 030576 gi|74 
000702 86.6 004448 004671 gi|11 017195 017416 gi|71 
000589 78.0 004661 004448 gi|11 032135 032355 gi|71 
000718 81.9 004448 004668 gi|11 033459 033665 gi|69 
000798 82.7 004669 004456 gi|11 030232 030448 gi|74 
000358 76.8 004567 004456 gi|11 027703 027814 gi|71 
000589 82.1 004567 004456 gi|11 037632 037745 gi|33 
000341 84.9 004509 004457 gi|11 030338 030390 gi|74 
000283 82.0 004457 004567 gi|11 034020 034130 gi|15 
000330 85.6 004567 004457 gi|11 018202 018312 gi|71 
000523 77.9 004669 004457 gi|11 037584 037799 gi|33 
000358 86.8 004509 004457 gi|11 011536 011588 gi|14 
000372 79.1 004567 004477 gi|11 027815 027912 gi|71 
000370 78.5 004671 004477 gi|11 018138 018353 gi|71 
000749 83.7 004782 004477 gi|11 011345 011628 gi|14 
000434 78.9 004674 004495 gi|11 027634 027830 gi|71 
000332 80.7 004508 004569 gi|11 029884 029945 gi|72 
000261 80.4 004512 004562 gi|11 005973 006023 gi|62 
000261 80.4 004512 004562 gi|11 018434 018484 gi|19 
000595 84.0 004569 004668 gi|11 019265 019365 gi|69 
000331 79.5 004569 004646 gi|11 000106 000181 gi|73 
000256 80.7 004657 004570 gi|11 024839 024924 gi|74 
004337 75.0 005546 009271 gi|11 004976 008706 gi|35 
001099 75.8 010457 011237 gi|11 032515 033297 gi|60 
000319 76.8 014321 013916 gi|11 030970 031375 gi|60 
000257 87.8 014909 014990 gi|11 008666 008735 gi|18 
000542 77.4 017655 018128 gi|11 002385 002849 gi|18 
000495 75.1 025231 025852 gi|11 002430 003050 gi|71 
000276 79.8 025597 025764 gi|11 002558 002714 gi|32 
000968 75.9 030403 031671 gi|11 003303 004571 gi|39 
000364 76.5 030577 031668 gi|11 003105 004195 gi|38 
000686 77.1 031878 032943 gi|11 003494 004568 gi|39 
000268 73.7 035935 036139 gi|11 036168 036372 gi|41 
000347 80.5 036015 036163 gi|11 005837 005994 gi|46 
000250 75.4 000385 000008 gi|6 008986 009351 gi|32 
000335 73.8 000113 000391 gi|6 023401 023680 gi|55 
000317 82.5 000132 000331 gi|6 014525 014724 gi|70 
000286 75.9 004288 005167 gi|6 026314 027160 gi|17 
000371 85.0 008330 008449 gi|6 026183 026308 gi|42 
000774 98.9 008462 008549 gi|6 003275 003361 gi|75 
000740 98.8 008462 008542 gi|6 026446 026526 gi|42 
000273 82.5 008477 008670 gi|6 039880 040051 gi|74 
000468 75.1 010603 009902 gi|6 023102 023824 gi|33 
000510 80.7 012481 011880 gi|6 016047 016634 gi|73 
000384 86.7 012102 012259 gi|6 012173 012324 gi|42 
000263 76.7 012612 012360 gi|6 016289 016537 gi|73 
000289 88.7 012471 012647 gi|6 012173 012333 gi|42 
000294 76.6 016045 015764 gi|6 024435 024715 gi|39 
000256 82.9 015818 015887 gi|6 030526 030595 gi|43 
001038 75.4 020139 019367 gi|6 020916 021685 gi|75 
000441 76.0 020538 020774 gi|6 005931 006170 gi|9 
000580 74.8 034382 033831 gi|6 012248 012760 gi|33 
000806 78.2 033850 034482 gi|6 008842 009464 gi|66 
000535 76.8 033934 034338 gi|6 015160 015540 gi|52 
000412 76.5 039532 040020 gi|6 020674 021144 gi|52 
000474 76.8 001573 000211 gi|5 034375 035732 gi|46 
000552 75.6 000344 001179 gi|5 037513 038347 gi|20 
001004 76.2 000354 001179 gi|5 029174 029996 gi|53 
000543 71.7 004028 004673 gi|5 016839 017481 gi|64 
000564 72.5 004028 004690 gi|5 023641 024303 gi|7 
000352 74.8 005302 004965 gi|5 025468 025818 gi|23 
000314 69.9 005066 005311 gi|5 017904 018151 gi|64 
000413 72.8 005066 005311 gi|5 024706 024953 gi|7 
000371 71.2 005105 005302 gi|5 006452 006648 gi|7 
000496 80.5 005949 006102 gi|5 004089 004244 gi|13 
000278 75.5 005949 006107 gi|5 021645 021786 gi|34 
000322 86.0 006085 005950 gi|5 015924 016047 gi|73 
000276 75.3 005950 006107 gi|5 021576 021725 gi|34 
000280 76.7 005951 006122 gi|5 021705 021867 gi|34 
000376 80.4 005952 006099 gi|5 004023 004172 gi|13 
000259 86.7 006026 006085 gi|5 006005 006063 gi|74 
000266 95.7 006083 006038 gi|5 014603 014649 gi|45 
001168 73.9 007410 006395 gi|5 006183 007196 gi|61 
003709 82.4 015712 014630 gi|5 006777 007871 gi|52 
000287 75.9 015001 014633 gi|5 026282 026658 gi|61 
000962 76.9 015021 014672 gi|5 011896 012241 gi|52 
000583 75.7 014678 015035 gi|5 010770 011126 gi|10 
000742 79.1 014693 015161 gi|5 035621 036051 gi|43 
000712 75.0 015019 014780 gi|5 000615 000863 gi|26 
000342 78.2 015004 014789 gi|5 002055 002297 gi|15 
000272 79.3 015490 015303 gi|5 011698 011889 gi|52 
002712 76.2 017638 015893 gi|5 030735 032494 gi|59 
000501 82.4 018445 019058 gi|5 007215 007783 gi|53 
004562 86.5 034669 035584 gi|5 014855 015769 gi|64 
001081 79.4 035514 036607 gi|5 031318 032407 gi|7 
000427 73.7 013589 014181 gi|17 029872 030461 gi|29 
000293 81.9 014669 014515 gi|17 035082 035245 gi|66 
000358 83.1 014717 014588 gi|17 019006 019122 gi|70 
000376 76.5 023842 024365 gi|17 004541 005073 gi|19 
000367 73.9 023884 024297 gi|17 019843 020256 gi|61 
000335 73.4 024089 024694 gi|17 024575 025213 gi|41 
000296 78.2 024097 024289 gi|17 032321 032505 gi|52 
000294 81.7 028872 028643 gi|17 012493 012730 gi|35 
002842 77.4 030777 031790 gi|17 033483 034502 gi|70 
000662 78.0 032096 032586 gi|17 034090 034567 gi|70 
000547 81.7 032587 032908 gi|17 034692 035022 gi|70 
000275 89.1 036284 036239 gi|17 024987 025036 gi|47 
000291 70.4 039830 040045 gi|17 004269 004476 gi|40 
011969 96.9 004806 003278 gi|9 037600 039143 gi|66 
011955 98.0 003334 004783 gi|9 005619 007073 gi|30 
011979 97.6 003339 004820 gi|9 006187 007667 gi|49 
012017 98.5 004787 003359 gi|9 018427 019848 gi|13 
012064 99.5 003395 004766 gi|9 001638 002997 gi|65 
012041 99.0 004840 003411 gi|9 010929 012354 gi|68 
012063 99.3 003433 004806 gi|9 000321 001687 gi|27 
012054 99.8 003435 004775 gi|9 028009 029348 gi|74 
012031 99.9 003437 004759 gi|9 007744 009066 gi|68 
012004 99.0 004806 003437 gi|9 007913 009297 gi|29 
000298 72.4 023390 024121 gi|9 030294 031058 gi|50 
000337 87.8 032249 032160 gi|9 036850 036931 gi|15 
000257 79.3 028191 027627 gi|22 005162 005736 gi|70 
000278 76.8 027818 027737 gi|22 009985 010066 gi|71 
000279 81.5 027829 027738 gi|22 007472 007563 gi|60 
000255 74.7 027738 027832 gi|22 004958 005052 gi|39 
000253 74.4 027738 027823 gi|22 005880 005964 gi|46 
000912 77.1 033755 034696 gi|22 039239 040178 gi|28 
000330 73.6 002292 003490 gi|10 003124 004341 gi|14 
000369 74.5 003529 002312 gi|10 003382 004594 gi|50 
000549 74.5 002887 003533 gi|10 002061 002710 gi|12 
000268 78.5 005085 005191 gi|10 011695 011802 gi|52 
000300 76.6 006036 005699 gi|10 029048 029383 gi|37 
000595 72.5 005727 006035 gi|10 004684 004992 gi|24 
000565 74.8 011114 010777 gi|10 007477 007809 gi|52 
000591 80.4 011109 010783 gi|10 011898 012216 gi|52 
000795 78.0 010784 011151 gi|10 035627 035994 gi|43 
000324 88.9 010931 010797 gi|10 002235 002375 gi|15 
000276 75.1 010861 011109 gi|10 000420 000689 gi|20 
000445 78.5 011109 010863 gi|10 000615 000861 gi|26 
000255 76.5 019552 019370 gi|10 006254 006436 gi|48 
000857 74.5 034185 034883 gi|10 037713 038415 gi|36 
000453 73.7 035558 036613 gi|10 023378 024481 gi|62 
000491 75.5 039937 038883 gi|10 030712 031800 gi|72 
000285 75.2 039387 039982 gi|10 024819 025421 gi|69 
000324 77.2 039578 039399 gi|10 034379 034557 gi|42 
000338 75.2 039874 039589 gi|10 013299 013598 gi|54 
000290 76.2 039934 039750 gi|10 004848 005029 gi|25 
000259 77.2 039976 039758 gi|10 001752 001953 gi|62 
000266 73.6 001360 000084 gi|2 027825 029119 gi|6 
000355 84.6 027027 026756 gi|2 017292 017544 gi|56 
000313 83.8 026891 026995 gi|2 001455 001557 gi|61 
000254 87.5 026998 026903 gi|2 013540 013626 gi|47 
000268 86.9 026929 027012 gi|2 003433 003511 gi|73 
000535 96.2 026929 027006 gi|2 014060 014135 gi|48 
000411 90.4 027001 026929 gi|2 013023 013092 gi|12 
000349 87.3 027007 026929 gi|2 016289 016366 gi|29 
000328 85.5 026929 027011 gi|2 037141 037221 gi|39 
000294 77.6 029985 029910 gi|2 036853 036927 gi|15 
000256 73.8 031392 030912 gi|2 024134 024616 gi|74 
002357 86.0 031630 032123 gi|2 019159 019717 gi|37 
002665 87.7 032683 032138 gi|2 016269 016862 gi|33 
002400 88.7 032138 032516 gi|2 018836 019212 gi|37 
000256 100.0 032553 032591 gi|2 019201 019239 gi|37 
000254 83.2 034538 034438 gi|2 014400 014502 gi|33 
000358 85.6 034705 034518 gi|2 012155 012326 gi|42 
000424 83.3 034732 034523 gi|2 012434 012623 gi|6 
001028 82.6 034879 034536 gi|2 011904 012242 gi|6 
000878 86.5 034557 034890 gi|2 016309 016613 gi|73 
000316 72.6 034949 035553 gi|2 006520 007131 gi|29 
000640 83.5 036061 035929 gi|2 010806 010941 gi|33 
000276 80.2 035993 036275 gi|2 021147 021442 gi|37 
012016 98.7 000250 001654 gi|27 001593 002997 gi|65 
012034 99.3 000273 001657 gi|27 005692 007061 gi|30 
012077 99.0 001710 000320 gi|27 007917 009302 gi|29 
012066 99.9 000320 001649 gi|27 007738 009068 gi|68 
012048 99.8 001654 000320 gi|27 037654 038989 gi|66 
012011 99.1 000322 001734 gi|27 006282 007689 gi|49 
012054 99.9 001647 000323 gi|27 010992 012316 gi|68 
012038 99.8 000323 001647 gi|27 028009 029333 gi|74 
000427 84.5 003283 003181 gi|27 038762 038862 gi|44 
000270 80.2 003438 003191 gi|27 024633 024857 gi|74 
000299 90.7 003197 003250 gi|27 018860 018913 gi|49 
000279 80.0 008911 008832 gi|27 026905 026979 gi|55 
000494 85.9 008833 008960 gi|27 026918 027036 gi|55 
000418 87.7 008834 008914 gi|27 000163 000242 gi|65 
000261 83.8 008969 008834 gi|27 020981 021109 gi|51 
000355 92.0 008886 008837 gi|27 030277 030325 gi|59 
000430 88.7 021578 021438 gi|27 005302 005438 gi|56 
000314 75.6 022765 022598 gi|27 017726 017896 gi|43 
000345 73.5 022678 022809 gi|27 004942 005073 gi|39 
000265 78.7 024507 024694 gi|27 006681 006874 gi|53 
000311 79.9 024904 025077 gi|27 021590 021762 gi|34 
000259 78.3 024904 025083 gi|27 021656 021831 gi|34 
000374 83.3 025011 024916 gi|27 015934 016024 gi|73 
000580 82.7 025202 024932 gi|27 015762 016072 gi|73 
000432 81.9 024964 025118 gi|27 016257 016426 gi|36 
000310 79.0 024964 025077 gi|27 021589 021701 gi|34 
000304 87.9 025072 024982 gi|27 015994 016085 gi|73 
000616 74.3 036854 035173 gi|27 037077 038755 gi|38 
000878 76.0 040142 039723 gi|27 012665 013087 gi|40 
000558 78.4 000378 000027 gi|25 025052 025379 gi|65 
002810 81.1 003115 002491 gi|25 037305 037926 gi|50 
000266 73.7 004837 005030 gi|25 036180 036377 gi|41 
000334 84.7 004846 005035 gi|25 001781 001963 gi|62 
000321 72.8 005029 004846 gi|25 029437 029623 gi|56 
000291 73.6 005067 004939 gi|25 009946 010071 gi|71 
000283 76.6 034972 034759 gi|25 023406 023604 gi|55 
000336 75.2 005911 005457 gi|24 001877 002375 gi|62 
000264 74.5 005936 005490 gi|24 004933 005397 gi|39 
000514 73.5 005497 006160 gi|24 013464 014149 gi|71 
000630 74.8 005533 006175 gi|24 005246 005887 gi|70 
000285 74.8 005827 006068 gi|24 030554 030826 gi|71 
000260 69.0 005833 005932 gi|24 013763 013863 gi|43 
000418 74.3 015576 015137 gi|24 032288 032736 gi|33 
000282 80.7 015958 016050 gi|24 014030 014126 gi|48 
000254 83.1 016050 015968 gi|24 017316 017401 gi|56 
000273 82.0 015990 016050 gi|24 001497 001557 gi|61 
000256 72.4 027144 027259 gi|24 023773 023885 gi|74 
000431 71.5 001418 001841 gi|32 026588 027008 gi|65 
000290 79.8 004164 004252 gi|32 032164 032252 gi|56 
000290 68.3 035752 035890 gi|32 031736 031879 gi|56 
001582 82.1 037199 037567 gi|32 002032 002402 gi|42 
001764 87.5 037219 037563 gi|32 034333 034697 gi|66 
001106 85.2 037578 037276 gi|32 025077 025365 gi|42 
000325 83.5 037485 037563 gi|32 019233 019315 gi|73 
000283 76.5 038187 038120 gi|32 023342 023407 gi|42 
000931 75.5 000862 000205 gi|26 035707 036349 gi|43 
000475 77.3 000525 000863 gi|26 011810 012137 gi|52 
000766 74.7 000615 000938 gi|26 007484 007798 gi|52 
000351 73.4 000633 000854 gi|26 026282 026503 gi|61 
001714 74.5 013910 012391 gi|26 009264 010784 gi|36 
000261 76.5 012592 012512 gi|26 031900 031981 gi|52 
000961 73.9 014563 013967 gi|26 002793 003393 gi|40 
000508 78.0 015381 014896 gi|26 001977 002454 gi|40 
016759 99.5 022845 020970 gi|26 006888 008745 gi|75 
030335 99.1 026181 022813 gi|26 003354 006799 gi|75 
000470 91.0 026459 026393 gi|26 003354 003421 gi|75 
000470 93.4 026731 026671 gi|26 003360 003421 gi|75 
000402 88.5 026988 026928 gi|26 003360 003421 gi|75 
000302 80.8 034451 034374 gi|26 033213 033290 gi|48 
000743 86.7 024290 024141 gi|35 003131 003276 gi|75 
000676 98.7 024214 024141 gi|35 026374 026447 gi|42 
000705 97.5 024297 024217 gi|35 026806 026886 gi|42 
000375 76.1 025499 024910 gi|35 029309 029899 gi|58 
000677 74.3 025540 024911 gi|35 023313 023939 gi|67 
000264 76.7 025157 025259 gi|35 028435 028537 gi|43 
000431 74.7 027386 026671 gi|35 021618 022323 gi|67 
000416 84.2 034180 034331 gi|35 031122 031277 gi|41 
000675 76.9 035029 034280 gi|35 003019 003795 gi|42 
000688 78.4 035606 035832 gi|35 028472 028698 gi|67 
000714 77.4 035832 035625 gi|35 030093 030301 gi|75 
000663 78.7 035832 035641 gi|35 017264 017457 gi|66 
000463 74.6 037222 037504 gi|35 005673 005955 gi|36 
001564 74.4 007899 006519 gi|33 023758 025140 gi|37 
002817 77.5 010877 009512 gi|33 021147 022506 gi|37 
000385 70.1 012718 012297 gi|33 015112 015535 gi|52 
000655 74.2 012740 012354 gi|33 008843 009247 gi|66 
000285 100.0 014472 014438 gi|33 021134 021168 gi|37 
000304 72.9 015415 014874 gi|33 020290 020838 gi|37 
000406 73.7 014924 015174 gi|33 002560 002810 gi|38 
005599 96.4 017092 016403 gi|33 018609 019296 gi|37 
000409 74.3 034198 033822 gi|33 002773 003151 gi|61 
000458 79.0 037548 037799 gi|33 030202 030447 gi|74 
000361 80.0 037773 037574 gi|33 033480 033673 gi|69 
000422 81.4 037580 037767 gi|33 020588 020784 gi|34 
000614 80.8 037582 037784 gi|33 032126 032322 gi|71 
000439 80.8 037773 037586 gi|33 017216 017413 gi|71 
000626 81.1 037605 037826 gi|33 030311 030538 gi|74 
000678 89.7 037609 037764 gi|33 018165 018333 gi|71 
000388 85.1 037617 037710 gi|33 018243 018335 gi|71 
000656 87.0 037627 037764 gi|33 027754 027891 gi|71 
000634 81.6 037627 037811 gi|33 027698 027884 gi|71 
000519 86.8 037627 037709 gi|33 027810 027892 gi|71 
000523 95.2 037627 037689 gi|33 030444 030506 gi|74 
000376 88.5 037692 037632 gi|33 029884 029943 gi|72 
000316 86.3 037687 037637 gi|33 005973 006023 gi|62 
000286 80.6 037671 037799 gi|33 027685 027813 gi|71 
000768 91.0 037691 037801 gi|33 018203 018314 gi|71 
000365 83.1 037773 037691 gi|33 026414 026497 gi|39 
000484 86.6 037813 037732 gi|33 033496 033575 gi|69 
000302 91.8 037739 037799 gi|33 018192 018256 gi|71 
000311 85.9 037813 037743 gi|33 017232 017303 gi|71 
000491 94.9 037743 037801 gi|33 030334 030392 gi|74 
000321 86.2 037743 037822 gi|33 020705 020791 gi|34 
000255 76.0 009970 009517 gi|36 028925 029368 gi|41 
000376 76.1 016037 016128 gi|36 028335 028425 gi|75 
000376 77.2 016037 016128 gi|36 029718 029809 gi|72 
000376 76.1 016128 016037 gi|36 030393 030483 gi|67 
000351 75.0 016037 016128 gi|36 015624 015714 gi|66 
000281 92.1 016169 016132 gi|36 015947 015984 gi|73 
000353 87.8 016230 016149 gi|36 015947 016024 gi|73 
000373 81.4 016291 016195 gi|36 015947 016036 gi|73 
000505 82.0 016375 016215 gi|36 015925 016085 gi|73 
000289 75.0 023326 023893 gi|36 010964 011503 gi|51 
000256 77.1 007324 007524 gi|40 038123 038323 gi|71 
000444 74.5 011493 010205 gi|40 001261 002568 gi|70 
001203 73.9 012515 011704 gi|40 000168 000977 gi|70 
000323 77.0 014955 014712 gi|40 002531 002774 gi|70 
001484 73.8 022301 020908 gi|40 019457 020860 gi|70 
000271 81.5 012296 012398 gi|41 025592 025704 gi|47 
002217 73.8 019213 018010 gi|41 007752 008972 gi|59 
000339 77.6 020257 020832 gi|41 023933 024482 gi|62 
005132 76.7 023566 025758 gi|41 019054 021259 gi|61 
000418 76.0 024404 024753 gi|41 032136 032491 gi|52 
001196 73.2 029675 030496 gi|41 025562 026377 gi|52 
000525 74.3 035951 035241 gi|41 012690 013397 gi|60 
000799 76.1 035952 035266 gi|41 007101 007790 gi|60 
000385 72.6 035584 035271 gi|41 029430 029743 gi|56 
000301 72.7 035920 035298 gi|41 011717 012369 gi|60 
000562 75.6 035927 035300 gi|41 006043 006685 gi|60 
000264 75.5 035415 035940 gi|41 005802 006336 gi|46 
000298 82.4 035465 035572 gi|41 001851 001956 gi|62 
000270 73.8 036576 036077 gi|41 012867 013359 gi|60 
000778 77.1 036857 036081 gi|41 005929 006710 gi|60 
000255 76.6 036372 036164 gi|41 039092 039300 gi|46 
000596 70.9 036762 036165 gi|41 011694 012291 gi|60 
000375 76.0 036770 036243 gi|41 007102 007606 gi|60 
000255 80.0 036276 036340 gi|41 014206 014270 gi|42 
000273 77.2 037940 038110 gi|41 014228 014398 gi|60 
000578 78.6 001805 002257 gi|23 036867 037286 gi|59 
031467 99.1 010782 007211 gi|23 022813 026308 gi|26 
001624 96.9 007404 007211 gi|23 026393 026586 gi|26 
001255 95.4 007404 007211 gi|23 026671 026843 gi|26 
000615 88.9 007404 007315 gi|23 026928 027016 gi|26 
049672 99.6 007340 012662 gi|23 003357 008679 gi|75 
000462 81.0 010440 010592 gi|23 006727 006880 gi|75 
000477 83.1 010710 010863 gi|23 006457 006609 gi|75 
016667 99.7 012660 010871 gi|23 021039 022845 gi|26 
000835 81.9 012662 012854 gi|23 026524 026700 gi|42 
000273 79.3 012686 012796 gi|23 026813 026924 gi|42 
000252 81.2 030424 030508 gi|23 004593 004674 gi|60 
000283 75.2 032057 031727 gi|23 035169 035499 gi|62 
000411 96.2 032575 032627 gi|23 002755 002807 gi|75 
000390 75.4 000764 000966 gi|31 039977 040178 gi|32 
000445 81.8 001749 001951 gi|31 039977 040177 gi|32 
000556 79.8 003158 003375 gi|31 039961 040178 gi|32 
000501 79.0 004435 004662 gi|31 039948 040175 gi|32 
000649 85.4 005529 005815 gi|31 039916 040178 gi|32 
000600 85.4 006596 006931 gi|31 039866 040178 gi|32 
000501 85.4 007764 007969 gi|31 039980 040178 gi|32 
000610 81.9 008816 009047 gi|31 039951 040178 gi|32 
000441 82.9 009898 010108 gi|31 039966 040175 gi|32 
015637 98.4 012658 010874 gi|31 003594 005384 gi|42 
000438 76.3 012459 012631 gi|31 034280 034452 gi|35 
001334 92.4 013250 013027 gi|31 002991 003221 gi|42 
000573 78.5 013059 013398 gi|31 034865 035195 gi|35 
000357 80.5 014045 013544 gi|31 002249 002726 gi|42 
000824 80.2 013846 014198 gi|31 039830 040175 gi|32 
000654 73.8 017719 017056 gi|31 000004 000675 gi|57 
000781 73.2 017897 017068 gi|31 000711 001547 gi|57 
002135 74.4 019403 017858 gi|31 000004 001543 gi|57 
000688 70.0 018539 018057 gi|31 000013 000494 gi|57 
002303 76.3 020389 018766 gi|31 000004 001510 gi|57 
000543 76.1 020623 019746 gi|31 000662 001507 gi|57 
000859 73.0 037260 037899 gi|31 029061 029708 gi|56 
000357 73.7 037806 037332 gi|31 005784 006284 gi|46 
000258 72.0 037344 037728 gi|31 012763 013161 gi|60 
000340 80.0 037387 037811 gi|31 011819 012264 gi|60 
000317 74.7 037809 037391 gi|31 013253 013669 gi|54 
000488 72.2 037424 037913 gi|31 006182 006700 gi|60 
000350 74.0 037447 037811 gi|31 030278 030645 gi|43 
000416 79.3 037811 037455 gi|31 030717 031073 gi|72 
000507 73.0 037913 037465 gi|31 004760 005208 gi|39 
000407 74.7 037595 037811 gi|31 025156 025372 gi|69 
000274 82.1 037738 037627 gi|31 024614 024726 gi|39 
000520 72.6 037875 037628 gi|31 035330 035577 gi|41 
000595 77.6 038289 039391 gi|31 030123 031227 gi|56 
000628 87.5 017418 017537 gi|28 008604 008747 gi|58 
005583 94.1 017965 018693 gi|28 009074 009803 gi|58 
000961 87.0 019387 019671 gi|28 010495 010784 gi|58 
001958 89.8 019544 019817 gi|28 011710 011984 gi|58 
001461 88.0 026390 026605 gi|28 017559 017775 gi|58 
000269 97.8 026910 026955 gi|28 018278 018319 gi|58 
000263 97.8 026911 026955 gi|28 018913 018953 gi|58 
000907 91.9 027603 027762 gi|28 019153 019315 gi|58 
000415 90.0 028721 028800 gi|28 018883 018961 gi|58 
000458 97.1 028725 028793 gi|28 018250 018320 gi|58 
001102 91.7 030778 031031 gi|28 021914 022186 gi|58 
007500 97.5 031180 032143 gi|28 022098 023045 gi|58 
000447 98.0 032068 032018 gi|28 032947 032997 gi|56 
001089 77.0 001095 000005 gi|44 005554 006618 gi|48 
000626 72.5 031498 032018 gi|44 009139 009659 gi|54 
000302 81.5 038543 038677 gi|44 030041 030193 gi|74 
000295 82.3 038783 038850 gi|44 024786 024854 gi|74 
000291 80.4 000264 000375 gi|38 012222 012330 gi|41 
001903 74.8 002913 004248 gi|38 003292 004611 gi|39 
000334 73.6 010326 009823 gi|38 032677 033189 gi|58 
000332 78.5 011236 010939 gi|38 001493 001800 gi|67 
000250 79.5 013188 013077 gi|38 019304 019420 gi|69 
000312 79.2 013188 013117 gi|38 033604 033676 gi|69 
000275 77.9 012868 012792 gi|34 008922 008998 gi|49 
000304 89.4 020601 020555 gi|34 016008 016055 gi|73 
001918 96.6 020813 020579 gi|34 017195 017425 gi|71 
000645 79.9 020590 020818 gi|34 032125 032360 gi|71 
000889 90.0 020729 020590 gi|34 019233 019370 gi|69 
000834 88.8 020590 020768 gi|34 030228 030396 gi|74 
001348 91.8 020814 020595 gi|34 033458 033665 gi|69 
000607 84.8 020598 020768 gi|34 018144 018318 gi|71 
000288 82.0 020606 020694 gi|34 024839 024924 gi|74 
000404 85.7 020698 020622 gi|34 000103 000175 gi|73 
000517 95.2 020700 020762 gi|34 018194 018256 gi|71 
000427 85.2 020705 020812 gi|34 030446 030552 gi|74 
000881 94.4 020813 020707 gi|34 026393 026499 gi|39 
000313 81.1 020817 020744 gi|34 021133 021204 gi|72 
000466 96.3 020814 020761 gi|34 019202 019255 gi|69 
000267 78.4 020762 020812 gi|34 007118 007168 gi|50 
000303 84.0 020765 020814 gi|34 024102 024151 gi|67 
000349 76.8 021700 021503 gi|34 015932 016117 gi|73 
000383 80.7 021744 021595 gi|34 014629 014783 gi|45 
000512 80.9 021761 021605 gi|34 015932 016086 gi|73 
000304 81.0 021622 021700 gi|34 005975 006055 gi|74 
000258 86.0 021710 021661 gi|34 014726 014783 gi|45 
000478 80.8 021831 021671 gi|34 015924 016085 gi|73 
000257 79.5 021799 021678 gi|34 011012 011149 gi|39 
000276 82.4 021688 021761 gi|34 005981 006055 gi|74 
000409 81.9 021825 021732 gi|34 015986 016085 gi|73 
000257 78.3 021749 021831 gi|34 005981 006063 gi|74 
000847 87.5 027822 028029 gi|34 028433 028646 gi|67 
000359 75.4 027827 028029 gi|34 035582 035780 gi|35 
000877 85.7 028029 027862 gi|34 030145 030318 gi|75 
000610 89.6 027985 027880 gi|34 030460 030568 gi|72 
000904 87.8 028029 027883 gi|34 017316 017462 gi|66 
001551 74.4 035656 031948 gi|34 000127 003862 gi|59 
002130 71.9 037921 039600 gi|34 034987 036671 gi|39 
011952 98.2 009298 007776 gi|29 028010 029549 gi|74 
012002 97.5 007825 009303 gi|29 037499 038993 gi|66 
012070 99.9 009305 007974 gi|29 007734 009067 gi|68 
012074 100.0 009301 007975 gi|29 005728 007054 gi|30 
012033 99.9 007975 009297 gi|29 010992 012314 gi|68 
012055 100.0 009298 007975 gi|29 001668 002991 gi|65 
012049 100.0 009297 007975 gi|29 006285 007607 gi|49 
001359 74.9 012577 014423 gi|29 020887 022709 gi|40 
001300 74.8 013906 012967 gi|29 019539 020478 gi|70 
000270 77.4 014663 014527 gi|29 006587 006727 gi|71 
000277 79.1 016376 016224 gi|29 037131 037295 gi|39 
000443 89.7 016295 016381 gi|29 017311 017395 gi|56 
000509 90.4 016383 016301 gi|29 014043 014128 gi|48 
000258 81.0 016380 016302 gi|29 003416 003499 gi|73 
000317 92.3 016368 016317 gi|29 001490 001543 gi|61 
000281 81.1 024509 024582 gi|29 010672 010746 gi|67 
000530 72.6 030932 031344 gi|29 019871 020278 gi|33 
000865 80.5 032624 032363 gi|29 006217 006491 gi|47 
012032 99.2 005649 007055 gi|30 001597 002992 gi|65 
012021 99.3 007062 005685 gi|30 037655 039021 gi|66 
012043 99.4 005731 007091 gi|30 028010 029369 gi|74 
011977 97.0 005731 007267 gi|30 007743 009266 gi|68 
012061 100.0 005732 007056 gi|30 006285 007609 gi|49 
012031 99.8 007058 005732 gi|30 010988 012314 gi|68 
000254 81.9 036887 036783 gi|30 004277 004372 gi|36 
000268 76.5 011923 011792 gi|37 012244 012375 gi|71 
000320 79.7 012730 012135 gi|37 011431 012019 gi|71 
001007 93.8 014776 014919 gi|37 004113 004252 gi|66 
002562 81.7 015129 016190 gi|37 026102 027181 gi|58 
005199 87.0 016327 017353 gi|37 026172 027189 gi|58 
004630 83.9 017423 018345 gi|37 026273 027207 gi|58 
000272 76.1 004697 005427 gi|39 001610 002378 gi|62 
000425 70.0 004757 005089 gi|39 035289 035627 gi|41 
000369 72.2 005390 004855 gi|39 029092 029627 gi|56 
000325 77.2 005395 004862 gi|39 030109 030645 gi|43 
000261 71.6 005038 004870 gi|39 013761 013929 gi|43 
000369 74.7 004901 005474 gi|39 005832 006425 gi|46 
000338 71.3 004937 005086 gi|39 028526 028675 gi|49 
000389 75.0 004940 005400 gi|39 013329 013785 gi|54 
000355 74.2 005092 004942 gi|39 007426 007579 gi|60 
000351 80.7 005139 004943 gi|39 006323 006515 gi|60 
000274 78.2 005031 004954 gi|39 017724 017801 gi|43 
000255 81.0 005038 004955 gi|39 009985 010068 gi|71 
000265 87.5 005230 005341 gi|39 012528 012632 gi|72 
000288 74.1 007259 008476 gi|39 010444 011655 gi|75 
000324 81.6 011008 011148 gi|39 015949 016077 gi|73 
003441 76.2 014309 013275 gi|39 021920 022967 gi|42 
007064 80.1 016802 014742 gi|39 020942 022982 gi|42 
000376 71.5 020878 020567 gi|39 008357 008672 gi|59 
000271 76.3 020630 020857 gi|39 018376 018597 gi|41 
000304 82.9 022589 022438 gi|39 000098 000256 gi|61 
000353 82.8 022477 022575 gi|39 026518 026611 gi|64 
000292 79.4 022591 022485 gi|39 034912 035017 gi|66 
000263 84.1 022498 022566 gi|39 000105 000184 gi|61 
000270 87.9 022561 022504 gi|39 015518 015577 gi|49 
000317 69.6 023097 022660 gi|39 013609 014049 gi|43 
000668 71.9 024802 024497 gi|39 013680 013985 gi|43 
000311 75.0 024502 024721 gi|39 028402 028627 gi|49 
000906 87.4 026294 026499 gi|39 017078 017301 gi|71 
000281 84.5 026392 026322 gi|39 024214 024287 gi|67 
000357 88.4 026324 026392 gi|39 008482 008557 gi|66 
000380 92.0 026392 026343 gi|39 025316 025365 gi|74 
000309 85.7 026392 026344 gi|39 018426 018474 gi|71 
000386 81.0 026444 026345 gi|39 007118 007228 gi|50 
000254 90.7 026392 026350 gi|39 027981 028022 gi|71 
000380 83.9 026376 026462 gi|39 021126 021204 gi|72 
000375 85.5 026453 026392 gi|39 030494 030554 gi|74 
000356 89.8 026441 026393 gi|39 024102 024150 gi|67 
000309 79.2 026493 026393 gi|39 032233 032355 gi|71 
000642 90.7 026393 026500 gi|39 033459 033566 gi|69 
000503 82.7 026393 026728 gi|39 019203 019563 gi|69 
000445 81.6 026550 026404 gi|39 018213 018362 gi|71 
000410 82.6 026633 026444 gi|39 018060 018256 gi|71 
000978 80.0 026663 026952 gi|39 026502 026784 gi|64 
000291 89.3 026680 026763 gi|39 015471 015559 gi|49 
000449 87.0 026820 026683 gi|39 000080 000209 gi|61 
000904 78.7 026948 026686 gi|39 034759 035017 gi|66 
000258 78.7 026699 026792 gi|39 000105 000205 gi|61 
000299 82.7 026779 026705 gi|39 015502 015577 gi|49 
000275 93.8 026758 026711 gi|39 026564 026605 gi|64 
001173 74.9 030937 029631 gi|39 024853 026170 gi|72 
000781 74.6 034795 033404 gi|39 026772 028197 gi|52 
003201 73.9 033439 034815 gi|39 027120 028490 gi|67 
000584 75.9 034197 033471 gi|39 022641 023373 gi|65 
000314 73.4 034178 034036 gi|39 007398 007539 gi|67 
000318 84.6 037221 037105 gi|39 017296 017418 gi|56 
000386 88.5 037131 037208 gi|39 014050 014128 gi|48 
000419 74.1 031405 031078 gi|45 018729 019096 gi|63 
001876 80.7 001937 002398 gi|42 034212 034697 gi|66 
000393 84.8 002320 002398 gi|42 019233 019315 gi|73 
000261 74.3 021257 021365 gi|42 027183 027291 gi|74 
001039 85.8 025330 025092 gi|42 034423 034696 gi|66 
000360 83.3 025169 025092 gi|42 019233 019314 gi|73 
001435 99.3 026373 026527 gi|42 003202 003356 gi|75 
000462 76.3 026452 026865 gi|42 002851 003261 gi|75 
000309 76.1 026521 026851 gi|42 002826 003168 gi|75 
000539 76.7 002630 002198 gi|50 027744 028174 gi|55 
000307 76.8 002231 002627 gi|50 014828 015221 gi|62 
000372 80.3 002656 002388 gi|50 039438 039703 gi|52 
000305 79.0 003289 003166 gi|50 027085 027211 gi|55 
000258 80.0 007168 007099 gi|50 021139 021212 gi|72 
000322 76.6 007211 007118 gi|50 019166 019254 gi|69 
000319 80.0 007177 007118 gi|50 033451 033510 gi|69 
000300 82.3 007168 007118 gi|50 017196 017246 gi|71 
000269 84.3 007121 007171 gi|50 024102 024154 gi|67 
005077 77.5 011673 009886 gi|50 037507 039296 gi|72 
000271 87.7 011953 012139 gi|50 016192 016348 gi|57 
000636 74.3 014802 016641 gi|50 018702 020508 gi|75 
000347 77.2 016937 017943 gi|50 020833 021843 gi|75 
000345 75.2 040012 040172 gi|50 006388 006549 gi|73 
012062 99.5 006265 007608 gi|49 001648 002992 gi|65 
012032 98.8 006282 007700 gi|49 007740 009164 gi|68 
012038 99.5 006285 007653 gi|49 028011 029365 gi|74 
012034 99.8 007614 006285 gi|49 010984 012314 gi|68 
012028 99.9 007611 006285 gi|49 037653 038982 gi|66 
000295 76.4 008590 009259 gi|49 017563 018247 gi|66 
000594 86.3 012583 012721 gi|49 035285 035421 gi|66 
000388 73.0 014786 014992 gi|49 039964 040171 gi|59 
000529 72.5 015039 015340 gi|49 000043 000350 gi|60 
000276 92.7 015554 015514 gi|49 026564 026603 gi|64 
000259 92.1 015517 015554 gi|49 034941 034977 gi|66 
000250 97.4 015560 015522 gi|49 000133 000170 gi|61 
000268 86.7 018949 018860 gi|49 024744 024851 gi|74 
000263 81.5 021793 021873 gi|49 019243 019324 gi|76 
000266 91.2 024536 024603 gi|49 001260 001330 gi|75 
000348 77.0 027815 027572 gi|49 029436 029678 gi|56 
000436 79.2 027839 027581 gi|49 012055 012316 gi|60 
000282 78.1 028158 028031 gi|49 009273 009399 gi|65 
000413 74.7 028694 028399 gi|49 013737 014041 gi|71 
000254 76.4 028414 028705 gi|49 001760 002038 gi|62 
000318 75.5 028635 028444 gi|49 006412 006603 gi|60 
000264 73.5 028527 029036 gi|49 008213 008737 gi|69 
000281 85.6 021111 020987 gi|51 026917 027037 gi|55 
000250 81.8 021109 021000 gi|51 000163 000268 gi|65 
000300 87.7 021043 021107 gi|51 030270 030329 gi|59 
002317 75.4 000232 001296 gi|53 007950 009019 gi|65 
000363 78.6 017322 017947 gi|43 030161 030789 gi|71 
000430 75.0 017924 017713 gi|43 001756 001961 gi|62 
000395 75.8 019587 018350 gi|43 015384 016611 gi|50 
000302 74.8 023432 024477 gi|43 000404 001465 gi|61 
000279 74.8 028795 028182 gi|43 014918 015528 gi|54 
002348 74.2 030004 031684 gi|43 024737 026423 gi|69 
000448 79.0 030757 030048 gi|43 013139 013845 gi|54 
000408 79.9 030438 030646 gi|43 013041 013245 gi|60 
000277 79.3 030454 030699 gi|43 006408 006656 gi|60 
000272 80.7 030455 030656 gi|43 007472 007700 gi|60 
000611 74.2 032305 032629 gi|43 027024 027347 gi|69 
000965 81.9 036096 035528 gi|43 007307 007890 gi|52 
000511 75.0 036012 035705 gi|43 011829 012138 gi|52 
001935 78.6 000002 000558 gi|46 006557 007113 gi|73 
005705 96.5 002687 001993 gi|46 005435 006126 gi|73 
000271 77.3 006508 005722 gi|46 028883 029655 gi|56 
000301 79.0 005782 005991 gi|46 013252 013449 gi|54 
000360 76.2 006417 005784 gi|46 013390 013984 gi|71 
000266 75.1 005795 006353 gi|46 001797 002347 gi|62 
000309 78.8 005989 005877 gi|46 007448 007566 gi|60 
000333 77.2 029367 029668 gi|46 032701 032999 gi|50 
002185 70.9 033079 031963 gi|46 018970 020086 gi|53 
000719 79.8 033540 033190 gi|46 000569 000911 gi|74 
000615 76.7 035736 034804 gi|46 029035 029964 gi|53 
000537 69.2 036596 037278 gi|46 013690 014372 gi|73 
000363 72.3 039085 039333 gi|46 013802 014047 gi|71 
000430 74.6 023278 023604 gi|55 014388 014708 gi|70 
000329 76.8 025501 025906 gi|55 014304 014712 gi|70 
000461 89.0 026890 026980 gi|55 000138 000225 gi|65 
000405 90.8 026977 026891 gi|55 030270 030353 gi|59 
000575 76.8 028140 027783 gi|55 014828 015185 gi|62 
001595 83.9 016848 017183 gi|56 031191 031525 gi|69 
001058 80.7 017228 016965 gi|56 019064 019344 gi|62 
000323 82.1 017393 017288 gi|56 003417 003527 gi|73 
000333 84.9 017382 017310 gi|56 001490 001563 gi|61 
000251 79.5 017314 017396 gi|56 030780 030857 gi|60 
000451 80.4 029053 028830 gi|56 020766 020994 gi|66 
000524 76.2 029364 029690 gi|56 006328 006669 gi|60 
000374 75.7 029620 029378 gi|56 030717 030959 gi|72 
000335 80.7 029390 029498 gi|56 007432 007540 gi|60 
000316 73.9 029439 029626 gi|56 013808 013995 gi|71 
000290 74.3 030416 030606 gi|56 014686 014876 gi|71 
001151 76.0 032997 031690 gi|56 022936 024235 gi|58 
000441 74.0 038643 038067 gi|56 006255 006833 gi|58 
000758 80.0 009770 009360 gi|48 003479 003910 gi|74 
000307 77.9 010883 011303 gi|48 024913 025319 gi|56 
000420 87.4 014064 013946 gi|48 001337 001448 gi|75 
000330 79.3 014041 014132 gi|48 003413 003504 gi|73 
000568 90.0 014161 014042 gi|48 017268 017399 gi|56 
000280 86.4 014125 014045 gi|48 030783 030856 gi|60 
000381 84.4 014058 014134 gi|48 001490 001565 gi|61 
000547 77.6 024801 029754 gi|48 031466 036436 gi|73 
000251 75.1 024914 025178 gi|48 033429 033693 gi|73 
000314 80.7 030265 030388 gi|48 036783 036900 gi|73 
001902 96.3 037874 037602 gi|48 029030 029328 gi|75 
002013 97.5 037881 037605 gi|48 016206 016511 gi|66 
002012 97.5 037605 037881 gi|48 029469 029774 gi|67 
000472 74.4 007425 007670 gi|60 013749 013996 gi|71 
000389 78.5 007602 007445 gi|60 001841 001996 gi|62 
000402 73.7 007490 007664 gi|60 005552 005726 gi|70 
000322 79.8 012067 012289 gi|60 025175 025393 gi|69 
000817 85.1 000245 000078 gi|61 026490 026655 gi|64 
000497 76.7 000087 000206 gi|61 034892 035017 gi|66 
000293 85.0 000231 000099 gi|61 034877 035010 gi|66 
000290 87.0 000105 000181 gi|61 026532 026611 gi|64 
000289 82.3 001489 001573 gi|61 003430 003517 gi|73 
000383 76.3 016991 017348 gi|61 019588 019945 gi|72 
000658 80.7 026643 026896 gi|61 007409 007697 gi|64 
000999 81.6 026981 026651 gi|61 003374 003753 gi|64 
000349 83.6 027908 027799 gi|61 016643 016754 gi|73 
006188 90.7 003711 002811 gi|47 003569 004473 gi|76 
000519 73.9 023217 023928 gi|47 012771 013479 gi|52 
000266 81.5 039771 040008 gi|47 002693 002960 gi|59 
000317 73.2 002187 002268 gi|64 016111 016192 gi|73 
000268 78.4 018701 018628 gi|64 028693 028772 gi|69 
000260 76.8 018658 018739 gi|64 016111 016192 gi|73 
000268 78.4 025796 025723 gi|64 028693 028772 gi|69 
000260 76.8 025753 025834 gi|64 016111 016192 gi|73 
001380 84.9 026815 026557 gi|64 034720 034984 gi|66 
000379 73.4 028973 029943 gi|58 023021 023980 gi|67 
000302 88.2 019255 019180 gi|69 030502 030576 gi|74 
000373 88.2 019185 019252 gi|69 021116 021187 gi|72 
000505 96.5 019198 019255 gi|69 017190 017247 gi|71 
000920 93.0 019233 019361 gi|69 017279 017409 gi|71 
000490 89.6 019262 019338 gi|69 000103 000175 gi|73 
000447 80.6 019373 019266 gi|69 032119 032227 gi|71 
000376 85.4 019354 019266 gi|69 024839 024924 gi|74 
000562 84.0 019385 019267 gi|69 030209 030334 gi|74 
000254 87.0 019353 019308 gi|69 027653 027702 gi|71 
000301 76.2 023690 023819 gi|69 011696 011836 gi|75 
000626 80.1 023885 023725 gi|69 018326 018486 gi|71 
000518 81.0 023885 023733 gi|69 027884 028039 gi|71 
000655 81.7 023888 023736 gi|69 025214 025366 gi|74 
000346 87.5 033429 033508 gi|69 021117 021187 gi|72 
000404 75.6 033563 033441 gi|69 030449 030576 gi|74 
001430 92.8 033454 033661 gi|69 017190 017409 gi|71 
000539 78.2 033662 033457 gi|69 032133 032357 gi|71 
000434 80.9 033647 033470 gi|69 018159 018362 gi|71 
001014 86.4 033665 033504 gi|69 030233 030396 gi|74 
000380 84.0 033564 033638 gi|69 000105 000175 gi|73 
000337 84.3 033654 033572 gi|69 024839 024918 gi|74 
011976 98.7 001593 003036 gi|65 027952 029380 gi|74 
011993 98.4 003068 001641 gi|65 037579 039005 gi|66 
012070 99.9 001664 002991 gi|65 007739 009066 gi|68 
012012 99.1 003046 001666 gi|65 010916 012317 gi|68 
001320 72.8 022152 023363 gi|65 006897 008116 gi|67 
001436 76.1 039494 038366 gi|65 032133 033267 gi|75 
000270 88.2 000582 000532 gi|66 019315 019365 gi|69 
000750 84.4 008678 008467 gi|66 027860 028066 gi|71 
000320 78.1 008497 008601 gi|66 011742 011847 gi|75 
001071 88.3 008681 008502 gi|66 018300 018481 gi|71 
001184 93.4 008669 008504 gi|66 025205 025369 gi|74 
000638 80.1 008507 008667 gi|66 023736 023895 gi|69 
000464 82.0 008642 008510 gi|66 024119 024261 gi|67 
002098 95.9 015556 015845 gi|66 028258 028557 gi|75 
002132 96.3 015887 015589 gi|66 030232 030520 gi|67 
000881 95.7 015594 015710 gi|66 029686 029804 gi|72 
000275 84.8 015691 015626 gi|66 019315 019381 gi|73 
000915 96.5 015730 015842 gi|66 029939 030052 gi|72 
013344 98.1 015817 017466 gi|66 028656 030295 gi|75 
013735 98.7 017468 015834 gi|66 028494 030146 gi|67 
003337 97.1 016660 017076 gi|66 030042 030472 gi|72 
000881 100.0 017359 017464 gi|66 030459 030563 gi|72 
000278 91.3 017389 017434 gi|66 028528 028573 gi|67 
000278 91.3 017434 017389 gi|66 030218 030263 gi|75 
000278 91.3 017434 017389 gi|66 030489 030534 gi|72 
006650 98.5 022753 023558 gi|66 033707 034496 gi|69 
000360 83.2 034619 034707 gi|66 019233 019328 gi|73 
000483 87.5 035083 035250 gi|66 019042 019189 gi|70 
000268 78.8 035296 035137 gi|66 002550 002708 gi|75 
011951 98.1 038986 037520 gi|66 028008 029480 gi|74 
012040 99.8 038990 037658 gi|66 007737 009068 gi|68 
012025 99.8 037660 038986 gi|66 010992 012318 gi|68 
012024 99.4 007741 009112 gi|68 028008 029374 gi|74 
012075 99.5 012320 010929 gi|68 028005 029379 gi|74 
000434 73.2 005204 005800 gi|70 013457 014065 gi|71 
000272 87.1 003974 003913 gi|72 005997 006063 gi|74 
000272 86.2 021191 021134 gi|72 030503 030556 gi|74 
000515 76.0 021924 022860 gi|72 010684 011620 gi|75 
000936 95.5 029672 029804 gi|72 028292 028421 gi|75 
000269 83.3 029776 029717 gi|72 028322 028387 gi|75 
000274 84.8 029785 029720 gi|72 019315 019381 gi|73 
000388 82.3 029961 029883 gi|72 030378 030453 gi|74 
000380 86.0 029943 029887 gi|72 030449 030505 gi|74 
000889 94.7 029939 030051 gi|72 028441 028553 gi|75 
003519 97.0 030042 030476 gi|72 029476 029909 gi|75 
000879 97.3 030459 030569 gi|72 030188 030299 gi|75 
000278 91.3 030534 030489 gi|72 030218 030263 gi|75 
000258 72.5 030801 030909 gi|72 020622 020728 gi|73 
000291 84.2 025357 025282 gi|74 011761 011836 gi|75 
000289 92.9 025308 025349 gi|74 011762 011803 gi|75 
000270 87.3 030286 030232 gi|74 011836 011887 gi|75 
000469 81.6 001956 001734 gi|62 013811 014036 gi|71 
000252 71.0 001783 001989 gi|62 030716 030928 gi|72 
000384 78.7 002324 001861 gi|62 005211 005641 gi|70 
000478 100.0 005973 006023 gi|62 029888 029938 gi|72 
000325 84.3 006023 005973 gi|62 030454 030504 gi|74 
000253 80.0 006023 005974 gi|62 027708 027757 gi|71 
000344 88.0 006023 005974 gi|62 030398 030447 gi|74 
000630 79.0 019344 019054 gi|62 031307 031614 gi|69 
000271 75.6 030357 029140 gi|62 001348 002583 gi|70 
000326 76.1 035291 035154 gi|62 032724 032861 gi|72 
006650 97.5 037064 036236 gi|62 022711 023547 gi|66 
006674 99.7 037029 036269 gi|62 033707 034468 gi|69 
000312 86.3 024152 024102 gi|67 021136 021186 gi|72 
000324 86.3 024152 024102 gi|67 017193 017243 gi|71 
000339 88.2 024152 024102 gi|67 019201 019251 gi|69 
000324 86.3 024152 024102 gi|67 033457 033507 gi|69 
000447 83.3 024105 024260 gi|67 025216 025362 gi|74 
000456 79.4 024106 024270 gi|67 018326 018482 gi|71 
000307 78.4 024309 024106 gi|67 023688 023885 gi|69 
000457 82.8 024155 024276 gi|67 027923 028041 gi|71 
000276 80.8 024255 024183 gi|67 011761 011833 gi|75 
016534 97.4 030582 028484 gi|67 028245 030316 gi|75 
000881 100.0 028603 028498 gi|67 030459 030563 gi|72 
000278 91.3 028528 028573 gi|67 030218 030263 gi|75 
000278 91.3 028528 028573 gi|67 030489 030534 gi|72 
003469 96.1 029315 028882 gi|67 030042 030476 gi|72 
000284 78.3 030279 030211 gi|67 029801 029869 gi|72 
000891 94.7 030377 030265 gi|67 029939 030051 gi|72 
000861 96.2 030527 030397 gi|67 029667 029804 gi|72 
000274 84.8 030416 030481 gi|67 019315 019381 gi|73 
000258 85.9 030425 030495 gi|67 028322 028393 gi|75 
000271 84.6 030431 030495 gi|67 029717 029776 gi|72 
000493 78.7 000102 000490 gi|54 032320 032695 gi|75 
000459 76.2 000987 000369 gi|54 038444 039053 gi|65 
000266 77.2 013183 013423 gi|54 001717 001953 gi|62 
000289 78.7 013445 013202 gi|54 005529 005776 gi|70 
000319 75.3 013962 013203 gi|54 024660 025420 gi|69 
000441 74.0 013785 013302 gi|54 029086 029558 gi|56 
000335 73.2 013438 013327 gi|54 007472 007586 gi|60 
000287 68.5 013439 013332 gi|54 006408 006515 gi|60 
000266 73.7 021996 021860 gi|54 040032 040168 gi|55 
001123 75.9 024128 023273 gi|54 034504 035353 gi|74 
001996 75.2 026520 025634 gi|54 033621 034512 gi|74 
001185 74.2 037061 036389 gi|54 011414 012079 gi|73 
000257 83.3 016198 016281 gi|57 037023 037105 gi|62 
000281 75.2 029120 028984 gi|59 020960 021096 gi|65 
000281 85.2 030377 030270 gi|59 000114 000222 gi|65 
000980 76.7 033226 034013 gi|59 032224 033010 gi|61 
001005 76.1 034268 035234 gi|59 033061 033985 gi|61 
000336 81.4 000177 000108 gi|73 030261 030334 gi|74 
000253 79.7 015972 015914 gi|73 006013 006071 gi|74 
000275 79.0 016068 015993 gi|73 005975 006051 gi|74 
000262 85.1 019381 019315 gi|73 028337 028402 gi|75 
000295 74.4 007502 007735 gi|52 026282 026521 gi|61 
000273 76.5 011878 012128 gi|52 026243 026503 gi|61 
000491 73.6 015105 015486 gi|52 008871 009255 gi|66 
000292 81.3 022123 021813 gi|52 013184 013494 gi|70 
000943 75.5 028232 026855 gi|52 027052 028394 gi|67 
000340 74.5 027135 027737 gi|52 007101 007739 gi|67 
000368 82.2 032069 032478 gi|52 019806 020207 gi|61 
000313 81.8 036512 036792 gi|52 020828 021088 gi|66 
000331 83.0 036711 036512 gi|52 028775 028993 gi|56 
000265 71.7 038865 039857 gi|52 027145 028143 gi|55 
000376 79.1 039704 039312 gi|52 014978 015382 gi|62 
000273 76.5 010610 010530 gi|71 020995 021072 gi|73 
000447 82.5 017303 017115 gi|71 030446 030628 gi|74 
000366 82.4 017191 017264 gi|71 021134 021204 gi|72 
000851 89.3 017417 017240 gi|71 030229 030396 gi|74 
000485 88.7 017310 017424 gi|71 000103 000200 gi|73 
000353 83.2 017402 017314 gi|71 024839 024924 gi|74 
000594 88.4 018159 018330 gi|71 030254 030464 gi|74 
000366 87.5 018203 018362 gi|71 030394 030542 gi|74 
001000 89.0 018326 018479 gi|71 025217 025369 gi|74 
000322 80.5 018504 018392 gi|71 011723 011836 gi|75 
000277 75.0 024264 024125 gi|71 031974 032119 gi|76 
002368 73.8 025490 024375 gi|71 030288 031409 gi|76 
000572 73.5 026083 025488 gi|71 028519 029138 gi|76 
002170 78.5 027532 026154 gi|71 026815 028138 gi|76 
000984 83.2 027640 027961 gi|71 030232 030578 gi|74 
000475 89.4 027685 027769 gi|71 030432 030514 gi|74 
000848 90.4 027696 027830 gi|71 030385 030522 gi|74 
000287 80.3 027763 027703 gi|71 029883 029943 gi|72 
000276 78.7 027819 027759 gi|71 029883 029943 gi|72 
000260 80.2 027793 027888 gi|71 030312 030408 gi|74 
000263 76.7 027874 027815 gi|71 029884 029943 gi|72 
000683 87.2 027884 028024 gi|71 025217 025360 gi|74 
000330 86.5 028033 027938 gi|71 011747 011847 gi|75 
000619 84.3 032141 032299 gi|71 030249 030408 gi|74 
000287 78.7 032227 032153 gi|71 000107 000177 gi|73 
