   SW   perc perc perc  query       position in query           matching       repeat           position in repeat
score   div. del. ins.  sequence    begin   end        (left)   repeat         class/family   begin  end    (left)  ID

   13   23.8  1.9  3.9  CP127019.1     1834    1886 (3092057) + A-rich         Low_complexity      1     52    (0)   1  
   12   21.4  4.4  2.2  CP127019.1    17998   18042 (3075901) + (TAT)n         Simple_repeat       1     46    (0)   2  
   14    6.5  9.4  0.0  CP127019.1    20300   20331 (3073612) + A-rich         Low_complexity      1     35    (0)   3  
   13   13.2  0.0  0.0  CP127019.1    21976   22000 (3071943) + (GAT)n         Simple_repeat       1     25    (0)   4  
   14   25.4  4.0  4.0  CP127019.1    24684   24758 (3069185) + (TAATATA)n     Simple_repeat       1     75    (0)   5  
   13   21.2  5.2  3.4  CP127019.1    24834   24891 (3069052) + A-rich         Low_complexity      1     59    (0)   6  
  773   19.5  2.1  1.0  CP127019.1    35641   35832 (3058111) + rnd-1_family-7 Unknown             4    197  (300)   7  
   15   14.4  0.0  7.3  CP127019.1    37626   37669 (3056274) + (AATAATT)n     Simple_repeat       1     41    (0)   8  
   19   19.1  3.4  5.2  CP127019.1    44378   44436 (3049507) + (TA)n          Simple_repeat       1     58    (0)   9  
   12    7.8  3.2  6.7  CP127019.1    47050   47080 (3046863) + (AATG)n        Simple_repeat       1     30    (0)  10  
   13   17.1  3.0  0.0  CP127019.1    49399   49431 (3044512) + (AATAA)n       Simple_repeat       1     34    (0)  11  
   14   20.2  0.0  0.0  CP127019.1    51271   51304 (3042639) + A-rich         Low_complexity      1     34    (0)  12  
   15   13.9  0.0  0.0  CP127019.1    56998   57021 (3036922) + (A)n           Simple_repeat       1     24    (0)  13  
   12   23.3  2.5  0.0  CP127019.1    62309   62348 (3031595) + A-rich         Low_complexity      1     41    (0)  14  
   15   20.3  4.4  0.0  CP127019.1    66965   67009 (3026934) + (ATTA)n        Simple_repeat       1     47    (0)  15  
   12   15.3  5.3  2.6  CP127019.1    76746   76783 (3017160) + (ATTCAT)n      Simple_repeat       1     39    (0)  16  
   12   15.8  0.0  3.5  CP127019.1    83957   83986 (3009957) + (ATTTA)n       Simple_repeat       1     29    (0)  17  
   12   17.8  4.4  9.2  CP127019.1    94334   94401 (2999542) + (TTGAT)n       Simple_repeat       1     65    (0)  18  
   13   14.1  7.7  0.0  CP127019.1   104575  104613 (2989330) + A-rich         Low_complexity      1     42    (0)  19  
  744    9.0  0.0  0.0  CP127019.1   110402  110501 (2983442) C rnd-1_family-4 Unknown          (91)    100      1  20  
   11   17.4  0.0  5.9  CP127019.1   125728  125763 (2968180) + A-rich         Low_complexity      1     34    (0)  21  
  313   17.6  0.0  0.0  CP127019.1   127652  127702 (2966241) C rnd-1_family-2 Unknown          (57)     52      2  22  
   15   24.8  5.3  2.6  CP127019.1   130388  130462 (2963481) + (ATTATTT)n     Simple_repeat       1     77    (0)  23  
   13   20.3  0.0 10.7  CP127019.1   135012  135073 (2958870) + (TAATA)n       Simple_repeat       1     56    (0)  24  
   15   20.2  0.0  6.2  CP127019.1   149928  149978 (2943965) + A-rich         Low_complexity      1     48    (0)  25  
   20   21.7  5.1  2.5  CP127019.1   157716  157793 (2936150) + A-rich         Low_complexity      1     80    (0)  26  
   13   20.8  0.0  0.0  CP127019.1   164584  164616 (2929327) + A-rich         Low_complexity      1     33    (0)  27  
   11   21.7  0.0  5.1  CP127019.1   187682  187722 (2906221) + (TTTATT)n      Simple_repeat       1     39    (0)  28  
  320   21.8  2.6  0.0  CP127019.1   196649  196726 (2897217) C rnd-1_family-4 Unknown           (2)    189    110  29  
   14    9.0  5.1  5.1  CP127019.1   198061  198099 (2895844) + (ATTGCAA)n     Simple_repeat       1     39    (0)  30  
   12   20.7  0.0  2.9  CP127019.1   206375  206409 (2887534) + (ATTT)n        Simple_repeat       1     34    (0)  31  
   14   13.6  2.9  2.9  CP127019.1   221145  221178 (2872765) + (AAT)n         Simple_repeat       1     34    (0)  32  
   12   24.0  0.0  2.5  CP127019.1   225493  225533 (2868410) + (GAATAA)n      Simple_repeat       1     40    (0)  33  
   12   25.6  2.1  2.1  CP127019.1   246377  246424 (2847519) + (TTTATGA)n     Simple_repeat       1     48    (0)  34  
   12   22.5  2.3  2.3  CP127019.1   247690  247732 (2846211) + (AAGATA)n      Simple_repeat       1     43    (0)  35  
   16   27.0  0.0  0.0  CP127019.1   249271  249319 (2844624) + (TATATT)n      Simple_repeat       1     49    (0)  36  
  581   12.0  0.0  1.1  CP127019.1   251001  251093 (2842850) + rnd-1_family-0 Unknown             1     92  (138)  37  
   12   12.2  3.7  0.0  CP127019.1   258457  258483 (2835460) + (TATTG)n       Simple_repeat       1     28    (0)  38  
  528    4.7  0.0  0.0  CP127019.1   282274  282337 (2811606) C rnd-1_family-2 Unknown          (45)     64      1  39  
 1707    0.5  0.0  0.0  CP127019.1   299489  299679 (2794264) C rnd-1_family-4 Unknown           (0)    191      1  40  
 1275    3.8  0.0  0.0  CP127019.1   299731  299887 (2794056) C rnd-1_family-3 Unknown         (128)    602    446  41  
  572    4.8  0.0  2.4  CP127019.1   299866  299951 (2793992) + rnd-1_family-0 Unknown           140    223    (7)  42 *
 1142    5.7  1.3  1.3  CP127019.1   299877  300035 (2793908) C rnd-1_family-1 Unknown           (0)    159      1  43  
  826    4.9  0.0  0.0  CP127019.1   299952  300053 (2793890) + rnd-1_family-5 Unknown            16    117    (0)  44 *
   13   25.0  0.0  0.0  CP127019.1   310763  310800 (2783143) + (ATTAGT)n      Simple_repeat       1     38    (0)  45  
   11   26.4  5.6  0.0  CP127019.1   311708  311761 (2782182) + (TAGTTG)n      Simple_repeat       1     57    (0)  46  
  255   18.4  5.1  3.8  CP127019.1   314500  314578 (2779365) + rnd-1_family-4 Unknown           109    188    (3)  47  
  263   20.0  0.0  0.0  CP127019.1   317756  317805 (2776138) C rnd-1_family-5 Unknown           (0)    117     68  48 *
  483   17.7  7.9  7.2  CP127019.1   317780  317931 (2776012) + rnd-1_family-1 Unknown             7    159    (0)  49 *
  491    8.5  1.2  0.0  CP127019.1   317853  317934 (2776009) C rnd-1_family-0 Unknown           (0)    230    148  50  
  402   12.3  2.7  1.3  CP127019.1   317902  317975 (2775968) + rnd-1_family-1 Unknown            73    147   (12)  51 *
  590   14.2  2.8  0.0  CP127019.1   317913  318018 (2775925) C rnd-1_family-2 Unknown           (0)    109      1  52  
   17   22.7  1.9  1.9  CP127019.1   326610  326662 (2767281) + A-rich         Low_complexity      1     53    (0)  53  
   14   18.9  2.8  0.0  CP127019.1   331830  331865 (2762078) + (TAA)n         Simple_repeat       1     37    (0)  54  
   11   19.2  2.1  6.7  CP127019.1   332873  332919 (2761024) + (TTGATGA)n     Simple_repeat       1     45    (0)  55  
   14   10.3  0.0  8.8  CP127019.1   338644  338680 (2755263) + A-rich         Low_complexity      1     34    (0)  56  
   13   14.2  3.2  0.0  CP127019.1   353665  353695 (2740248) + (TTAGA)n       Simple_repeat       1     32    (0)  57  
   13   17.7  5.3  0.0  CP127019.1   355145  355182 (2738761) + (TATTCA)n      Simple_repeat       1     40    (0)  58  
   12   18.1  0.0  3.1  CP127019.1   358514  358546 (2735397) + (ATTTTA)n      Simple_repeat       1     32    (0)  59  
   15   21.1  0.0  2.6  CP127019.1   376269  376308 (2717635) + (CTT)n         Simple_repeat       1     39    (0)  60  
   11   30.4  0.0  0.0  CP127019.1   385446  385489 (2708454) + A-rich         Low_complexity      1     44    (0)  61  
   11   18.4  2.4  5.0  CP127019.1   386120  386160 (2707783) + A-rich         Low_complexity      1     40    (0)  62  
   17   30.5  0.0  0.0  CP127019.1   387124  387179 (2706764) + (AAT)n         Simple_repeat       1     56    (0)  63  
   12   18.1  0.0  3.1  CP127019.1   401995  402027 (2691916) + A-rich         Low_complexity      1     32    (0)  64  
   11   21.4  0.0 11.1  CP127019.1   421491  421550 (2672393) + A-rich         Low_complexity      1     54    (0)  65  
  316    9.0  6.0  7.2  CP127019.1   439407  439490 (2654453) C rnd-1_family-0 Unknown           (2)    228    146  66 *
  508    7.8  1.5  2.5  CP127019.1   439461  439553 (2654390) C rnd-1_family-0 Unknown           (0)    230    148  66  
  402   12.3  2.7  1.3  CP127019.1   439512  439585 (2654358) + rnd-1_family-1 Unknown            73    147   (12)  67 *
  312   18.3  1.4  0.0  CP127019.1   439523  439593 (2654350) C rnd-1_family-2 Unknown           (0)    109     38  68 *
   11   21.1  2.5  2.5  CP127019.1   444655  444694 (2649249) + (AATGTT)n      Simple_repeat       1     40    (0)  69  
   13   24.9  0.0  0.0  CP127019.1   462240  462277 (2631666) + (ATGATG)n      Simple_repeat       1     38    (0)  70  
   13   21.9  0.0  2.6  CP127019.1   484893  484931 (2609012) + (AATCGA)n      Simple_repeat       1     38    (0)  71  
   15   24.1  1.8  3.6  CP127019.1   492748  492804 (2601139) + (CTTTT)n       Simple_repeat       1     56    (0)  72  
   15   18.2  0.0  2.6  CP127019.1   532571  532609 (2561334) + (TTAAGTT)n     Simple_repeat       1     38    (0)  73  
   17   19.9  4.9  3.2  CP127019.1   536289  536298 (2557645) + (AATT)n        Simple_repeat       1     61    (0)  74  
   16   18.8  4.0  2.0  CP127019.1   536299  536348 (2557595) + (TATTAAT)n     Simple_repeat       1     51    (0)  75  
   16   14.9  0.0  0.0  CP127019.1   537606  537635 (2556308) + (GAA)n         Simple_repeat       1     30    (0)  76  
  441   13.8  9.6  0.0  CP127019.1   589570  589663 (2504280) + rnd-1_family-4 Unknown            83    185    (6)  77  
  430   19.3  0.0  0.0  CP127019.1   633550  633637 (2460306) + rnd-1_family-4 Unknown            82    169   (22)  78  
   15   18.8  2.3  2.3  CP127019.1   638758  638801 (2455142) + (AAGTAA)n      Simple_repeat       1     44    (0)  79  
   12   28.0  0.0  0.0  CP127019.1   640150  640188 (2453755) + A-rich         Low_complexity      1     39    (0)  80  
   17   15.2  4.2  4.3  CP127019.1   641531  641583 (2452360) + A-rich         Low_complexity      1     52    (0)  81  
   12   15.3  6.4  4.2  CP127019.1   654214  654260 (2439683) + (AATGATG)n     Simple_repeat       1     48    (0)  82  
   12   11.7  3.3  3.3  CP127019.1   673526  673555 (2420388) + A-rich         Low_complexity      1     30    (0)  83  
   12    7.5  3.1  6.5  CP127019.1   676940  676971 (2416972) + (TTATGA)n      Simple_repeat       1     31    (0)  84  
   11   20.1  8.2  3.1  CP127019.1   679625  679685 (2414258) + (TGTAATA)n     Simple_repeat       1     64    (0)  85  
  418   11.5  0.0  0.0  CP127019.1   698504  698564 (2395379) + rnd-1_family-5 Unknown            56    116    (1)  86  
   15   27.8  1.5  3.1  CP127019.1   702923  702987 (2390956) + (AATAT)n       Simple_repeat       1     64    (0)  87  
   15   11.3  4.8  4.8  CP127019.1   719451  719492 (2374451) + A-rich         Low_complexity      1     42    (0)  88  
   12   14.3  4.5 11.1  CP127019.1   724965  725031 (2368912) + A-rich         Low_complexity      1     63    (0)  89  
   11   30.7  0.0  0.0  CP127019.1   728639  728682 (2365261) + (TTATAT)n      Simple_repeat       1     44    (0)  90  
   12   20.1  4.1  4.1  CP127019.1   729868  729916 (2364027) + (AATATAA)n     Simple_repeat       1     49    (0)  91  
   15   24.9  0.0  6.7  CP127019.1   730974  731037 (2362906) + A-rich         Low_complexity      1     60    (0)  92  
   13   20.7  0.0  8.3  CP127019.1   733149  733200 (2360743) + A-rich         Low_complexity      1     48    (0)  93  
   14   25.0  1.6  5.0  CP127019.1   733485  733546 (2360397) + A-rich         Low_complexity      1     60    (0)  94  
   14   17.3  4.1  4.1  CP127019.1   734693  734741 (2359202) + (AATATAA)n     Simple_repeat       1     49    (0)  95  
  904    6.8  0.0  0.0  CP127019.1   743799  743915 (2350028) C rnd-1_family-5 Unknown           (0)    117      1  96 *
 1048    6.2  0.0  6.1  CP127019.1   743817  743972 (2349971) + rnd-1_family-1 Unknown             1    147   (12)  97  
  951    1.8  0.0  0.0  CP127019.1   743909  744017 (2349926) C rnd-1_family-2 Unknown           (0)    109      1  98 *
  851   12.5  0.7  0.7  CP127019.1   751089  751233 (2342710) + rnd-1_family-7 Unknown             1    145  (352)  99  
   12   25.0  3.2  4.9  CP127019.1   751800  751861 (2342082) + (ATTA)n        Simple_repeat       1     61    (0) 100  
   13   14.5 10.9  1.7  CP127019.1   752613  752667 (2341276) + A-rich         Low_complexity      1     60    (0) 101  
   15   12.0  2.5  5.1  CP127019.1   755142  755199 (2338744) + (GATTTA)n      Simple_repeat       1     56    (0) 102  
   12   12.8  8.8  0.0  CP127019.1   762842  762875 (2331068) + A-rich         Low_complexity      1     37    (0) 103  
   17   12.6  4.3  4.3  CP127019.1   767734  767780 (2326163) + A-rich         Low_complexity      1     47    (0) 104  
   15   16.9  0.0  0.0  CP127019.1   788120  788152 (2305791) + A-rich         Low_complexity      1     33    (0) 105  
   11   24.6  0.0  2.6  CP127019.1   789077  789116 (2304827) + A-rich         Low_complexity      1     39    (0) 106  
  286   13.6  0.0  0.0  CP127019.1   789146  789189 (2304754) C rnd-1_family-0 Unknown         (184)     46      3 107  
   12   17.1  4.9  2.4  CP127019.1   789289  789329 (2304614) + A-rich         Low_complexity      1     42    (0) 108  
   15   33.8  0.0  0.0  CP127019.1   811029  811087 (2282856) + A-rich         Low_complexity      1     59    (0) 109  
   13    8.7  4.0  0.0  CP127019.1   820181  820205 (2273738) + (ATC)n         Simple_repeat       1     26    (0) 110  
   13   17.0  7.5  0.0  CP127019.1   823457  823496 (2270447) + (ACAAG)n       Simple_repeat       1     43    (0) 111  
   11   24.4  0.0  0.0  CP127019.1   823805  823838 (2270105) + (TGCAGC)n      Simple_repeat       1     34    (0) 112  
  309   24.1  0.0  0.0  CP127019.1   826482  826560 (2267383) + rnd-1_family-7 Unknown             3     81  (416) 113  
   13   16.3  0.0  5.6  CP127019.1   857445  857482 (2236461) + A-rich         Low_complexity      1     36    (0) 114  
  986    0.0  0.0  0.0  CP127019.1   860933  861041 (2232902) + rnd-1_family-2 Unknown             1    109    (0) 115 *
 1082    4.8  0.0  6.1  CP127019.1   860978  861133 (2232810) C rnd-1_family-1 Unknown          (12)    147      1 116  
  926    6.0  0.0  0.0  CP127019.1   861035  861151 (2232792) + rnd-1_family-5 Unknown             1    117    (0) 117 *
  747   13.9  3.5 11.9  CP127019.1   861897  862068 (2231875) + rnd-1_family-1 Unknown             1    159    (0) 118 *
 1692    7.8  0.0  0.0  CP127019.1   861989  862218 (2231725) C rnd-1_family-0 Unknown           (0)    230      1 119  
  270   17.3  0.0  6.9  CP127019.1   871379  871440 (2222503) C rnd-1_family-5 Unknown           (0)    117     60 120 *
  292   20.0  7.0 15.7  CP127019.1   871397  871568 (2222375) + rnd-1_family-1 Unknown             1    159    (0) 121 *
 1070   14.0  4.0  1.7  CP127019.1   871546  871770 (2222173) C rnd-1_family-0 Unknown           (0)    230      1 122  
   16   12.5  2.7  2.7  CP127019.1   875344  875380 (2218563) + (AAGATA)n      Simple_repeat       1     37    (0) 123  
  470   18.9  2.1  0.0  CP127019.1   875871  875965 (2217978) C rnd-1_family-5 Unknown           (3)    114     18 124 *
  740   17.6  3.9  0.6  CP127019.1   875884  876037 (2217906) + rnd-1_family-1 Unknown             1    159    (0) 125  
  253   18.2  1.8  0.0  CP127019.1   876008  876062 (2217881) + rnd-1_family-1 Unknown            73    128   (31) 126 *
   12    5.5  0.0  0.0  CP127019.1   880634  880652 (2213291) + (GTG)n         Simple_repeat       1     19    (0) 127  
   13   11.0  7.0  4.5  CP127019.1   891057  891099 (2202844) + (ATGTTA)n      Simple_repeat       1     44    (0) 128  
 1652    7.0  0.9  0.0  CP127019.1   902870  903097 (2190846) + rnd-1_family-0 Unknown             1    230    (0) 129  
  302   25.4  0.0  8.4  CP127019.1   903015  903130 (2190813) C rnd-1_family-1 Unknown          (52)    107      1 130 *
  312   17.2  0.0  0.0  CP127019.1   903091  903148 (2190795) + rnd-1_family-5 Unknown            60    117    (0) 131  
   12   22.6  3.1  6.5  CP127019.1   903186  903249 (2190694) + (TAATAT)n      Simple_repeat       1     62    (0) 132  
   15   20.4  0.0  2.5  CP127019.1   905013  905053 (2188890) + (ATAAGT)n      Simple_repeat       1     40    (0) 133  
 1436    6.7  2.6  2.2  CP127019.1   908248  908476 (2185467) + rnd-1_family-0 Unknown             1    230    (0) 134  
  523    3.8  1.2  3.8  CP127019.1   908454  908535 (2185408) + rnd-1_family-0 Unknown           151    230    (0) 135 *
  465    7.2  1.1  5.9  CP127019.1   908505  908593 (2185350) + rnd-1_family-0 Unknown           146    230    (0) 135 *
 1057    7.7  2.5  1.9  CP127019.1   908568  908725 (2185218) C rnd-1_family-1 Unknown           (0)    159      1 136  
  768    8.8  0.0  0.0  CP127019.1   908642  908743 (2185200) + rnd-1_family-5 Unknown            16    117    (0) 137 *
   12   23.3  2.5  0.0  CP127019.1   908868  908907 (2185036) + A-rich         Low_complexity      1     41    (0) 138  
   12   14.4  7.5  2.4  CP127019.1   915364  915403 (2178540) + (AATC)n        Simple_repeat       1     42    (0) 139  
  868    2.9  0.0  0.0  CP127019.1   915631  915732 (2178211) + rnd-1_family-2 Unknown             5    106    (3) 140  
  835   15.9  1.4  0.0  CP127019.1   915672  915816 (2178127) C rnd-1_family-1 Unknown          (12)    147      1 141 *
  576   17.6  0.0  0.0  CP127019.1   915733  915834 (2178109) + rnd-1_family-5 Unknown            16    117    (0) 142 *
   14   24.3  0.0  4.0  CP127019.1   929798  929849 (2164094) + (TATTCAT)n     Simple_repeat       1     50    (0) 143  
   33   26.7  0.0  0.0  CP127019.1   930233  930322 (2163621) + (TCTTTT)n      Simple_repeat       1     90    (0) 144  
   13   15.0  5.1  2.5  CP127019.1   935856  935894 (2158049) + (AATT)n        Simple_repeat       1     40    (0) 145  
   14   13.8  0.0  5.9  CP127019.1   939044  939079 (2154864) + A-rich         Low_complexity      1     34    (0) 146  
   15   21.4  2.3  0.0  CP127019.1   940829  940871 (2153072) + A-rich         Low_complexity      1     44    (0) 147  
  926    0.9  0.0  0.0  CP127019.1   951504  951608 (2142335) + rnd-1_family-2 Unknown             1    105    (4) 148  
  433   10.7  0.0  2.7  CP127019.1   951549  951625 (2142318) C rnd-1_family-1 Unknown          (12)    147     73 149 *
 1137    4.5  2.5  1.3  CP127019.1   951594  951750 (2142193) C rnd-1_family-1 Unknown           (0)    159      1 150  
  840    3.9  0.0  0.0  CP127019.1   951667  951768 (2142175) + rnd-1_family-5 Unknown            16    117    (0) 151 *
  987    7.9  3.0  2.4  CP127019.1   951773  951940 (2142003) + rnd-1_family-0 Unknown            59    227    (3) 152  
  617   15.8  7.4  2.6  CP127019.1   951865  952013 (2141930) C rnd-1_family-1 Unknown           (0)    159      4 153 *
  392   22.7  2.1  0.0  CP127019.1   951938  952034 (2141909) + rnd-1_family-5 Unknown            19    117    (0) 154 *
   11   18.4  2.4  5.0  CP127019.1   960053  960093 (2133850) + (TTATCA)n      Simple_repeat       1     40    (0) 155  
  499   16.1 11.9  0.0  CP127019.1   970322  970439 (2123504) C rnd-1_family-0 Unknown          (98)    132      1 156  
   12   18.4  5.4  0.0  CP127019.1   980792  980828 (2113115) + (ATCAA)n       Simple_repeat       1     39    (0) 157  
   12   13.6  2.8  5.7  CP127019.1   993033  993068 (2100875) + (AATAA)n       Simple_repeat       1     35    (0) 158  
  461   20.8  2.0  1.0  CP127019.1   999313  999414 (2094529) + rnd-1_family-5 Unknown            15    117    (0) 159  
  287   22.1  1.5  0.0  CP127019.1  1002663 1002730 (2091213) + rnd-1_family-4 Unknown           118    186    (5) 160  
  433   20.4  0.0  0.0  CP127019.1  1014842 1014934 (2079009) C rnd-1_family-5 Unknown           (0)    117     25 161 *
  598   16.1  5.2  2.5  CP127019.1  1014862 1015014 (2078929) + rnd-1_family-1 Unknown             3    159    (0) 162  
  323    8.7  4.7  5.9  CP127019.1  1014992 1015077 (2078866) C rnd-1_family-0 Unknown           (0)    230    146 163 *
  478    8.0  1.3  0.0  CP127019.1  1015054 1015128 (2078815) C rnd-1_family-0 Unknown           (4)    226    151 163  
  267   11.4  6.7  6.7  CP127019.1  1015099 1015173 (2078770) + rnd-1_family-1 Unknown            73    147   (12) 164 *
  574    9.6  4.6  4.6  CP127019.1  1015110 1015218 (2078725) C rnd-1_family-2 Unknown           (0)    109      1 165  
  373   11.9  1.7  0.0  CP127019.1  1015216 1015274 (2078669) C rnd-1_family-6 Unknown           (9)     72     13 166 *
   12   16.9  2.9  2.9  CP127019.1  1021794 1021828 (2072115) + A-rich         Low_complexity      1     35    (0) 167  
  302    6.0  3.9  1.9  CP127019.1  1034634 1034684 (2059259) C rnd-1_family-1 Unknown          (20)    139     88 168  
   13   24.3  0.0  4.4  CP127019.1  1034910 1034956 (2058987) + (TTATA)n       Simple_repeat       1     45    (0) 169  
   14   15.3  2.5  5.1  CP127019.1  1035917 1035956 (2057987) + (TTA)n         Simple_repeat       1     39    (0) 170  
   14   23.7  3.6  1.8  CP127019.1  1040753 1040808 (2053135) + (TTAATAT)n     Simple_repeat       1     57    (0) 171  
   12   21.1  0.0  8.5  CP127019.1  1048173 1048223 (2045720) + A-rich         Low_complexity      1     47    (0) 172  
   15   13.2  5.7  2.8  CP127019.1  1048461 1048495 (2045448) + (AT)n          Simple_repeat       1     36    (0) 173  
   17   11.7  5.4  0.0  CP127019.1  1048591 1048645 (2045298) + (ATTT)n        Simple_repeat       1     57    (0) 174  
   13   14.3  3.0  3.0  CP127019.1  1062393 1062425 (2031518) + (ATG)n         Simple_repeat       1     33    (0) 175  
   13    7.8  3.5  3.5  CP127019.1  1066285 1066313 (2027630) + (TTTAT)n       Simple_repeat       1     29    (0) 176  
   12   13.9  4.4  6.8  CP127019.1  1074096 1074140 (2019803) + A-rich         Low_complexity      1     44    (0) 177  
   12    6.6 12.5  0.0  CP127019.1  1076154 1076185 (2017758) + (TGTAA)n       Simple_repeat       1     36    (0) 178  
   13   12.8 11.6  0.0  CP127019.1  1096164 1096206 (1997737) + (CTTCTAA)n     Simple_repeat       1     48    (0) 179  
   12   15.8  0.0  3.5  CP127019.1  1096374 1096403 (1997540) + (ATTT)n        Simple_repeat       1     29    (0) 180  
   12   10.7  2.9  6.1  CP127019.1  1103459 1103492 (1990451) + (TAACA)n       Simple_repeat       1     33    (0) 181  
   12   16.3  2.8  2.8  CP127019.1  1112215 1112250 (1981693) + A-rich         Low_complexity      1     36    (0) 182  
   13   17.6  0.0  7.3  CP127019.1  1120586 1120629 (1973314) + (TTGGTG)n      Simple_repeat       1     41    (0) 183  
  425   15.8  1.3  0.0  CP127019.1  1133593 1133668 (1960275) + rnd-1_family-0 Unknown             4     80  (150) 184 *
  724   12.1  6.5  3.2  CP127019.1  1133662 1133814 (1960129) C rnd-1_family-1 Unknown           (0)    159      2 185  
  474    1.9  0.0  0.0  CP127019.1  1133970 1134022 (1959921) + rnd-1_family-2 Unknown             1     53   (56) 186 *
  965    4.3  0.0  0.0  CP127019.1  1134016 1134132 (1959811) + rnd-1_family-5 Unknown             1    117    (0) 187  
   14   31.9  3.9  0.0  CP127019.1  1150120 1150196 (1943747) + (TTTTCA)n      Simple_repeat       1     80    (0) 188  
   13   33.3  1.4  1.4  CP127019.1  1158920 1158988 (1934955) + (ATTATT)n      Simple_repeat       1     69    (0) 189  
  915    1.9  0.0  0.0  CP127019.1  1159826 1159930 (1934013) + rnd-1_family-2 Unknown             1    105    (4) 190  
  412   12.0  0.0  4.0  CP127019.1  1159871 1159948 (1933995) C rnd-1_family-1 Unknown          (12)    147     73 191 *
 1091    5.8  2.5  1.9  CP127019.1  1159916 1160073 (1933870) C rnd-1_family-1 Unknown           (0)    159      1 192  
  826    4.9  0.0  0.0  CP127019.1  1159990 1160091 (1933852) + rnd-1_family-5 Unknown            16    117    (0) 193 *
   12   26.4  2.1  2.1  CP127019.1  1163991 1164038 (1929905) + A-rich         Low_complexity      1     48    (0) 194  
   13   18.2  2.6  2.6  CP127019.1  1170350 1170388 (1923555) + (TGATAT)n      Simple_repeat       1     39    (0) 195  
   12   25.8  6.1  1.4  CP127019.1  1171426 1171491 (1922452) + (TATTTAT)n     Simple_repeat       1     69    (0) 196  
   13   28.8  0.0  0.0  CP127019.1  1176903 1176948 (1916995) + (AATAGC)n      Simple_repeat       1     46    (0) 197  
   19   27.7  0.0  5.2  CP127019.1  1202995 1203075 (1890868) + A-rich         Low_complexity      1     77    (0) 198  
   12   17.2  4.9  2.4  CP127019.1  1206573 1206613 (1887330) + (AATATTTT)n    Simple_repeat       1     42    (0) 199  
   12   25.4  3.8  1.9  CP127019.1  1217619 1217671 (1876272) + A-rich         Low_complexity      1     54    (0) 200  
   13   21.1  2.6  0.0  CP127019.1  1221643 1221680 (1872263) + (TATGAAG)n     Simple_repeat       1     39    (0) 201  
   12    9.1  4.2  0.0  CP127019.1  1228858 1228881 (1865062) + (TAAT)n        Simple_repeat       1     25    (0) 202  
   16   19.2  4.1  2.0  CP127019.1  1229906 1229954 (1863989) + (AATA)n        Simple_repeat       1     50    (0) 203  
  363   15.5  5.8  2.2  CP127019.1  1230179 1230264 (1863679) C rnd-1_family-5 Unknown          (11)    106     18 204 *
  715   14.6  4.4  0.0  CP127019.1  1230200 1230336 (1863607) + rnd-1_family-1 Unknown            17    159    (0) 205  
  545    5.0  0.0  0.0  CP127019.1  1230314 1230393 (1863550) C rnd-1_family-0 Unknown           (0)    230    151 206 *
  505    8.3  1.2  0.0  CP127019.1  1230427 1230510 (1863433) C rnd-1_family-0 Unknown           (0)    230    146 207 *
 1568    7.5  1.3  0.4  CP127019.1  1230483 1230708 (1863235) C rnd-1_family-0 Unknown           (0)    230      3 208  
   12   21.8  2.2  4.4  CP127019.1  1232100 1232145 (1861798) + A-rich         Low_complexity      1     45    (0) 209  
  646   11.1  0.0  3.0  CP127019.1  1235573 1235674 (1858269) C rnd-1_family-5 Unknown           (0)    117     19 210 *
 1062    7.8  3.2  0.6  CP127019.1  1235594 1235748 (1858195) + rnd-1_family-1 Unknown             1    159    (0) 211  
  254   14.6  5.8  5.8  CP127019.1  1235718 1235804 (1858139) + rnd-1_family-1 Unknown            73    159    (0) 212 *
  392   15.8  6.5  5.6  CP127019.1  1235786 1235892 (1858051) C rnd-1_family-2 Unknown           (0)    109      2 213  
   13    5.0  0.0  4.5  CP127019.1  1250252 1250274 (1843669) + (AAC)n         Simple_repeat       1     22    (0) 214  
   13   11.7  3.6  0.0  CP127019.1  1251079 1251106 (1842837) + (AATAA)n       Simple_repeat       1     29    (0) 215  
   16    7.0  3.1  3.1  CP127019.1  1258699 1258730 (1835213) + (AAGATA)n      Simple_repeat       1     32    (0) 216  
 1715    1.5  0.5  0.0  CP127019.1  1268237 1268441 (1825502) + rnd-1_family-7 Unknown             1    206  (291) 217  
 1060    0.8  0.0  0.0  CP127019.1  1268505 1268624 (1825319) + rnd-1_family-3 Unknown           504    623  (107) 218 *
 1495    6.3  0.0  0.0  CP127019.1  1268601 1268789 (1825154) + rnd-1_family-4 Unknown             3    191    (0) 219  
   14   21.6  6.2  0.0  CP127019.1  1269189 1269236 (1824707) + (TTA)n         Simple_repeat       1     51    (0) 220  
  339    7.7  1.9  0.0  CP127019.1  1281847 1281898 (1812045) C rnd-1_family-0 Unknown         (107)    123     71 221  
   12   12.0  3.7  0.0  CP127019.1  1283886 1283912 (1810031) + (AATTT)n       Simple_repeat       1     28    (0) 222  
   12   24.9  7.0  0.0  CP127019.1  1290681 1290737 (1803206) + GA-rich        Low_complexity      1     61    (0) 223  
   12   23.5  0.0  0.0  CP127019.1  1298536 1298570 (1795373) + A-rich         Low_complexity      1     35    (0) 224  
   13   11.9  2.3  9.8  CP127019.1  1304295 1304338 (1789605) + A-rich         Low_complexity      1     41    (0) 225  
  300   23.1  0.0  0.0  CP127019.1  1339002 1339066 (1754877) C rnd-1_family-5 Unknown           (0)    117     53 226  
   25   30.3  1.1  1.1  CP127019.1  1355143 1355233 (1738710) + (ATA)n         Simple_repeat       1     91    (0) 227  
   15   15.3  2.6  2.6  CP127019.1  1355382 1355419 (1738524) + (ATCA)n        Simple_repeat       1     38    (0) 228  
   16   20.8  4.5  4.5  CP127019.1  1365313 1365378 (1728565) + (TTA)n         Simple_repeat       1     66    (0) 229  
   17   17.3  0.0  6.2  CP127019.1  1376633 1376683 (1717260) + A-rich         Low_complexity      1     48    (0) 230  
   12   19.7  0.0  0.0  CP127019.1  1390450 1390478 (1703465) + A-rich         Low_complexity      1     29    (0) 231  
   11   20.7  5.1  0.0  CP127019.1  1403970 1404008 (1689935) + (ATTATTA)n     Simple_repeat       1     41    (0) 232  
   16   18.9  6.2  6.2  CP127019.1  1404288 1404368 (1689575) + (ATATAA)n      Simple_repeat       1     81    (0) 233  
   13   10.5  6.5  0.0  CP127019.1  1433828 1433858 (1660085) + A-rich         Low_complexity      1     33    (0) 234  
   13   22.0  2.7  5.6  CP127019.1  1442069 1442129 (1651814) + A-rich         Low_complexity      1     59    (0) 235  
   15   21.2  0.0  2.6  CP127019.1  1443917 1443956 (1649987) + (TTC)n         Simple_repeat       1     39    (0) 236  
   12   21.4  3.3  6.8  CP127019.1  1444602 1444662 (1649281) + (TTATTC)n      Simple_repeat       1     59    (0) 237  
  826    4.9  0.0  0.0  CP127019.1  1446345 1446446 (1647497) C rnd-1_family-5 Unknown           (0)    117     16 238 *
 1125    5.2  2.5  1.9  CP127019.1  1446363 1446520 (1647423) + rnd-1_family-1 Unknown             1    159    (0) 239  
  264    9.9  4.5  9.4  CP127019.1  1446495 1446583 (1647360) C rnd-1_family-0 Unknown           (0)    230    146 240 *
  418    8.8  0.0  2.9  CP127019.1  1446554 1446623 (1647320) + rnd-1_family-1 Unknown            80    147   (12) 241 *
  950    0.0  0.0  0.0  CP127019.1  1446564 1446668 (1647275) C rnd-1_family-2 Unknown           (4)    105      1 242  
  315   11.7  1.6  1.6  CP127019.1  1450865 1450925 (1643018) + rnd-1_family-0 Unknown           169    229    (1) 243 *
  811   13.7  3.9  1.9  CP127019.1  1450903 1451058 (1642885) C rnd-1_family-1 Unknown           (0)    159      1 244  
  628   13.0  1.0  0.0  CP127019.1  1450977 1451076 (1642867) + rnd-1_family-5 Unknown            17    117    (0) 245 *
   16   16.7 10.1  3.6  CP127019.1  1455405 1455483 (1638460) + (AATTGA)n      Simple_repeat       1     84    (0) 246  
   13   12.9  2.6  5.4  CP127019.1  1468613 1468650 (1625293) + (AATAGAT)n     Simple_repeat       1     37    (0) 247  
   12   12.1  0.0  6.9  CP127019.1  1480091 1480121 (1613822) + (TGATT)n       Simple_repeat       1     29    (0) 248  
   15   11.9  0.0 10.0  CP127019.1  1491453 1491496 (1602447) + (ATTTT)n       Simple_repeat       1     40    (0) 249  
 1682    1.1  0.0  0.0  CP127019.1  1492368 1492558 (1601385) C rnd-1_family-4 Unknown           (0)    191      1 250  
  703    4.5  0.0  0.0  CP127019.1  1492610 1492698 (1601245) C rnd-1_family-3 Unknown         (128)    602    514 251 *
 2601    3.1  0.0  0.0  CP127019.1  1492675 1492995 (1600948) C rnd-1_family-7 Unknown         (176)    321      1 252  
  811   18.7  2.5  1.3  CP127019.1  1495854 1496010 (1597933) C rnd-1_family-1 Unknown           (0)    159      1 253  
  634   14.8  0.0  0.0  CP127019.1  1495928 1496028 (1597915) + rnd-1_family-5 Unknown            17    117    (0) 254 *
 4066    1.9  0.2  0.0  CP127019.1  1508693 1509179 (1584764) + rnd-1_family-7 Unknown            10    497    (0) 255  
 3934    3.6  0.0  0.0  CP127019.1  1509165 1509640 (1584303) + rnd-1_family-3 Unknown           255    730    (0) 256 *
   13   21.6  2.1  4.3  CP127019.1  1510519 1510565 (1583378) + (TAA)n         Simple_repeat       1     46    (0) 257  
   13   14.0  4.7  4.7  CP127019.1  1515147 1515189 (1578754) + (CTTTAT)n      Simple_repeat       1     43    (0) 258  
  370   17.6  3.3  0.0  CP127019.1  1515591 1515681 (1578262) + rnd-1_family-3 Unknown           632    725    (5) 259  
  513   12.5  1.1  1.1  CP127019.1  1519955 1520043 (1573900) + rnd-1_family-0 Unknown             1     89  (141) 260  
   11   21.3  4.4  2.2  CP127019.1  1526097 1526141 (1567802) + (TATTTATA)n    Simple_repeat       1     46    (0) 261  
  939    0.9  0.0  0.0  CP127019.1  1535665 1535769 (1558174) + rnd-1_family-2 Unknown             1    105    (4) 262  
  252   13.5  3.4  8.2  CP127019.1  1535750 1535838 (1558105) + rnd-1_family-0 Unknown           146    230    (0) 263 *
 1151    4.5  2.5  1.9  CP127019.1  1535813 1535970 (1557973) C rnd-1_family-1 Unknown           (0)    159      1 264  
  864    2.9  0.0  0.0  CP127019.1  1535887 1535988 (1557955) + rnd-1_family-5 Unknown            16    117    (0) 265 *
   13   12.0  0.0  3.6  CP127019.1  1623706 1623734 (1470209) + (TTCTT)n       Simple_repeat       1     28    (0) 266  
   12   12.5  0.0  3.7  CP127019.1  1638478 1638505 (1455438) + (CTTTT)n       Simple_repeat       1     27    (0) 267  
   12   17.8  4.0  6.1  CP127019.1  1640951 1641000 (1452943) + (TTTGAT)n      Simple_repeat       1     49    (0) 268  
   15   17.2  0.0  0.0  CP127019.1  1645856 1645888 (1448055) + (CTTTAT)n      Simple_repeat       1     33    (0) 269  
   12   15.8  2.6  5.3  CP127019.1  1651557 1651595 (1442348) + (ATCTTAC)n     Simple_repeat       1     38    (0) 270  
   13   27.7  1.9  1.9  CP127019.1  1673661 1673714 (1420229) + (TTTATAT)n     Simple_repeat       1     54    (0) 271  
   12   21.1  0.0  5.0  CP127019.1  1684354 1684395 (1409548) + A-rich         Low_complexity      1     40    (0) 272  
   18   17.1  1.7  7.0  CP127019.1  1695672 1695731 (1398212) + (ATTATC)n      Simple_repeat       1     57    (0) 273  
   13   13.6  6.8  4.4  CP127019.1  1712321 1712364 (1381579) + (ATA)n         Simple_repeat       1     45    (0) 274  
   13   14.6  0.0  3.2  CP127019.1  1713469 1713500 (1380443) + (TTTTAA)n      Simple_repeat       1     31    (0) 275  
   16   17.6  2.6  0.0  CP127019.1  1727664 1727702 (1366241) + (TTTTAA)n      Simple_repeat       1     40    (0) 276  
   12   16.5  2.8  2.8  CP127019.1  1734617 1734652 (1359291) + (TTACGT)n      Simple_repeat       1     36    (0) 277  
   13   29.8  2.7  2.7  CP127019.1  1750843 1750915 (1343028) + (TTTACG)n      Simple_repeat       1     73    (0) 278  
 1147   12.1  4.8  5.3  CP127019.1  1760531 1760757 (1333186) + rnd-1_family-0 Unknown             1    226    (4) 279  
  482   17.0 17.3  2.5  CP127019.1  1760739 1760877 (1333066) C rnd-1_family-1 Unknown           (0)    159      1 280 *
  421   18.8  2.5  0.0  CP127019.1  1760814 1760893 (1333050) + rnd-1_family-5 Unknown            36    117    (0) 281 *
   17   16.1  3.9  3.9  CP127019.1  1765694 1765745 (1328198) + A-rich         Low_complexity      1     52    (0) 282  
  258   11.3  5.5  3.6  CP127019.1  1774258 1774312 (1319631) + rnd-1_family-6 Unknown            12     67   (14) 283  
  370   12.5  0.0  0.0  CP127019.1  1775158 1775213 (1318730) + rnd-1_family-0 Unknown             1     56  (174) 284  
  897   16.5  7.2  4.8  CP127019.1  1795833 1796055 (1297888) + rnd-1_family-0 Unknown             1    228    (2) 285  
  335    6.2  4.2  0.0  CP127019.1  1796049 1796096 (1297847) + rnd-1_family-5 Unknown            68    117    (0) 286 *
   13   14.4  3.2  0.0  CP127019.1  1799885 1799915 (1294028) + (ATTCAA)n      Simple_repeat       1     32    (0) 287  
   14   14.8  2.4  5.0  CP127019.1  1808329 1808369 (1285574) + (TTGCAT)n      Simple_repeat       1     40    (0) 288  
   12   31.7  0.0  1.8  CP127019.1  1813811 1813866 (1280077) + (TTTAAT)n      Simple_repeat       1     55    (0) 289  
   13   29.1  2.6  4.0  CP127019.1  1825096 1825172 (1268771) + (TTTTTAA)n     Simple_repeat       1     76    (0) 290  
   11   22.0  3.9  3.9  CP127019.1  1835111 1835161 (1258782) + (AACTAC)n      Simple_repeat       1     51    (0) 291  
   17    9.7  3.0  0.0  CP127019.1  1854384 1854416 (1239527) + (TTTTCT)n      Simple_repeat       1     34    (0) 292  
   15   25.6  0.0  0.0  CP127019.1  1854417 1854425 (1239518) + (TTT)n         Simple_repeat       1     42    (0) 293  
   14   12.0  0.0  0.0  CP127019.1  1859986 1860012 (1233931) + (TTCTT)n       Simple_repeat       1     27    (0) 294  
  613   18.5  1.8  7.1  CP127019.1  1872294 1872456 (1221487) C rnd-1_family-0 Unknown          (75)    155      1 295  
 4267    1.0  0.0  0.0  CP127019.1  1876690 1877186 (1216757) + rnd-1_family-7 Unknown             1    497    (0) 296  
 6300    1.4  0.0  0.0  CP127019.1  1877964 1878693 (1215250) + rnd-1_family-3 Unknown             1    730    (0) 297  
  476    4.4  0.0  1.5  CP127019.1  1889995 1890063 (1203880) C rnd-1_family-0 Unknown           (7)    223    156 298  
   11   17.7  5.0  2.4  CP127019.1  1891178 1891217 (1202726) + (CAATTT)n      Simple_repeat       1     41    (0) 299  
  227   11.4  0.0  0.0  CP127019.1  1892176 1892210 (1201733) + rnd-1_family-0 Unknown             1     35  (195) 300  
  547   13.6  0.0  0.0  CP127019.1  1894266 1894353 (1199590) + rnd-1_family-5 Unknown            30    117    (0) 301  
   12   17.0  2.9  2.9  CP127019.1  1899557 1899591 (1194352) + (TAA)n         Simple_repeat       1     35    (0) 302  
   11   24.4  2.2  2.2  CP127019.1  1904546 1904590 (1189353) + (TTTTCGT)n     Simple_repeat       1     45    (0) 303  
   13   17.0  3.0  0.0  CP127019.1  1917267 1917299 (1176644) + (AATTAA)n      Simple_repeat       1     34    (0) 304  
  376    6.9  0.0  3.5  CP127019.1  1918293 1918352 (1175591) C rnd-1_family-6 Unknown          (14)     67     10 305  
   13   16.7  8.2  1.9  CP127019.1  1921158 1921206 (1172737) + (ATTATTA)n     Simple_repeat       1     52    (0) 306  
   14   17.7  2.5  2.5  CP127019.1  1928641 1928680 (1165263) + (ATTATA)n      Simple_repeat       1     40    (0) 307  
   12   12.3  5.1  5.1  CP127019.1  1930721 1930759 (1163184) + (TTTTAGC)n     Simple_repeat       1     39    (0) 308  
   12   28.7  3.6  0.0  CP127019.1  1942450 1942504 (1151439) + A-rich         Low_complexity      1     57    (0) 309  
  380   18.1  1.4  0.0  CP127019.1  1947186 1947257 (1146686) C rnd-1_family-5 Unknown           (0)    117     45 310 *
  541   11.0 25.0  0.6  CP127019.1  1947204 1947331 (1146612) + rnd-1_family-1 Unknown             1    159    (0) 311  
  324    9.4  6.1  8.8  CP127019.1  1947309 1947390 (1146553) C rnd-1_family-0 Unknown           (0)    230    151 312 *
  746   13.3  2.5 15.5  CP127019.1  1947365 1947568 (1146375) C rnd-1_family-0 Unknown           (0)    230     50 313 *
  865   10.3  0.0  0.0  CP127019.1  1947565 1947681 (1146262) C rnd-1_family-5 Unknown           (0)    117      1 314  
  441    3.8  0.0  0.0  CP127019.1  1947675 1947727 (1146216) C rnd-1_family-2 Unknown          (56)     53      1 315 *
   15   15.8  2.1  6.5  CP127019.1  1954929 1954976 (1138967) + (TTGA)n        Simple_repeat       1     46    (0) 316  
   12   20.6  5.1  0.0  CP127019.1  1958635 1958673 (1135270) + (TGAT)n        Simple_repeat       1     41    (0) 317  
 6161    1.8  0.3  0.1  CP127019.1  1966427 1967155 (1126788) + rnd-1_family-3 Unknown             1    730    (0) 318  
  298   15.7  0.0  0.0  CP127019.1  1969254 1969304 (1124639) C rnd-1_family-5 Unknown           (0)    117     67 319  
 1209   10.1  1.1  0.0  CP127019.1  1977225 1977403 (1116540) + rnd-1_family-0 Unknown             1    181   (49) 320  
 3247    1.7  0.3  0.3  CP127019.1  1984329 1984926 (1109017) C rnd-1_family-3 Unknown           (4)    726      1 321  
 4207    1.4  0.0  0.0  CP127019.1  1985686 1986182 (1107761) C rnd-1_family-7 Unknown           (0)    497      1 322  
   15   13.9  0.0  0.0  CP127019.1  1991605 1991628 (1102315) + (T)n           Simple_repeat       1     24    (0) 323  
   13   21.1  2.6  0.0  CP127019.1  2004551 2004588 (1089355) + (ATTATA)n      Simple_repeat       1     39    (0) 324  
   12    7.9  7.4  0.0  CP127019.1  2011171 2011197 (1082746) + (TTTAA)n       Simple_repeat       1     29    (0) 325  
   14   23.2  6.5  1.5  CP127019.1  2022616 2022677 (1071266) + (AATT)n        Simple_repeat       1     65    (0) 326  
   16   24.4  3.2  3.2  CP127019.1  2028827 2028888 (1065055) + (TTA)n         Simple_repeat       1     62    (0) 327  
   12   23.1  5.1  3.3  CP127019.1  2029658 2029716 (1064227) + (AATT)n        Simple_repeat       1     60    (0) 328  
   14    6.5  8.8  2.8  CP127019.1  2034722 2034786 (1059157) + (ATT)n         Simple_repeat       1     68    (0) 329  
  414   17.6  2.2  0.0  CP127019.1  2036188 2036278 (1057665) + rnd-1_family-5 Unknown            21    113    (4) 330  
   12    8.4  0.0  7.4  CP127019.1  2036316 2036344 (1057599) + (ACACA)n       Simple_repeat       1     27    (0) 331  
   13   19.4  0.0  2.8  CP127019.1  2060859 2060895 (1033048) + (TTTAATA)n     Simple_repeat       1     36    (0) 332  
  405   11.9  0.0  0.0  CP127019.1  2060896 2060954 (1032989) C rnd-1_family-5 Unknown           (1)    116     58 333 *
  562   21.1  0.6  9.4  CP127019.1  2060913 2061085 (1032858) + rnd-1_family-1 Unknown             1    159    (0) 334  
  376   16.3  0.0  5.0  CP127019.1  2061120 2061203 (1032740) C rnd-1_family-0 Unknown           (0)    230    151 335  
  490   12.2  0.0  2.4  CP127019.1  2061237 2061320 (1032623) C rnd-1_family-0 Unknown           (0)    230    149 336  
  294    7.0  1.7  3.5  CP127019.1  2082792 2082850 (1011093) C rnd-1_family-6 Unknown          (15)     66      9 337  
   13   22.6  2.8  7.3  CP127019.1  2092913 2092983 (1000960) + A-rich         Low_complexity      1     68    (0) 338  
  605    6.6  5.4  1.0  CP127019.1  2103981 2104072  (989871) + rnd-1_family-0 Unknown           134    229    (1) 339  
  327   12.1  4.5  6.9  CP127019.1  2104107 2104195  (989748) C rnd-1_family-1 Unknown           (0)    159     73 340 *
  959   12.3  1.9  0.0  CP127019.1  2104166 2104319  (989624) C rnd-1_family-1 Unknown           (0)    159      3 341  
  577   12.9  0.0  0.0  CP127019.1  2104239 2104331  (989612) + rnd-1_family-5 Unknown            17    109    (8) 342 *
  649   10.9  9.7  2.4  CP127019.1  2105475 2105589  (988354) + rnd-1_family-2 Unknown             1    230    (0) 343 *
 1177    5.1  1.3  1.3  CP127019.1  2105564 2105722  (988221) C rnd-1_family-1 Unknown           (0)    159      1 344  
  815    4.9  0.0  0.0  CP127019.1  2105639 2105740  (988203) + rnd-1_family-5 Unknown            16    117    (0) 345 *
  586   12.5  4.8  0.0  CP127019.1  2114828 2114931  (979012) + rnd-1_family-2 Unknown             1    109    (0) 346  
  327   11.3  3.5  7.2  CP127019.1  2114910 2114995  (978948) + rnd-1_family-0 Unknown           148    230    (0) 347 *
  762    8.8  7.0  5.0  CP127019.1  2114971 2115126  (978817) C rnd-1_family-1 Unknown           (0)    159      1 348  
  757    5.0  0.0  1.0  CP127019.1  2115045 2115145  (978798) + rnd-1_family-5 Unknown            18    117    (0) 349 *
   12   13.3  2.7  5.6  CP127019.1  2124367 2124403  (969540) + (TTCATC)n      Simple_repeat       1     36    (0) 350  
   13   11.1  3.2  3.2  CP127019.1  2137497 2137527  (956416) + (AAT)n         Simple_repeat       1     31    (0) 351  
 4609    1.8  0.4  0.0  CP127019.1  2145378 2145921  (948022) + rnd-1_family-3 Unknown           185    730    (0) 352  
   13   13.1  0.0  0.0  CP127019.1  2150295 2150319  (943624) + (TAAA)n        Simple_repeat       1     25    (0) 353  
   11   18.7  0.0  7.7  CP127019.1  2154326 2154367  (939576) + (AATAACA)n     Simple_repeat       1     39    (0) 354  
   14   14.2  4.7  4.7  CP127019.1  2156829 2156871  (937072) + (TTAT)n        Simple_repeat       1     43    (0) 355  
   12   23.3  0.0  0.0  CP127019.1  2158120 2158154  (935789) + (CTTTAT)n      Simple_repeat       1     35    (0) 356  
   13   18.9  2.6  2.6  CP127019.1  2162638 2162675  (931268) + (AAT)n         Simple_repeat       1     38    (0) 357  
   13   20.0  5.5  3.6  CP127019.1  2166321 2166375  (927568) + (GCATTTT)n     Simple_repeat       1     56    (0) 358  
   16   18.6  2.2  2.2  CP127019.1  2181068 2181112  (912831) + (TTTCTTT)n     Simple_repeat       1     45    (0) 359  
   16   14.5  1.9  8.0  CP127019.1  2181865 2181917  (912026) + A-rich         Low_complexity      1     50    (0) 360  
   37   10.5  0.0  0.0  CP127019.1  2186314 2186375  (907568) + (CGATGTGTA)n   Simple_repeat       1     62    (0) 361  
   11   19.1  4.3  4.3  CP127019.1  2187576 2187621  (906322) + (CTTCTG)n      Simple_repeat       1     46    (0) 362  
   15   23.1  1.9  3.8  CP127019.1  2190075 2190128  (903815) + (TGTA)n        Simple_repeat       1     53    (0) 363  
   17   30.5  0.0  0.0  CP127019.1  2190854 2190909  (903034) + (TTA)n         Simple_repeat       1     56    (0) 364  
   13   21.7  2.6  0.0  CP127019.1  2191874 2191911  (902032) + (TTTGAA)n      Simple_repeat       1     39    (0) 365  
   12   19.9  5.0  0.0  CP127019.1  2203834 2203873  (890070) + (TTATTAC)n     Simple_repeat       1     42    (0) 366  
  814    7.0  0.0  0.0  CP127019.1  2207860 2207973  (885970) C rnd-1_family-7 Unknown         (382)    115      2 367  
   12   20.2  2.3  4.7  CP127019.1  2209352 2209395  (884548) + (TATT)n        Simple_repeat       1     43    (0) 368  
   12   15.9  4.2  6.4  CP127019.1  2209875 2209922  (884021) + (ATTTATA)n     Simple_repeat       1     47    (0) 369  
   12   28.5  4.6  1.5  CP127019.1  2216537 2216601  (877342) + (ATTT)n        Simple_repeat       1     67    (0) 370  
   17   20.1  0.0  7.3  CP127019.1  2217232 2217294  (876649) + A-rich         Low_complexity      1     58    (0) 371  
   45   24.0  5.4  1.7  CP127019.1  2218505 2218672  (875271) + (GGATTT)n      Simple_repeat       1    174    (0) 372  
   16   25.2  5.6  1.3  CP127019.1  2218996 2219067  (874876) + (TATGAA)n      Simple_repeat       1     75    (0) 373  
 1561   11.3  0.0  0.0  CP127019.1  2219803 2220031  (873912) + rnd-1_family-0 Unknown             2    230    (0) 374  
  281   23.4  0.9 11.4  CP127019.1  2219947 2220062  (873881) C rnd-1_family-1 Unknown          (52)    107      3 375 *
  340   12.3  0.0  1.8  CP127019.1  2220026 2220083  (873860) + rnd-1_family-5 Unknown            61    117    (0) 376  
   14   25.3  0.0  5.6  CP127019.1  2223177 2223233  (870710) + (TTATTT)n      Simple_repeat       1     54    (0) 377  
   22    5.6  0.0  7.5  CP127019.1  2231548 2231590  (862353) + (TTCTTT)n      Simple_repeat       1     40    (0) 378  
   13   12.7  0.0  0.0  CP127019.1  2233538 2233563  (860380) + (TTAAT)n       Simple_repeat       1     26    (0) 379  
   13   23.1  0.0  6.2  CP127019.1  2233571 2233621  (860322) + (GTTTAT)n      Simple_repeat       1     48    (0) 380  
   13   25.7  4.4  2.9  CP127019.1  2249544 2249611  (844332) + (TTTTATA)n     Simple_repeat       1     69    (0) 381  
   24   25.6  3.7  3.7  CP127019.1  2260511 2260619  (833324) + (TCATAT)n      Simple_repeat       1    109    (0) 382  
   11   24.1  0.0  0.0  CP127019.1  2265047 2265080  (828863) + (TCTTCC)n      Simple_repeat       1     34    (0) 383  
   11   24.2  2.6  0.0  CP127019.1  2267620 2267658  (826285) + (TTCTTTT)n     Simple_repeat       1     40    (0) 384  
   11   26.4  6.8  0.0  CP127019.1  2269749 2269776  (824167) + (ACATAT)n      Simple_repeat       1     61    (0) 385  
   15   20.4  0.0  0.0  CP127019.1  2269777 2269805  (824138) + (AT)n          Simple_repeat       1     29    (0) 386  
   12   14.8  4.9  4.9  CP127019.1  2279848 2279888  (814055) + (TAATC)n       Simple_repeat       1     41    (0) 387  
   13   30.4  1.7  1.7  CP127019.1  2287687 2287744  (806199) + (CTT)n         Simple_repeat       1     58    (0) 388  
   12   22.6  0.0  2.7  CP127019.1  2290363 2290400  (803543) + A-rich         Low_complexity      1     37    (0) 389  
   13   28.2  0.0  6.3  CP127019.1  2293851 2293917  (800026) + (TTTCTTA)n     Simple_repeat       1     63    (0) 390  
   17   20.6  6.3  1.5  CP127019.1  2295821 2295883  (798060) + A-rich         Low_complexity      1     66    (0) 391  
   12   13.0  8.8  0.0  CP127019.1  2297297 2297330  (796613) + (TTTAA)n       Simple_repeat       1     37    (0) 392  
   21   10.2  4.8  0.0  CP127019.1  2297629 2297670  (796273) + (TTTATAA)n     Simple_repeat       1     44    (0) 393  
   15   28.3  0.0  6.0  CP127019.1  2297689 2297759  (796184) + (ATT)n         Simple_repeat       1     67    (0) 394  
   12   15.3  3.5  0.0  CP127019.1  2299449 2299477  (794466) + (ATTTT)n       Simple_repeat       1     30    (0) 395  
   19   25.7  0.0  4.5  CP127019.1  2300734 2300803  (793140) + (TTTA)n        Simple_repeat       1     67    (0) 396  
   11   25.3  0.0  4.5  CP127019.1  2301829 2301874  (792069) + A-rich         Low_complexity      1     44    (0) 397  
   13   12.0  5.0  5.0  CP127019.1  2302794 2302833  (791110) + (TTGTTCA)n     Simple_repeat       1     40    (0) 398  
   17   21.1  3.8  6.4  CP127019.1  2303455 2303534  (790409) + (ATCTC)n       Simple_repeat       1     78    (0) 399  
   13   23.3  0.0  2.4  CP127019.1  2303696 2303737  (790206) + (TCATT)n       Simple_repeat       1     41    (0) 400  
   12    9.7 13.0  2.0  CP127019.1  2303862 2303907  (790036) + (TCAATCAC)n    Simple_repeat       1     51    (0) 401  
   16   21.8  2.5  7.9  CP127019.1  2303978 2304057  (789886) + (ATTAATA)n     Simple_repeat       1     76    (0) 402  
   16   26.0  0.0  8.9  CP127019.1  2308553 2308638  (785305) + A-rich         Low_complexity      1     79    (0) 403  
   12   16.9  2.9  2.9  CP127019.1  2309119 2309153  (784790) + GA-rich        Low_complexity      1     35    (0) 404  
   13   10.0  5.9  2.9  CP127019.1  2310700 2310733  (783210) + A-rich         Low_complexity      1     35    (0) 405  
   13   21.9  2.3  2.3  CP127019.1  2331635 2331678  (762265) + A-rich         Low_complexity      1     44    (0) 406  
   12   22.4  0.0  2.7  CP127019.1  2335213 2335250  (758693) + (AACAAG)n      Simple_repeat       1     37    (0) 407  
   16   17.8  6.6  3.2  CP127019.1  2344892 2344952  (748991) + (AATACA)n      Simple_repeat       1     63    (0) 408  
   13   27.0  0.0  4.3  CP127019.1  2362067 2362115  (731828) + (AAT)n         Simple_repeat       1     47    (0) 409  
   12    7.5  0.0 12.5  CP127019.1  2366827 2366862  (727081) + (TTTTTA)n      Simple_repeat       1     32    (0) 410  
   12   16.9  0.0  5.7  CP127019.1  2373427 2373463  (720480) + A-rich         Low_complexity      1     35    (0) 411  
   13   27.6  1.7  3.4  CP127019.1  2383491 2383550  (710393) + (ATTTATA)n     Simple_repeat       1     59    (0) 412  
   13   23.3  0.0  6.2  CP127019.1  2410780 2410830  (683113) + A-rich         Low_complexity      1     48    (0) 413  
  253   18.2  1.5  3.0  CP127019.1  2413274 2413341  (680602) + rnd-1_family-6 Unknown             1     67   (14) 414 *
  329   10.3  1.7  1.7  CP127019.1  2413289 2413347  (680596) C rnd-1_family-6 Unknown          (14)     67      9 414  
  327    7.8  1.9  1.9  CP127019.1  2422260 2422311  (671632) C rnd-1_family-5 Unknown           (6)    111     60 415 *
 1119   10.4  0.6  0.6  CP127019.1  2422305 2422478  (671465) C rnd-1_family-0 Unknown          (56)    174      1 416  
   17   29.7  1.3  2.6  CP127019.1  2427245 2427321  (666622) + (ATTCTTA)n     Simple_repeat       1     76    (0) 417  
   12   20.8  0.0  2.9  CP127019.1  2443058 2443092  (650851) + (TTTAT)n       Simple_repeat       1     34    (0) 418  
   20   25.7  0.0  0.0  CP127019.1  2447133 2447188  (646755) + (TCTTCT)n      Simple_repeat       1     56    (0) 419  
   13   15.0  8.2  3.9  CP127019.1  2448963 2449011  (644932) + (ATT)n         Simple_repeat       1     51    (0) 420  
  490    9.3  5.3  0.0  CP127019.1  2450961 2451035  (642908) + rnd-1_family-5 Unknown            14     92   (25) 421  
   12   12.8  5.1  5.1  CP127019.1  2451740 2451778  (642165) + (AATTCTC)n     Simple_repeat       1     39    (0) 422  
   16   18.9  0.0  4.5  CP127019.1  2458713 2458758  (635185) + (ATTATCA)n     Simple_repeat       1     44    (0) 423  
  284   11.9  0.0  0.0  CP127019.1  2461130 2461171  (632772) + rnd-1_family-5 Unknown            75    116    (1) 424  
  275   15.4  1.5  3.0  CP127019.1  2470173 2470239  (623704) + rnd-1_family-3 Unknown           641    706   (24) 425  
   14   11.0  4.4  6.8  CP127019.1  2481183 2481227  (612716) + (TTATCAG)n     Simple_repeat       1     44    (0) 426  
   16   33.1  0.0  0.0  CP127019.1  2481462 2481525  (612418) + (GCATTA)n      Simple_repeat       1     64    (0) 427  
   15   13.2  2.9  2.9  CP127019.1  2487219 2487253  (606690) + (TGC)n         Simple_repeat       1     35    (0) 428  
   13   22.0  2.7  8.6  CP127019.1  2487875 2487948  (605995) + (TATTT)n       Simple_repeat       1     70    (0) 429  
   11   14.8  4.9  4.9  CP127019.1  2488139 2488179  (605764) + (CTTCTA)n      Simple_repeat       1     41    (0) 430  
  383   18.4  1.0  2.0  CP127019.1  2502784 2502883  (591060) + rnd-1_family-0 Unknown             1     99  (131) 431  
 6068    2.7  0.0  0.1  CP127019.1  2519348 2520078  (573865) C rnd-1_family-3 Unknown           (0)    730      1 432  
 4296    0.6  0.0  0.0  CP127019.1  2520829 2521325  (572618) C rnd-1_family-7 Unknown           (0)    497      1 433  
   13   25.5  0.0  2.3  CP127019.1  2521868 2521911  (572032) + (TTTTAAT)n     Simple_repeat       1     43    (0) 434  
   24   25.6  0.0  0.0  CP127019.1  2536926 2536990  (556953) + (TTTGGAA)n     Simple_repeat       1     65    (0) 435  
   17   16.7  2.5  0.0  CP127019.1  2537111 2537150  (556793) + A-rich         Low_complexity      1     41    (0) 436  
   12    6.7 12.5  0.0  CP127019.1  2569098 2569129  (524814) + (TTACCT)n      Simple_repeat       1     36    (0) 437  
   12   18.1  2.4  5.0  CP127019.1  2575010 2575050  (518893) + (ATT)n         Simple_repeat       1     40    (0) 438  
  352   10.9  0.0  0.0  CP127019.1  2592145 2592199  (501744) + rnd-1_family-0 Unknown             2     56  (174) 439  
  577   13.7  4.9  0.0  CP127019.1  2592202 2592303  (501640) + rnd-1_family-2 Unknown             3    109    (0) 440  
  231   14.7  5.6  9.2  CP127019.1  2592285 2592374  (501569) C rnd-1_family-1 Unknown           (0)    159     73 441 *
  483    6.4  2.4  5.0  CP127019.1  2592341 2592422  (501521) C rnd-1_family-1 Unknown           (0)    159     80 441  
  349   13.8 12.2  5.7  CP127019.1  2592400 2592514  (501429) C rnd-1_family-1 Unknown           (0)    159     38 442 *
  330   21.7  0.0  0.0  CP127019.1  2592563 2592631  (501312) + rnd-1_family-0 Unknown             1     69  (161) 443  
   14   25.6  0.0  2.1  CP127019.1  2601068 2601115  (492828) + (CATTTA)n      Simple_repeat       1     47    (0) 444  
   12   13.5  2.0 10.9  CP127019.1  2613938 2613987  (479956) + (TTTAAT)n      Simple_repeat       1     46    (0) 445  
   15   31.5  0.0  0.0  CP127019.1  2622526 2622580  (471363) + (TTATTT)n      Simple_repeat       1     55    (0) 446  
   23   22.8  1.6  0.0  CP127019.1  2623385 2623445  (470498) + (ACTACA)n      Simple_repeat       1     62    (0) 447  
   19   29.9  1.4  0.0  CP127019.1  2623446 2623453  (470490) + (ACA)n         Simple_repeat       1     70    (0) 448  
 2767    5.2  0.3  0.3  CP127019.1  2634857 2635425  (458518) C rnd-1_family-3 Unknown           (9)    721     25 449  
  623    4.5  1.1  0.0  CP127019.1  2635417 2635504  (458439) C rnd-1_family-7 Unknown         (407)     90      2 450 *
   12   22.5  3.5  5.4  CP127019.1  2638323 2638379  (455564) + (ATTAT)n       Simple_repeat       1     56    (0) 451  
   14   19.5  0.0  2.8  CP127019.1  2648335 2648371  (445572) + (TAA)n         Simple_repeat       1     36    (0) 452  
   12   20.7  0.0  7.1  CP127019.1  2666525 2666569  (427374) + A-rich         Low_complexity      1     42    (0) 453  
   16   32.1  1.4  0.0  CP127019.1  2667643 2667711  (426232) + (TTAGTT)n      Simple_repeat       1     70    (0) 454  
  345   15.1  0.0  0.0  CP127019.1  2672886 2672938  (421005) + rnd-1_family-2 Unknown             1     53   (56) 455  
   12   13.6  0.0  8.6  CP127019.1  2679265 2679302  (414641) + A-rich         Low_complexity      1     35    (0) 456  
   14   16.6  7.3  0.0  CP127019.1  2679523 2679563  (414380) + (ATT)n         Simple_repeat       1     44    (0) 457  
   17   22.7  4.8  4.8  CP127019.1  2680318 2680401  (413542) + (ATTTAT)n      Simple_repeat       1     84    (0) 458  
 1589    2.1  0.0  0.5  CP127019.1  2681446 2681635  (412308) C rnd-1_family-4 Unknown           (2)    189      1 459  
  930    3.5  0.0  0.0  CP127019.1  2681687 2681799  (412144) C rnd-1_family-3 Unknown         (128)    602    490 460  
  862    6.0  0.0  0.8  CP127019.1  2682107 2682224  (411719) C rnd-1_family-7 Unknown           (0)    497    381 461  
  845    1.0  0.0  0.0  CP127019.1  2682207 2682308  (411635) C rnd-1_family-7 Unknown         (395)    102      1 461 *
   19   25.6  1.3  4.1  CP127019.1  2693332 2693406  (400537) + (TTGGTTA)n     Simple_repeat       1     73    (0) 462  
  375   24.2  0.0  1.1  CP127019.1  2707963 2708054  (385889) C rnd-1_family-3 Unknown          (22)    708    618 463  
   12   25.3  2.4  0.0  CP127019.1  2709962 2710003  (383940) + (TATATTT)n     Simple_repeat       1     43    (0) 464  
   28    4.7  0.0  6.4  CP127019.1  2743525 2743574  (350369) + (TAGTTAACAT)n  Simple_repeat       1     47    (0) 465  
  404    4.0  0.0  0.0  CP127019.1  2758447 2758496  (335447) + rnd-1_family-0 Unknown             6     55  (175) 466  
  897    3.7  0.0  0.0  CP127019.1  2758497 2758603  (335340) + rnd-1_family-2 Unknown             1    107    (2) 467  
  249   14.6  0.0  0.0  CP127019.1  2758604 2758644  (335299) + rnd-1_family-5 Unknown            73    113    (4) 468  
  339   13.3  1.7  0.0  CP127019.1  2774000 2774059  (319884) C rnd-1_family-6 Unknown          (12)     69      9 469  
  822    4.9  0.0  0.0  CP127019.1  2783715 2783816  (310127) C rnd-1_family-5 Unknown           (0)    117     16 470 *
 1058    4.9  2.8  0.7  CP127019.1  2783733 2783876  (310067) + rnd-1_family-1 Unknown             1    147   (12) 471 *
 1506    5.9  1.8  0.9  CP127019.1  2783817 2784037  (309906) C rnd-1_family-0 Unknown           (7)    223      1 472  
   13   24.8  0.0  0.0  CP127019.1  2809623 2809660  (284283) + (TTTCTT)n      Simple_repeat       1     38    (0) 473  
   13   20.0  2.4  2.4  CP127019.1  2821386 2821427  (272516) + A-rich         Low_complexity      1     42    (0) 474  
   20   13.9  5.0  0.0  CP127019.1  2826533 2826572  (267371) + (TA)n          Simple_repeat       1     42    (0) 475  
   12   19.7  9.6  0.0  CP127019.1  2848734 2848785  (245158) + (TATTTA)n      Simple_repeat       1     57    (0) 476  
   13   16.3  7.0  2.2  CP127019.1  2849862 2849904  (244039) + (ATT)n         Simple_repeat       1     45    (0) 477  
   11   18.7  0.0  7.7  CP127019.1  2863213 2863254  (230689) + (ATCTTT)n      Simple_repeat       1     39    (0) 478  
   13    5.4  6.2 10.9  CP127019.1  2863985 2864032  (229911) + (TTTAGA)n      Simple_repeat       1     46    (0) 479  
 1315    8.3  2.7  2.2  CP127019.1  2864130 2864350  (229593) + rnd-1_family-0 Unknown             1    222    (8) 480  
  658    7.8 15.3  2.7  CP127019.1  2864291 2864421  (229522) C rnd-1_family-1 Unknown          (12)    147      1 481 *
  635    3.6  0.0  3.6  CP127019.1  2864351 2864437  (229506) + rnd-1_family-5 Unknown            29    112    (5) 482 *
   12   20.1  2.9  0.0  CP127019.1  2869271 2869304  (224639) + (ATT)n         Simple_repeat       1     35    (0) 483  
   12   11.3  7.0  2.7  CP127019.1  2876766 2876806  (217137) + A-rich         Low_complexity      1     42    (0) 484  
   12   26.4  2.2  0.0  CP127019.1  2878460 2878504  (215439) + (TATTGT)n      Simple_repeat       1     46    (0) 485  
  548   17.9  2.8  0.0  CP127019.1  2883548 2883653  (210290) C rnd-1_family-4 Unknown          (21)    170     62 486  
  976    0.9  0.0  0.0  CP127019.1  2898509 2898617  (195326) + rnd-1_family-2 Unknown             1    109    (0) 487 *
 1064    6.2  0.0  6.1  CP127019.1  2898554 2898709  (195234) C rnd-1_family-1 Unknown          (12)    147      1 488  
  897    7.7  0.0  0.0  CP127019.1  2898611 2898727  (195216) + rnd-1_family-5 Unknown             1    117    (0) 489 *
  480   15.8  0.0  0.0  CP127019.1  2914591 2914666  (179277) C rnd-1_family-5 Unknown           (1)    116     41 490  
   11   16.7  5.9  0.0  CP127019.1  2921078 2921111  (172832) + (TTTATTG)n     Simple_repeat       1     36    (0) 491  
   15   16.9  0.0  0.0  CP127019.1  2929537 2929569  (164374) + A-rich         Low_complexity      1     33    (0) 492  
   12   18.1  0.0  3.1  CP127019.1  2930428 2930460  (163483) + A-rich         Low_complexity      1     32    (0) 493  
   13   17.5  0.0  3.0  CP127019.1  2940215 2940248  (153695) + (TAACT)n       Simple_repeat       1     33    (0) 494  
  338   13.7  0.0  0.0  CP127019.1  2944426 2944476  (149467) + rnd-1_family-2 Unknown             1     51   (58) 495  
   11   24.0  2.6  0.0  CP127019.1  2972881 2972919  (121024) + A-rich         Low_complexity      1     40    (0) 496  
   11   25.4  0.0  6.1  CP127019.1  2974440 2974491  (119452) + (TAATAA)n      Simple_repeat       1     49    (0) 497  
   15    3.9  7.4  0.0  CP127019.1  2982170 2982196  (111747) + (TTAT)n        Simple_repeat       1     29    (0) 498  
   12   17.6  3.1  0.0  CP127019.1  2983743 2983781  (110162) + (TTTTAA)n      Simple_repeat       1     40    (0) 499  
   13   21.4  2.6  0.0  CP127019.1  2995532 2995569   (98374) + (TTATACA)n     Simple_repeat       1     39    (0) 500  
   16   23.2  3.5  1.7  CP127019.1  3003888 3003944   (89999) + (TATT)n        Simple_repeat       1     58    (0) 501  
   19    5.3  4.4  6.8  CP127019.1  3005290 3005334   (88609) + (ATCAA)n       Simple_repeat       1     44    (0) 502  
  388   16.1  3.7  0.0  CP127019.1  3005506 3005586   (88357) C rnd-1_family-4 Unknown           (4)    187    104 503  
   16   17.9  3.6  5.5  CP127019.1  3012017 3012072   (81871) + (TTAA)n        Simple_repeat       1     55    (0) 504  
   12    6.7  9.1  2.9  CP127019.1  3029530 3029562   (64381) + (TCATTT)n      Simple_repeat       1     35    (0) 505  
   11   18.7  4.3  4.3  CP127019.1  3035130 3035175   (58768) + (ATATTT)n      Simple_repeat       1     46    (0) 506  
   14    4.9  0.0  0.0  CP127019.1  3046978 3046998   (46945) + (TTAT)n        Simple_repeat       1     21    (0) 507  
  986    0.0  0.0  0.0  CP127019.1  3047319 3047427   (46516) + rnd-1_family-2 Unknown             1    109    (0) 508  
  496    9.3  0.0  0.0  CP127019.1  3047364 3047438   (46505) C rnd-1_family-1 Unknown          (12)    147     73 509 *
  558    4.9  1.2  0.0  CP127019.1  3047404 3047485   (46458) + rnd-1_family-0 Unknown           146    228    (2) 510  
   13   17.7  2.4  4.9  CP127019.1  3065779 3065820   (28123) + (TCATT)n       Simple_repeat       1     41    (0) 511  
  487    0.0  0.0  0.0  CP127019.1  3072731 3072783   (21160) + rnd-1_family-2 Unknown             1     53   (56) 512 *
 1005    2.6  0.0  0.0  CP127019.1  3072777 3072893   (21050) + rnd-1_family-5 Unknown             1    117    (0) 513  
  696   19.5  0.7  0.0  CP127019.1  3077260 3077413   (16530) + rnd-1_family-0 Unknown             1    155   (75) 514  
   16    8.3  7.5  2.4  CP127019.1  3084438 3084479    (9464) + (TTATA)n       Simple_repeat       1     44    (0) 515  
  690    9.5  0.9  0.0  CP127019.1  3086987 3087091    (6852) + rnd-1_family-2 Unknown             1    106    (3) 516 *
  989    7.0  2.8  0.7  CP127019.1  3087032 3087175    (6768) C rnd-1_family-1 Unknown          (12)    147      1 517  
  773    6.9  0.0  0.0  CP127019.1  3087092 3087193    (6750) + rnd-1_family-5 Unknown            16    117    (0) 518 *
   15   13.9  0.0  0.0  CP127019.1  3087365 3087388    (6555) + (T)n           Simple_repeat       1     24    (0) 519  
   19   18.9  0.0  0.0  CP127020.1     1022    1057   (26265) + A-rich         Low_complexity      1     36    (0) 520  
   14   23.3  3.9  1.9  CP127020.1     4321    4372   (22950) + (TTTA)n        Simple_repeat       1     53    (0) 521  
   13   28.4  1.9  1.9  CP127020.1     6335    6387   (20935) + (ATC)n         Simple_repeat       1     53    (0) 522  
   15    6.5  5.9  2.9  CP127020.1     8122    8155   (19167) + (ATATC)n       Simple_repeat       1     35    (0) 523  
   12    9.1  7.7  5.0  CP127020.1     9369    9407   (17915) + A-rich         Low_complexity      1     40    (0) 524  
   13   25.2  0.0  2.3  CP127020.1    11185   11228   (16094) + A-rich         Low_complexity      1     43    (0) 525  
   13   23.9  0.0  2.5  CP127020.1    13858   13898   (13424) + A-rich         Low_complexity      1     40    (0) 526  
