[16:28:52] This is prokka 1.14.6
[16:28:52] Written by Torsten Seemann <torsten.seemann@gmail.com>
[16:28:52] Homepage is https://github.com/tseemann/prokka
[16:28:52] Local time is Sat Feb 17 16:28:52 2024
[16:28:52] You are alperen
[16:28:52] Operating system is linux
[16:28:52] You have BioPerl 1.7.8
[16:28:52] System has 20 cores.
[16:28:52] Will use maximum of 8 cores.
[16:28:52] Annotating as >>> Bacteria <<<
[16:28:52] Generating locus_tag from 'resource/genome/spyogenes_genome.fasta' contents.
[16:28:52] Setting --locustag AILGBDBP from MD5 a250bdb95e0b3dad7e59f654c801ef34
[16:28:52] Creating new output folder: output2/spyogenes
[16:28:52] Running: mkdir -p output2\/spyogenes
[16:28:52] Using filename prefix: spyogenes.XXX
[16:28:52] Setting HMMER_NCPU=1
[16:28:52] Writing log to: output2/spyogenes/spyogenes.log
[16:28:52] Command: /home/alperen/miniconda3/envs/prokka/bin/prokka --outdir output2/spyogenes --cpus 8 --prefix spyogenes --usegenus --genus Streptococcus --species pyogenes --addgenes --addmrna --metagenome --force --proteins resource/protein/spyogenes_protein.fasta resource/genome/spyogenes_genome.fasta
[16:28:52] Appending to PATH: /home/alperen/miniconda3/envs/prokka/bin
[16:28:52] Looking for 'aragorn' - found /home/alperen/miniconda3/envs/prokka/bin/aragorn
[16:28:52] Determined aragorn version is 001002 from 'ARAGORN v1.2.41 Dean Laslett'
[16:28:52] Looking for 'barrnap' - found /home/alperen/miniconda3/envs/prokka/bin/barrnap
[16:28:52] Determined barrnap version is 000009 from 'barrnap 0.9'
[16:28:52] Looking for 'blastp' - found /home/alperen/miniconda3/envs/prokka/bin/blastp
[16:28:52] Determined blastp version is 002015 from 'blastp: 2.15.0+'
[16:28:52] Looking for 'cmpress' - found /home/alperen/miniconda3/envs/prokka/bin/cmpress
[16:28:52] Determined cmpress version is 001001 from '# INFERNAL 1.1.4 (Dec 2020)'
[16:28:52] Looking for 'cmscan' - found /home/alperen/miniconda3/envs/prokka/bin/cmscan
[16:28:52] Determined cmscan version is 001001 from '# INFERNAL 1.1.4 (Dec 2020)'
[16:28:52] Looking for 'egrep' - found /usr/bin/egrep
[16:28:52] Looking for 'find' - found /usr/bin/find
[16:28:52] Looking for 'grep' - found /usr/bin/grep
[16:28:52] Looking for 'hmmpress' - found /home/alperen/miniconda3/envs/prokka/bin/hmmpress
[16:28:52] Determined hmmpress version is 003004 from '# HMMER 3.4 (Aug 2023); http://hmmer.org/'
[16:28:52] Looking for 'hmmscan' - found /home/alperen/miniconda3/envs/prokka/bin/hmmscan
[16:28:52] Determined hmmscan version is 003004 from '# HMMER 3.4 (Aug 2023); http://hmmer.org/'
[16:28:52] Looking for 'java' - found /home/alperen/miniconda3/envs/prokka/bin/java
[16:28:52] Looking for 'makeblastdb' - found /home/alperen/miniconda3/envs/prokka/bin/makeblastdb
[16:28:52] Determined makeblastdb version is 002015 from 'makeblastdb: 2.15.0+'
[16:28:52] Looking for 'minced' - found /home/alperen/miniconda3/envs/prokka/bin/minced
[16:28:52] Determined minced version is 004002 from 'minced 0.4.2'
[16:28:52] Looking for 'parallel' - found /home/alperen/miniconda3/envs/prokka/bin/parallel
[16:28:52] Determined parallel version is 20240122 from 'GNU parallel 20240122'
[16:28:52] Looking for 'prodigal' - found /home/alperen/miniconda3/envs/prokka/bin/prodigal
[16:28:52] Determined prodigal version is 002006 from 'Prodigal V2.6.3: February, 2016'
[16:28:52] Looking for 'prokka-genbank_to_fasta_db' - found /home/alperen/miniconda3/envs/prokka/bin/prokka-genbank_to_fasta_db
[16:28:52] Looking for 'sed' - found /usr/bin/sed
[16:28:52] Looking for 'tbl2asn' - found /home/alperen/miniconda3/envs/prokka/bin/tbl2asn
[16:28:52] Determined tbl2asn version is 025007 from 'tbl2asn 25.7   arguments:'
[16:28:52] Using genetic code table 11.
[16:28:52] Loading and checking input file: resource/genome/spyogenes_genome.fasta
[16:28:52] Wrote 1 contigs totalling 1746380 bp.
[16:28:52] Predicting tRNAs and tmRNAs
[16:28:52] Running: aragorn -l -gc11  -w output2\/spyogenes\/spyogenes\.fna
[16:28:52] 1 tRNA-Ala [18434,18509] 35 (tgc)
[16:28:52] 2 tRNA-Val [21926,22000] 35 (tac)
[16:28:52] 3 tRNA-Asp [22017,22089] 34 (gtc)
[16:28:52] 4 tRNA-Lys [22121,22193] 34 (ttt)
[16:28:52] 5 tRNA-Leu [22199,22280] 35 (tag)
[16:28:52] 6 tRNA-Thr [22291,22363] 34 (tgt)
[16:28:52] 7 tRNA-Gly [22376,22447] 33 (gcc)
[16:28:52] 8 tRNA-Leu [22456,22540] 35 (taa)
[16:28:52] 9 tRNA-Arg [22557,22630] 35 (acg)
[16:28:52] 10 tRNA-Pro [22636,22711] 36 (tgg)
[16:28:52] 11 tRNA-Ala [24435,24510] 35 (tgc)
[16:28:52] 12 tRNA-Val [27927,28001] 35 (tac)
[16:28:52] 13 tRNA-Asp [28018,28090] 34 (gtc)
[16:28:52] 14 tRNA-Lys [28122,28194] 34 (ttt)
[16:28:52] 15 tRNA-Leu [28200,28281] 35 (tag)
[16:28:52] 16 tRNA-Thr [28292,28364] 34 (tgt)
[16:28:52] 17 tRNA-Gly [28377,28448] 33 (gcc)
[16:28:52] 18 tRNA-Leu [28457,28541] 35 (taa)
[16:28:52] 19 tRNA-Arg [28558,28631] 35 (acg)
[16:28:52] 20 tRNA-Pro [28637,28712] 36 (tgg)
[16:28:52] 21 tRNA-Met [28716,28791] 36 (cat)
[16:28:52] 22 tRNA-Met [28811,28884] 35 (cat)
[16:28:52] 23 tRNA-Ser [28907,28996] 37 (tga)
[16:28:52] 24 tRNA-Met [29005,29080] 36 (cat)
[16:28:52] 25 tRNA-Phe [29099,29173] 35 (gaa)
[16:28:52] 26 tRNA-Gly [29185,29255] 33 (tcc)
[16:28:52] 27 tRNA-Ile [29289,29364] 36 (gat)
[16:28:52] 28 tRNA-Ser [29372,29461] 36 (gct)
[16:28:52] 29 tRNA-Ala [81332,81407] 35 (tgc)
[16:28:52] 30 tRNA-Val [84824,84898] 35 (tac)
[16:28:52] 31 tRNA-Gly [84902,84974] 34 (tcc)
[16:28:52] 32 tRNA-Ile [85007,85082] 36 (gat)
[16:28:52] 33 tRNA-Glu [85103,85176] 35 (ttc)
[16:28:52] 34 tRNA-Ser [85186,85275] 37 (tga)
[16:28:52] 35 tRNA-Met [85284,85359] 36 (cat)
[16:28:52] 36 tRNA-Phe [85378,85452] 35 (gaa)
[16:28:52] 37 tRNA-Tyr [85471,85551] 35 (gta)
[16:28:52] 38 tRNA-Trp [85558,85628] 33 (cca)
[16:28:52] 39 tRNA-His [85639,85713] 35 (gtg)
[16:28:52] 40 tRNA-Gln [85720,85793] 34 (ttg)
[16:28:52] 41 tRNA-Leu [85812,85895] 35 (caa)
[16:28:52] 42 tRNA-Ala [256475,256550] 35 (tgc)
[16:28:52] 43 tRNA-Asn [259956,260029] 35 (gtt)
[16:28:52] 44 tRNA-Arg [260109,260182] 35 (acg)
[16:28:52] 45 tRNA-Leu [269798,269883] 35 (aag)
[16:28:52] 46 tRNA-Ser [448074,448160] 35 (gga)
[16:28:52] 47 tRNA-Ala [543834,543909] 35 (tgc)
[16:28:52] 48 tRNA-Val [547326,547400] 35 (tac)
[16:28:52] 49 tRNA-Asp [547417,547489] 34 (gtc)
[16:28:52] 50 tRNA-Lys [547521,547593] 34 (ttt)
[16:28:52] 51 tRNA-Leu [547599,547680] 35 (tag)
[16:28:52] 52 tRNA-Thr [547691,547763] 34 (tgt)
[16:28:52] 53 tRNA-Ile [547798,547873] 36 (gat)
[16:28:52] 54 tRNA-Glu [547894,547967] 35 (ttc)
[16:28:52] 55 tRNA-Thr c[580373,580443] 33 (ggt)
[16:28:52] 56 tmRNA c[793205,793549] 83,118 AKNTNSYALAA*
[16:28:52] 57 tRNA-Arg c[1040089,1040160] 34 (ccg)
[16:28:52] 58 tRNA-Gln c[1041603,1041677] 34 (ttg)
[16:28:52] 59 tRNA-Tyr c[1041727,1041807] 35 (gta)
[16:28:52] 60 tRNA-Arg c[1209958,1210029] 34 (cct)
[16:28:52] 61 tRNA-Arg c[1484998,1485071] 35 (acg)
[16:28:52] 62 tRNA-Asn c[1485151,1485224] 35 (gtt)
[16:28:52] 63 tRNA-Ala c[1488630,1488705] 35 (tgc)
[16:28:52] 64 tRNA-Lys [1573648,1573722] 35 (ctt)
[16:28:52] 65 tRNA-Cys c[1636929,1636999] 33 (gca)
[16:28:52] 66 tRNA-Asn c[1741619,1741694] 36 (gtt)
[16:28:52] 67 tRNA-Glu c[1741725,1741799] 35 (ttc)
[16:28:52] 68 tRNA-Arg [1743140,1743213] 35 (tct)
[16:28:52] Found 68 tRNAs
[16:28:52] Predicting Ribosomal RNAs
[16:28:52] Running Barrnap with 8 threads
[16:28:53] 1 NZ_LS483338.1 16839 16S ribosomal RNA
[16:28:53] 2 NZ_LS483338.1 18808 23S ribosomal RNA
[16:28:53] 3 NZ_LS483338.1 21797 5S ribosomal RNA
[16:28:53] 4 NZ_LS483338.1 22840 16S ribosomal RNA
[16:28:53] 5 NZ_LS483338.1 24809 23S ribosomal RNA
[16:28:53] 6 NZ_LS483338.1 27798 5S ribosomal RNA
[16:28:53] 7 NZ_LS483338.1 79737 16S ribosomal RNA
[16:28:53] 8 NZ_LS483338.1 81706 23S ribosomal RNA
[16:28:53] 9 NZ_LS483338.1 84695 5S ribosomal RNA
[16:28:53] 10 NZ_LS483338.1 254880 16S ribosomal RNA
[16:28:53] 11 NZ_LS483338.1 256849 23S ribosomal RNA
[16:28:53] 12 NZ_LS483338.1 259838 5S ribosomal RNA
[16:28:53] 13 NZ_LS483338.1 542239 16S ribosomal RNA
[16:28:53] 14 NZ_LS483338.1 544208 23S ribosomal RNA
[16:28:53] 15 NZ_LS483338.1 547197 5S ribosomal RNA
[16:28:53] 16 NZ_LS483338.1 1485233 5S ribosomal RNA
[16:28:53] 17 NZ_LS483338.1 1485434 23S ribosomal RNA
[16:28:53] 18 NZ_LS483338.1 1488756 16S ribosomal RNA
[16:28:53] Found 18 rRNAs
[16:28:53] Skipping ncRNA search, enable with --rfam if desired.
[16:28:53] Total of 85 tRNA + rRNA features
[16:28:53] Searching for CRISPR repeats
[16:28:54] CRISPR1 NZ_LS483338.1 981627 with 6 spacers
[16:28:54] Found 1 CRISPRs
[16:28:54] Predicting coding sequences
[16:28:54] Contigs total 1746380 bp, so using meta mode
[16:28:54] Running: prodigal -i output2\/spyogenes\/spyogenes\.fna -c -m -g 11 -p meta -f sco -q
[16:28:58] Excluding CDS which overlaps existing RNA (tRNA) at NZ_LS483338.1:447981..448181 on - strand
[16:28:58] Excluding CDS which overlaps existing RNA (repeat_region) at NZ_LS483338.1:981629..982048 on + strand
[16:28:59] Found 1663 CDS
[16:28:59] Connecting features back to sequences
[16:28:59] Skipping genus-specific proteins as can't see /home/alperen/miniconda3/envs/prokka/db/Streptococcus
[16:28:59] Preparing user-supplied primary BLAST annotation source: resource/protein/spyogenes_protein.fasta
[16:28:59] Guessed source was in fasta format.
[16:28:59] Running: makeblastdb -dbtype prot -in resource\/protein\/spyogenes_protein\.fasta -out output2\/spyogenes\/proteins -logfile /dev/null
[16:28:59] Using /inference source as 'spyogenes_protein.fasta'
[16:28:59] Annotating CDS, please be patient.
[16:28:59] Will use 8 CPUs for similarity searching.
[16:28:59] There are still 1663 unannotated CDS left (started with 1663)
[16:28:59] Will use blast to search against output2/spyogenes/proteins with 8 CPUs
[16:28:59] Running: cat output2\/spyogenes\/spyogenes\.proteins\.tmp\.255150\.faa | parallel --gnu --plain -j 8 --block 31848 --recstart '>' --pipe blastp -query - -db output2/spyogenes/proteins -evalue 1e-09 -qcov_hsp_perc 80 -num_threads 1 -num_descriptions 1 -num_alignments 1 -seg no > output2\/spyogenes\/spyogenes\.proteins\.tmp\.255150\.blast 2> /dev/null
[16:29:02] Modify product: MULTISPECIES: DUF951 family protein [Bacilli] => hypothetical protein
[16:29:02] Modify product: DUF1033 family protein [Streptococcus pyogenes] => hypothetical protein
[16:29:02] Modify product: MULTISPECIES: DUF4651 domain-containing protein [Streptococcus] => hypothetical protein
[16:29:02] Modify product: DUF4479 and tRNA-binding domain-containing protein [Streptococcus pyogenes] => hypothetical protein
[16:29:02] Modify product: DUF3114 domain-containing protein [Streptococcus pyogenes] => hypothetical protein
[16:29:02] Modify product: DUF1294 domain-containing protein [Streptococcus pyogenes] => hypothetical protein
[16:29:02] Modify product: DUF3272 family protein [Streptococcus pyogenes] => hypothetical protein
[16:29:02] Modify product: DUF1846 domain-containing protein [Streptococcus pyogenes] => hypothetical protein
[16:29:02] Modify product: DUF871 domain-containing protein [Streptococcus pyogenes] => hypothetical protein
[16:29:02] Modify product: DUF3284 domain-containing protein [Streptococcus pyogenes] => hypothetical protein
[16:29:02] Modify product: DUF3862 domain-containing protein [Streptococcus pyogenes] => hypothetical protein
[16:29:02] Modify product: MULTISPECIES: DUF896 family protein [Lactobacillales] => hypothetical protein
[16:29:02] Modify product: DUF4059 family protein [Streptococcus pyogenes] => hypothetical protein
[16:29:02] Modify product: DUF1273 domain-containing protein [Streptococcus pyogenes] => hypothetical protein
[16:29:02] Modify product: DUF402 domain-containing protein [Streptococcus pyogenes] => hypothetical protein
[16:29:02] Modify product: DUF975 family protein [Streptococcus pyogenes] => hypothetical protein
[16:29:02] Modify product: DUF1617 family protein [Streptococcus pyogenes] => hypothetical protein
[16:29:02] Modify product: DUF1366 domain-containing protein [Streptococcus pyogenes] => hypothetical protein
[16:29:02] Modify product: DUF334 domain-containing protein [Streptococcus pyogenes] => hypothetical protein
[16:29:02] Modify product: DUF956 family protein [Streptococcus pyogenes] => hypothetical protein
[16:29:02] Modify product: DUF669 domain-containing protein [Streptococcus pyogenes] => hypothetical protein
[16:29:02] Modify product: DUF1366 domain-containing protein [Streptococcus pyogenes] => hypothetical protein
[16:29:02] Modify product: DUF334 domain-containing protein [Streptococcus pyogenes] => hypothetical protein
[16:29:02] Modify product: MULTISPECIES: DUF2273 domain-containing protein [Streptococcus] => hypothetical protein
[16:29:02] Modify product: DUF2130 domain-containing protein [Streptococcus pyogenes] => hypothetical protein
[16:29:02] Modify product: UPF0223 family protein [Streptococcus pyogenes] => hypothetical protein
[16:29:02] Modify product: RsmF rRNA methyltransferase first C-terminal domain-containing protein [Streptococcus pyogenes] => hypothetical protein
[16:29:02] Modify product: DUF2207 domain-containing protein [Streptococcus pyogenes] => hypothetical protein
[16:29:02] Modify product: MULTISPECIES: DUF536 domain-containing protein [Streptococcus] => hypothetical protein
[16:29:02] Modify product: CppA N-terminal domain-containing protein [Streptococcus pyogenes] => hypothetical protein
[16:29:02] Modify product: DUF1129 domain-containing protein [Streptococcus pyogenes] => hypothetical protein
[16:29:02] Modify product: MULTISPECIES: DUF1492 domain-containing protein [Streptococcus] => hypothetical protein
[16:29:02] Modify product: ParB N-terminal domain-containing protein [Streptococcus pyogenes] => hypothetical protein
[16:29:02] Modify product: DUF6556 family protein [Streptococcus pyogenes] => hypothetical protein
[16:29:02] Modify product: DUF2142 domain-containing protein [Streptococcus pyogenes] => hypothetical protein
[16:29:02] Modify product: MULTISPECIES: DUF2304 domain-containing protein [Streptococcus] => hypothetical protein
[16:29:02] Modify product: DUF1972 domain-containing protein [Streptococcus pyogenes] => hypothetical protein
[16:29:02] Modify product: DUF1146 family protein [Streptococcus pyogenes] => hypothetical protein
[16:29:02] Modify product: DUF3042 family protein [Streptococcus pyogenes] => hypothetical protein
[16:29:02] Modify product: MULTISPECIES: DUF2969 domain-containing protein [Streptococcus] => hypothetical protein
[16:29:02] Modify product: DUF1149 family protein [Streptococcus pyogenes] => hypothetical protein
[16:29:02] Modify product: DUF1934 domain-containing protein [Streptococcus pyogenes] => hypothetical protein
[16:29:02] Modify product: MULTISPECIES: DUF4430 domain-containing protein [Streptococcus] => hypothetical protein
[16:29:02] Modify product: DUF3270 domain-containing protein [Streptococcus pyogenes] => hypothetical protein
[16:29:02] Modify product: DUF948 domain-containing protein [Streptococcus pyogenes] => hypothetical protein
[16:29:02] Modify product: MULTISPECIES: SPJ_0845 family protein [Streptococcus] => MULTISPECIES: family protein [Streptococcus]
[16:29:02] Modify product: MULTISPECIES: TIGR03943 family protein [Streptococcus] => MULTISPECIES: family protein [Streptococcus]
[16:29:02] Modify product: DUF2326 domain-containing protein [Streptococcus pyogenes] => hypothetical protein
[16:29:02] Modify product: DUF3114 domain-containing protein [Streptococcus pyogenes] => hypothetical protein
[16:29:02] Modify product: DUF969 domain-containing protein [Streptococcus pyogenes] => hypothetical protein
[16:29:02] Modify product: DUF979 family protein [Streptococcus pyogenes] => hypothetical protein
[16:29:02] Modify product: DUF3397 domain-containing protein [Streptococcus pyogenes] => hypothetical protein
[16:29:02] Modify product: DUF2829 domain-containing protein [Streptococcus pyogenes] => hypothetical protein
[16:29:02] Modify product: DUF1836 domain-containing protein [Streptococcus pyogenes] => hypothetical protein
[16:29:02] Modify product: DUF1831 domain-containing protein [Streptococcus pyogenes] => hypothetical protein
[16:29:02] Modify product: DUF1912 family protein [Streptococcus pyogenes] => hypothetical protein
[16:29:03] Modify product: DUF3165 family protein [Streptococcus pyogenes] => hypothetical protein
[16:29:03] Modify product: DUF1827 family protein [Streptococcus pyogenes] => hypothetical protein
[16:29:03] Modify product: DUF5684 domain-containing protein [Streptococcus pyogenes] => hypothetical protein
[16:29:03] Modify product: DUF1803 domain-containing protein [Streptococcus pyogenes] => hypothetical protein
[16:29:03] Modify product: DUF177 domain-containing protein [Streptococcus pyogenes] => hypothetical protein
[16:29:03] Modify product: DUF4135 domain-containing protein [Streptococcus pyogenes] => hypothetical protein
[16:29:03] Modify product: DUF1292 domain-containing protein [Streptococcus pyogenes] => hypothetical protein
[16:29:03] Modify product: DUF368 domain-containing protein [Streptococcus pyogenes] => hypothetical protein
[16:29:03] Modify product: DUF1700 domain-containing protein [Streptococcus pyogenes] => hypothetical protein
[16:29:03] Modify product: DUF4097 family beta strand repeat-containing protein [Streptococcus pyogenes] => hypothetical protein
[16:29:03] Modify product: DUF3013 family protein [Streptococcus pyogenes] => hypothetical protein
[16:29:03] Modify product: DUF4298 domain-containing protein [Streptococcus pyogenes] => hypothetical protein
[16:29:03] Cleaned 68 /product names
[16:29:03] Deleting unwanted file: output2/spyogenes/spyogenes.proteins.tmp.255150.faa
[16:29:03] Deleting unwanted file: output2/spyogenes/spyogenes.proteins.tmp.255150.blast
[16:29:03] There are still 70 unannotated CDS left (started with 1663)
[16:29:03] Will use blast to search against /home/alperen/miniconda3/envs/prokka/db/kingdom/Bacteria/IS with 8 CPUs
[16:29:03] Running: cat output2\/spyogenes\/spyogenes\.IS\.tmp\.255150\.faa | parallel --gnu --plain -j 8 --block 494 --recstart '>' --pipe blastp -query - -db /home/alperen/miniconda3/envs/prokka/db/kingdom/Bacteria/IS -evalue 1e-30 -qcov_hsp_perc 90 -num_threads 1 -num_descriptions 1 -num_alignments 1 -seg no > output2\/spyogenes\/spyogenes\.IS\.tmp\.255150\.blast 2> /dev/null
[16:29:03] Deleting unwanted file: output2/spyogenes/spyogenes.IS.tmp.255150.faa
[16:29:03] Deleting unwanted file: output2/spyogenes/spyogenes.IS.tmp.255150.blast
[16:29:03] There are still 61 unannotated CDS left (started with 1663)
[16:29:03] Will use blast to search against /home/alperen/miniconda3/envs/prokka/db/kingdom/Bacteria/AMR with 8 CPUs
[16:29:03] Running: cat output2\/spyogenes\/spyogenes\.AMR\.tmp\.255150\.faa | parallel --gnu --plain -j 8 --block 418 --recstart '>' --pipe blastp -query - -db /home/alperen/miniconda3/envs/prokka/db/kingdom/Bacteria/AMR -evalue 1e-300 -qcov_hsp_perc 90 -num_threads 1 -num_descriptions 1 -num_alignments 1 -seg no > output2\/spyogenes\/spyogenes\.AMR\.tmp\.255150\.blast 2> /dev/null
[16:29:04] Deleting unwanted file: output2/spyogenes/spyogenes.AMR.tmp.255150.faa
[16:29:04] Deleting unwanted file: output2/spyogenes/spyogenes.AMR.tmp.255150.blast
[16:29:04] There are still 61 unannotated CDS left (started with 1663)
[16:29:04] Will use blast to search against /home/alperen/miniconda3/envs/prokka/db/kingdom/Bacteria/sprot with 8 CPUs
[16:29:04] Running: cat output2\/spyogenes\/spyogenes\.sprot\.tmp\.255150\.faa | parallel --gnu --plain -j 8 --block 418 --recstart '>' --pipe blastp -query - -db /home/alperen/miniconda3/envs/prokka/db/kingdom/Bacteria/sprot -evalue 1e-09 -qcov_hsp_perc 80 -num_threads 1 -num_descriptions 1 -num_alignments 1 -seg no > output2\/spyogenes\/spyogenes\.sprot\.tmp\.255150\.blast 2> /dev/null
[16:29:05] Deleting unwanted file: output2/spyogenes/spyogenes.sprot.tmp.255150.faa
[16:29:05] Deleting unwanted file: output2/spyogenes/spyogenes.sprot.tmp.255150.blast
[16:29:05] There are still 56 unannotated CDS left (started with 1663)
[16:29:05] Will use hmmer3 to search against /home/alperen/miniconda3/envs/prokka/db/hmm/HAMAP.hmm with 8 CPUs
[16:29:05] Running: cat output2\/spyogenes\/spyogenes\.HAMAP\.hmm\.tmp\.255150\.faa | parallel --gnu --plain -j 8 --block 367 --recstart '>' --pipe hmmscan --noali --notextw --acc -E 1e-09 --cpu 1 /home/alperen/miniconda3/envs/prokka/db/hmm/HAMAP.hmm /dev/stdin > output2\/spyogenes\/spyogenes\.HAMAP\.hmm\.tmp\.255150\.hmmer3 2> /dev/null
[16:29:05] Deleting unwanted file: output2/spyogenes/spyogenes.HAMAP.hmm.tmp.255150.faa
[16:29:05] Deleting unwanted file: output2/spyogenes/spyogenes.HAMAP.hmm.tmp.255150.hmmer3
[16:29:05] Deleting unwanted file: output2/spyogenes/proteins.psq
[16:29:05] Deleting unwanted file: output2/spyogenes/proteins.phr
[16:29:05] Deleting unwanted file: output2/spyogenes/proteins.pin
[16:29:05] Labelling remaining 55 proteins as 'hypothetical protein'
[16:29:05] Possible /pseudo 'SpoV family signaling peptide [Streptococcus pyogenes]' at NZ_LS483338.1 position 154544
[16:29:05] Possible /pseudo 'ABC transporter ATP-binding protein [Streptococcus pyogenes]' at NZ_LS483338.1 position 192462
[16:29:05] Possible /pseudo 'sensor histidine kinase [Streptococcus pyogenes]' at NZ_LS483338.1 position 202020
[16:29:05] Possible /pseudo 'ABC transporter ATP-binding protein [Streptococcus pyogenes]' at NZ_LS483338.1 position 252977
[16:29:05] Possible /pseudo 'hypothetical protein [Streptococcus pyogenes]' at NZ_LS483338.1 position 327236
[16:29:05] Possible /pseudo 'hypothetical protein [Streptococcus pyogenes]' at NZ_LS483338.1 position 328394
[16:29:05] Possible /pseudo 'hypothetical protein [Streptococcus pyogenes]' at NZ_LS483338.1 position 328656
[16:29:05] Possible /pseudo 'MULTISPECIES: hypothetical protein [Streptococcus]' at NZ_LS483338.1 position 342497
[16:29:05] Possible /pseudo 'MULTISPECIES: minor capsid protein [Streptococcus]' at NZ_LS483338.1 position 345122
[16:29:05] Possible /pseudo 'MULTISPECIES: minor capsid protein [Streptococcus]' at NZ_LS483338.1 position 345475
[16:29:05] Possible /pseudo 'hypothetical protein [Streptococcus pyogenes]' at NZ_LS483338.1 position 493690
[16:29:05] Possible /pseudo 'cupin domain-containing protein [Streptococcus pyogenes]' at NZ_LS483338.1 position 577510
[16:29:05] Possible /pseudo 'IS3 family transposase ISSpy1' at NZ_LS483338.1 position 693110
[16:29:05] Possible /pseudo 'IS3 family transposase ISSpy1' at NZ_LS483338.1 position 732755
[16:29:05] Possible /pseudo 'IS3 family transposase ISSpy1' at NZ_LS483338.1 position 733084
[16:29:05] Possible /pseudo 'IS3 family transposase [Streptococcus pyogenes]' at NZ_LS483338.1 position 736988
[16:29:05] Possible /pseudo 'sugar ABC transporter permease [Streptococcus pyogenes]' at NZ_LS483338.1 position 761309
[16:29:05] Possible /pseudo 'hypothetical protein [Streptococcus pyogenes]' at NZ_LS483338.1 position 774108
[16:29:05] Possible /pseudo 'hypothetical protein [Streptococcus pyogenes]' at NZ_LS483338.1 position 774761
[16:29:05] Possible /pseudo 'hypothetical protein [Streptococcus pyogenes]' at NZ_LS483338.1 position 774959
[16:29:05] Possible /pseudo 'hypothetical protein [Streptococcus pyogenes]' at NZ_LS483338.1 position 776069
[16:29:05] Possible /pseudo 'hypothetical protein [Streptococcus pyogenes]' at NZ_LS483338.1 position 777222
[16:29:05] Possible /pseudo 'hypothetical protein [Streptococcus pyogenes]' at NZ_LS483338.1 position 778348
[16:29:05] Possible /pseudo 'phosphate ABC transporter ATP-binding protein PstB [Streptococcus pyogenes]' at NZ_LS483338.1 position 834024
[16:29:05] Possible /pseudo 'ABC transporter permease [Streptococcus pyogenes]' at NZ_LS483338.1 position 847693
[16:29:05] Possible /pseudo 'ABC transporter ATP-binding protein [Streptococcus pyogenes]' at NZ_LS483338.1 position 912435
[16:29:05] Possible /pseudo 'ABC transporter permease [Streptococcus pyogenes]' at NZ_LS483338.1 position 951432
[16:29:05] Possible /pseudo 'purine-nucleoside phosphorylase [Streptococcus pyogenes]' at NZ_LS483338.1 position 1059693
[16:29:05] Possible /pseudo 'glycoside hydrolase family 73 protein [Streptococcus pyogenes]' at NZ_LS483338.1 position 1091234
[16:29:05] Possible /pseudo 'ISAs1 family transposase ISSeq10' at NZ_LS483338.1 position 1229135
[16:29:05] Possible /pseudo 'Epoxyqueuosine reductase' at NZ_LS483338.1 position 1235610
[16:29:05] Possible /pseudo 'lipid II:glycine glycyltransferase FemX [Streptococcus pyogenes]' at NZ_LS483338.1 position 1255060
[16:29:05] Possible /pseudo 'Cof-type HAD-IIB family hydrolase [Streptococcus pyogenes]' at NZ_LS483338.1 position 1292947
[16:29:05] Possible /pseudo 'IS3 family transposase [Streptococcus pyogenes]' at NZ_LS483338.1 position 1294372
[16:29:05] Possible /pseudo 'ABC transporter permease [Streptococcus pyogenes]' at NZ_LS483338.1 position 1296019
[16:29:05] Possible /pseudo 'lacticin 481 family lantibiotic [Streptococcus pyogenes]' at NZ_LS483338.1 position 1303059
[16:29:05] Possible /pseudo 'lacticin 481 family lantibiotic [Streptococcus pyogenes]' at NZ_LS483338.1 position 1303245
[16:29:05] Possible /pseudo 'IS3 family transposase [Streptococcus pyogenes]' at NZ_LS483338.1 position 1306750
[16:29:05] Possible /pseudo 'glycosyltransferase family 4 protein [Streptococcus pyogenes]' at NZ_LS483338.1 position 1342562
[16:29:05] Possible /pseudo 'hypothetical protein [Streptococcus pyogenes]' at NZ_LS483338.1 position 1362446
[16:29:05] Possible /pseudo 'hypothetical protein [Streptococcus pyogenes]' at NZ_LS483338.1 position 1363767
[16:29:05] Possible /pseudo 'hypothetical protein [Streptococcus pyogenes]' at NZ_LS483338.1 position 1364347
[16:29:05] Possible /pseudo 'hypothetical protein [Streptococcus pyogenes]' at NZ_LS483338.1 position 1396764
[16:29:05] Possible /pseudo 'hypothetical protein [Streptococcus pyogenes]' at NZ_LS483338.1 position 1397203
[16:29:05] Possible /pseudo 'iron ABC transporter permease [Streptococcus pyogenes]' at NZ_LS483338.1 position 1428400
[16:29:05] Possible /pseudo 'ISAs1 family transposase ISSeq10' at NZ_LS483338.1 position 1483106
[16:29:05] Possible /pseudo 'ABC transporter ATP-binding protein [Streptococcus pyogenes]' at NZ_LS483338.1 position 1503276
[16:29:05] Possible /pseudo 'YitT family protein [Streptococcus pyogenes]' at NZ_LS483338.1 position 1688478
[16:29:05] Possible /pseudo 'YitT family protein [Streptococcus pyogenes]' at NZ_LS483338.1 position 1689376
[16:29:05] Possible /pseudo 'pitrilysin family protein [Streptococcus pyogenes]' at NZ_LS483338.1 position 1724429
[16:29:05] Found 4 unique /gene codes.
[16:29:05] Fixed 2 duplicate /gene - queG_1 queG_2
[16:29:05] Fixed 2 duplicate /gene - ispE_1 ispE_2
[16:29:05] Fixed 2 colliding /gene names.
[16:29:05] Adding /locus_tag identifiers
[16:29:05] Assigned 1749 locus_tags to CDS and RNA features.
[16:29:05] Writing outputs to output2/spyogenes/
[16:29:07] Generating annotation statistics file
[16:29:07] Generating Genbank and Sequin files
[16:29:07] Running: tbl2asn -V b -a r10k -l paired-ends -M n -N 1 -y 'Annotated using prokka 1.14.6 from https://github.com/tseemann/prokka' -Z output2\/spyogenes\/spyogenes\.err -i output2\/spyogenes\/spyogenes\.fsa 2> /dev/null
[16:29:09] Deleting unwanted file: output2/spyogenes/errorsummary.val
[16:29:09] Deleting unwanted file: output2/spyogenes/spyogenes.dr
[16:29:09] Deleting unwanted file: output2/spyogenes/spyogenes.fixedproducts
[16:29:09] Deleting unwanted file: output2/spyogenes/spyogenes.ecn
[16:29:09] Deleting unwanted file: output2/spyogenes/spyogenes.val
[16:29:09] Repairing broken .GBK output that tbl2asn produces...
[16:29:09] Running: sed 's/COORDINATES: profile/COORDINATES:profile/' < output2\/spyogenes\/spyogenes\.gbf > output2\/spyogenes\/spyogenes\.gbk
[16:29:09] Deleting unwanted file: output2/spyogenes/spyogenes.gbf
[16:29:09] Output files:
[16:29:09] output2/spyogenes/spyogenes.gbk
[16:29:09] output2/spyogenes/spyogenes.tsv
[16:29:09] output2/spyogenes/spyogenes.ffn
[16:29:09] output2/spyogenes/spyogenes.tbl
[16:29:09] output2/spyogenes/spyogenes.err
[16:29:09] output2/spyogenes/spyogenes.fna
[16:29:09] output2/spyogenes/spyogenes.sqn
[16:29:09] output2/spyogenes/spyogenes.fsa
[16:29:09] output2/spyogenes/spyogenes.txt
[16:29:09] output2/spyogenes/spyogenes.log
[16:29:09] output2/spyogenes/spyogenes.faa
[16:29:09] output2/spyogenes/spyogenes.gff
[16:29:09] Annotation finished successfully.
[16:29:09] Walltime used: 0.28 minutes
[16:29:09] If you use this result please cite the Prokka paper:
[16:29:09] Seemann T (2014) Prokka: rapid prokaryotic genome annotation. Bioinformatics. 30(14):2068-9.
[16:29:09] Type 'prokka --citation' for more details.
[16:29:09] Share and enjoy!
