/home/alperen/PycharmProjects/target_project/.snakemake/conda/d5bf7043001d7f476f61e3f08045be38_/bin/quast.py resource/genome/hi_genome.fasta -o output/quast/hi_quality

Version: 5.2.0

System information:
  OS: Linux-6.5.0-18-generic-x86_64-with-glibc2.35 (linux_64)
  Python version: 3.9.15
  CPUs number: 20

Started: 2024-02-22 21:08:16

Logging to /home/alperen/PycharmProjects/target_project/output/quast/hi_quality/quast.log
NOTICE: Maximum number of threads is set to 5 (use --threads option to set it manually)

CWD: /home/alperen/PycharmProjects/target_project
Main parameters: 
  MODE: default, threads: 5, min contig length: 500, min alignment length: 65, min alignment IDY: 95.0, \
  ambiguity: one, min local misassembly length: 200, min extensive misassembly length: 1000

Contigs:
  Pre-processing...
  resource/genome/hi_genome.fasta ==> hi_genome

2024-02-22 21:08:16
Running Basic statistics processor...
  Contig files: 
    hi_genome
  Calculating N50 and L50...
    hi_genome, N50 = 1846259, L50 = 1, auN = 1846259.0, Total length = 1846259, GC % = 38.16, # N's per 100 kbp =  0.00
  Drawing Nx plot...
    saved to /home/alperen/PycharmProjects/target_project/output/quast/hi_quality/basic_stats/Nx_plot.pdf
  Drawing cumulative plot...
    saved to /home/alperen/PycharmProjects/target_project/output/quast/hi_quality/basic_stats/cumulative_plot.pdf
  Drawing GC content plot...
    saved to /home/alperen/PycharmProjects/target_project/output/quast/hi_quality/basic_stats/GC_content_plot.pdf
  Drawing hi_genome GC content plot...
    saved to /home/alperen/PycharmProjects/target_project/output/quast/hi_quality/basic_stats/hi_genome_GC_content_plot.pdf
Done.

NOTICE: Genes are not predicted by default. Use --gene-finding or --glimmer option to enable it.

2024-02-22 21:08:17
Creating large visual summaries...
This may take a while: press Ctrl-C to skip this step..
  1 of 2: Creating PDF with all tables and plots...
  2 of 2: Creating Icarus viewers...
Done

2024-02-22 21:08:17
RESULTS:
  Text versions of total report are saved to /home/alperen/PycharmProjects/target_project/output/quast/hi_quality/report.txt, report.tsv, and report.tex
  Text versions of transposed total report are saved to /home/alperen/PycharmProjects/target_project/output/quast/hi_quality/transposed_report.txt, transposed_report.tsv, and transposed_report.tex
  HTML version (interactive tables and plots) is saved to /home/alperen/PycharmProjects/target_project/output/quast/hi_quality/report.html
  PDF version (tables and plots) is saved to /home/alperen/PycharmProjects/target_project/output/quast/hi_quality/report.pdf
  Icarus (contig browser) is saved to /home/alperen/PycharmProjects/target_project/output/quast/hi_quality/icarus.html
  Log is saved to /home/alperen/PycharmProjects/target_project/output/quast/hi_quality/quast.log

Finished: 2024-02-22 21:08:17
Elapsed time: 0:00:01.065851
NOTICEs: 2; WARNINGs: 0; non-fatal ERRORs: 0

Thank you for using QUAST!
