

Building a new DB, current time: 02/22/2024 20:56:45
New DB name:   /home/alperen/PycharmProjects/target_project/output/repeatmodeler/sa_mrsa_rm/RM_47589.ThuFeb222055452024/round-1/sampleDB-1.fa
New DB title:  /home/alperen/PycharmProjects/target_project/output/repeatmodeler/sa_mrsa_rm/RM_47589.ThuFeb222055452024/round-1/sampleDB-1.fa
Sequence type: Nucleotide
Keep MBits: T
Maximum file size: 3000000000B
Adding sequences from FASTA; added 79 sequences in 0.0230911 seconds.




Building a new DB, current time: 02/22/2024 20:56:46
New DB name:   /home/alperen/PycharmProjects/target_project/output/repeatmodeler/sa_mrsa_rm/RM_47589.ThuFeb222055452024/round-1/family-0.fa
New DB title:  /home/alperen/PycharmProjects/target_project/output/repeatmodeler/sa_mrsa_rm/RM_47589.ThuFeb222055452024/round-1/family-0.fa
Sequence type: Nucleotide
Keep MBits: T
Maximum file size: 3000000000B
Adding sequences from FASTA; added 80 sequences in 0.00120282 seconds.




Building a new DB, current time: 02/22/2024 20:56:47
New DB name:   /home/alperen/PycharmProjects/target_project/output/repeatmodeler/sa_mrsa_rm/RM_47589.ThuFeb222055452024/round-1/family-0-cons-2.fa
New DB title:  /home/alperen/PycharmProjects/target_project/output/repeatmodeler/sa_mrsa_rm/RM_47589.ThuFeb222055452024/round-1/family-0-cons-2.fa
Sequence type: Nucleotide
Keep MBits: T
Maximum file size: 3000000000B
Adding sequences from FASTA; added 1 sequences in 0.000119925 seconds.




Building a new DB, current time: 02/22/2024 20:56:47
New DB name:   /home/alperen/PycharmProjects/target_project/output/repeatmodeler/sa_mrsa_rm/RM_47589.ThuFeb222055452024/round-1/family-0-cons-3.fa
New DB title:  /home/alperen/PycharmProjects/target_project/output/repeatmodeler/sa_mrsa_rm/RM_47589.ThuFeb222055452024/round-1/family-0-cons-3.fa
Sequence type: Nucleotide
Keep MBits: T
Maximum file size: 3000000000B
Adding sequences from FASTA; added 1 sequences in 0.000117064 seconds.




Building a new DB, current time: 02/22/2024 20:56:47
New DB name:   /home/alperen/PycharmProjects/target_project/output/repeatmodeler/sa_mrsa_rm/RM_47589.ThuFeb222055452024/round-1/family-0-cons-4.fa
New DB title:  /home/alperen/PycharmProjects/target_project/output/repeatmodeler/sa_mrsa_rm/RM_47589.ThuFeb222055452024/round-1/family-0-cons-4.fa
Sequence type: Nucleotide
Keep MBits: T
Maximum file size: 3000000000B
Adding sequences from FASTA; added 1 sequences in 0.000121117 seconds.




Building a new DB, current time: 02/22/2024 20:56:48
New DB name:   /home/alperen/PycharmProjects/target_project/output/repeatmodeler/sa_mrsa_rm/RM_47589.ThuFeb222055452024/round-1/family-0-cons-5.fa
New DB title:  /home/alperen/PycharmProjects/target_project/output/repeatmodeler/sa_mrsa_rm/RM_47589.ThuFeb222055452024/round-1/family-0-cons-5.fa
Sequence type: Nucleotide
Keep MBits: T
Maximum file size: 3000000000B
Adding sequences from FASTA; added 1 sequences in 0.00013113 seconds.




Building a new DB, current time: 02/22/2024 20:56:48
New DB name:   /home/alperen/PycharmProjects/target_project/output/repeatmodeler/sa_mrsa_rm/RM_47589.ThuFeb222055452024/round-1/family-1.fa
New DB title:  /home/alperen/PycharmProjects/target_project/output/repeatmodeler/sa_mrsa_rm/RM_47589.ThuFeb222055452024/round-1/family-1.fa
Sequence type: Nucleotide
Keep MBits: T
Maximum file size: 3000000000B
Adding sequences from FASTA; added 79 sequences in 0.00153494 seconds.




Building a new DB, current time: 02/22/2024 20:56:49
New DB name:   /home/alperen/PycharmProjects/target_project/output/repeatmodeler/sa_mrsa_rm/RM_47589.ThuFeb222055452024/round-1/family-1-cons-2.fa
New DB title:  /home/alperen/PycharmProjects/target_project/output/repeatmodeler/sa_mrsa_rm/RM_47589.ThuFeb222055452024/round-1/family-1-cons-2.fa
Sequence type: Nucleotide
Keep MBits: T
Maximum file size: 3000000000B
Adding sequences from FASTA; added 1 sequences in 0.000123024 seconds.




Building a new DB, current time: 02/22/2024 20:56:49
New DB name:   /home/alperen/PycharmProjects/target_project/output/repeatmodeler/sa_mrsa_rm/RM_47589.ThuFeb222055452024/round-1/family-1-cons-3.fa
New DB title:  /home/alperen/PycharmProjects/target_project/output/repeatmodeler/sa_mrsa_rm/RM_47589.ThuFeb222055452024/round-1/family-1-cons-3.fa
Sequence type: Nucleotide
Keep MBits: T
Maximum file size: 3000000000B
Adding sequences from FASTA; added 1 sequences in 0.000120878 seconds.




Building a new DB, current time: 02/22/2024 20:56:49
New DB name:   /home/alperen/PycharmProjects/target_project/output/repeatmodeler/sa_mrsa_rm/RM_47589.ThuFeb222055452024/round-1/family-1-cons-4.fa
New DB title:  /home/alperen/PycharmProjects/target_project/output/repeatmodeler/sa_mrsa_rm/RM_47589.ThuFeb222055452024/round-1/family-1-cons-4.fa
Sequence type: Nucleotide
Keep MBits: T
Maximum file size: 3000000000B
Adding sequences from FASTA; added 1 sequences in 0.000122786 seconds.




Building a new DB, current time: 02/22/2024 20:56:49
New DB name:   /home/alperen/PycharmProjects/target_project/output/repeatmodeler/sa_mrsa_rm/RM_47589.ThuFeb222055452024/round-1/family-1-cons-5.fa
New DB title:  /home/alperen/PycharmProjects/target_project/output/repeatmodeler/sa_mrsa_rm/RM_47589.ThuFeb222055452024/round-1/family-1-cons-5.fa
Sequence type: Nucleotide
Keep MBits: T
Maximum file size: 3000000000B
Adding sequences from FASTA; added 1 sequences in 0.000124931 seconds.




Building a new DB, current time: 02/22/2024 20:56:49
New DB name:   /home/alperen/PycharmProjects/target_project/output/repeatmodeler/sa_mrsa_rm/RM_47589.ThuFeb222055452024/round-1/family-1-cons-6.fa
New DB title:  /home/alperen/PycharmProjects/target_project/output/repeatmodeler/sa_mrsa_rm/RM_47589.ThuFeb222055452024/round-1/family-1-cons-6.fa
Sequence type: Nucleotide
Keep MBits: T
Maximum file size: 3000000000B
Adding sequences from FASTA; added 1 sequences in 0.00012207 seconds.




Building a new DB, current time: 02/22/2024 20:56:50
New DB name:   /home/alperen/PycharmProjects/target_project/output/repeatmodeler/sa_mrsa_rm/RM_47589.ThuFeb222055452024/round-1/family-1-cons-7.fa
New DB title:  /home/alperen/PycharmProjects/target_project/output/repeatmodeler/sa_mrsa_rm/RM_47589.ThuFeb222055452024/round-1/family-1-cons-7.fa
Sequence type: Nucleotide
Keep MBits: T
Maximum file size: 3000000000B
Adding sequences from FASTA; added 1 sequences in 0.000257015 seconds.




Building a new DB, current time: 02/22/2024 20:56:50
New DB name:   /home/alperen/PycharmProjects/target_project/output/repeatmodeler/sa_mrsa_rm/RM_47589.ThuFeb222055452024/round-1/family-1-cons-8.fa
New DB title:  /home/alperen/PycharmProjects/target_project/output/repeatmodeler/sa_mrsa_rm/RM_47589.ThuFeb222055452024/round-1/family-1-cons-8.fa
Sequence type: Nucleotide
Keep MBits: T
Maximum file size: 3000000000B
Adding sequences from FASTA; added 1 sequences in 0.000118017 seconds.




Building a new DB, current time: 02/22/2024 20:56:50
New DB name:   /home/alperen/PycharmProjects/target_project/output/repeatmodeler/sa_mrsa_rm/RM_47589.ThuFeb222055452024/round-1/family-1-cons-9.fa
New DB title:  /home/alperen/PycharmProjects/target_project/output/repeatmodeler/sa_mrsa_rm/RM_47589.ThuFeb222055452024/round-1/family-1-cons-9.fa
Sequence type: Nucleotide
Keep MBits: T
Maximum file size: 3000000000B
Adding sequences from FASTA; added 1 sequences in 0.000121832 seconds.




Building a new DB, current time: 02/22/2024 20:56:50
New DB name:   /home/alperen/PycharmProjects/target_project/output/repeatmodeler/sa_mrsa_rm/RM_47589.ThuFeb222055452024/round-1/family-1-cons-10.fa
New DB title:  /home/alperen/PycharmProjects/target_project/output/repeatmodeler/sa_mrsa_rm/RM_47589.ThuFeb222055452024/round-1/family-1-cons-10.fa
Sequence type: Nucleotide
Keep MBits: T
Maximum file size: 3000000000B
Adding sequences from FASTA; added 1 sequences in 0.000127792 seconds.




Building a new DB, current time: 02/22/2024 20:56:50
New DB name:   /home/alperen/PycharmProjects/target_project/output/repeatmodeler/sa_mrsa_rm/RM_47589.ThuFeb222055452024/round-1/family-1-cons-11.fa
New DB title:  /home/alperen/PycharmProjects/target_project/output/repeatmodeler/sa_mrsa_rm/RM_47589.ThuFeb222055452024/round-1/family-1-cons-11.fa
Sequence type: Nucleotide
Keep MBits: T
Maximum file size: 3000000000B
Adding sequences from FASTA; added 1 sequences in 0.000115156 seconds.




Building a new DB, current time: 02/22/2024 20:56:50
New DB name:   /home/alperen/PycharmProjects/target_project/output/repeatmodeler/sa_mrsa_rm/RM_47589.ThuFeb222055452024/round-1/family-2.fa
New DB title:  /home/alperen/PycharmProjects/target_project/output/repeatmodeler/sa_mrsa_rm/RM_47589.ThuFeb222055452024/round-1/family-2.fa
Sequence type: Nucleotide
Keep MBits: T
Maximum file size: 3000000000B
Adding sequences from FASTA; added 59 sequences in 0.000869989 seconds.




Building a new DB, current time: 02/22/2024 20:56:51
New DB name:   /home/alperen/PycharmProjects/target_project/output/repeatmodeler/sa_mrsa_rm/RM_47589.ThuFeb222055452024/round-1/family-2-cons-2.fa
New DB title:  /home/alperen/PycharmProjects/target_project/output/repeatmodeler/sa_mrsa_rm/RM_47589.ThuFeb222055452024/round-1/family-2-cons-2.fa
Sequence type: Nucleotide
Keep MBits: T
Maximum file size: 3000000000B
Adding sequences from FASTA; added 1 sequences in 0.000121117 seconds.




Building a new DB, current time: 02/22/2024 20:56:51
New DB name:   /home/alperen/PycharmProjects/target_project/output/repeatmodeler/sa_mrsa_rm/RM_47589.ThuFeb222055452024/round-1/family-2-cons-3.fa
New DB title:  /home/alperen/PycharmProjects/target_project/output/repeatmodeler/sa_mrsa_rm/RM_47589.ThuFeb222055452024/round-1/family-2-cons-3.fa
Sequence type: Nucleotide
Keep MBits: T
Maximum file size: 3000000000B
Adding sequences from FASTA; added 1 sequences in 0.00012207 seconds.




Building a new DB, current time: 02/22/2024 20:56:51
New DB name:   /home/alperen/PycharmProjects/target_project/output/repeatmodeler/sa_mrsa_rm/RM_47589.ThuFeb222055452024/round-1/family-2-cons-4.fa
New DB title:  /home/alperen/PycharmProjects/target_project/output/repeatmodeler/sa_mrsa_rm/RM_47589.ThuFeb222055452024/round-1/family-2-cons-4.fa
Sequence type: Nucleotide
Keep MBits: T
Maximum file size: 3000000000B
Adding sequences from FASTA; added 1 sequences in 0.000117064 seconds.




Building a new DB, current time: 02/22/2024 20:56:51
New DB name:   /home/alperen/PycharmProjects/target_project/output/repeatmodeler/sa_mrsa_rm/RM_47589.ThuFeb222055452024/round-1/family-2-cons-5.fa
New DB title:  /home/alperen/PycharmProjects/target_project/output/repeatmodeler/sa_mrsa_rm/RM_47589.ThuFeb222055452024/round-1/family-2-cons-5.fa
Sequence type: Nucleotide
Keep MBits: T
Maximum file size: 3000000000B
Adding sequences from FASTA; added 1 sequences in 0.000126123 seconds.




Building a new DB, current time: 02/22/2024 20:56:51
New DB name:   /home/alperen/PycharmProjects/target_project/output/repeatmodeler/sa_mrsa_rm/RM_47589.ThuFeb222055452024/round-1/family-3.fa
New DB title:  /home/alperen/PycharmProjects/target_project/output/repeatmodeler/sa_mrsa_rm/RM_47589.ThuFeb222055452024/round-1/family-3.fa
Sequence type: Nucleotide
Keep MBits: T
Maximum file size: 3000000000B
Adding sequences from FASTA; added 53 sequences in 0.0008111 seconds.




Building a new DB, current time: 02/22/2024 20:56:52
New DB name:   /home/alperen/PycharmProjects/target_project/output/repeatmodeler/sa_mrsa_rm/RM_47589.ThuFeb222055452024/round-1/family-3-cons-2.fa
New DB title:  /home/alperen/PycharmProjects/target_project/output/repeatmodeler/sa_mrsa_rm/RM_47589.ThuFeb222055452024/round-1/family-3-cons-2.fa
Sequence type: Nucleotide
Keep MBits: T
Maximum file size: 3000000000B
Adding sequences from FASTA; added 1 sequences in 0.000123978 seconds.




Building a new DB, current time: 02/22/2024 20:56:52
New DB name:   /home/alperen/PycharmProjects/target_project/output/repeatmodeler/sa_mrsa_rm/RM_47589.ThuFeb222055452024/round-1/family-3-cons-3.fa
New DB title:  /home/alperen/PycharmProjects/target_project/output/repeatmodeler/sa_mrsa_rm/RM_47589.ThuFeb222055452024/round-1/family-3-cons-3.fa
Sequence type: Nucleotide
Keep MBits: T
Maximum file size: 3000000000B
Adding sequences from FASTA; added 1 sequences in 0.00013113 seconds.




Building a new DB, current time: 02/22/2024 20:56:52
New DB name:   /home/alperen/PycharmProjects/target_project/output/repeatmodeler/sa_mrsa_rm/RM_47589.ThuFeb222055452024/round-1/family-3-cons-4.fa
New DB title:  /home/alperen/PycharmProjects/target_project/output/repeatmodeler/sa_mrsa_rm/RM_47589.ThuFeb222055452024/round-1/family-3-cons-4.fa
Sequence type: Nucleotide
Keep MBits: T
Maximum file size: 3000000000B
Adding sequences from FASTA; added 1 sequences in 0.000136852 seconds.




Building a new DB, current time: 02/22/2024 20:56:52
New DB name:   /home/alperen/PycharmProjects/target_project/output/repeatmodeler/sa_mrsa_rm/RM_47589.ThuFeb222055452024/round-1/family-3-cons-5.fa
New DB title:  /home/alperen/PycharmProjects/target_project/output/repeatmodeler/sa_mrsa_rm/RM_47589.ThuFeb222055452024/round-1/family-3-cons-5.fa
Sequence type: Nucleotide
Keep MBits: T
Maximum file size: 3000000000B
Adding sequences from FASTA; added 1 sequences in 0.000134945 seconds.




Building a new DB, current time: 02/22/2024 20:56:53
New DB name:   /home/alperen/PycharmProjects/target_project/output/repeatmodeler/sa_mrsa_rm/RM_47589.ThuFeb222055452024/round-1/family-4.fa
New DB title:  /home/alperen/PycharmProjects/target_project/output/repeatmodeler/sa_mrsa_rm/RM_47589.ThuFeb222055452024/round-1/family-4.fa
Sequence type: Nucleotide
Keep MBits: T
Maximum file size: 3000000000B
Adding sequences from FASTA; added 48 sequences in 0.000632048 seconds.




Building a new DB, current time: 02/22/2024 20:56:53
New DB name:   /home/alperen/PycharmProjects/target_project/output/repeatmodeler/sa_mrsa_rm/RM_47589.ThuFeb222055452024/round-1/family-4-cons-2.fa
New DB title:  /home/alperen/PycharmProjects/target_project/output/repeatmodeler/sa_mrsa_rm/RM_47589.ThuFeb222055452024/round-1/family-4-cons-2.fa
Sequence type: Nucleotide
Keep MBits: T
Maximum file size: 3000000000B
Adding sequences from FASTA; added 1 sequences in 0.000144005 seconds.




Building a new DB, current time: 02/22/2024 20:56:53
New DB name:   /home/alperen/PycharmProjects/target_project/output/repeatmodeler/sa_mrsa_rm/RM_47589.ThuFeb222055452024/round-1/family-4-cons-3.fa
New DB title:  /home/alperen/PycharmProjects/target_project/output/repeatmodeler/sa_mrsa_rm/RM_47589.ThuFeb222055452024/round-1/family-4-cons-3.fa
Sequence type: Nucleotide
Keep MBits: T
Maximum file size: 3000000000B
Adding sequences from FASTA; added 1 sequences in 0.000118017 seconds.




Building a new DB, current time: 02/22/2024 20:56:53
New DB name:   /home/alperen/PycharmProjects/target_project/output/repeatmodeler/sa_mrsa_rm/RM_47589.ThuFeb222055452024/round-1/family-4-cons-4.fa
New DB title:  /home/alperen/PycharmProjects/target_project/output/repeatmodeler/sa_mrsa_rm/RM_47589.ThuFeb222055452024/round-1/family-4-cons-4.fa
Sequence type: Nucleotide
Keep MBits: T
Maximum file size: 3000000000B
Adding sequences from FASTA; added 1 sequences in 0.000124216 seconds.




Building a new DB, current time: 02/22/2024 20:56:53
New DB name:   /home/alperen/PycharmProjects/target_project/output/repeatmodeler/sa_mrsa_rm/RM_47589.ThuFeb222055452024/round-1/family-4-cons-5.fa
New DB title:  /home/alperen/PycharmProjects/target_project/output/repeatmodeler/sa_mrsa_rm/RM_47589.ThuFeb222055452024/round-1/family-4-cons-5.fa
Sequence type: Nucleotide
Keep MBits: T
Maximum file size: 3000000000B
Adding sequences from FASTA; added 1 sequences in 0.00012517 seconds.




Building a new DB, current time: 02/22/2024 20:56:54
New DB name:   /home/alperen/PycharmProjects/target_project/output/repeatmodeler/sa_mrsa_rm/RM_47589.ThuFeb222055452024/round-1/family-5.fa
New DB title:  /home/alperen/PycharmProjects/target_project/output/repeatmodeler/sa_mrsa_rm/RM_47589.ThuFeb222055452024/round-1/family-5.fa
Sequence type: Nucleotide
Keep MBits: T
Maximum file size: 3000000000B
Adding sequences from FASTA; added 44 sequences in 0.000607967 seconds.




Building a new DB, current time: 02/22/2024 20:56:54
New DB name:   /home/alperen/PycharmProjects/target_project/output/repeatmodeler/sa_mrsa_rm/RM_47589.ThuFeb222055452024/round-1/family-5-cons-2.fa
New DB title:  /home/alperen/PycharmProjects/target_project/output/repeatmodeler/sa_mrsa_rm/RM_47589.ThuFeb222055452024/round-1/family-5-cons-2.fa
Sequence type: Nucleotide
Keep MBits: T
Maximum file size: 3000000000B
Adding sequences from FASTA; added 1 sequences in 0.000126123 seconds.




Building a new DB, current time: 02/22/2024 20:56:54
New DB name:   /home/alperen/PycharmProjects/target_project/output/repeatmodeler/sa_mrsa_rm/RM_47589.ThuFeb222055452024/round-1/family-5-cons-3.fa
New DB title:  /home/alperen/PycharmProjects/target_project/output/repeatmodeler/sa_mrsa_rm/RM_47589.ThuFeb222055452024/round-1/family-5-cons-3.fa
Sequence type: Nucleotide
Keep MBits: T
Maximum file size: 3000000000B
Adding sequences from FASTA; added 1 sequences in 0.000109911 seconds.




Building a new DB, current time: 02/22/2024 20:56:54
New DB name:   /home/alperen/PycharmProjects/target_project/output/repeatmodeler/sa_mrsa_rm/RM_47589.ThuFeb222055452024/round-1/family-5-cons-4.fa
New DB title:  /home/alperen/PycharmProjects/target_project/output/repeatmodeler/sa_mrsa_rm/RM_47589.ThuFeb222055452024/round-1/family-5-cons-4.fa
Sequence type: Nucleotide
Keep MBits: T
Maximum file size: 3000000000B
Adding sequences from FASTA; added 1 sequences in 0.000112057 seconds.




Building a new DB, current time: 02/22/2024 20:56:54
New DB name:   /home/alperen/PycharmProjects/target_project/output/repeatmodeler/sa_mrsa_rm/RM_47589.ThuFeb222055452024/round-1/family-6.fa
New DB title:  /home/alperen/PycharmProjects/target_project/output/repeatmodeler/sa_mrsa_rm/RM_47589.ThuFeb222055452024/round-1/family-6.fa
Sequence type: Nucleotide
Keep MBits: T
Maximum file size: 3000000000B
Adding sequences from FASTA; added 41 sequences in 0.000588179 seconds.




Building a new DB, current time: 02/22/2024 20:56:55
New DB name:   /home/alperen/PycharmProjects/target_project/output/repeatmodeler/sa_mrsa_rm/RM_47589.ThuFeb222055452024/round-1/family-6-cons-2.fa
New DB title:  /home/alperen/PycharmProjects/target_project/output/repeatmodeler/sa_mrsa_rm/RM_47589.ThuFeb222055452024/round-1/family-6-cons-2.fa
Sequence type: Nucleotide
Keep MBits: T
Maximum file size: 3000000000B
Adding sequences from FASTA; added 1 sequences in 0.000126123 seconds.




Building a new DB, current time: 02/22/2024 20:56:55
New DB name:   /home/alperen/PycharmProjects/target_project/output/repeatmodeler/sa_mrsa_rm/RM_47589.ThuFeb222055452024/round-1/family-6-cons-3.fa
New DB title:  /home/alperen/PycharmProjects/target_project/output/repeatmodeler/sa_mrsa_rm/RM_47589.ThuFeb222055452024/round-1/family-6-cons-3.fa
Sequence type: Nucleotide
Keep MBits: T
Maximum file size: 3000000000B
Adding sequences from FASTA; added 1 sequences in 0.000113964 seconds.




Building a new DB, current time: 02/22/2024 20:56:55
New DB name:   /home/alperen/PycharmProjects/target_project/output/repeatmodeler/sa_mrsa_rm/RM_47589.ThuFeb222055452024/round-1/family-6-cons-4.fa
New DB title:  /home/alperen/PycharmProjects/target_project/output/repeatmodeler/sa_mrsa_rm/RM_47589.ThuFeb222055452024/round-1/family-6-cons-4.fa
Sequence type: Nucleotide
Keep MBits: T
Maximum file size: 3000000000B
Adding sequences from FASTA; added 1 sequences in 0.000130892 seconds.




Building a new DB, current time: 02/22/2024 20:56:55
New DB name:   /home/alperen/PycharmProjects/target_project/output/repeatmodeler/sa_mrsa_rm/RM_47589.ThuFeb222055452024/round-1/family-6-cons-5.fa
New DB title:  /home/alperen/PycharmProjects/target_project/output/repeatmodeler/sa_mrsa_rm/RM_47589.ThuFeb222055452024/round-1/family-6-cons-5.fa
Sequence type: Nucleotide
Keep MBits: T
Maximum file size: 3000000000B
Adding sequences from FASTA; added 1 sequences in 0.000118971 seconds.




Building a new DB, current time: 02/22/2024 20:56:55
New DB name:   /home/alperen/PycharmProjects/target_project/output/repeatmodeler/sa_mrsa_rm/RM_47589.ThuFeb222055452024/round-1/family-7.fa
New DB title:  /home/alperen/PycharmProjects/target_project/output/repeatmodeler/sa_mrsa_rm/RM_47589.ThuFeb222055452024/round-1/family-7.fa
Sequence type: Nucleotide
Keep MBits: T
Maximum file size: 3000000000B
Adding sequences from FASTA; added 22 sequences in 0.000797987 seconds.




Building a new DB, current time: 02/22/2024 20:56:55
New DB name:   /home/alperen/PycharmProjects/target_project/output/repeatmodeler/sa_mrsa_rm/RM_47589.ThuFeb222055452024/round-1/family-7-cons-2.fa
New DB title:  /home/alperen/PycharmProjects/target_project/output/repeatmodeler/sa_mrsa_rm/RM_47589.ThuFeb222055452024/round-1/family-7-cons-2.fa
Sequence type: Nucleotide
Keep MBits: T
Maximum file size: 3000000000B
Adding sequences from FASTA; added 1 sequences in 0.000129938 seconds.




Building a new DB, current time: 02/22/2024 20:56:55
New DB name:   /home/alperen/PycharmProjects/target_project/output/repeatmodeler/sa_mrsa_rm/RM_47589.ThuFeb222055452024/round-1/family-7-cons-3.fa
New DB title:  /home/alperen/PycharmProjects/target_project/output/repeatmodeler/sa_mrsa_rm/RM_47589.ThuFeb222055452024/round-1/family-7-cons-3.fa
Sequence type: Nucleotide
Keep MBits: T
Maximum file size: 3000000000B
Adding sequences from FASTA; added 1 sequences in 0.00011611 seconds.




Building a new DB, current time: 02/22/2024 20:56:55
New DB name:   /home/alperen/PycharmProjects/target_project/output/repeatmodeler/sa_mrsa_rm/RM_47589.ThuFeb222055452024/round-1/family-7-cons-4.fa
New DB title:  /home/alperen/PycharmProjects/target_project/output/repeatmodeler/sa_mrsa_rm/RM_47589.ThuFeb222055452024/round-1/family-7-cons-4.fa
Sequence type: Nucleotide
Keep MBits: T
Maximum file size: 3000000000B
Adding sequences from FASTA; added 1 sequences in 0.000123024 seconds.


