[19:11:32] This is prokka 1.14.6
[19:11:32] Written by Torsten Seemann <torsten.seemann@gmail.com>
[19:11:32] Homepage is https://github.com/tseemann/prokka
[19:11:32] Local time is Thu Feb 15 19:11:32 2024
[19:11:32] You are alperen
[19:11:32] Operating system is linux
[19:11:32] You have BioPerl 1.7.8
Argument "1.7.8" isn't numeric in numeric lt (<) at /home/alperen/PycharmProjects/target_project/.snakemake/conda/1ed9ad9a973cd43b0177fb6b496b9372_/bin/prokka line 259.
[19:11:32] System has 20 cores.
[19:11:32] Will use maximum of 12 cores.
[19:11:32] Annotating as >>> Bacteria <<<
[19:11:32] Generating locus_tag from 'resource/genome/sa_mrsa_genome.fasta' contents.
[19:11:32] Setting --locustag PJKHBDOM from MD5 9341bd861200d95fc4c6058f388c3f39
[19:11:32] Re-using existing --outdir output/prokka_annotation/sa_mrsa_prokka
[19:11:32] Using filename prefix: sa_mrsa.XXX
[19:11:32] Setting HMMER_NCPU=1
[19:11:32] Writing log to: output/prokka_annotation/sa_mrsa_prokka/sa_mrsa.log
[19:11:32] Command: /home/alperen/PycharmProjects/target_project/.snakemake/conda/1ed9ad9a973cd43b0177fb6b496b9372_/bin/prokka --outdir output/prokka_annotation/sa_mrsa_prokka --force --cpus 12 --prefix sa_mrsa --genus Staphylococcus --species aureus --addgenes --addmrna --metagenome --proteins resource/protein/sa_mrsa_protein.fasta resource/genome/sa_mrsa_genome.fasta
[19:11:32] Appending to PATH: /home/alperen/PycharmProjects/target_project/.snakemake/conda/1ed9ad9a973cd43b0177fb6b496b9372_/bin
[19:11:32] Looking for 'aragorn' - found /home/alperen/PycharmProjects/target_project/.snakemake/conda/1ed9ad9a973cd43b0177fb6b496b9372_/bin/aragorn
[19:11:32] Determined aragorn version is 001002 from 'ARAGORN v1.2.41 Dean Laslett'
[19:11:32] Looking for 'barrnap' - found /home/alperen/PycharmProjects/target_project/.snakemake/conda/1ed9ad9a973cd43b0177fb6b496b9372_/bin/barrnap
[19:11:32] Determined barrnap version is 000009 from 'barrnap 0.9'
[19:11:32] Looking for 'blastp' - found /home/alperen/PycharmProjects/target_project/.snakemake/conda/1ed9ad9a973cd43b0177fb6b496b9372_/bin/blastp
[19:11:32] Determined blastp version is 002015 from 'blastp: 2.15.0+'
[19:11:32] Looking for 'cmpress' - found /home/alperen/PycharmProjects/target_project/.snakemake/conda/1ed9ad9a973cd43b0177fb6b496b9372_/bin/cmpress
[19:11:32] Determined cmpress version is 001001 from '# INFERNAL 1.1.5 (Sep 2023)'
[19:11:32] Looking for 'cmscan' - found /home/alperen/PycharmProjects/target_project/.snakemake/conda/1ed9ad9a973cd43b0177fb6b496b9372_/bin/cmscan
[19:11:32] Determined cmscan version is 001001 from '# INFERNAL 1.1.5 (Sep 2023)'
[19:11:32] Looking for 'egrep' - found /usr/bin/egrep
[19:11:32] Looking for 'find' - found /usr/bin/find
[19:11:32] Looking for 'grep' - found /usr/bin/grep
[19:11:32] Looking for 'hmmpress' - found /home/alperen/PycharmProjects/target_project/.snakemake/conda/1ed9ad9a973cd43b0177fb6b496b9372_/bin/hmmpress
[19:11:32] Determined hmmpress version is 003004 from '# HMMER 3.4 (Aug 2023); http://hmmer.org/'
[19:11:32] Looking for 'hmmscan' - found /home/alperen/PycharmProjects/target_project/.snakemake/conda/1ed9ad9a973cd43b0177fb6b496b9372_/bin/hmmscan
[19:11:32] Determined hmmscan version is 003004 from '# HMMER 3.4 (Aug 2023); http://hmmer.org/'
[19:11:32] Looking for 'java' - found /home/alperen/PycharmProjects/target_project/.snakemake/conda/1ed9ad9a973cd43b0177fb6b496b9372_/bin/java
[19:11:32] Looking for 'makeblastdb' - found /home/alperen/PycharmProjects/target_project/.snakemake/conda/1ed9ad9a973cd43b0177fb6b496b9372_/bin/makeblastdb
[19:11:33] Determined makeblastdb version is 002015 from 'makeblastdb: 2.15.0+'
[19:11:33] Looking for 'minced' - found /home/alperen/PycharmProjects/target_project/.snakemake/conda/1ed9ad9a973cd43b0177fb6b496b9372_/bin/minced
[19:11:33] Determined minced version is 004002 from 'minced 0.4.2'
[19:11:33] Looking for 'parallel' - found /home/alperen/PycharmProjects/target_project/.snakemake/conda/1ed9ad9a973cd43b0177fb6b496b9372_/bin/parallel
[19:11:33] Determined parallel version is 20240122 from 'GNU parallel 20240122'
[19:11:33] Looking for 'prodigal' - found /home/alperen/PycharmProjects/target_project/.snakemake/conda/1ed9ad9a973cd43b0177fb6b496b9372_/bin/prodigal
[19:11:33] Determined prodigal version is 002006 from 'Prodigal V2.6.3: February, 2016'
[19:11:33] Looking for 'prokka-genbank_to_fasta_db' - found /home/alperen/PycharmProjects/target_project/.snakemake/conda/1ed9ad9a973cd43b0177fb6b496b9372_/bin/prokka-genbank_to_fasta_db
[19:11:33] Looking for 'sed' - found /usr/bin/sed
[19:11:33] Looking for 'tbl2asn' - found /home/alperen/PycharmProjects/target_project/.snakemake/conda/1ed9ad9a973cd43b0177fb6b496b9372_/bin/tbl2asn
[19:11:33] Determined tbl2asn version is 025007 from 'tbl2asn 25.7   arguments:'
[19:11:33] Using genetic code table 11.
[19:11:33] Loading and checking input file: resource/genome/sa_mrsa_genome.fasta
[19:11:33] Wrote 2 contigs totalling 3121265 bp.
[19:11:33] Predicting tRNAs and tmRNAs
[19:11:33] Running: aragorn -l -gc11  -w output\/prokka_annotation\/sa_mrsa_prokka\/sa_mrsa\.fna
[19:11:34] 1 tRNA-Glu [24143,24217] 34 (ttc)
[19:11:34] 2 tRNA-Asp [24225,24297] 34 (gtc)
[19:11:34] 3 tRNA-Ser [574398,574490] 37 (tga)
[19:11:34] 4 tRNA-Val [627355,627430] 34 (tac)
[19:11:34] 5 tRNA-Thr [627447,627522] 34 (tgt)
[19:11:34] 6 tRNA-Lys [627528,627602] 35 (ttt)
[19:11:34] 7 tRNA-Gly [627635,627709] 33 (gcc)
[19:11:34] 8 tRNA-Leu [627717,627805] 35 (taa)
[19:11:34] 9 tRNA-Arg [627811,627887] 35 (acg)
[19:11:34] 10 tRNA-Pro [627908,627981] 35 (tgg)
[19:11:34] 11 tRNA-Ala [628005,628080] 34 (tgc)
[19:11:34] 12 tRNA-Ile [629850,629926] 35 (gat)
[19:11:34] 13 tRNA-Arg c[912148,912220] 34 (ccg)
[19:11:34] 14 tmRNA [928293,928651] 94,129 GKSNNNFAVAA*
[19:11:34] 15 tRNA-Ser c[1093177,1093267] 37 (gct)
[19:11:34] 16 tRNA-Asn c[1093269,1093343] 33 (gtt)
[19:11:34] 17 tRNA-Arg c[1245208,1245283] 36 (tct)
[19:11:34] 18 tRNA-Ser c[2035131,2035219] 36 (gga)
[19:11:34] 19 tRNA-Glu c[2035273,2035346] 35 (ttc)
[19:11:34] 20 tRNA-Asn c[2035347,2035421] 33 (gtt)
[19:11:34] 21 tRNA-Gly c[2035436,2035509] 33 (tcc)
[19:11:34] 22 tRNA-His c[2035525,2035600] 34 (gtg)
[19:11:34] 23 tRNA-Phe c[2035614,2035686] 34 (gaa)
[19:11:34] 24 tRNA-Asp c[2035703,2035778] 34 (gtc)
[19:11:34] 25 tRNA-Met c[2035800,2035873] 35 (cat)
[19:11:34] 26 tRNA-Leu c[2069603,2069686] 35 (caa)
[19:11:34] 27 tRNA-Gly c[2069725,2069799] 34 (tcc)
[19:11:34] 28 tRNA-Gly c[2069813,2069887] 34 (tcc)
[19:11:34] 29 tRNA-Gly c[2069903,2069977] 34 (tcc)
[19:11:34] 30 tRNA-Cys c[2069985,2070058] 33 (gca)
[19:11:34] 31 tRNA-Gln c[2070064,2070135] 33 (ttg)
[19:11:34] 32 tRNA-His c[2070146,2070219] 34 (gtg)
[19:11:34] 33 tRNA-Trp c[2070222,2070295] 33 (cca)
[19:11:34] 34 tRNA-Tyr c[2070310,2070392] 36 (gta)
[19:11:34] 35 tRNA-Thr c[2070397,2070472] 34 (tgt)
[19:11:34] 36 tRNA-Phe c[2070479,2070553] 35 (gaa)
[19:11:34] 37 tRNA-Asp c[2070571,2070646] 34 (gtc)
[19:11:34] 38 tRNA-Met c[2070655,2070730] 36 (cat)
[19:11:34] 39 tRNA-Ser c[2070744,2070836] 37 (tga)
[19:11:34] 40 tRNA-Asp c[2070875,2070950] 34 (gtc)
[19:11:34] 41 tRNA-Met c[2070959,2071034] 36 (cat)
[19:11:34] 42 tRNA-Ser c[2071049,2071140] 38 (tga)
[19:11:34] 43 tRNA-Met c[2071149,2071222] 35 (cat)
[19:11:34] 44 tRNA-Met c[2071250,2071324] 35 (cat)
[19:11:34] 45 tRNA-Ala c[2071346,2071421] 34 (tgc)
[19:11:34] 46 tRNA-Pro c[2071439,2071512] 35 (tgg)
[19:11:34] 47 tRNA-Arg c[2071521,2071596] 36 (acg)
[19:11:34] 48 tRNA-Leu c[2071614,2071702] 35 (taa)
[19:11:34] 49 tRNA-Gly c[2071713,2071787] 33 (gcc)
[19:11:34] 50 tRNA-Leu c[2071790,2071873] 36 (tag)
[19:11:34] 51 tRNA-Lys c[2071876,2071951] 34 (ttt)
[19:11:34] 52 tRNA-Thr c[2071957,2072032] 34 (tgt)
[19:11:34] 53 tRNA-Val c[2072049,2072124] 34 (tac)
[19:11:34] 54 tRNA-Ala c[2075459,2075534] 34 (tgc)
[19:11:34] 55 tRNA-Ile c[2075553,2075629] 35 (gat)
[19:11:34] 56 tRNA-Gly c[2383178,2383251] 33 (tcc)
[19:11:34] 57 tRNA-Leu c[2383274,2383356] 34 (gag)
[19:11:34] 58 tRNA-Lys c[2493882,2493955] 34 (ttt)
[19:11:34] 59 tRNA-Gln c[2493959,2494033] 33 (ttg)
[19:11:34] 60 tRNA-Tyr c[2494043,2494126] 35 (gta)
[19:11:34] 61 tRNA-Val c[2494156,2494231] 34 (tac)
[19:11:34] 62 tRNA-Glu c[2494238,2494311] 35 (ttc)
[19:11:34] 63 tRNA-Asn c[2494312,2494386] 33 (gtt)
[19:11:34] 64 tRNA-Gln c[2596921,2597013] 40 (ttg)
[19:11:34] Found 64 tRNAs
[19:11:34] Predicting Ribosomal RNAs
[19:11:34] Running Barrnap with 12 threads
[19:11:38] 1 CP127019.1 583641 16S ribosomal RNA
[19:11:38] 2 CP127019.1 585559 23S ribosomal RNA
[19:11:38] 3 CP127019.1 588554 5S ribosomal RNA (partial)
[19:11:38] 4 CP127019.1 627230 5S ribosomal RNA (partial)
[19:11:38] 5 CP127019.1 628206 16S ribosomal RNA
[19:11:38] 6 CP127019.1 630096 23S ribosomal RNA
[19:11:38] 7 CP127019.1 633091 5S ribosomal RNA (partial)
[19:11:38] 8 CP127019.1 2072171 5S ribosomal RNA (partial)
[19:11:38] 9 CP127019.1 2072325 23S ribosomal RNA
[19:11:38] 10 CP127019.1 2075722 16S ribosomal RNA
[19:11:38] 11 CP127019.1 2377881 5S ribosomal RNA (partial)
[19:11:38] 12 CP127019.1 2378035 23S ribosomal RNA
[19:11:38] 13 CP127019.1 2381505 16S ribosomal RNA
[19:11:38] 14 CP127019.1 2494432 5S ribosomal RNA (partial)
[19:11:38] 15 CP127019.1 2494586 23S ribosomal RNA
[19:11:38] 16 CP127019.1 2498056 16S ribosomal RNA
[19:11:38] Found 16 rRNAs
[19:11:38] Skipping ncRNA search, enable with --rfam if desired.
[19:11:38] Total of 79 tRNA + rRNA features
[19:11:38] Searching for CRISPR repeats
[19:11:38] CRISPR1 CP127019.1 2592289 with 4 spacers
[19:11:38] Found 1 CRISPRs
[19:11:38] Predicting coding sequences
[19:11:38] Contigs total 3121265 bp, so using meta mode
[19:11:38] Running: prodigal -i output\/prokka_annotation\/sa_mrsa_prokka\/sa_mrsa\.fna -c -m -g 11 -p meta -f sco -q
[19:11:53] Excluding CDS which overlaps existing RNA (tRNA) at CP127019.1:574451..574645 on - strand
[19:11:56] Excluding CDS which overlaps existing RNA (tRNA) at CP127019.1:2035037..2035168 on + strand
[19:11:57] Excluding CDS which overlaps existing RNA (tRNA) at CP127019.1:2596775..2597269 on + strand
[19:11:58] Found 3042 CDS
[19:11:58] Connecting features back to sequences
[19:11:58] Not using genus-specific database. Try --usegenus to enable it.
[19:11:58] Preparing user-supplied primary BLAST annotation source: resource/protein/sa_mrsa_protein.fasta
[19:11:58] Guessed source was in fasta format.
[19:11:58] Running: makeblastdb -dbtype prot -in resource\/protein\/sa_mrsa_protein\.fasta -out output\/prokka_annotation\/sa_mrsa_prokka\/proteins -logfile /dev/null
[19:11:58] Using /inference source as 'sa_mrsa_protein.fasta'
[19:11:58] Annotating CDS, please be patient.
[19:11:58] Will use 12 CPUs for similarity searching.
[19:11:59] There are still 3042 unannotated CDS left (started with 3042)
[19:11:59] Will use blast to search against output/prokka_annotation/sa_mrsa_prokka/proteins with 12 CPUs
[19:11:59] Running: cat output\/prokka_annotation\/sa_mrsa_prokka\/sa_mrsa\.proteins\.tmp\.48024\.faa | parallel --gnu --plain -j 12 --block 37260 --recstart '>' --pipe blastp -query - -db output/prokka_annotation/sa_mrsa_prokka/proteins -evalue 1e-09 -qcov_hsp_perc 80 -num_threads 1 -num_descriptions 1 -num_alignments 1 -seg no > output\/prokka_annotation\/sa_mrsa_prokka\/sa_mrsa\.proteins\.tmp\.48024\.blast 2> /dev/null
[19:12:13] Modify product: UPF0223 family protein [Staphylococcus aureus] => hypothetical protein
[19:12:13] Modify product: DUF4064 domain-containing protein [Staphylococcus aureus] => hypothetical protein
[19:12:13] Modify product: DUF4064 domain-containing protein [Staphylococcus aureus] => hypothetical protein
[19:12:13] Modify product: DUF5325 family protein [Staphylococcus aureus] => hypothetical protein
[19:12:13] Modify product: hypothetical protein QQO11_05905 [Staphylococcus aureus] => hypothetical protein [Staphylococcus aureus]
[19:12:13] Modify product: DUF420 domain-containing protein [Staphylococcus aureus] => hypothetical protein
[19:12:14] Modify product: hypothetical protein QQO11_05960 [Staphylococcus aureus] => hypothetical protein [Staphylococcus aureus]
[19:12:14] Modify product: DUF177 domain-containing protein [Staphylococcus aureus] => hypothetical protein
[19:12:14] Modify product: hypothetical protein QQO11_06120 [Staphylococcus aureus] => hypothetical protein [Staphylococcus aureus]
[19:12:14] Modify product: hypothetical protein QQO11_06140 [Staphylococcus aureus] => hypothetical protein [Staphylococcus aureus]
[19:12:14] Modify product: hypothetical protein QQO11_06155 [Staphylococcus aureus] => hypothetical protein [Staphylococcus aureus]
[19:12:14] Modify product: hypothetical protein QQO11_10850 [Staphylococcus aureus] => hypothetical protein [Staphylococcus aureus]
[19:12:14] Modify product: hypothetical protein QQO11_06160 [Staphylococcus aureus] => hypothetical protein [Staphylococcus aureus]
[19:12:14] Modify product: hypothetical protein QQO11_06175 [Staphylococcus aureus] => hypothetical protein [Staphylococcus aureus]
[19:12:14] Modify product: hypothetical protein QQO11_06180 [Staphylococcus aureus] => hypothetical protein [Staphylococcus aureus]
[19:12:14] Modify product: hypothetical protein QQO11_06215 [Staphylococcus aureus] => hypothetical protein [Staphylococcus aureus]
[19:12:14] Modify product: hypothetical protein QQO11_06400 [Staphylococcus aureus] => hypothetical protein [Staphylococcus aureus]
[19:12:14] Modify product: hypothetical protein QQO11_06440 [Staphylococcus aureus] => hypothetical protein [Staphylococcus aureus]
[19:12:14] Modify product: DUF4887 domain-containing protein [Staphylococcus aureus] => hypothetical protein
[19:12:14] Modify product: hypothetical protein QQO11_04540 [Staphylococcus aureus] => hypothetical protein [Staphylococcus aureus]
[19:12:14] Modify product: hypothetical protein QQO11_04590 [Staphylococcus aureus] => hypothetical protein [Staphylococcus aureus]
[19:12:14] Modify product: hypothetical protein QQO11_04615 [Staphylococcus aureus] => hypothetical protein [Staphylococcus aureus]
[19:12:14] Modify product: hypothetical protein QQO11_04630 [Staphylococcus aureus] => hypothetical protein [Staphylococcus aureus]
[19:12:14] Modify product: hypothetical protein QQO11_04635 [Staphylococcus aureus] => hypothetical protein [Staphylococcus aureus]
[19:12:14] Modify product: hypothetical protein QQO11_04640 [Staphylococcus aureus] => hypothetical protein [Staphylococcus aureus]
[19:12:14] Modify product: hypothetical protein QQO11_04645 [Staphylococcus aureus] => hypothetical protein [Staphylococcus aureus]
[19:12:14] Modify product: hypothetical protein QQO11_04650 [Staphylococcus aureus] => hypothetical protein [Staphylococcus aureus]
[19:12:14] Modify product: hypothetical protein QQO11_04660 [Staphylococcus aureus] => hypothetical protein [Staphylococcus aureus]
[19:12:14] Modify product: hypothetical protein QQO11_04755 [Staphylococcus aureus] => hypothetical protein [Staphylococcus aureus]
[19:12:14] Modify product: DUF1474 family protein [Staphylococcus aureus] => hypothetical protein
[19:12:14] Modify product: primase alpha helix C-terminal domain-containing protein [Staphylococcus aureus] => hypothetical protein
[19:12:14] Modify product: hypothetical protein QQO11_04850 [Staphylococcus aureus] => hypothetical protein [Staphylococcus aureus]
[19:12:14] Modify product: DUF368 domain-containing protein [Staphylococcus aureus] => hypothetical protein
[19:12:14] Modify product: hypothetical protein QQO11_04900 [Staphylococcus aureus] => hypothetical protein [Staphylococcus aureus]
[19:12:14] Modify product: DUF72 domain-containing protein [Staphylococcus aureus] => hypothetical protein
[19:12:14] Modify product: DUF3055 domain-containing protein [Staphylococcus aureus] => hypothetical protein
[19:12:14] Modify product: DUF86 domain-containing protein [Staphylococcus aureus] => hypothetical protein
[19:12:14] Modify product: hypothetical protein QQO11_01740 [Staphylococcus aureus] => hypothetical protein [Staphylococcus aureus]
[19:12:14] Modify product: DUF1108 family protein [Staphylococcus aureus] => hypothetical protein
[19:12:14] Modify product: hypothetical protein QQO11_01765 [Staphylococcus aureus] => hypothetical protein [Staphylococcus aureus]
[19:12:14] Modify product: hypothetical protein QQO11_01795 [Staphylococcus aureus] => hypothetical protein [Staphylococcus aureus]
[19:12:14] Modify product: DUF3310 domain-containing protein [Staphylococcus aureus] => hypothetical protein
[19:12:14] Modify product: hypothetical protein QQO11_01820 [Staphylococcus aureus] => hypothetical protein [Staphylococcus aureus]
[19:12:14] Modify product: hypothetical protein QQO11_01830 [Staphylococcus aureus] => hypothetical protein [Staphylococcus aureus]
[19:12:14] Modify product: DUF1024 family protein [Staphylococcus aureus] => hypothetical protein
[19:12:14] Modify product: DUF1381 domain-containing protein [Staphylococcus aureus] => hypothetical protein
[19:12:14] Modify product: hypothetical protein QQO11_01850 [Staphylococcus aureus] => hypothetical protein [Staphylococcus aureus]
[19:12:14] Modify product: hypothetical protein QQO11_01860 [Staphylococcus aureus] => hypothetical protein [Staphylococcus aureus]
[19:12:14] Modify product: hypothetical protein QQO11_01865 [Staphylococcus aureus] => hypothetical protein [Staphylococcus aureus]
[19:12:14] Modify product: hypothetical protein QQO11_01895 [Staphylococcus aureus] => hypothetical protein [Staphylococcus aureus]
[19:12:14] Modify product: Rho termination factor N-terminal domain-containing protein [Staphylococcus aureus] => hypothetical protein
[19:12:14] Modify product: DUF3168 domain-containing protein [Staphylococcus aureus] => hypothetical protein
[19:12:14] Modify product: hypothetical protein QQO11_01945 [Staphylococcus aureus] => hypothetical protein [Staphylococcus aureus]
[19:12:14] Modify product: hypothetical protein QQO11_01965 [Staphylococcus aureus] => hypothetical protein [Staphylococcus aureus]
[19:12:14] Modify product: DUF2977 domain-containing protein [Staphylococcus aureus] => hypothetical protein
[19:12:14] Modify product: DUF2951 domain-containing protein [Staphylococcus aureus] => hypothetical protein
[19:12:14] Modify product: hypothetical protein QQO11_02000 [Staphylococcus aureus] => hypothetical protein [Staphylococcus aureus]
[19:12:14] Modify product: DUF1398 family protein [Staphylococcus aureus] => hypothetical protein
[19:12:14] Modify product: DUF3169 family protein [Staphylococcus aureus] => hypothetical protein
[19:12:14] Modify product: DUF951 domain-containing protein [Staphylococcus aureus] => hypothetical protein
[19:12:14] Modify product: hypothetical protein QQO11_02230 [Staphylococcus aureus] => hypothetical protein [Staphylococcus aureus]
[19:12:14] Modify product: hypothetical protein QQO11_02285 [Staphylococcus aureus] => hypothetical protein [Staphylococcus aureus]
[19:12:14] Modify product: hypothetical protein QQO11_02295 [Staphylococcus aureus] => hypothetical protein [Staphylococcus aureus]
[19:12:14] Modify product: hypothetical protein QQO11_02335 [Staphylococcus aureus] => hypothetical protein [Staphylococcus aureus]
[19:12:14] Modify product: hypothetical protein QQO11_02340 [Staphylococcus aureus] => hypothetical protein [Staphylococcus aureus]
[19:12:14] Modify product: DUF3173 family protein [Staphylococcus aureus] => hypothetical protein
[19:12:14] Modify product: hypothetical protein QQO11_02420 [Staphylococcus aureus] => hypothetical protein [Staphylococcus aureus]
[19:12:14] Modify product: hypothetical protein QQO11_02435 [Staphylococcus aureus] => hypothetical protein [Staphylococcus aureus]
[19:12:14] Modify product: DUF6037 family protein [Staphylococcus aureus] => hypothetical protein
[19:12:14] Modify product: hypothetical protein QQO11_00815 [Staphylococcus aureus] => hypothetical protein [Staphylococcus aureus]
[19:12:14] Modify product: hypothetical protein QQO11_00930 [Staphylococcus aureus] => hypothetical protein [Staphylococcus aureus]
[19:12:14] Modify product: DUF4242 domain-containing protein [Staphylococcus aureus] => hypothetical protein
[19:12:14] Modify product: DUF2294 domain-containing protein [Staphylococcus aureus] => hypothetical protein
[19:12:14] Modify product: hypothetical protein QQO11_05205 [Staphylococcus aureus] => hypothetical protein [Staphylococcus aureus]
[19:12:14] Modify product: DUF3899 domain-containing protein [Staphylococcus aureus] => hypothetical protein
[19:12:14] Modify product: hypothetical protein QQO11_05330 [Staphylococcus aureus] => hypothetical protein [Staphylococcus aureus]
[19:12:14] Modify product: hypothetical protein QQO11_05500 [Staphylococcus aureus] => hypothetical protein [Staphylococcus aureus]
[19:12:14] Modify product: DUF5011 domain-containing protein [Staphylococcus aureus] => hypothetical protein
[19:12:14] Modify product: hypothetical protein QQO11_05745 [Staphylococcus aureus] => hypothetical protein [Staphylococcus aureus]
[19:12:14] Modify product: DUF697 domain-containing protein [Staphylococcus aureus] => hypothetical protein
[19:12:14] Modify product: hypothetical protein QQO11_00135 [Staphylococcus aureus] => hypothetical protein [Staphylococcus aureus]
[19:12:14] Modify product: DUF2871 domain-containing protein [Staphylococcus aureus] => hypothetical protein
[19:12:14] Modify product: DUF1643 domain-containing protein [Staphylococcus aureus] => hypothetical protein
[19:12:14] Modify product: DUF960 domain-containing protein [Staphylococcus aureus] => hypothetical protein
[19:12:14] Modify product: DUF927 domain-containing protein [Staphylococcus aureus] => hypothetical protein
[19:12:14] Modify product: hypothetical protein QQO11_00200 [Staphylococcus aureus] => hypothetical protein [Staphylococcus aureus]
[19:12:14] Modify product: hypothetical protein QQO11_00215 [Staphylococcus aureus] => hypothetical protein [Staphylococcus aureus]
[19:12:14] Modify product: hypothetical protein QQO11_00220 [Staphylococcus aureus] => hypothetical protein [Staphylococcus aureus]
[19:12:14] Modify product: DUF6038 family protein [Staphylococcus aureus] => hypothetical protein
[19:12:14] Modify product: hypothetical protein QQO11_00230 [Staphylococcus aureus] => hypothetical protein [Staphylococcus aureus]
[19:12:14] Modify product: hypothetical protein QQO11_00235 [Staphylococcus aureus] => hypothetical protein [Staphylococcus aureus]
[19:12:14] Modify product: DUF5906 domain-containing protein [Staphylococcus aureus] => hypothetical protein
[19:12:14] Modify product: DUF960 family protein [Staphylococcus aureus] => hypothetical protein
[19:12:14] Modify product: DUF1643 domain-containing protein [Staphylococcus aureus] => hypothetical protein
[19:12:14] Modify product: DUF6262 family protein [Staphylococcus aureus] => hypothetical protein
[19:12:14] Modify product: hypothetical protein QQO11_00380 [Staphylococcus aureus] => hypothetical protein [Staphylococcus aureus]
[19:12:14] Modify product: hypothetical protein QQO11_00385 [Staphylococcus aureus] => hypothetical protein [Staphylococcus aureus]
[19:12:14] Modify product: hypothetical protein QQO11_00390 [Staphylococcus aureus] => hypothetical protein [Staphylococcus aureus]
[19:12:14] Modify product: hypothetical protein QQO11_00395 [Staphylococcus aureus] => hypothetical protein [Staphylococcus aureus]
[19:12:14] Modify product: hypothetical protein QQO11_00400 [Staphylococcus aureus] => hypothetical protein [Staphylococcus aureus]
[19:12:14] Modify product: hypothetical protein QQO11_00405 [Staphylococcus aureus] => hypothetical protein [Staphylococcus aureus]
[19:12:14] Modify product: DUF6262 family protein [Staphylococcus aureus] => hypothetical protein
[19:12:14] Modify product: hypothetical protein QQO11_00450 [Staphylococcus aureus] => hypothetical protein [Staphylococcus aureus]
[19:12:14] Modify product: DUF1643 domain-containing protein [Staphylococcus aureus] => hypothetical protein
[19:12:14] Modify product: DUF960 family protein [Staphylococcus aureus] => hypothetical protein
[19:12:14] Modify product: hypothetical protein QQO11_00480 [Staphylococcus aureus] => hypothetical protein [Staphylococcus aureus]
[19:12:14] Modify product: DUF927 domain-containing protein [Staphylococcus aureus] => hypothetical protein
[19:12:14] Modify product: DUF1413 domain-containing protein [Staphylococcus aureus] => hypothetical protein
[19:12:14] Modify product: hypothetical protein QQO11_00515 [Staphylococcus aureus] => hypothetical protein [Staphylococcus aureus]
[19:12:14] Modify product: hypothetical protein QQO11_00540 [Staphylococcus aureus] => hypothetical protein [Staphylococcus aureus]
[19:12:14] Modify product: hypothetical protein QQO11_00575 [Staphylococcus aureus] => hypothetical protein [Staphylococcus aureus]
[19:12:14] Modify product: hypothetical protein QQO11_00585 [Staphylococcus aureus] => hypothetical protein [Staphylococcus aureus]
[19:12:14] Modify product: DUF1648 domain-containing protein [Staphylococcus aureus] => hypothetical protein
[19:12:14] Modify product: hypothetical protein QQO11_01175 [Staphylococcus aureus] => hypothetical protein [Staphylococcus aureus]
[19:12:14] Modify product: DUF488 domain-containing protein [Staphylococcus aureus] => hypothetical protein
[19:12:14] Modify product: hypothetical protein QQO11_01245 [Staphylococcus aureus] => hypothetical protein [Staphylococcus aureus]
[19:12:14] Modify product: hypothetical protein QQO11_01305 [Staphylococcus aureus] => hypothetical protein [Staphylococcus aureus]
[19:12:14] Modify product: hypothetical protein QQO11_01435 [Staphylococcus aureus] => hypothetical protein [Staphylococcus aureus]
[19:12:14] Modify product: hypothetical protein QQO11_01470 [Staphylococcus aureus] => hypothetical protein [Staphylococcus aureus]
[19:12:15] Modify product: DUF5082 family protein [Staphylococcus aureus] => hypothetical protein
[19:12:15] Modify product: DUF5079 family protein [Staphylococcus aureus] => hypothetical protein
[19:12:15] Modify product: DUF5085 family protein [Staphylococcus aureus] => hypothetical protein
[19:12:15] Modify product: DUF5085 family protein [Staphylococcus aureus] => hypothetical protein
[19:12:15] Modify product: DUF5080 family protein [Staphylococcus aureus] => hypothetical protein
[19:12:15] Modify product: hypothetical protein QQO11_01545 [Staphylococcus aureus] => hypothetical protein [Staphylococcus aureus]
[19:12:15] Modify product: DUF5083 family protein [Staphylococcus aureus] => hypothetical protein
[19:12:15] Modify product: DUF4467 domain-containing protein [Staphylococcus aureus] => hypothetical protein
[19:12:15] Modify product: DUF4064 domain-containing protein [Staphylococcus aureus] => hypothetical protein
[19:12:15] Modify product: DUF5084 family protein [Staphylococcus aureus] => hypothetical protein
[19:12:15] Modify product: DUF4467 domain-containing protein [Staphylococcus aureus] => hypothetical protein
[19:12:15] Modify product: DUF4064 domain-containing protein [Staphylococcus aureus] => hypothetical protein
[19:12:15] Modify product: hypothetical protein QQO11_01705 [Staphylococcus aureus] => hypothetical protein [Staphylococcus aureus]
[19:12:15] Modify product: hypothetical protein QQO11_01710 [Staphylococcus aureus] => hypothetical protein [Staphylococcus aureus]
[19:12:15] Modify product: hypothetical protein QQO11_07100 [Staphylococcus aureus] => hypothetical protein [Staphylococcus aureus]
[19:12:15] Modify product: DUF896 domain-containing protein [Staphylococcus aureus] => hypothetical protein
[19:12:15] Modify product: hypothetical protein QQO11_07360 [Staphylococcus aureus] => hypothetical protein [Staphylococcus aureus]
[19:12:15] Modify product: DUF6501 family protein [Staphylococcus aureus] => hypothetical protein
[19:12:15] Modify product: hypothetical protein QQO11_07535 [Staphylococcus aureus] => hypothetical protein [Staphylococcus aureus]
[19:12:15] Modify product: NifU N-terminal domain-containing protein [Staphylococcus aureus] => hypothetical protein
[19:12:15] Modify product: nucleoside transporter C-terminal domain-containing protein [Staphylococcus aureus] => hypothetical protein
[19:12:15] Modify product: hypothetical protein QQO11_03885 [Staphylococcus aureus] => hypothetical protein [Staphylococcus aureus]
[19:12:15] Modify product: hypothetical protein QQO11_03890 [Staphylococcus aureus] => hypothetical protein [Staphylococcus aureus]
[19:12:15] Modify product: hypothetical protein QQO11_03900 [Staphylococcus aureus] => hypothetical protein [Staphylococcus aureus]
[19:12:15] Modify product: DUF47 domain-containing protein [Staphylococcus aureus] => hypothetical protein
[19:12:15] Modify product: DUF402 domain-containing protein [Staphylococcus aureus] => hypothetical protein
[19:12:15] Modify product: DUF456 domain-containing protein [Staphylococcus aureus] => hypothetical protein
[19:12:15] Modify product: DUF1129 family protein [Staphylococcus aureus] => hypothetical protein
[19:12:15] Modify product: hypothetical protein QQO11_04010 [Staphylococcus aureus] => hypothetical protein [Staphylococcus aureus]
[19:12:15] Modify product: hypothetical protein QQO11_04015 [Staphylococcus aureus] => hypothetical protein [Staphylococcus aureus]
[19:12:15] Modify product: hypothetical protein QQO11_04035 [Staphylococcus aureus] => hypothetical protein [Staphylococcus aureus]
[19:12:15] Modify product: hypothetical protein QQO11_04070 [Staphylococcus aureus] => hypothetical protein [Staphylococcus aureus]
[19:12:15] Modify product: DUF1361 domain-containing protein [Staphylococcus aureus] => hypothetical protein
[19:12:15] Modify product: hypothetical protein QQO11_04110 [Staphylococcus aureus] => hypothetical protein [Staphylococcus aureus]
[19:12:15] Modify product: hypothetical protein QQO11_04175 [Staphylococcus aureus] => hypothetical protein [Staphylococcus aureus]
[19:12:15] Modify product: hypothetical protein QQO11_08115 [Staphylococcus aureus] => hypothetical protein [Staphylococcus aureus]
[19:12:15] Modify product: hypothetical protein QQO11_08125 [Staphylococcus aureus] => hypothetical protein [Staphylococcus aureus]
[19:12:15] Modify product: hypothetical protein QQO11_08135 [Staphylococcus aureus] => hypothetical protein [Staphylococcus aureus]
[19:12:15] Modify product: DUF3310 domain-containing protein [Staphylococcus aureus] => hypothetical protein
[19:12:15] Modify product: DUF3113 family protein [Staphylococcus aureus] => hypothetical protein
[19:12:15] Modify product: DUF2815 family protein [Staphylococcus aureus] => hypothetical protein
[19:12:15] Modify product: DUF2800 domain-containing protein [Staphylococcus aureus] => hypothetical protein
[19:12:15] Modify product: hypothetical protein QQO11_08170 [Staphylococcus aureus] => hypothetical protein [Staphylococcus aureus]
[19:12:15] Modify product: hypothetical protein QQO11_08190 [Staphylococcus aureus] => hypothetical protein [Staphylococcus aureus]
[19:12:15] Modify product: hypothetical protein QQO11_08195 [Staphylococcus aureus] => hypothetical protein [Staphylococcus aureus]
[19:12:15] Modify product: DUF2829 domain-containing protein [Staphylococcus aureus] => hypothetical protein
[19:12:15] Modify product: hypothetical protein QQO11_08205 [Staphylococcus aureus] => hypothetical protein [Staphylococcus aureus]
[19:12:15] Modify product: hypothetical protein QQO11_08210 [Staphylococcus aureus] => hypothetical protein [Staphylococcus aureus]
[19:12:15] Modify product: hypothetical protein QQO11_08235 [Staphylococcus aureus] => hypothetical protein [Staphylococcus aureus]
[19:12:15] Modify product: hypothetical protein QQO11_11170 [Staphylococcus aureus] => hypothetical protein [Staphylococcus aureus]
[19:12:15] Modify product: hypothetical protein QQO11_08255 [Staphylococcus aureus] => hypothetical protein [Staphylococcus aureus]
[19:12:15] Modify product: DUF1672 domain-containing protein [Staphylococcus aureus] => hypothetical protein
[19:12:15] Modify product: DUF309 domain-containing protein [Staphylococcus aureus] => hypothetical protein
[19:12:15] Modify product: hypothetical protein QQO11_08315 [Staphylococcus aureus] => hypothetical protein [Staphylococcus aureus]
[19:12:15] Modify product: hypothetical protein QQO11_08465 [Staphylococcus aureus] => hypothetical protein [Staphylococcus aureus]
[19:12:15] Modify product: hypothetical protein QQO11_08810 [Staphylococcus aureus] => hypothetical protein [Staphylococcus aureus]
[19:12:15] Modify product: DUF1292 domain-containing protein [Staphylococcus aureus] => hypothetical protein
[19:12:15] Modify product: hypothetical protein QQO11_09070 [Staphylococcus aureus] => hypothetical protein [Staphylococcus aureus]
[19:12:15] Modify product: DUF4930 family protein [Staphylococcus aureus] => hypothetical protein
[19:12:15] Modify product: hypothetical protein QQO11_09085 [Staphylococcus aureus] => hypothetical protein [Staphylococcus aureus]
[19:12:15] Modify product: DUF6262 family protein [Staphylococcus aureus] => hypothetical protein
[19:12:15] Modify product: hypothetical protein QQO11_09210 [Staphylococcus aureus] => hypothetical protein [Staphylococcus aureus]
[19:12:15] Modify product: hypothetical protein QQO11_09285 [Staphylococcus aureus] => hypothetical protein [Staphylococcus aureus]
[19:12:15] Modify product: DUF4889 domain-containing protein [Staphylococcus aureus] => hypothetical protein
[19:12:15] Modify product: DUF1273 domain-containing protein [Staphylococcus aureus] => hypothetical protein
[19:12:15] Modify product: hypothetical protein QQO11_07720 [Staphylococcus aureus] => hypothetical protein [Staphylococcus aureus]
[19:12:15] Modify product: DUF1405 domain-containing protein [Staphylococcus aureus] => hypothetical protein
[19:12:15] Modify product: hypothetical protein QQO11_07780 [Staphylococcus aureus] => hypothetical protein [Staphylococcus aureus]
[19:12:15] Modify product: hypothetical protein QQO11_07800 [Staphylococcus aureus] => hypothetical protein [Staphylococcus aureus]
[19:12:15] Modify product: DUF1672 domain-containing protein [Staphylococcus aureus] => hypothetical protein
[19:12:15] Modify product: hypothetical protein QQO11_07910 [Staphylococcus aureus] => hypothetical protein [Staphylococcus aureus]
[19:12:15] Modify product: DUF1672 domain-containing protein [Staphylococcus aureus] => hypothetical protein
[19:12:15] Modify product: DUF1672 domain-containing protein [Staphylococcus aureus] => hypothetical protein
[19:12:15] Modify product: hypothetical protein QQO11_07925 [Staphylococcus aureus] => hypothetical protein [Staphylococcus aureus]
[19:12:15] Modify product: DUF2951 domain-containing protein [Staphylococcus aureus] => hypothetical protein
[19:12:15] Modify product: DUF2977 domain-containing protein [Staphylococcus aureus] => hypothetical protein
[19:12:15] Modify product: hypothetical protein QQO11_01965 [Staphylococcus aureus] => hypothetical protein [Staphylococcus aureus]
[19:12:15] Modify product: hypothetical protein QQO11_01965 [Staphylococcus aureus] => hypothetical protein [Staphylococcus aureus]
[19:12:15] Modify product: hypothetical protein QQO11_07965 [Staphylococcus aureus] => hypothetical protein [Staphylococcus aureus]
[19:12:15] Modify product: hypothetical protein QQO11_07985 [Staphylococcus aureus] => hypothetical protein [Staphylococcus aureus]
[19:12:15] Modify product: hypothetical protein QQO11_07990 [Staphylococcus aureus] => hypothetical protein [Staphylococcus aureus]
[19:12:15] Modify product: DUF3168 domain-containing protein [Staphylococcus aureus] => hypothetical protein
[19:12:15] Modify product: hypothetical protein QQO11_08010 [Staphylococcus aureus] => hypothetical protein [Staphylococcus aureus]
[19:12:15] Modify product: hypothetical protein QQO11_08015 [Staphylococcus aureus] => hypothetical protein [Staphylococcus aureus]
[19:12:15] Modify product: DUF1514 family protein [Staphylococcus aureus] => hypothetical protein
[19:12:15] Modify product: hypothetical protein QQO11_08090 [Staphylococcus aureus] => hypothetical protein [Staphylococcus aureus]
[19:12:15] Modify product: DUF1381 domain-containing protein [Staphylococcus aureus] => hypothetical protein
[19:12:15] Modify product: hypothetical protein QQO11_06820 [Staphylococcus aureus] => hypothetical protein [Staphylococcus aureus]
[19:12:15] Modify product: hypothetical protein QQO11_06870 [Staphylococcus aureus] => hypothetical protein [Staphylococcus aureus]
[19:12:15] Modify product: hypothetical protein QQO11_06935 [Staphylococcus aureus] => hypothetical protein [Staphylococcus aureus]
[19:12:15] Modify product: hypothetical protein QQO11_06940 [Staphylococcus aureus] => hypothetical protein [Staphylococcus aureus]
[19:12:15] Modify product: hypothetical protein QQO11_06945 [Staphylococcus aureus] => hypothetical protein [Staphylococcus aureus]
[19:12:15] Modify product: hypothetical protein QQO11_06950 [Staphylococcus aureus] => hypothetical protein [Staphylococcus aureus]
[19:12:15] Modify product: hypothetical protein QQO11_06960 [Staphylococcus aureus] => hypothetical protein [Staphylococcus aureus]
[19:12:15] Modify product: hypothetical protein QQO11_06965 [Staphylococcus aureus] => hypothetical protein [Staphylococcus aureus]
[19:12:15] Modify product: hypothetical protein QQO11_06970 [Staphylococcus aureus] => hypothetical protein [Staphylococcus aureus]
[19:12:15] Modify product: hypothetical protein QQO11_06985 [Staphylococcus aureus] => hypothetical protein [Staphylococcus aureus]
[19:12:15] Modify product: hypothetical protein QQO11_06995 [Staphylococcus aureus] => hypothetical protein [Staphylococcus aureus]
[19:12:15] Modify product: hypothetical protein QQO11_07005 [Staphylococcus aureus] => hypothetical protein [Staphylococcus aureus]
[19:12:15] Modify product: hypothetical protein QQO11_07025 [Staphylococcus aureus] => hypothetical protein [Staphylococcus aureus]
[19:12:15] Modify product: hypothetical protein QQO11_07065 [Staphylococcus aureus] => hypothetical protein [Staphylococcus aureus]
[19:12:15] Modify product: hypothetical protein QQO11_07070 [Staphylococcus aureus] => hypothetical protein [Staphylococcus aureus]
[19:12:15] Modify product: hypothetical protein QQO11_02465 [Staphylococcus aureus] => hypothetical protein [Staphylococcus aureus]
[19:12:15] Modify product: hypothetical protein QQO11_02480 [Staphylococcus aureus] => hypothetical protein [Staphylococcus aureus]
[19:12:15] Modify product: hypothetical protein QQO11_02485 [Staphylococcus aureus] => hypothetical protein [Staphylococcus aureus]
[19:12:15] Modify product: hypothetical protein QQO11_02500 [Staphylococcus aureus] => hypothetical protein [Staphylococcus aureus]
[19:12:15] Modify product: hypothetical protein QQO11_02530 [Staphylococcus aureus] => hypothetical protein [Staphylococcus aureus]
[19:12:15] Modify product: hypothetical protein QQO11_02545 [Staphylococcus aureus] => hypothetical protein [Staphylococcus aureus]
[19:12:15] Modify product: DUF1304 domain-containing protein [Staphylococcus aureus] => hypothetical protein
[19:12:15] Modify product: hypothetical protein QQO11_02665 [Staphylococcus aureus] => hypothetical protein [Staphylococcus aureus]
[19:12:15] Modify product: hypothetical protein QQO11_02670 [Staphylococcus aureus] => hypothetical protein [Staphylococcus aureus]
[19:12:15] Modify product: hypothetical protein QQO11_02675 [Staphylococcus aureus] => hypothetical protein [Staphylococcus aureus]
[19:12:15] Modify product: hypothetical protein QQO11_02680 [Staphylococcus aureus] => hypothetical protein [Staphylococcus aureus]
[19:12:15] Modify product: DUF2294 domain-containing protein [Staphylococcus aureus] => hypothetical protein
[19:12:15] Modify product: hypothetical protein QQO11_02730 [Staphylococcus aureus] => hypothetical protein [Staphylococcus aureus]
[19:12:15] Modify product: hypothetical protein QQO11_02745 [Staphylococcus aureus] => hypothetical protein [Staphylococcus aureus]
[19:12:15] Modify product: hypothetical protein QQO11_02785 [Staphylococcus aureus] => hypothetical protein [Staphylococcus aureus]
[19:12:15] Modify product: DNA polymerase III subunit delta' C-terminal domain-containing protein [Staphylococcus aureus] => hypothetical protein
[19:12:16] Modify product: hypothetical protein QQO11_03460 [Staphylococcus aureus] => hypothetical protein [Staphylococcus aureus]
[19:12:16] Modify product: DUF5327 family protein [Staphylococcus aureus] => hypothetical protein
[19:12:16] Modify product: DUF423 domain-containing protein [Staphylococcus aureus] => hypothetical protein
[19:12:16] Modify product: DUF1450 domain-containing protein [Staphylococcus aureus] => hypothetical protein
[19:12:16] Modify product: DUF443 family protein [Staphylococcus aureus] => hypothetical protein
[19:12:16] Modify product: DUF443 domain-containing protein [Staphylococcus aureus] => hypothetical protein
[19:12:16] Modify product: DUF443 family protein [Staphylococcus aureus] => hypothetical protein
[19:12:16] Modify product: DUF443 domain-containing protein [Staphylococcus aureus] => hypothetical protein
[19:12:16] Modify product: DUF443 family protein [Staphylococcus aureus] => hypothetical protein
[19:12:16] Modify product: DUF443 domain-containing protein [Staphylococcus aureus] => hypothetical protein
[19:12:16] Modify product: DUF443 domain-containing protein [Staphylococcus aureus] => hypothetical protein
[19:12:16] Modify product: DUF443 domain-containing protein [Staphylococcus aureus] => hypothetical protein
[19:12:16] Modify product: DUF443 family protein [Staphylococcus aureus] => hypothetical protein
[19:12:16] Modify product: DUF443 domain-containing protein [Staphylococcus aureus] => hypothetical protein
[19:12:16] Modify product: DUF443 domain-containing protein [Staphylococcus aureus] => hypothetical protein
[19:12:16] Modify product: DUF1934 domain-containing protein [Staphylococcus aureus] => hypothetical protein
[19:12:16] Modify product: hypothetical protein QQO11_03695 [Staphylococcus aureus] => hypothetical protein [Staphylococcus aureus]
[19:12:16] Modify product: hypothetical protein QQO11_03700 [Staphylococcus aureus] => hypothetical protein [Staphylococcus aureus]
[19:12:16] Modify product: DUF2922 domain-containing protein [Staphylococcus aureus] => hypothetical protein
[19:12:16] Modify product: DUF1659 domain-containing protein [Staphylococcus aureus] => hypothetical protein
[19:12:16] Modify product: hypothetical protein QQO11_09550 [Staphylococcus aureus] => hypothetical protein [Staphylococcus aureus]
[19:12:16] Modify product: DUF948 domain-containing protein [Staphylococcus aureus] => hypothetical protein
[19:12:16] Modify product: DUF4479 domain-containing protein [Staphylococcus aureus] => hypothetical protein
[19:12:16] Modify product: DUF1444 domain-containing protein [Staphylococcus aureus] => hypothetical protein
[19:12:16] Modify product: hypothetical protein QQO11_09685 [Staphylococcus aureus] => hypothetical protein [Staphylococcus aureus]
[19:12:16] Modify product: hypothetical protein QQO11_09740 [Staphylococcus aureus] => hypothetical protein [Staphylococcus aureus]
[19:12:16] Modify product: hypothetical protein QQO11_09755 [Staphylococcus aureus] => hypothetical protein [Staphylococcus aureus]
[19:12:16] Modify product: hypothetical protein QQO11_09770 [Staphylococcus aureus] => hypothetical protein [Staphylococcus aureus]
[19:12:16] Modify product: DUF4909 domain-containing protein [Staphylococcus aureus] => hypothetical protein
[19:12:16] Modify product: DUF4352 domain-containing protein [Staphylococcus aureus] => hypothetical protein
[19:12:16] Modify product: hypothetical protein QQO11_09855 [Staphylococcus aureus] => hypothetical protein [Staphylococcus aureus]
[19:12:16] Modify product: DUF3969 family protein [Staphylococcus aureus] => hypothetical protein
[19:12:16] Modify product: hypothetical protein QQO11_09865 [Staphylococcus aureus] => hypothetical protein [Staphylococcus aureus]
[19:12:16] Modify product: hypothetical protein QQO11_09875 [Staphylococcus aureus] => hypothetical protein [Staphylococcus aureus]
[19:12:16] Modify product: hypothetical protein QQO11_09880 [Staphylococcus aureus] => hypothetical protein [Staphylococcus aureus]
[19:12:16] Modify product: hypothetical protein QQO11_09885 [Staphylococcus aureus] => hypothetical protein [Staphylococcus aureus]
[19:12:16] Modify product: DUF1433 domain-containing protein [Staphylococcus aureus] => hypothetical protein
[19:12:16] Modify product: DUF4888 domain-containing protein [Staphylococcus aureus] => hypothetical protein
[19:12:16] Modify product: hypothetical protein QQO11_10035 [Staphylococcus aureus] => hypothetical protein [Staphylococcus aureus]
[19:12:16] Modify product: DUF3267 domain-containing protein [Staphylococcus aureus] => hypothetical protein
[19:12:16] Modify product: DUF445 family protein [Staphylococcus aureus] => hypothetical protein
[19:12:16] Modify product: hypothetical protein QQO11_10205 [Staphylococcus aureus] => hypothetical protein [Staphylococcus aureus]
[19:12:16] Modify product: DUF402 domain-containing protein [Staphylococcus aureus] => hypothetical protein
[19:12:16] Modify product: hypothetical protein QQO11_10465 [Staphylococcus aureus] => hypothetical protein [Staphylococcus aureus]
[19:12:16] Modify product: DUF1128 family protein [Staphylococcus aureus] => hypothetical protein
[19:12:16] Modify product: hypothetical protein QQO11_10550 [Staphylococcus aureus] => hypothetical protein [Staphylococcus aureus]
[19:12:16] Modify product: hypothetical protein QQO11_10565 [Staphylococcus aureus] => hypothetical protein [Staphylococcus aureus]
[19:12:16] Modify product: DUF3267 domain-containing protein [Staphylococcus aureus] => hypothetical protein
[19:12:16] Modify product: DUF2179 domain-containing protein [Staphylococcus aureus] => hypothetical protein
[19:12:16] Modify product: hypothetical protein QQO11_10765 [Staphylococcus aureus] => hypothetical protein [Staphylococcus aureus]
[19:12:16] Modify product: DUF4097 family beta strand repeat-containing protein [Staphylococcus aureus] => hypothetical protein
[19:12:16] Modify product: DUF1700 domain-containing protein [Staphylococcus aureus] => hypothetical protein
[19:12:16] Modify product: hypothetical protein QQO11_10785 [Staphylococcus aureus] => hypothetical protein [Staphylococcus aureus]
[19:12:16] Modify product: hypothetical protein QQO11_10825 [Staphylococcus aureus] => hypothetical protein [Staphylococcus aureus]
[19:12:16] Modify product: hypothetical protein QQO11_10840 [Staphylococcus aureus] => hypothetical protein [Staphylococcus aureus]
[19:12:16] Modify product: hypothetical protein QQO11_10895 [Staphylococcus aureus] => hypothetical protein [Staphylococcus aureus]
[19:12:16] Modify product: hypothetical protein QQO11_10900 [Staphylococcus aureus] => hypothetical protein [Staphylococcus aureus]
[19:12:16] Modify product: hypothetical protein QQO11_10905 [Staphylococcus aureus] => hypothetical protein [Staphylococcus aureus]
[19:12:16] Modify product: hypothetical protein QQO11_10930 [Staphylococcus aureus] => hypothetical protein [Staphylococcus aureus]
[19:12:16] Modify product: hypothetical protein QQO11_15780 (plasmid) [Staphylococcus aureus] => hypothetical protein (plasmid) [Staphylococcus aureus]
[19:12:16] Modify product: hypothetical protein QQO11_15785 (plasmid) [Staphylococcus aureus] => hypothetical protein (plasmid) [Staphylococcus aureus]
[19:12:16] Modify product: hypothetical protein QQO11_15790 (plasmid) [Staphylococcus aureus] => hypothetical protein (plasmid) [Staphylococcus aureus]
[19:12:16] Modify product: DUF536 domain-containing protein (plasmid) [Staphylococcus aureus] => hypothetical protein
[19:12:16] Modify product: hypothetical protein QQO11_15805 (plasmid) [Staphylococcus aureus] => hypothetical protein (plasmid) [Staphylococcus aureus]
[19:12:16] Modify product: hypothetical protein QQO11_15825 (plasmid) [Staphylococcus aureus] => hypothetical protein (plasmid) [Staphylococcus aureus]
[19:12:16] Modify product: hypothetical protein QQO11_15890 (plasmid) [Staphylococcus aureus] => hypothetical protein (plasmid) [Staphylococcus aureus]
[19:12:16] Modify product: DUF2529 domain-containing protein [Staphylococcus aureus] => hypothetical protein
[19:12:16] Modify product: DUF2750 domain-containing protein [Staphylococcus aureus] => hypothetical protein
[19:12:16] Modify product: hypothetical protein QQO11_12570 [Staphylococcus aureus] => hypothetical protein [Staphylococcus aureus]
[19:12:16] Modify product: hypothetical protein QQO11_12605 [Staphylococcus aureus] => hypothetical protein [Staphylococcus aureus]
[19:12:16] Modify product: hypothetical protein QQO11_12815 [Staphylococcus aureus] => hypothetical protein [Staphylococcus aureus]
[19:12:16] Modify product: DUF2273 domain-containing protein [Staphylococcus aureus] => hypothetical protein
[19:12:16] Modify product: hypothetical protein QQO11_13025 [Staphylococcus aureus] => hypothetical protein [Staphylococcus aureus]
[19:12:16] Modify product: hypothetical protein QQO11_13035 [Staphylococcus aureus] => hypothetical protein [Staphylococcus aureus]
[19:12:16] Modify product: DUF6414 family protein [Staphylococcus aureus] => hypothetical protein
[19:12:16] Modify product: hypothetical protein QQO11_11870 [Staphylococcus aureus] => hypothetical protein [Staphylococcus aureus]
[19:12:16] Modify product: hypothetical protein QQO11_11875 [Staphylococcus aureus] => hypothetical protein [Staphylococcus aureus]
[19:12:16] Modify product: hypothetical protein QQO11_11880 [Staphylococcus aureus] => hypothetical protein [Staphylococcus aureus]
[19:12:16] Modify product: hypothetical protein QQO11_11885 [Staphylococcus aureus] => hypothetical protein [Staphylococcus aureus]
[19:12:16] Modify product: hypothetical protein QQO11_11890 [Staphylococcus aureus] => hypothetical protein [Staphylococcus aureus]
[19:12:16] Modify product: hypothetical protein QQO11_11895 [Staphylococcus aureus] => hypothetical protein [Staphylococcus aureus]
[19:12:16] Modify product: hypothetical protein QQO11_11905 [Staphylococcus aureus] => hypothetical protein [Staphylococcus aureus]
[19:12:16] Modify product: hypothetical protein QQO11_11920 [Staphylococcus aureus] => hypothetical protein [Staphylococcus aureus]
[19:12:16] Modify product: hypothetical protein QQO11_11925 [Staphylococcus aureus] => hypothetical protein [Staphylococcus aureus]
[19:12:16] Modify product: hypothetical protein QQO11_11935 [Staphylococcus aureus] => hypothetical protein [Staphylococcus aureus]
[19:12:16] Modify product: hypothetical protein QQO11_11940 [Staphylococcus aureus] => hypothetical protein [Staphylococcus aureus]
[19:12:16] Modify product: hypothetical protein QQO11_11945 [Staphylococcus aureus] => hypothetical protein [Staphylococcus aureus]
[19:12:16] Modify product: hypothetical protein QQO11_11950 [Staphylococcus aureus] => hypothetical protein [Staphylococcus aureus]
[19:12:16] Modify product: hypothetical protein QQO11_11955 [Staphylococcus aureus] => hypothetical protein [Staphylococcus aureus]
[19:12:16] Modify product: hypothetical protein QQO11_11960 [Staphylococcus aureus] => hypothetical protein [Staphylococcus aureus]
[19:12:16] Modify product: hypothetical protein QQO11_11965 [Staphylococcus aureus] => hypothetical protein [Staphylococcus aureus]
[19:12:16] Modify product: hypothetical protein QQO11_11970 [Staphylococcus aureus] => hypothetical protein [Staphylococcus aureus]
[19:12:16] Modify product: hypothetical protein QQO11_11975 [Staphylococcus aureus] => hypothetical protein [Staphylococcus aureus]
[19:12:16] Modify product: hypothetical protein QQO11_11980 [Staphylococcus aureus] => hypothetical protein [Staphylococcus aureus]
[19:12:16] Modify product: hypothetical protein QQO11_11985 [Staphylococcus aureus] => hypothetical protein [Staphylococcus aureus]
[19:12:16] Modify product: hypothetical protein QQO11_11990 [Staphylococcus aureus] => hypothetical protein [Staphylococcus aureus]
[19:12:16] Modify product: hypothetical protein QQO11_11995 [Staphylococcus aureus] => hypothetical protein [Staphylococcus aureus]
[19:12:16] Modify product: hypothetical protein QQO11_12010 [Staphylococcus aureus] => hypothetical protein [Staphylococcus aureus]
[19:12:16] Modify product: hypothetical protein QQO11_12020 [Staphylococcus aureus] => hypothetical protein [Staphylococcus aureus]
[19:12:16] Modify product: hypothetical protein QQO11_12025 [Staphylococcus aureus] => hypothetical protein [Staphylococcus aureus]
[19:12:16] Modify product: hypothetical protein QQO11_12030 [Staphylococcus aureus] => hypothetical protein [Staphylococcus aureus]
[19:12:16] Modify product: hypothetical protein QQO11_12040 [Staphylococcus aureus] => hypothetical protein [Staphylococcus aureus]
[19:12:16] Modify product: hypothetical protein QQO11_12045 [Staphylococcus aureus] => hypothetical protein [Staphylococcus aureus]
[19:12:16] Modify product: hypothetical protein QQO11_12055 [Staphylococcus aureus] => hypothetical protein [Staphylococcus aureus]
[19:12:16] Modify product: hypothetical protein QQO11_12060 [Staphylococcus aureus] => hypothetical protein [Staphylococcus aureus]
[19:12:16] Modify product: hypothetical protein QQO11_12070 [Staphylococcus aureus] => hypothetical protein [Staphylococcus aureus]
[19:12:16] Modify product: hypothetical protein QQO11_12075 [Staphylococcus aureus] => hypothetical protein [Staphylococcus aureus]
[19:12:16] Modify product: hypothetical protein QQO11_12265 [Staphylococcus aureus] => hypothetical protein [Staphylococcus aureus]
[19:12:16] Modify product: DUF1146 family protein [Staphylococcus aureus] => hypothetical protein
[19:12:16] Modify product: hypothetical protein QQO11_10940 [Staphylococcus aureus] => hypothetical protein [Staphylococcus aureus]
[19:12:16] Modify product: hypothetical protein QQO11_10960 [Staphylococcus aureus] => hypothetical protein [Staphylococcus aureus]
[19:12:16] Modify product: hypothetical protein QQO11_10980 [Staphylococcus aureus] => hypothetical protein [Staphylococcus aureus]
[19:12:16] Modify product: hypothetical protein QQO11_11005 [Staphylococcus aureus] => hypothetical protein [Staphylococcus aureus]
[19:12:16] Modify product: DUF1514 family protein [Staphylococcus aureus] => hypothetical protein
[19:12:16] Modify product: DUF1381 domain-containing protein [Staphylococcus aureus] => hypothetical protein
[19:12:16] Modify product: hypothetical protein QQO11_11040 [Staphylococcus aureus] => hypothetical protein [Staphylococcus aureus]
[19:12:16] Modify product: hypothetical protein QQO11_11045 [Staphylococcus aureus] => hypothetical protein [Staphylococcus aureus]
[19:12:16] Modify product: hypothetical protein QQO11_11050 [Staphylococcus aureus] => hypothetical protein [Staphylococcus aureus]
[19:12:16] Modify product: DUF1024 family protein [Staphylococcus aureus] => hypothetical protein
[19:12:16] Modify product: hypothetical protein QQO11_11075 [Staphylococcus aureus] => hypothetical protein [Staphylococcus aureus]
[19:12:16] Modify product: hypothetical protein QQO11_01765 [Staphylococcus aureus] => hypothetical protein [Staphylococcus aureus]
[19:12:16] Modify product: DUF1108 family protein [Staphylococcus aureus] => hypothetical protein
[19:12:16] Modify product: DUF771 domain-containing protein [Staphylococcus aureus] => hypothetical protein
[19:12:16] Modify product: hypothetical protein QQO11_11125 [Staphylococcus aureus] => hypothetical protein [Staphylococcus aureus]
[19:12:16] Modify product: hypothetical protein QQO11_11130 [Staphylococcus aureus] => hypothetical protein [Staphylococcus aureus]
[19:12:16] Modify product: hypothetical protein QQO11_11135 [Staphylococcus aureus] => hypothetical protein [Staphylococcus aureus]
[19:12:16] Modify product: hypothetical protein QQO11_11145 [Staphylococcus aureus] => hypothetical protein [Staphylococcus aureus]
[19:12:16] Modify product: DUF739 family protein [Staphylococcus aureus] => hypothetical protein
[19:12:16] Modify product: hypothetical protein QQO11_11165 [Staphylococcus aureus] => hypothetical protein [Staphylococcus aureus]
[19:12:16] Modify product: hypothetical protein QQO11_11170 [Staphylococcus aureus] => hypothetical protein [Staphylococcus aureus]
[19:12:16] Modify product: hypothetical protein QQO11_11350 [Staphylococcus aureus] => hypothetical protein [Staphylococcus aureus]
[19:12:16] Modify product: hypothetical protein QQO11_11360 [Staphylococcus aureus] => hypothetical protein [Staphylococcus aureus]
[19:12:16] Modify product: hypothetical protein QQO11_11390 [Staphylococcus aureus] => hypothetical protein [Staphylococcus aureus]
[19:12:16] Modify product: hypothetical protein QQO11_11400 [Staphylococcus aureus] => hypothetical protein [Staphylococcus aureus]
[19:12:16] Modify product: hypothetical protein QQO11_11405 [Staphylococcus aureus] => hypothetical protein [Staphylococcus aureus]
[19:12:16] Modify product: hypothetical protein QQO11_11415 [Staphylococcus aureus] => hypothetical protein [Staphylococcus aureus]
[19:12:16] Modify product: hypothetical protein QQO11_11420 [Staphylococcus aureus] => hypothetical protein [Staphylococcus aureus]
[19:12:16] Modify product: hypothetical protein QQO11_11425 [Staphylococcus aureus] => hypothetical protein [Staphylococcus aureus]
[19:12:16] Modify product: hypothetical protein QQO11_11430 [Staphylococcus aureus] => hypothetical protein [Staphylococcus aureus]
[19:12:16] Modify product: hypothetical protein QQO11_11445 [Staphylococcus aureus] => hypothetical protein [Staphylococcus aureus]
[19:12:16] Modify product: hypothetical protein QQO11_11455 [Staphylococcus aureus] => hypothetical protein [Staphylococcus aureus]
[19:12:16] Modify product: hypothetical protein QQO11_11460 [Staphylococcus aureus] => hypothetical protein [Staphylococcus aureus]
[19:12:16] Modify product: hypothetical protein QQO11_11465 [Staphylococcus aureus] => hypothetical protein [Staphylococcus aureus]
[19:12:16] Modify product: hypothetical protein QQO11_11470 [Staphylococcus aureus] => hypothetical protein [Staphylococcus aureus]
[19:12:16] Modify product: hypothetical protein QQO11_11475 [Staphylococcus aureus] => hypothetical protein [Staphylococcus aureus]
[19:12:16] Modify product: hypothetical protein QQO11_11480 [Staphylococcus aureus] => hypothetical protein [Staphylococcus aureus]
[19:12:16] Modify product: DUF3139 domain-containing protein [Staphylococcus aureus] => hypothetical protein
[19:12:16] Modify product: hypothetical protein QQO11_11495 [Staphylococcus aureus] => hypothetical protein [Staphylococcus aureus]
[19:12:16] Modify product: hypothetical protein QQO11_11500 [Staphylococcus aureus] => hypothetical protein [Staphylococcus aureus]
[19:12:16] Modify product: hypothetical protein QQO11_11505 [Staphylococcus aureus] => hypothetical protein [Staphylococcus aureus]
[19:12:16] Modify product: hypothetical protein QQO11_11515 [Staphylococcus aureus] => hypothetical protein [Staphylococcus aureus]
[19:12:16] Modify product: hypothetical protein QQO11_11520 [Staphylococcus aureus] => hypothetical protein [Staphylococcus aureus]
[19:12:16] Modify product: hypothetical protein QQO11_11580 [Staphylococcus aureus] => hypothetical protein [Staphylococcus aureus]
[19:12:16] Modify product: hypothetical protein QQO11_11590 [Staphylococcus aureus] => hypothetical protein [Staphylococcus aureus]
[19:12:16] Modify product: hypothetical protein QQO11_11595 [Staphylococcus aureus] => hypothetical protein [Staphylococcus aureus]
[19:12:16] Modify product: hypothetical protein QQO11_11600 [Staphylococcus aureus] => hypothetical protein [Staphylococcus aureus]
[19:12:16] Modify product: hypothetical protein QQO11_11620 [Staphylococcus aureus] => hypothetical protein [Staphylococcus aureus]
[19:12:16] Modify product: hypothetical protein QQO11_11625 [Staphylococcus aureus] => hypothetical protein [Staphylococcus aureus]
[19:12:16] Modify product: hypothetical protein QQO11_11635 [Staphylococcus aureus] => hypothetical protein [Staphylococcus aureus]
[19:12:16] Modify product: hypothetical protein QQO11_11640 [Staphylococcus aureus] => hypothetical protein [Staphylococcus aureus]
[19:12:16] Modify product: hypothetical protein QQO11_11645 [Staphylococcus aureus] => hypothetical protein [Staphylococcus aureus]
[19:12:16] Modify product: hypothetical protein QQO11_11650 [Staphylococcus aureus] => hypothetical protein [Staphylococcus aureus]
[19:12:16] Modify product: hypothetical protein QQO11_11660 [Staphylococcus aureus] => hypothetical protein [Staphylococcus aureus]
[19:12:16] Modify product: hypothetical protein QQO11_11665 [Staphylococcus aureus] => hypothetical protein [Staphylococcus aureus]
[19:12:16] Modify product: hypothetical protein QQO11_11670 [Staphylococcus aureus] => hypothetical protein [Staphylococcus aureus]
[19:12:16] Modify product: hypothetical protein QQO11_11675 [Staphylococcus aureus] => hypothetical protein [Staphylococcus aureus]
[19:12:16] Modify product: hypothetical protein QQO11_11685 [Staphylococcus aureus] => hypothetical protein [Staphylococcus aureus]
[19:12:16] Modify product: hypothetical protein QQO11_11690 [Staphylococcus aureus] => hypothetical protein [Staphylococcus aureus]
[19:12:16] Modify product: hypothetical protein QQO11_11695 [Staphylococcus aureus] => hypothetical protein [Staphylococcus aureus]
[19:12:16] Modify product: hypothetical protein QQO11_11700 [Staphylococcus aureus] => hypothetical protein [Staphylococcus aureus]
[19:12:16] Modify product: hypothetical protein QQO11_11705 [Staphylococcus aureus] => hypothetical protein [Staphylococcus aureus]
[19:12:16] Modify product: hypothetical protein QQO11_11710 [Staphylococcus aureus] => hypothetical protein [Staphylococcus aureus]
[19:12:16] Modify product: hypothetical protein QQO11_11715 [Staphylococcus aureus] => hypothetical protein [Staphylococcus aureus]
[19:12:16] Modify product: hypothetical protein QQO11_11730 [Staphylococcus aureus] => hypothetical protein [Staphylococcus aureus]
[19:12:16] Modify product: hypothetical protein QQO11_11735 [Staphylococcus aureus] => hypothetical protein [Staphylococcus aureus]
[19:12:16] Modify product: hypothetical protein QQO11_11740 [Staphylococcus aureus] => hypothetical protein [Staphylococcus aureus]
[19:12:16] Modify product: hypothetical protein QQO11_11745 [Staphylococcus aureus] => hypothetical protein [Staphylococcus aureus]
[19:12:16] Modify product: hypothetical protein QQO11_11750 [Staphylococcus aureus] => hypothetical protein [Staphylococcus aureus]
[19:12:16] Modify product: hypothetical protein QQO11_11755 [Staphylococcus aureus] => hypothetical protein [Staphylococcus aureus]
[19:12:16] Modify product: hypothetical protein QQO11_11770 [Staphylococcus aureus] => hypothetical protein [Staphylococcus aureus]
[19:12:16] Modify product: DnaB-like helicase C-terminal domain-containing protein [Staphylococcus aureus] => hypothetical protein
[19:12:16] Modify product: hypothetical protein QQO11_11780 [Staphylococcus aureus] => hypothetical protein [Staphylococcus aureus]
[19:12:16] Modify product: hypothetical protein QQO11_11790 [Staphylococcus aureus] => hypothetical protein [Staphylococcus aureus]
[19:12:16] Modify product: hypothetical protein QQO11_11795 [Staphylococcus aureus] => hypothetical protein [Staphylococcus aureus]
[19:12:16] Modify product: hypothetical protein QQO11_11800 [Staphylococcus aureus] => hypothetical protein [Staphylococcus aureus]
[19:12:16] Modify product: hypothetical protein QQO11_11805 [Staphylococcus aureus] => hypothetical protein [Staphylococcus aureus]
[19:12:16] Modify product: hypothetical protein QQO11_11810 [Staphylococcus aureus] => hypothetical protein [Staphylococcus aureus]
[19:12:16] Modify product: hypothetical protein QQO11_11825 [Staphylococcus aureus] => hypothetical protein [Staphylococcus aureus]
[19:12:16] Modify product: hypothetical protein QQO11_11830 [Staphylococcus aureus] => hypothetical protein [Staphylococcus aureus]
[19:12:16] Modify product: hypothetical protein QQO11_11835 [Staphylococcus aureus] => hypothetical protein [Staphylococcus aureus]
[19:12:16] Modify product: hypothetical protein QQO11_11850 [Staphylococcus aureus] => hypothetical protein [Staphylococcus aureus]
[19:12:16] Modify product: hypothetical protein QQO11_11855 [Staphylococcus aureus] => hypothetical protein [Staphylococcus aureus]
[19:12:16] Modify product: hypothetical protein QQO11_11865 [Staphylococcus aureus] => hypothetical protein [Staphylococcus aureus]
[19:12:16] Modify product: hypothetical protein QQO11_13235 [Staphylococcus aureus] => hypothetical protein [Staphylococcus aureus]
[19:12:17] Modify product: hypothetical protein QQO11_13480 [Staphylococcus aureus] => hypothetical protein [Staphylococcus aureus]
[19:12:17] Modify product: DUF4870 domain-containing protein [Staphylococcus aureus] => hypothetical protein
[19:12:17] Modify product: hypothetical protein QQO11_13520 [Staphylococcus aureus] => hypothetical protein [Staphylococcus aureus]
[19:12:17] Modify product: DUF1641 domain-containing protein [Staphylococcus aureus] => hypothetical protein
[19:12:17] Modify product: hypothetical protein QQO11_13560 [Staphylococcus aureus] => hypothetical protein [Staphylococcus aureus]
[19:12:17] Modify product: hypothetical protein QQO11_13575 [Staphylococcus aureus] => hypothetical protein [Staphylococcus aureus]
[19:12:17] Modify product: hypothetical protein QQO11_13580 [Staphylococcus aureus] => hypothetical protein [Staphylococcus aureus]
[19:12:17] Modify product: hypothetical protein QQO11_13585 [Staphylococcus aureus] => hypothetical protein [Staphylococcus aureus]
[19:12:17] Modify product: hypothetical protein QQO11_13600 [Staphylococcus aureus] => hypothetical protein [Staphylococcus aureus]
[19:12:17] Modify product: hypothetical protein QQO11_13625 [Staphylococcus aureus] => hypothetical protein [Staphylococcus aureus]
[19:12:17] Modify product: DUF805 domain-containing protein [Staphylococcus aureus] => hypothetical protein
[19:12:17] Modify product: hypothetical protein QQO11_13735 [Staphylococcus aureus] => hypothetical protein [Staphylococcus aureus]
[19:12:17] Modify product: hypothetical protein QQO11_13745 [Staphylococcus aureus] => hypothetical protein [Staphylococcus aureus]
[19:12:17] Modify product: DUF3021 domain-containing protein [Staphylococcus aureus] => hypothetical protein
[19:12:17] Modify product: hypothetical protein QQO11_13840 [Staphylococcus aureus] => hypothetical protein [Staphylococcus aureus]
[19:12:17] Modify product: DUF2871 domain-containing protein [Staphylococcus aureus] => hypothetical protein
[19:12:17] Modify product: DUF4889 domain-containing protein [Staphylococcus aureus] => hypothetical protein
[19:12:17] Modify product: DUF3139 domain-containing protein [Staphylococcus aureus] => hypothetical protein
[19:12:17] Modify product: hypothetical protein QQO11_14015 [Staphylococcus aureus] => hypothetical protein [Staphylococcus aureus]
[19:12:17] Modify product: DUF4467 domain-containing protein [Staphylococcus aureus] => hypothetical protein
[19:12:17] Modify product: hypothetical protein QQO11_14185 [Staphylococcus aureus] => hypothetical protein [Staphylococcus aureus]
[19:12:17] Modify product: DUF1307 domain-containing protein [Staphylococcus aureus] => hypothetical protein
[19:12:17] Modify product: hypothetical protein QQO11_14330 [Staphylococcus aureus] => hypothetical protein [Staphylococcus aureus]
[19:12:17] Modify product: hypothetical protein QQO11_14380 [Staphylococcus aureus] => hypothetical protein [Staphylococcus aureus]
[19:12:17] Modify product: DUF1433 domain-containing protein [Staphylococcus aureus] => hypothetical protein
[19:12:17] Modify product: DUF1433 domain-containing protein [Staphylococcus aureus] => hypothetical protein
[19:12:17] Modify product: hypothetical protein QQO11_14420 [Staphylococcus aureus] => hypothetical protein [Staphylococcus aureus]
[19:12:17] Modify product: hypothetical protein QQO11_14425 [Staphylococcus aureus] => hypothetical protein [Staphylococcus aureus]
[19:12:17] Modify product: DUF3427 domain-containing protein [Staphylococcus aureus] => hypothetical protein
[19:12:17] Modify product: hypothetical protein QQO11_14465 [Staphylococcus aureus] => hypothetical protein [Staphylococcus aureus]
[19:12:17] Modify product: hypothetical protein QQO11_14470 [Staphylococcus aureus] => hypothetical protein [Staphylococcus aureus]
[19:12:17] Modify product: hypothetical protein QQO11_15150 [Staphylococcus aureus] => hypothetical protein [Staphylococcus aureus]
[19:12:17] Modify product: hypothetical protein QQO11_15260 [Staphylococcus aureus] => hypothetical protein [Staphylococcus aureus]
[19:12:17] Modify product: hypothetical protein QQO11_15290 [Staphylococcus aureus] => hypothetical protein [Staphylococcus aureus]
[19:12:17] Modify product: hypothetical protein QQO11_15365 [Staphylococcus aureus] => hypothetical protein [Staphylococcus aureus]
[19:12:17] Modify product: hypothetical protein QQO11_15455 [Staphylococcus aureus] => hypothetical protein [Staphylococcus aureus]
[19:12:17] Modify product: hypothetical protein QQO11_15460 [Staphylococcus aureus] => hypothetical protein [Staphylococcus aureus]
[19:12:17] Modify product: Wzz/FepE/Etk N-terminal domain-containing protein [Staphylococcus aureus] => hypothetical protein
[19:12:17] Modify product: DUF3147 family protein [Staphylococcus aureus] => hypothetical protein
[19:12:17] Modify product: DUF3147 family protein [Staphylococcus aureus] => hypothetical protein
[19:12:17] Modify product: DUF2188 domain-containing protein [Staphylococcus aureus] => hypothetical protein
[19:12:17] Modify product: hypothetical protein QQO11_14590 [Staphylococcus aureus] => hypothetical protein [Staphylococcus aureus]
[19:12:17] Modify product: hypothetical protein QQO11_14680 [Staphylococcus aureus] => hypothetical protein [Staphylococcus aureus]
[19:12:17] Modify product: hypothetical protein QQO11_14750 [Staphylococcus aureus] => hypothetical protein [Staphylococcus aureus]
[19:12:17] Modify product: hypothetical protein QQO11_14895 [Staphylococcus aureus] => hypothetical protein [Staphylococcus aureus]
[19:12:17] Modify product: DUF896 domain-containing protein [Staphylococcus aureus] => hypothetical protein
[19:12:17] Modify product: DUF2316 family protein [Staphylococcus aureus] => hypothetical protein
[19:12:17] Modify product: hypothetical protein QQO11_15000 [Staphylococcus aureus] => hypothetical protein [Staphylococcus aureus]
[19:12:17] Modify product: hypothetical protein QQO11_15010 [Staphylococcus aureus] => hypothetical protein [Staphylococcus aureus]
[19:12:17] Modify product: hypothetical protein QQO11_15045 [Staphylococcus aureus] => hypothetical protein [Staphylococcus aureus]
[19:12:17] Modify product: DUF961 family protein [Staphylococcus aureus] => hypothetical protein
[19:12:17] Modify product: hypothetical protein QQO11_15055 [Staphylococcus aureus] => hypothetical protein [Staphylococcus aureus]
[19:12:17] Modify product: DUF4176 domain-containing protein [Staphylococcus aureus] => hypothetical protein
[19:12:17] Modify product: hypothetical protein QQO11_15065 [Staphylococcus aureus] => hypothetical protein [Staphylococcus aureus]
[19:12:17] Modify product: hypothetical protein QQO11_15085 [Staphylococcus aureus] => hypothetical protein [Staphylococcus aureus]
[19:12:17] Cleaned 486 /product names
[19:12:17] Deleting unwanted file: output/prokka_annotation/sa_mrsa_prokka/sa_mrsa.proteins.tmp.48024.faa
[19:12:17] Deleting unwanted file: output/prokka_annotation/sa_mrsa_prokka/sa_mrsa.proteins.tmp.48024.blast
[19:12:17] There are still 213 unannotated CDS left (started with 3042)
[19:12:17] Will use blast to search against /home/alperen/PycharmProjects/target_project/.snakemake/conda/1ed9ad9a973cd43b0177fb6b496b9372_/db/kingdom/Bacteria/IS with 12 CPUs
[19:12:17] Running: cat output\/prokka_annotation\/sa_mrsa_prokka\/sa_mrsa\.IS\.tmp\.48024\.faa | parallel --gnu --plain -j 12 --block 1707 --recstart '>' --pipe blastp -query - -db /home/alperen/PycharmProjects/target_project/.snakemake/conda/1ed9ad9a973cd43b0177fb6b496b9372_/db/kingdom/Bacteria/IS -evalue 1e-30 -qcov_hsp_perc 90 -num_threads 1 -num_descriptions 1 -num_alignments 1 -seg no > output\/prokka_annotation\/sa_mrsa_prokka\/sa_mrsa\.IS\.tmp\.48024\.blast 2> /dev/null
[19:12:20] Deleting unwanted file: output/prokka_annotation/sa_mrsa_prokka/sa_mrsa.IS.tmp.48024.faa
[19:12:20] Deleting unwanted file: output/prokka_annotation/sa_mrsa_prokka/sa_mrsa.IS.tmp.48024.blast
[19:12:20] There are still 189 unannotated CDS left (started with 3042)
[19:12:20] Will use blast to search against /home/alperen/PycharmProjects/target_project/.snakemake/conda/1ed9ad9a973cd43b0177fb6b496b9372_/db/kingdom/Bacteria/AMR with 12 CPUs
[19:12:20] Running: cat output\/prokka_annotation\/sa_mrsa_prokka\/sa_mrsa\.AMR\.tmp\.48024\.faa | parallel --gnu --plain -j 12 --block 1444 --recstart '>' --pipe blastp -query - -db /home/alperen/PycharmProjects/target_project/.snakemake/conda/1ed9ad9a973cd43b0177fb6b496b9372_/db/kingdom/Bacteria/AMR -evalue 1e-300 -qcov_hsp_perc 90 -num_threads 1 -num_descriptions 1 -num_alignments 1 -seg no > output\/prokka_annotation\/sa_mrsa_prokka\/sa_mrsa\.AMR\.tmp\.48024\.blast 2> /dev/null
[19:12:23] Deleting unwanted file: output/prokka_annotation/sa_mrsa_prokka/sa_mrsa.AMR.tmp.48024.faa
[19:12:23] Deleting unwanted file: output/prokka_annotation/sa_mrsa_prokka/sa_mrsa.AMR.tmp.48024.blast
[19:12:23] There are still 188 unannotated CDS left (started with 3042)
[19:12:23] Will use blast to search against /home/alperen/PycharmProjects/target_project/.snakemake/conda/1ed9ad9a973cd43b0177fb6b496b9372_/db/kingdom/Bacteria/sprot with 12 CPUs
[19:12:23] Running: cat output\/prokka_annotation\/sa_mrsa_prokka\/sa_mrsa\.sprot\.tmp\.48024\.faa | parallel --gnu --plain -j 12 --block 1418 --recstart '>' --pipe blastp -query - -db /home/alperen/PycharmProjects/target_project/.snakemake/conda/1ed9ad9a973cd43b0177fb6b496b9372_/db/kingdom/Bacteria/sprot -evalue 1e-09 -qcov_hsp_perc 80 -num_threads 1 -num_descriptions 1 -num_alignments 1 -seg no > output\/prokka_annotation\/sa_mrsa_prokka\/sa_mrsa\.sprot\.tmp\.48024\.blast 2> /dev/null
[19:12:29] Modify product: Probable tautomerase SAR1376 => putative tautomerase
[19:12:29] Modify product: UPF0758 protein YsxA => hypothetical protein
[19:12:29] Modify product: Probable iron uptake system component EfeM => putative iron uptake system component EfeM
[19:12:29] Modify product: UPF0394 inner membrane protein YeeE => hypothetical protein
[19:12:29] Modify product: UPF0394 inner membrane protein YeeE => hypothetical protein
[19:12:29] Modify product: Probable poly-beta-1,6-N-acetyl-D-glucosamine export protein => putative poly-beta-1,6-N-acetyl-D-glucosamine export protein
[19:12:29] Modify product: Uncharacterized hydrolase SA2367 => putative hydrolase
[19:12:29] Modify product: Uncharacterized hydrolase SA2367 => putative hydrolase
[19:12:29] Modify product: Uncharacterized protein SA2420.1 => putative protein.1
[19:12:29] Cleaned 9 /product names
[19:12:29] Deleting unwanted file: output/prokka_annotation/sa_mrsa_prokka/sa_mrsa.sprot.tmp.48024.faa
[19:12:29] Deleting unwanted file: output/prokka_annotation/sa_mrsa_prokka/sa_mrsa.sprot.tmp.48024.blast
[19:12:29] There are still 147 unannotated CDS left (started with 3042)
[19:12:29] Will use hmmer3 to search against /home/alperen/PycharmProjects/target_project/.snakemake/conda/1ed9ad9a973cd43b0177fb6b496b9372_/db/hmm/HAMAP.hmm with 12 CPUs
[19:12:29] Running: cat output\/prokka_annotation\/sa_mrsa_prokka\/sa_mrsa\.HAMAP\.hmm\.tmp\.48024\.faa | parallel --gnu --plain -j 12 --block 996 --recstart '>' --pipe hmmscan --noali --notextw --acc -E 1e-09 --cpu 1 /home/alperen/PycharmProjects/target_project/.snakemake/conda/1ed9ad9a973cd43b0177fb6b496b9372_/db/hmm/HAMAP.hmm /dev/stdin > output\/prokka_annotation\/sa_mrsa_prokka\/sa_mrsa\.HAMAP\.hmm\.tmp\.48024\.hmmer3 2> /dev/null
[19:12:32] Deleting unwanted file: output/prokka_annotation/sa_mrsa_prokka/sa_mrsa.HAMAP.hmm.tmp.48024.faa
[19:12:32] Deleting unwanted file: output/prokka_annotation/sa_mrsa_prokka/sa_mrsa.HAMAP.hmm.tmp.48024.hmmer3
[19:12:32] Deleting unwanted file: output/prokka_annotation/sa_mrsa_prokka/proteins.psq
[19:12:32] Deleting unwanted file: output/prokka_annotation/sa_mrsa_prokka/proteins.phr
[19:12:32] Deleting unwanted file: output/prokka_annotation/sa_mrsa_prokka/proteins.pin
[19:12:32] Labelling remaining 141 proteins as 'hypothetical protein'
[19:12:32] Possible /pseudo 'recombinase family protein [Staphylococcus aureus]' at CP127019.1 position 41271
[19:12:32] Possible /pseudo 'hypothetical protein [Staphylococcus aureus]' at CP127019.1 position 48809
[19:12:32] Possible /pseudo 'hypothetical protein [Staphylococcus aureus]' at CP127019.1 position 52574
[19:12:32] Possible /pseudo 'hypothetical protein [Staphylococcus aureus]' at CP127019.1 position 82478
[19:12:32] Possible /pseudo 'hypothetical protein [Staphylococcus aureus]' at CP127019.1 position 82932
[19:12:32] Possible /pseudo 'hypothetical protein [Staphylococcus aureus]' at CP127019.1 position 83410
[19:12:32] Possible /pseudo 'hypothetical protein [Staphylococcus aureus]' at CP127019.1 position 84072
[19:12:32] Possible /pseudo 'hypothetical protein [Staphylococcus aureus]' at CP127019.1 position 84576
[19:12:32] Possible /pseudo 'recombinase family protein [Staphylococcus aureus]' at CP127019.1 position 95704
[19:12:32] Possible /pseudo 'phosphonate ABC transporter, permease protein PhnE [Staphylococcus aureus]' at CP127019.1 position 165537
[19:12:32] Possible /pseudo 'ABC transporter permease [Staphylococcus aureus]' at CP127019.1 position 239165
[19:12:32] Possible /pseudo 'Gfo/Idh/MocA family oxidoreductase [Staphylococcus aureus]' at CP127019.1 position 252269
[19:12:32] Possible /pseudo 'ABC transporter permease [Staphylococcus aureus]' at CP127019.1 position 329126
[19:12:32] Possible /pseudo 'TIGR01741 family protein [Staphylococcus aureus]' at CP127019.1 position 348842
[19:12:32] Possible /pseudo 'TIGR01741 family protein [Staphylococcus aureus]' at CP127019.1 position 349353
[19:12:32] Possible /pseudo 'TIGR01741 family protein [Staphylococcus aureus]' at CP127019.1 position 352694
[19:12:32] Possible /pseudo 'TIGR01741 family protein [Staphylococcus aureus]' at CP127019.1 position 352815
[19:12:32] Possible /pseudo 'TIGR01741 family protein [Staphylococcus aureus]' at CP127019.1 position 353326
[19:12:32] Possible /pseudo 'TIGR01741 family protein [Staphylococcus aureus]' at CP127019.1 position 353725
[19:12:32] Possible /pseudo 'Lipase 2' at CP127019.1 position 374947
[19:12:32] Possible /pseudo 'hypothetical protein [Staphylococcus aureus]' at CP127019.1 position 377807
[19:12:32] Possible /pseudo 'hypothetical protein [Staphylococcus aureus]' at CP127019.1 position 392054
[19:12:32] Possible /pseudo 'hypothetical protein [Staphylococcus aureus]' at CP127019.1 position 479201
[19:12:32] Possible /pseudo 'hypothetical protein [Staphylococcus aureus]' at CP127019.1 position 506744
[19:12:32] Possible /pseudo 'YdcP family protein [Staphylococcus aureus]' at CP127019.1 position 511003
[19:12:32] Possible /pseudo 'tandem-type lipoprotein [Staphylococcus aureus]' at CP127019.1 position 540251
[19:12:32] Possible /pseudo 'tandem-type lipoprotein [Staphylococcus aureus]' at CP127019.1 position 540840
[19:12:32] Possible /pseudo 'tandem-type lipoprotein [Staphylococcus aureus]' at CP127019.1 position 541104
[19:12:32] Possible /pseudo 'hypothetical protein [Staphylococcus aureus]' at CP127019.1 position 544214
[19:12:32] Possible /pseudo 'hypothetical protein [Staphylococcus aureus]' at CP127019.1 position 544556
[19:12:32] Possible /pseudo 'hypothetical protein [Staphylococcus aureus]' at CP127019.1 position 545160
[19:12:32] Possible /pseudo 'YibE/F family protein [Staphylococcus aureus]' at CP127019.1 position 565851
[19:12:32] Possible /pseudo 'Bifunctional protein GlmU' at CP127019.1 position 605011
[19:12:32] Possible /pseudo 'HTH-type transcriptional regulatory protein GabR' at CP127019.1 position 634414
[19:12:32] Possible /pseudo 'deoxynucleoside kinase [Staphylococcus aureus]' at CP127019.1 position 679638
[19:12:32] Possible /pseudo 'glycosyltransferase [Staphylococcus aureus]' at CP127019.1 position 696890
[19:12:32] Possible /pseudo 'hypothetical protein [Staphylococcus aureus]' at CP127019.1 position 749398
[19:12:32] Possible /pseudo 'iron ABC transporter permease [Staphylococcus aureus]' at CP127019.1 position 782517
[19:12:32] Possible /pseudo 'hypothetical protein [Staphylococcus aureus]' at CP127019.1 position 786785
[19:12:32] Possible /pseudo 'hypothetical protein [Staphylococcus aureus]' at CP127019.1 position 811459
[19:12:32] Possible /pseudo 'Extracellular matrix protein-binding protein emp' at CP127019.1 position 938560
[19:12:32] Possible /pseudo 'hypothetical protein [Staphylococcus aureus]' at CP127019.1 position 942049
[19:12:32] Possible /pseudo 'hypothetical protein [Staphylococcus aureus]' at CP127019.1 position 942421
[19:12:32] Possible /pseudo 'hypothetical protein [Staphylococcus aureus]' at CP127019.1 position 943178
[19:12:32] Possible /pseudo 'hypothetical protein [Staphylococcus aureus]' at CP127019.1 position 943395
[19:12:32] Possible /pseudo 'helix-turn-helix transcriptional regulator [Staphylococcus aureus]' at CP127019.1 position 959657
[19:12:32] Possible /pseudo 'pathogenicity island protein [Staphylococcus aureus]' at CP127019.1 position 960293
[19:12:32] Possible /pseudo 'pathogenicity island protein [Staphylococcus aureus]' at CP127019.1 position 963895
[19:12:32] Possible /pseudo 'pathogenicity island protein [Staphylococcus aureus]' at CP127019.1 position 964176
[19:12:32] Possible /pseudo 'pathogenicity island protein [Staphylococcus aureus]' at CP127019.1 position 965266
[19:12:32] Possible /pseudo 'pathogenicity island protein [Staphylococcus aureus]' at CP127019.1 position 965619
[19:12:32] Possible /pseudo 'signal peptidase I [Staphylococcus aureus]' at CP127019.1 position 1022192
[19:12:32] Possible /pseudo 'ABC transporter permease [Staphylococcus aureus]' at CP127019.1 position 1049494
[19:12:32] Possible /pseudo 'ABC transporter permease [Staphylococcus aureus]' at CP127019.1 position 1059182
[19:12:32] Possible /pseudo 'ABC transporter permease [Staphylococcus aureus]' at CP127019.1 position 1172196
[19:12:32] Possible /pseudo 'hypothetical protein [Staphylococcus aureus]' at CP127019.1 position 1231106
[19:12:32] Possible /pseudo 'hypothetical protein [Staphylococcus aureus]' at CP127019.1 position 1231518
[19:12:32] Possible /pseudo 'hypothetical protein [Staphylococcus aureus]' at CP127019.1 position 1235321
[19:12:32] Possible /pseudo 'beta-class phenol-soluble modulin [Staphylococcus aureus]' at CP127019.1 position 1245837
[19:12:32] Possible /pseudo 'FemA/FemB family glycyltransferase FmhA [Staphylococcus aureus]' at CP127019.1 position 1329729
[19:12:32] Possible /pseudo 'hypothetical protein [Staphylococcus aureus]' at CP127019.1 position 1403914
[19:12:32] Possible /pseudo 'hypothetical protein [Staphylococcus aureus]' at CP127019.1 position 1404029
[19:12:32] Possible /pseudo 'hypothetical protein [Staphylococcus aureus]' at CP127019.1 position 1404535
[19:12:32] Possible /pseudo 'hypothetical protein [Staphylococcus aureus]' at CP127019.1 position 1405980
[19:12:32] Possible /pseudo 'hypothetical protein [Staphylococcus aureus]' at CP127019.1 position 1406677
[19:12:32] Possible /pseudo 'hypothetical protein [Staphylococcus aureus]' at CP127019.1 position 1406910
[19:12:32] Possible /pseudo 'hypothetical protein [Staphylococcus aureus]' at CP127019.1 position 1421027
[19:12:32] Possible /pseudo 'ABC transporter permease [Staphylococcus aureus]' at CP127019.1 position 1483787
[19:12:32] Possible /pseudo 'Elastin-binding protein EbpS' at CP127019.1 position 1618163
[19:12:32] Possible /pseudo 'hypothetical protein [Staphylococcus aureus]' at CP127019.1 position 1631104
[19:12:32] Possible /pseudo 'hypothetical protein [Staphylococcus aureus]' at CP127019.1 position 1632679
[19:12:32] Possible /pseudo 'hypothetical protein [Staphylococcus aureus]' at CP127019.1 position 1641799
[19:12:32] Possible /pseudo 'hypothetical protein [Staphylococcus aureus]' at CP127019.1 position 1644224
[19:12:32] Possible /pseudo 'hypothetical protein [Staphylococcus aureus]' at CP127019.1 position 1665620
[19:12:32] Possible /pseudo 'hypothetical protein [Staphylococcus aureus]' at CP127019.1 position 1666454
[19:12:32] Possible /pseudo 'helix-turn-helix transcriptional regulator [Staphylococcus aureus]' at CP127019.1 position 1667804
[19:12:32] Possible /pseudo 'hypothetical protein [Staphylococcus aureus]' at CP127019.1 position 1669445
[19:12:32] Possible /pseudo 'IS1182 family transposase ISSau3' at CP127019.1 position 1877529
[19:12:32] Possible /pseudo 'IS1182 family transposase ISSau3' at CP127019.1 position 1985559
[19:12:32] Possible /pseudo 'hypothetical protein [Staphylococcus aureus]' at CP127019.1 position 2002027
[19:12:32] Possible /pseudo 'hypothetical protein [Staphylococcus aureus]' at CP127019.1 position 2002214
[19:12:32] Possible /pseudo 'Aspartyl/glutamyl-tRNA(Asn/Gln) amidotransferase subunit B' at CP127019.1 position 2116709
[19:12:32] Possible /pseudo 'hypothetical protein [Staphylococcus aureus]' at CP127019.1 position 2165975
[19:12:32] Possible /pseudo 'hypothetical protein [Staphylococcus aureus]' at CP127019.1 position 2166308
[19:12:32] Possible /pseudo 'hypothetical protein [Staphylococcus aureus]' at CP127019.1 position 2188464
[19:12:32] Possible /pseudo 'hypothetical protein [Staphylococcus aureus]' at CP127019.1 position 2188746
[19:12:32] Possible /pseudo 'AAA family ATPase [Staphylococcus aureus]' at CP127019.1 position 2194771
[19:12:32] Possible /pseudo 'hypothetical protein [Staphylococcus aureus]' at CP127019.1 position 2197218
[19:12:32] Possible /pseudo 'hypothetical protein [Staphylococcus aureus]' at CP127019.1 position 2197389
[19:12:32] Possible /pseudo 'hypothetical protein [Staphylococcus aureus]' at CP127019.1 position 2200841
[19:12:32] Possible /pseudo 'hypothetical protein [Staphylococcus aureus]' at CP127019.1 position 2242293
[19:12:32] Possible /pseudo 'hypothetical protein [Staphylococcus aureus]' at CP127019.1 position 2244247
[19:12:32] Possible /pseudo 'hypothetical protein [Staphylococcus aureus]' at CP127019.1 position 2244491
[19:12:32] Possible /pseudo 'hypothetical protein [Staphylococcus aureus]' at CP127019.1 position 2244676
[19:12:32] Possible /pseudo 'hypothetical protein [Staphylococcus aureus]' at CP127019.1 position 2247739
[19:12:32] Possible /pseudo 'hypothetical protein [Staphylococcus aureus]' at CP127019.1 position 2248013
[19:12:32] Possible /pseudo 'hypothetical protein [Staphylococcus aureus]' at CP127019.1 position 2248299
[19:12:32] Possible /pseudo 'hypothetical protein [Staphylococcus aureus]' at CP127019.1 position 2248579
[19:12:32] Possible /pseudo 'hypothetical protein [Staphylococcus aureus]' at CP127019.1 position 2248856
[19:12:32] Possible /pseudo 'hypothetical protein [Staphylococcus aureus]' at CP127019.1 position 2251376
[19:12:32] Possible /pseudo 'hypothetical protein [Staphylococcus aureus]' at CP127019.1 position 2251869
[19:12:32] Possible /pseudo 'hypothetical protein [Staphylococcus aureus]' at CP127019.1 position 2256692
[19:12:32] Possible /pseudo 'hypothetical protein [Staphylococcus aureus]' at CP127019.1 position 2268264
[19:12:32] Possible /pseudo 'hypothetical protein [Staphylococcus aureus]' at CP127019.1 position 2268517
[19:12:32] Possible /pseudo 'hypothetical protein [Staphylococcus aureus]' at CP127019.1 position 2270982
[19:12:32] Possible /pseudo 'hypothetical protein [Staphylococcus aureus]' at CP127019.1 position 2272258
[19:12:32] Possible /pseudo 'hypothetical protein [Staphylococcus aureus]' at CP127019.1 position 2272427
[19:12:32] Possible /pseudo 'hypothetical protein [Staphylococcus aureus]' at CP127019.1 position 2272984
[19:12:32] Possible /pseudo 'hypothetical protein [Staphylococcus aureus]' at CP127019.1 position 2273734
[19:12:32] Possible /pseudo 'hypothetical protein [Staphylococcus aureus]' at CP127019.1 position 2273904
[19:12:32] Possible /pseudo 'hypothetical protein [Staphylococcus aureus]' at CP127019.1 position 2274097
[19:12:32] Possible /pseudo 'hypothetical protein [Staphylococcus aureus]' at CP127019.1 position 2274963
[19:12:32] Possible /pseudo 'hypothetical protein [Staphylococcus aureus]' at CP127019.1 position 2275195
[19:12:32] Possible /pseudo 'hypothetical protein [Staphylococcus aureus]' at CP127019.1 position 2275451
[19:12:32] Possible /pseudo 'hypothetical protein [Staphylococcus aureus]' at CP127019.1 position 2275673
[19:12:32] Possible /pseudo 'hypothetical protein [Staphylococcus aureus]' at CP127019.1 position 2276453
[19:12:32] Possible /pseudo 'hypothetical protein [Staphylococcus aureus]' at CP127019.1 position 2277743
[19:12:32] Possible /pseudo 'hypothetical protein [Staphylococcus aureus]' at CP127019.1 position 2278117
[19:12:32] Possible /pseudo 'hypothetical protein [Staphylococcus aureus]' at CP127019.1 position 2279006
[19:12:32] Possible /pseudo 'hypothetical protein [Staphylococcus aureus]' at CP127019.1 position 2279214
[19:12:32] Possible /pseudo 'hypothetical protein [Staphylococcus aureus]' at CP127019.1 position 2288580
[19:12:32] Possible /pseudo 'hypothetical protein [Staphylococcus aureus]' at CP127019.1 position 2289278
[19:12:32] Possible /pseudo 'hypothetical protein [Staphylococcus aureus]' at CP127019.1 position 2289782
[19:12:32] Possible /pseudo 'hypothetical protein [Staphylococcus aureus]' at CP127019.1 position 2290189
[19:12:32] Possible /pseudo 'hypothetical protein [Staphylococcus aureus]' at CP127019.1 position 2295025
[19:12:32] Possible /pseudo 'hypothetical protein [Staphylococcus aureus]' at CP127019.1 position 2295546
[19:12:32] Possible /pseudo 'hypothetical protein [Staphylococcus aureus]' at CP127019.1 position 2298219
[19:12:32] Possible /pseudo 'hypothetical protein [Staphylococcus aureus]' at CP127019.1 position 2299930
[19:12:32] Possible /pseudo 'hypothetical protein [Staphylococcus aureus]' at CP127019.1 position 2300265
[19:12:32] Possible /pseudo 'hypothetical protein [Staphylococcus aureus]' at CP127019.1 position 2301262
[19:12:32] Possible /pseudo 'hypothetical protein [Staphylococcus aureus]' at CP127019.1 position 2303214
[19:12:32] Possible /pseudo 'hypothetical protein [Staphylococcus aureus]' at CP127019.1 position 2305336
[19:12:32] Possible /pseudo 'hypothetical protein [Staphylococcus aureus]' at CP127019.1 position 2318104
[19:12:32] Possible /pseudo 'hypothetical protein [Staphylococcus aureus]' at CP127019.1 position 2319511
[19:12:32] Possible /pseudo 'hypothetical protein [Staphylococcus aureus]' at CP127019.1 position 2319991
[19:12:32] Possible /pseudo 'hypothetical protein [Staphylococcus aureus]' at CP127019.1 position 2321044
[19:12:32] Possible /pseudo 'hypothetical protein [Staphylococcus aureus]' at CP127019.1 position 2321637
[19:12:32] Possible /pseudo 'hypothetical protein [Staphylococcus aureus]' at CP127019.1 position 2322061
[19:12:32] Possible /pseudo 'hypothetical protein [Staphylococcus aureus]' at CP127019.1 position 2322382
[19:12:32] Possible /pseudo 'hypothetical protein [Staphylococcus aureus]' at CP127019.1 position 2323037
[19:12:32] Possible /pseudo 'hypothetical protein [Staphylococcus aureus]' at CP127019.1 position 2323564
[19:12:32] Possible /pseudo 'hypothetical protein [Staphylococcus aureus]' at CP127019.1 position 2324475
[19:12:32] Possible /pseudo 'hypothetical protein [Staphylococcus aureus]' at CP127019.1 position 2325350
[19:12:32] Possible /pseudo 'hypothetical protein [Staphylococcus aureus]' at CP127019.1 position 2325907
[19:12:32] Possible /pseudo 'hypothetical protein [Staphylococcus aureus]' at CP127019.1 position 2346149
[19:12:32] Possible /pseudo 'hypothetical protein [Staphylococcus aureus]' at CP127019.1 position 2346515
[19:12:32] Possible /pseudo 'hypothetical protein [Staphylococcus aureus]' at CP127019.1 position 2349883
[19:12:32] Possible /pseudo 'hypothetical protein [Staphylococcus aureus]' at CP127019.1 position 2352459
[19:12:32] Possible /pseudo 'hypothetical protein [Staphylococcus aureus]' at CP127019.1 position 2355615
[19:12:32] Possible /pseudo 'PH domain-containing protein [Staphylococcus aureus]' at CP127019.1 position 2392725
[19:12:32] Possible /pseudo 'IS1182 family transposase ISSau3' at CP127019.1 position 2520966
[19:12:32] Possible /pseudo 'hypothetical protein [Staphylococcus aureus]' at CP127019.1 position 2550500
[19:12:32] Possible /pseudo 'helicase [Staphylococcus aureus]' at CP127019.1 position 2554267
[19:12:32] Possible /pseudo 'hypothetical protein [Staphylococcus aureus]' at CP127019.1 position 2640347
[19:12:32] Possible /pseudo 'hypothetical protein [Staphylococcus aureus]' at CP127019.1 position 2640628
[19:12:32] Possible /pseudo 'bi-component gamma-hemolysin HlgAB subunit A [Staphylococcus aureus]' at CP127019.1 position 2746994
[19:12:32] Possible /pseudo 'ABC transporter ATP-binding protein [Staphylococcus aureus]' at CP127019.1 position 2756486
[19:12:32] Possible /pseudo 'ABC transporter ATP-binding protein [Staphylococcus aureus]' at CP127019.1 position 2796497
[19:12:32] Possible /pseudo 'ABC transporter permease [Staphylococcus aureus]' at CP127019.1 position 2798175
[19:12:32] Possible /pseudo 'hypothetical protein [Staphylococcus aureus]' at CP127019.1 position 2811510
[19:12:32] Possible /pseudo 'tandem-type lipoprotein [Staphylococcus aureus]' at CP127019.1 position 2813168
[19:12:32] Possible /pseudo 'hypothetical protein [Staphylococcus aureus]' at CP127019.1 position 2820537
[19:12:32] Possible /pseudo 'Surface protein G' at CP127019.1 position 2825297
[19:12:32] Possible /pseudo 'fibronectin-binding protein FnbA [Staphylococcus aureus]' at CP127019.1 position 2832167
[19:12:32] Possible /pseudo 'putative hydrolase' at CP127019.1 position 2920076
[19:12:32] Possible /pseudo 'Zinc metalloproteinase aureolysin' at CP127019.1 position 3003516
[19:12:32] Possible /pseudo 'hypothetical protein [Staphylococcus aureus]' at CP127019.1 position 3037632
[19:12:32] Possible /pseudo 'Lipase 1' at CP127019.1 position 3048830
[19:12:32] Possible /pseudo 'CadD family cadmium resistance transporter [Staphylococcus aureus]' at CP127020.1 position 5795
[19:12:32] Possible /pseudo 'hypothetical protein (plasmid) [Staphylococcus aureus]' at CP127020.1 position 7246
[19:12:32] Possible /pseudo 'hypothetical protein (plasmid) [Staphylococcus aureus]' at CP127020.1 position 7397
[19:12:32] Possible /pseudo 'recombinase family protein (plasmid) [Staphylococcus aureus]' at CP127020.1 position 14883
[19:12:32] Found 32 unique /gene codes.
[19:12:32] Fixed 2 duplicate /gene - ebpS_1 ebpS_2
[19:12:32] Fixed 2 duplicate /gene - aur_1 aur_2
[19:12:32] Fixed 2 duplicate /gene - sasG_1 sasG_2
[19:12:32] Fixed 2 duplicate /gene - ssp_1 ssp_2
[19:12:32] Fixed 2 duplicate /gene - glmU_1 glmU_2
[19:12:32] Fixed 2 duplicate /gene - lipA_1 lipA_2
[19:12:32] Fixed 2 duplicate /gene - lip2_1 lip2_2
[19:12:32] Fixed 2 duplicate /gene - gatB_1 gatB_2
[19:12:32] Fixed 2 duplicate /gene - gabR_1 gabR_2
[19:12:32] Fixed 9 colliding /gene names.
[19:12:32] Adding /locus_tag identifiers
[19:12:33] Assigned 3122 locus_tags to CDS and RNA features.
[19:12:33] Writing outputs to output/prokka_annotation/sa_mrsa_prokka/
[19:12:35] Generating annotation statistics file
[19:12:35] Generating Genbank and Sequin files
[19:12:35] Running: tbl2asn -V b -a r10k -l paired-ends -M n -N 1 -y 'Annotated using prokka 1.14.6 from https://github.com/tseemann/prokka' -Z output\/prokka_annotation\/sa_mrsa_prokka\/sa_mrsa\.err -i output\/prokka_annotation\/sa_mrsa_prokka\/sa_mrsa\.fsa 2> /dev/null
[tbl2asn-forever] Found Prokka input, correcting dates in .gbf|.sqn files.
[tbl2asn-forever] Correcting dates in output/prokka_annotation/sa_mrsa_prokka/sa_mrsa.gbf
[tbl2asn-forever] Correcting dates in output/prokka_annotation/sa_mrsa_prokka/sa_mrsa.sqn
[tbl2asn-forever] Dates changed from 01-JAN-2019 to 15-FEB-2024
[19:12:44] Deleting unwanted file: output/prokka_annotation/sa_mrsa_prokka/errorsummary.val
[19:12:44] Deleting unwanted file: output/prokka_annotation/sa_mrsa_prokka/sa_mrsa.dr
[19:12:44] Deleting unwanted file: output/prokka_annotation/sa_mrsa_prokka/sa_mrsa.fixedproducts
[19:12:44] Deleting unwanted file: output/prokka_annotation/sa_mrsa_prokka/sa_mrsa.ecn
[19:12:44] Deleting unwanted file: output/prokka_annotation/sa_mrsa_prokka/sa_mrsa.val
[19:12:44] Repairing broken .GBK output that tbl2asn produces...
[19:12:44] Running: sed 's/COORDINATES: profile/COORDINATES:profile/' < output\/prokka_annotation\/sa_mrsa_prokka\/sa_mrsa\.gbf > output\/prokka_annotation\/sa_mrsa_prokka\/sa_mrsa\.gbk
[19:12:44] Deleting unwanted file: output/prokka_annotation/sa_mrsa_prokka/sa_mrsa.gbf
[19:12:44] Output files:
[19:12:44] output/prokka_annotation/sa_mrsa_prokka/sa_mrsa.tbl
[19:12:44] output/prokka_annotation/sa_mrsa_prokka/sa_mrsa.gbk
[19:12:44] output/prokka_annotation/sa_mrsa_prokka/sa_mrsa.ffn
[19:12:44] output/prokka_annotation/sa_mrsa_prokka/sa_mrsa.faa
[19:12:44] output/prokka_annotation/sa_mrsa_prokka/sa_mrsa.txt
[19:12:44] output/prokka_annotation/sa_mrsa_prokka/sa_mrsa.gff
[19:12:44] output/prokka_annotation/sa_mrsa_prokka/sa_mrsa.log
[19:12:44] output/prokka_annotation/sa_mrsa_prokka/sa_mrsa.sqn
[19:12:44] output/prokka_annotation/sa_mrsa_prokka/sa_mrsa.err
[19:12:44] output/prokka_annotation/sa_mrsa_prokka/sa_mrsa.fsa
[19:12:44] output/prokka_annotation/sa_mrsa_prokka/sa_mrsa.fna
[19:12:44] output/prokka_annotation/sa_mrsa_prokka/sa_mrsa.tsv
[19:12:44] Annotation finished successfully.
[19:12:44] Walltime used: 1.20 minutes
[19:12:44] If you use this result please cite the Prokka paper:
[19:12:44] Seemann T (2014) Prokka: rapid prokaryotic genome annotation. Bioinformatics. 30(14):2068-9.
[19:12:44] Type 'prokka --citation' for more details.
[19:12:44] Thank you, come again.
