000587 81.6 004017 004255 gi|8 021642 021861 gi|44 
000414 80.0 004017 004156 gi|8 021700 021835 gi|44 
000360 83.3 004148 004017 gi|8 015932 016051 gi|75 
000709 82.4 004023 004215 gi|8 021578 021761 gi|44 
000366 80.7 004023 004172 gi|8 005952 006099 gi|12 
000333 84.7 004223 004041 gi|8 014603 014782 gi|60 
000523 83.2 004225 004048 gi|8 015924 016087 gi|75 
000289 74.6 004171 004058 gi|8 011035 011148 gi|71 
000282 82.6 004062 004147 gi|8 005971 006055 gi|36 
000488 78.4 004063 004215 gi|8 021548 021700 gi|44 
000266 83.8 004161 004063 gi|8 031543 031638 gi|68 
000273 93.2 004125 004082 gi|8 031703 031745 gi|68 
000487 80.8 004089 004244 gi|8 005949 006102 gi|12 
000379 91.1 004165 004110 gi|8 014726 014782 gi|60 
000366 85.4 004214 004119 gi|8 015991 016086 gi|75 
000279 81.0 004131 004225 gi|8 005971 006063 gi|36 
000257 81.0 004226 004132 gi|8 031547 031638 gi|68 
000297 75.5 013188 013411 gi|8 013712 013932 gi|49 
000251 78.2 014557 014643 gi|8 030101 030187 gi|49 
000262 81.9 015131 014883 gi|8 022709 022957 gi|71 
000286 79.8 015127 014970 gi|8 036127 036299 gi|55 
000253 78.2 015135 014971 gi|8 024328 024508 gi|68 
011944 98.0 019784 018244 gi|8 001660 003148 gi|70 
011978 97.9 019841 018357 gi|8 000261 001730 gi|72 
012045 99.5 018424 019783 gi|8 010957 012320 gi|59 
012029 98.5 019848 018427 gi|8 003359 004787 gi|64 
012073 99.7 019783 018431 gi|8 028005 029356 gi|36 
012044 98.2 019922 018452 gi|8 005590 007055 gi|28 
012051 100.0 019778 018453 gi|8 007740 009066 gi|59 
012049 100.0 018453 019775 gi|8 007975 009297 gi|11 
012004 99.1 018453 019839 gi|8 037660 039039 gi|20 
000295 76.0 023000 022922 gi|8 006329 006407 gi|35 
000353 81.1 022927 023000 gi|8 022105 022178 gi|35 
000251 85.5 027397 027343 gi|8 030502 030557 gi|36 
000251 81.5 027344 027397 gi|8 008982 009038 gi|72 
000253 79.2 027345 027397 gi|8 005691 005745 gi|12 
001055 74.8 029810 030993 gi|8 034519 035708 gi|69 
000263 78.7 032240 032119 gi|8 034145 034269 gi|45 
000593 75.2 035337 034490 gi|8 017487 018347 gi|20 
006709 75.5 000003 002653 gi|3 014231 016884 gi|24 
001443 74.9 002632 003269 gi|3 017244 017901 gi|24 
001359 74.7 003750 003265 gi|3 015215 015700 gi|24 
000356 75.4 005569 006771 gi|3 017025 018275 gi|54 
000356 71.1 006452 006648 gi|3 005105 005302 gi|12 
006679 99.1 016994 016222 gi|3 022734 023508 gi|20 
006659 100.0 016973 016224 gi|3 033707 034458 gi|15 
006631 100.0 016227 016987 gi|3 036282 037043 gi|35 
004215 77.7 018400 017068 gi|3 037881 039235 gi|34 
002217 73.6 018393 017072 gi|3 011971 013299 gi|24 
000723 81.1 018174 017758 gi|3 002214 002632 gi|24 
000453 77.4 018399 018294 gi|3 002126 002231 gi|24 
002453 81.5 018962 018391 gi|3 011194 011773 gi|24 
031342 99.5 022299 018682 gi|3 022334 025947 gi|60 
020530 99.5 022299 019943 gi|3 008874 011226 gi|24 
001296 74.8 022365 023038 gi|3 015787 016461 gi|54 
017999 92.8 023004 025353 gi|3 016205 018575 gi|54 
000560 72.5 023641 024303 gi|3 004028 004690 gi|12 
000432 73.0 024706 024953 gi|3 005066 005311 gi|12 
000432 74.0 026085 025940 gi|3 019168 019316 gi|60 
000641 75.5 026155 025940 gi|3 005638 005856 gi|24 
001023 79.4 031318 032407 gi|3 035514 036607 gi|12 
000295 81.5 036853 036632 gi|3 024359 024556 gi|42 
000481 75.8 038247 037926 gi|3 030525 030846 gi|33 
007068 97.7 039058 038208 gi|3 025643 026492 gi|54 
006988 98.7 039053 038242 gi|3 018555 019363 gi|54 
004582 86.1 039053 038264 gi|3 002081 002874 gi|54 
000284 78.0 038948 038867 gi|3 016111 016192 gi|75 
000903 88.8 038868 039055 gi|3 004617 004808 gi|54 
000267 75.8 038917 038978 gi|3 028712 028772 gi|15 
000558 78.4 000378 000027 gi|7 025052 025379 gi|70 
002810 81.1 003115 002491 gi|7 037305 037926 gi|18 
000266 73.7 004837 005030 gi|7 036180 036377 gi|55 
000321 72.8 005029 004846 gi|7 029437 029623 gi|73 
000334 84.7 004846 005035 gi|7 001781 001963 gi|35 
000273 75.8 005029 004848 gi|7 039750 039934 gi|43 
000261 79.5 004910 005026 gi|7 034033 034143 gi|45 
000291 73.6 005067 004939 gi|7 009946 010071 gi|76 
000355 77.2 032830 032965 gi|7 033328 033457 gi|35 
000428 77.6 032853 032995 gi|7 023711 023849 gi|15 
000310 81.1 032859 032932 gi|7 007311 007381 gi|11 
001232 83.9 032874 033121 gi|7 027998 028236 gi|11 
000261 86.4 032874 032932 gi|7 008607 008661 gi|72 
000518 82.1 032996 032874 gi|7 011678 011797 gi|37 
001409 87.4 033265 032877 gi|7 011403 011755 gi|68 
001028 85.7 032877 033099 gi|7 011492 011712 gi|33 
000670 89.8 032996 032879 gi|7 025252 025368 gi|36 
000336 88.0 032882 032931 gi|7 026343 026392 gi|71 
000357 83.7 032936 033058 gi|7 027680 027801 gi|73 
000817 92.2 032968 033158 gi|7 033950 034130 gi|31 
000539 92.3 032980 033070 gi|7 008970 009057 gi|72 
001070 84.3 032992 033240 gi|7 034836 035108 gi|72 
001039 87.1 032992 033239 gi|7 033455 033665 gi|15 
000512 96.2 032992 033070 gi|7 019199 019274 gi|15 
001148 92.7 032993 033157 gi|7 008898 009063 gi|40 
001102 85.2 032995 033250 gi|7 027409 027681 gi|73 
000903 86.1 032996 033240 gi|7 005693 005912 gi|12 
000754 85.2 033211 032996 gi|7 010527 010768 gi|9 
000668 92.3 032996 033099 gi|7 026393 026497 gi|71 
000876 84.7 033212 032997 gi|7 030322 030552 gi|36 
000427 85.6 033003 033099 gi|7 030127 030234 gi|9 
000584 76.0 033266 033017 gi|7 030204 030476 gi|36 
000693 83.8 033177 033017 gi|7 010518 010690 gi|9 
000602 78.0 033026 033239 gi|7 008985 009224 gi|40 
000605 78.1 033240 033026 gi|7 010391 010628 gi|9 
000531 84.0 033062 033155 gi|7 009189 009280 gi|35 
000774 85.3 033067 033263 gi|7 011619 011814 gi|33 
000543 90.7 033158 033073 gi|7 010663 010747 gi|9 
000645 79.1 033082 033344 gi|7 027768 028054 gi|73 
000708 82.5 033085 033221 gi|7 008678 008829 gi|72 
000408 88.3 033099 033158 gi|7 005969 006028 gi|35 
000474 89.5 033177 033102 gi|7 030418 030505 gi|36 
000325 86.3 033103 033153 gi|7 029888 029938 gi|63 
000325 86.3 033103 033153 gi|7 018434 018484 gi|19 
000311 74.0 033160 033305 gi|7 019284 019432 gi|15 
000304 71.8 033162 033239 gi|7 009363 009442 gi|35 
000338 75.7 033238 033165 gi|7 021775 021850 gi|12 
000265 75.3 033180 033256 gi|7 028204 028282 gi|11 
000283 76.6 034972 034759 gi|7 023406 023604 gi|67 
012018 97.6 006187 007667 gi|2 003339 004820 gi|64 
012069 99.5 006250 007609 gi|2 007136 008490 gi|6 
012130 99.4 007615 006253 gi|2 018445 019807 gi|8 
012062 99.5 006265 007608 gi|2 001648 002992 gi|70 
012032 98.8 006282 007700 gi|2 007740 009164 gi|59 
012028 99.1 006282 007689 gi|2 000322 001734 gi|72 
012061 100.0 006285 007609 gi|2 005732 007056 gi|28 
012049 100.0 007607 006285 gi|2 007975 009297 gi|11 
012038 99.5 006285 007653 gi|2 028011 029365 gi|36 
012034 99.8 007614 006285 gi|2 010984 012314 gi|59 
012028 99.9 007611 006285 gi|2 037653 038982 gi|20 
000295 76.4 008590 009259 gi|2 017563 018247 gi|20 
000481 73.9 009250 008600 gi|2 034596 035258 gi|8 
000272 77.9 008998 008922 gi|2 012792 012868 gi|44 
000594 86.3 012583 012721 gi|2 035285 035421 gi|20 
000388 73.0 014786 014992 gi|2 039964 040171 gi|9 
000529 72.5 015039 015340 gi|2 000043 000350 gi|22 
000289 89.9 015471 015559 gi|2 026680 026763 gi|71 
000282 82.9 015577 015502 gi|2 026705 026779 gi|71 
000276 92.7 015554 015514 gi|2 026564 026603 gi|54 
000259 92.1 015517 015554 gi|2 034941 034977 gi|20 
000262 88.3 015577 015518 gi|2 022504 022561 gi|71 
000250 97.4 015560 015522 gi|2 000133 000170 gi|33 
000268 86.7 018949 018860 gi|2 024744 024851 gi|36 
000330 90.7 018860 018913 gi|2 003197 003250 gi|72 
000326 90.2 018860 018910 gi|2 030806 030856 gi|62 
000266 86.4 018903 018860 gi|2 024424 024467 gi|24 
000263 81.5 021793 021873 gi|2 019243 019324 gi|23 
000266 91.2 024536 024603 gi|2 001260 001330 gi|5 
000310 88.2 024562 024646 gi|2 020045 020140 gi|14 
000294 97.2 024568 024603 gi|2 018952 018987 gi|45 
000348 77.0 027815 027572 gi|2 029436 029678 gi|73 
000436 79.2 027839 027581 gi|2 012055 012316 gi|22 
000276 72.5 027714 027815 gi|2 015304 015405 gi|45 
000282 78.1 028158 028031 gi|2 009273 009399 gi|70 
000275 68.6 028358 028647 gi|2 015132 015422 gi|45 
000413 74.7 028694 028399 gi|2 013737 014041 gi|76 
000330 75.7 028402 028627 gi|2 024502 024721 gi|71 
000254 76.4 028414 028705 gi|2 001760 002038 gi|35 
000318 75.5 028635 028444 gi|2 006412 006603 gi|22 
000342 71.3 028526 028675 gi|2 004937 005086 gi|71 
000264 73.5 028527 029036 gi|2 008213 008737 gi|15 
000305 82.6 029343 029434 gi|2 002385 002477 gi|31 
013373 99.7 001290 002816 gi|5 018947 020471 gi|45 
000425 100.0 001294 001342 gi|5 020049 020097 gi|14 
000469 86.6 001448 001337 gi|5 013946 014064 gi|61 
000269 78.6 002708 002550 gi|5 035137 035296 gi|20 
000417 96.2 002755 002807 gi|5 032575 032627 gi|66 
000935 81.7 003039 002821 gi|5 024728 024958 gi|62 
000499 77.9 003343 002823 gi|5 024784 025337 gi|62 
000330 77.0 002826 003168 gi|5 026521 026851 gi|57 
000335 79.6 002834 003000 gi|5 026368 026555 gi|45 
000296 77.3 002837 003343 gi|5 022434 022947 gi|45 
001006 84.1 002839 003039 gi|5 022793 023003 gi|45 
000452 77.5 002841 003183 gi|5 021316 021639 gi|45 
001704 78.2 003500 002841 gi|5 024538 025220 gi|62 
000257 78.1 002913 002841 gi|5 025341 025413 gi|62 
000471 76.2 002851 003261 gi|5 026452 026865 gi|57 
000257 81.5 002851 002915 gi|5 008468 008533 gi|29 
000258 75.8 002854 002952 gi|5 022278 022387 gi|45 
000359 82.8 002855 002912 gi|5 022890 022947 gi|45 
000366 79.6 002952 002855 gi|5 024731 024841 gi|62 
000563 78.6 002857 003346 gi|5 022371 022869 gi|45 
000352 75.2 002857 003227 gi|5 022081 022468 gi|45 
000877 86.3 002858 003084 gi|5 020921 021135 gi|45 
000432 75.2 002858 003345 gi|5 021893 022429 gi|45 
000351 84.2 002858 002914 gi|5 022985 023041 gi|45 
000328 72.0 002858 003168 gi|5 021507 021845 gi|45 
000318 75.9 002858 003346 gi|5 020997 021470 gi|45 
000351 84.2 002914 002858 gi|5 024690 024746 gi|62 
000301 75.8 002859 003168 gi|5 021245 021541 gi|45 
000776 79.5 002886 003197 gi|5 022760 023048 gi|45 
000329 78.5 002894 003261 gi|5 021449 021859 gi|45 
000326 77.1 002921 003344 gi|5 021795 022240 gi|45 
000900 83.9 002922 003188 gi|5 021143 021387 gi|45 
000270 79.6 002929 003149 gi|5 020914 021095 gi|45 
000726 80.4 002931 003344 gi|5 022076 022511 gi|45 
000851 83.1 003197 002937 gi|5 024683 024920 gi|62 
000309 79.7 002942 003261 gi|5 021257 021555 gi|45 
000293 73.9 003227 003002 gi|5 025190 025415 gi|62 
000553 81.1 003093 003224 gi|5 026350 026499 gi|45 
000293 74.0 003188 003093 gi|5 027187 027287 gi|62 
000357 80.3 003116 003343 gi|5 021876 022137 gi|45 
030267 97.5 003117 006756 gi|5 022795 026376 gi|45 
000483 80.3 003344 003117 gi|5 025147 025413 gi|62 
000250 74.7 003118 003188 gi|5 026473 026544 gi|45 
000756 86.3 003276 003131 gi|5 024141 024290 gi|34 
001437 99.3 003202 003356 gi|5 026373 026527 gi|57 
000773 98.8 003275 003361 gi|5 008462 008549 gi|29 
030330 99.2 006799 003354 gi|5 022813 026181 gi|51 
000475 91.2 003421 003354 gi|5 026393 026459 gi|51 
029316 99.7 006501 003354 gi|5 027399 030540 gi|62 
049673 99.6 003357 008679 gi|5 007340 012662 gi|66 
000472 93.5 003421 003360 gi|5 026671 026731 gi|51 
000404 88.7 003421 003360 gi|5 026928 026988 gi|51 
000342 90.2 003421 003371 gi|5 030753 030802 gi|62 
000474 83.0 006457 006609 gi|5 010710 010863 gi|66 
001231 100.0 006756 006613 gi|5 027261 027404 gi|62 
000472 81.2 006727 006880 gi|5 010440 010592 gi|66 
016755 99.5 008745 006888 gi|5 020970 022845 gi|51 
016397 97.9 006929 008903 gi|5 026556 028588 gi|45 
016401 99.9 008676 006930 gi|5 025426 027174 gi|62 
000259 92.5 008634 008686 gi|5 027123 027173 gi|62 
000458 74.6 010406 011692 gi|5 027172 028454 gi|24 
000278 73.9 010444 011655 gi|5 007259 008476 gi|71 
000544 76.0 010684 011620 gi|5 021924 022860 gi|63 
000397 73.8 018702 020508 gi|5 014802 016641 gi|18 
000985 75.3 021685 020916 gi|5 019367 020139 gi|29 
006116 98.3 029791 029043 gi|5 029000 029754 gi|48 
006009 98.5 029043 029792 gi|5 016226 016963 gi|20 
001816 97.2 029328 029043 gi|5 037602 037861 gi|61 
002598 98.4 029486 029792 gi|5 030052 030358 gi|63 
001507 76.0 033267 032133 gi|5 038366 039494 gi|70 
000433 77.9 032320 032695 gi|5 000102 000490 gi|69 
000264 76.9 000422 000689 gi|1 035708 035954 gi|49 
000404 80.7 000675 000453 gi|1 002054 002279 gi|31 
000342 73.2 000791 000497 gi|1 007373 007667 gi|39 
000284 84.8 000692 000647 gi|1 011895 011940 gi|39 
002686 79.5 022703 023506 gi|1 015608 016420 gi|2 
002043 74.3 024705 023779 gi|1 003060 003986 gi|19 
001839 73.7 030184 031615 gi|1 035700 037138 gi|63 
000252 77.0 032381 033763 gi|1 035276 036670 gi|79 
000337 81.4 035138 034903 gi|1 025424 025688 gi|33 
000833 74.3 037355 038358 gi|1 029010 030007 gi|37 
000782 73.5 038656 037380 gi|1 034467 035736 gi|26 
000561 75.6 037513 038347 gi|1 000344 001179 gi|12 
001244 73.6 000977 000168 gi|4 011704 012515 gi|74 
000578 74.9 002568 001261 gi|4 010205 011493 gi|74 
000398 76.0 002583 001348 gi|4 029140 030357 gi|35 
000325 77.0 002774 002531 gi|4 014712 014955 gi|74 
000434 73.2 005204 005800 gi|4 013457 014065 gi|76 
000317 77.0 005641 005211 gi|4 001861 002324 gi|35 
000486 74.8 005246 005887 gi|4 005533 006175 gi|42 
000368 73.7 005552 005726 gi|4 007490 007664 gi|22 
000323 75.2 005861 005552 gi|4 007500 007806 gi|68 
000270 83.3 005623 005552 gi|4 023716 023787 gi|68 
000331 81.3 013494 013184 gi|4 021813 022123 gi|39 
000375 74.1 014388 014708 gi|4 023278 023604 gi|67 
000253 81.8 014403 014781 gi|4 029660 029990 gi|16 
000324 82.5 014525 014724 gi|4 000132 000331 gi|29 
000399 81.2 019122 019006 gi|4 014588 014717 gi|79 
000463 85.8 019042 019189 gi|4 035083 035250 gi|20 
000413 84.8 019120 019042 gi|4 003719 003799 gi|45 
001442 74.0 020860 019457 gi|4 020908 022301 gi|74 
001278 74.8 020478 019539 gi|4 012967 013906 gi|11 
002674 77.5 033483 034502 gi|4 030777 031790 gi|79 
000611 77.4 034090 034567 gi|4 032096 032586 gi|79 
000579 82.2 034692 035022 gi|4 032587 032908 gi|79 
000272 82.8 002543 002410 gi|6 016234 016378 gi|46 
000255 82.0 002537 002410 gi|6 019738 019882 gi|46 
000308 79.2 002427 002633 gi|6 011523 011754 gi|73 
000292 77.8 002573 002430 gi|6 011981 012122 gi|18 
000784 78.2 002661 003119 gi|6 039682 040153 gi|67 
000330 82.0 003193 002911 gi|6 012977 013239 gi|46 
000258 70.6 003099 002998 gi|6 021895 021996 gi|69 
000293 79.3 007117 006847 gi|6 016110 016364 gi|46 
000294 83.1 006849 007008 gi|6 011523 011658 gi|73 
000311 80.0 006983 006849 gi|6 019268 019397 gi|69 
000328 74.3 007015 006880 gi|6 011979 012115 gi|18 
011960 97.9 007057 008517 gi|6 003342 004789 gi|64 
012049 99.3 008489 007069 gi|6 018452 019844 gi|8 
012136 99.5 007109 008499 gi|6 005675 007062 gi|28 
012058 99.3 007150 008508 gi|6 000313 001670 gi|72 
012052 99.9 007162 008491 gi|6 007739 009069 gi|59 
012051 99.9 008488 007162 gi|6 007975 009301 gi|11 
012031 99.8 008490 007164 gi|6 010990 012316 gi|59 
011966 97.8 007164 008590 gi|6 001667 003109 gi|70 
011910 96.5 007164 008779 gi|6 028009 029622 gi|36 
012002 99.4 008579 007166 gi|6 037591 038982 gi|20 
001083 82.6 008509 008938 gi|6 039751 040174 gi|67 
000276 78.3 012128 011968 gi|6 027111 027269 gi|21 
000301 81.8 012231 011985 gi|6 016133 016364 gi|46 
000313 84.7 011987 012149 gi|6 011523 011657 gi|73 
000282 82.2 012121 011987 gi|6 019268 019397 gi|69 
000374 80.9 012153 012018 gi|6 011979 012115 gi|18 
000263 76.5 015545 015448 gi|6 021763 021869 gi|12 
000342 82.8 015538 015475 gi|6 030234 030300 gi|36 
000286 78.6 015475 015530 gi|6 009378 009433 gi|35 
000342 81.6 015478 015564 gi|6 035046 035127 gi|72 
000338 83.6 015478 015538 gi|6 009087 009147 gi|72 
000324 83.0 015536 015478 gi|6 040118 040176 gi|70 
000335 83.0 015478 015536 gi|6 009163 009221 gi|40 
000335 83.0 015478 015536 gi|6 019304 019362 gi|15 
000317 79.4 015478 015545 gi|6 033604 033671 gi|15 
000322 82.0 015478 015538 gi|6 005850 005910 gi|12 
000309 81.4 015478 015536 gi|6 027613 027671 gi|73 
000309 81.4 015536 015478 gi|6 011436 011494 gi|68 
000250 82.3 015478 015528 gi|6 011740 011790 gi|33 
000260 77.8 015483 015536 gi|6 027884 027937 gi|73 
000303 75.1 024909 025499 gi|6 008996 009604 gi|25 
000402 76.3 027215 027964 gi|6 005301 006043 gi|37 
000755 71.9 031409 032554 gi|6 038813 039959 gi|76 
001792 74.6 003862 000127 gi|9 031948 035656 gi|44 
002069 74.1 008972 007752 gi|9 018010 019213 gi|55 
000344 71.8 008672 008357 gi|9 020567 020878 gi|71 
000369 76.7 010484 010352 gi|9 019273 019407 gi|15 
000485 76.8 010358 010547 gi|9 011397 011588 gi|68 
000396 74.2 010509 010363 gi|9 005782 005945 gi|12 
000996 80.0 010364 010673 gi|9 030205 030514 gi|36 
000468 80.6 010509 010366 gi|9 033547 033687 gi|15 
000627 77.7 010643 010375 gi|9 034853 035119 gi|72 
000340 75.7 010484 010378 gi|9 009056 009163 gi|72 
000613 78.8 010628 010388 gi|9 027440 027677 gi|73 
000605 76.4 010624 010392 gi|9 009210 009442 gi|35 
001223 80.0 010690 010396 gi|9 008922 009220 gi|40 
000783 79.4 010565 010401 gi|9 027770 027931 gi|73 
000751 84.8 010569 010419 gi|9 008673 008822 gi|72 
000589 86.4 010547 010430 gi|9 011659 011763 gi|33 
000277 83.2 010628 010480 gi|9 033999 034148 gi|31 
000331 79.5 010553 010481 gi|9 005968 006037 gi|35 
000445 88.2 010492 010559 gi|9 030448 030514 gi|36 
000458 83.7 010628 010494 gi|9 008931 009063 gi|40 
000283 80.0 010547 010498 gi|9 029889 029938 gi|63 
000283 80.0 010547 010498 gi|9 018435 018484 gi|19 
000572 85.8 010622 010517 gi|9 008678 008786 gi|72 
000512 81.6 010690 010544 gi|9 033990 034135 gi|31 
000529 86.8 010627 010545 gi|9 027766 027846 gi|73 
001083 86.2 010546 010769 gi|9 030334 030554 gi|36 
000802 86.2 010772 010549 gi|9 008895 009122 gi|40 
000539 79.6 010690 010549 gi|9 027431 027572 gi|73 
000523 79.7 010661 010549 gi|9 034893 035005 gi|72 
000376 85.0 010608 010549 gi|9 005969 006028 gi|35 
000257 80.8 010549 010652 gi|9 011535 011627 gi|68 
000505 88.3 010652 010550 gi|9 011620 011712 gi|33 
000305 82.3 010604 010554 gi|9 029888 029938 gi|63 
000305 82.3 010604 010554 gi|9 018434 018484 gi|19 
000300 82.0 010683 010573 gi|9 008673 008786 gi|72 
000412 86.2 010661 010604 gi|9 005744 005801 gi|12 
000709 86.8 010604 010747 gi|9 030334 030476 gi|36 
000980 89.2 010769 010604 gi|9 033968 034133 gi|31 
000642 87.9 010738 010607 gi|9 008985 009122 gi|40 
000791 90.7 010768 010607 gi|9 027410 027572 gi|73 
000755 89.0 010770 010607 gi|9 034840 035005 gi|72 
000327 86.0 010661 010612 gi|9 026444 026493 gi|71 
000528 81.1 010747 010616 gi|9 009200 009333 gi|35 
000525 90.0 010723 010624 gi|9 008690 008784 gi|72 
000412 77.7 010768 010648 gi|9 028118 028234 gi|11 
000634 83.7 010771 010649 gi|9 033456 033575 gi|15 
000397 83.8 010728 010649 gi|9 005959 006046 gi|35 
000465 83.8 010757 010659 gi|9 027739 027846 gi|73 
000639 91.2 010772 010660 gi|9 005689 005801 gi|12 
000331 81.0 010663 010757 gi|9 011535 011637 gi|68 
000607 91.5 010757 010664 gi|9 011610 011712 gi|33 
000319 84.3 010718 010668 gi|9 029888 029938 gi|63 
000319 84.3 010718 010668 gi|9 018434 018484 gi|19 
000576 96.9 010772 010708 gi|9 026389 026453 gi|71 
000483 96.4 010771 010716 gi|9 008983 009038 gi|72 
000499 98.2 010771 010716 gi|9 019200 019255 gi|15 
000309 84.7 010763 010847 gi|9 023292 023372 gi|39 
000352 86.6 010766 010847 gi|9 005798 005876 gi|35 
000352 86.6 010847 010766 gi|9 022959 023037 gi|35 
000285 86.0 010768 010824 gi|9 032346 032402 gi|69 
000306 82.1 010769 010824 gi|9 001718 001773 gi|68 
000286 90.7 010771 010824 gi|9 029029 029083 gi|35 
000291 90.7 010771 010824 gi|9 002609 002667 gi|37 
000283 87.5 010854 010775 gi|9 005764 005850 gi|35 
000281 90.4 010775 010826 gi|9 022985 023036 gi|35 
000273 87.8 010823 010775 gi|9 023297 023346 gi|39 
000281 75.2 029120 028984 gi|9 020960 021096 gi|70 
000429 87.0 030127 030234 gi|9 033466 033562 gi|15 
000272 84.8 030177 030235 gi|9 009173 009227 gi|35 
000419 96.1 030184 030234 gi|9 009071 009121 gi|40 
000386 92.2 030234 030184 gi|9 030338 030388 gi|36 
000434 98.0 030184 030234 gi|9 027521 027571 gi|73 
000403 94.1 030184 030234 gi|9 034954 035004 gi|72 
000257 83.7 030184 030269 gi|9 026446 026528 gi|71 
000524 89.9 030184 030272 gi|9 028167 028253 gi|11 
000434 98.0 030234 030184 gi|9 011536 011586 gi|68 
000256 83.9 030377 030241 gi|9 000114 000247 gi|70 
000384 90.5 030353 030270 gi|9 026891 026977 gi|67 
000303 86.7 030270 030329 gi|9 021043 021107 gi|58 
000336 85.3 030351 030277 gi|9 008808 008886 gi|72 
002539 76.4 032494 030735 gi|9 015893 017638 gi|12 
000980 76.7 033226 034013 gi|9 032224 033010 gi|33 
002003 78.3 033256 034035 gi|9 038155 038908 gi|62 
001005 76.1 034268 035234 gi|9 033061 033985 gi|33 
001917 78.8 034343 035212 gi|9 039041 039926 gi|62 
000465 76.9 036867 037286 gi|9 001805 002257 gi|66 
000390 75.4 000764 000966 gi|10 039977 040178 gi|32 
000445 81.8 001749 001951 gi|10 039977 040177 gi|32 
000556 79.8 003158 003375 gi|10 039961 040178 gi|32 
000501 79.0 004435 004662 gi|10 039948 040175 gi|32 
000649 85.4 005529 005815 gi|10 039916 040178 gi|32 
000600 85.4 006596 006931 gi|10 039866 040178 gi|32 
000501 85.4 007764 007969 gi|10 039980 040178 gi|32 
000610 81.9 008816 009047 gi|10 039951 040178 gi|32 
000441 82.9 009898 010108 gi|10 039966 040175 gi|32 
015637 98.4 012658 010874 gi|10 003594 005384 gi|57 
000438 76.3 012459 012631 gi|10 034280 034452 gi|34 
001334 92.4 013250 013027 gi|10 002991 003221 gi|57 
000573 78.5 013059 013398 gi|10 034865 035195 gi|34 
000357 80.5 014045 013544 gi|10 002249 002726 gi|57 
000824 80.2 013846 014198 gi|10 039830 040175 gi|32 
000818 74.7 016990 017853 gi|10 038954 039820 gi|24 
000654 73.8 017719 017056 gi|10 000004 000675 gi|46 
000781 73.2 017897 017068 gi|10 000711 001547 gi|46 
002135 74.4 019403 017858 gi|10 000004 001543 gi|46 
001037 71.1 018048 018705 gi|10 039181 039837 gi|24 
000688 70.0 018539 018057 gi|10 000013 000494 gi|46 
001875 76.2 018720 019666 gi|10 039019 039952 gi|24 
002303 76.3 020389 018766 gi|10 000004 001510 gi|46 
000722 80.5 019616 019407 gi|10 039966 040178 gi|68 
000532 76.7 019626 020576 gi|10 038948 039861 gi|24 
000543 76.1 020623 019746 gi|10 000662 001507 gi|46 
000697 78.2 036494 035884 gi|10 015054 015658 gi|25 
000486 76.3 036582 036148 gi|10 016075 016515 gi|25 
000859 73.0 037260 037899 gi|10 029061 029708 gi|73 
000422 78.2 037838 037329 gi|10 015203 015699 gi|45 
000357 73.7 037806 037332 gi|10 005784 006284 gi|26 
000258 72.0 037344 037728 gi|10 012763 013161 gi|22 
000340 80.0 037387 037811 gi|10 011819 012264 gi|22 
000317 74.7 037809 037391 gi|10 013253 013669 gi|69 
000488 72.2 037424 037913 gi|10 006182 006700 gi|22 
000350 74.0 037447 037811 gi|10 030278 030645 gi|49 
000416 79.3 037811 037455 gi|10 030717 031073 gi|63 
000507 73.0 037913 037465 gi|10 004760 005208 gi|71 
000407 74.7 037595 037811 gi|10 025156 025372 gi|15 
000336 74.5 037735 037626 gi|10 034039 034148 gi|45 
000274 82.1 037738 037627 gi|10 024614 024726 gi|71 
000520 72.6 037875 037628 gi|10 035330 035577 gi|55 
000595 77.6 038289 039391 gi|10 030123 031227 gi|73 
001089 77.0 001095 000005 gi|13 005554 006618 gi|61 
000626 72.5 031498 032018 gi|13 009139 009659 gi|69 
000302 81.5 038543 038677 gi|13 030041 030193 gi|36 
000454 84.2 038862 038762 gi|13 003181 003283 gi|72 
000295 82.3 038783 038850 gi|13 024786 024854 gi|36 
000474 76.8 001573 000211 gi|12 034375 035732 gi|26 
001004 76.2 000354 001179 gi|12 029174 029996 gi|37 
000543 71.7 004028 004673 gi|12 016839 017481 gi|54 
000352 74.8 005302 004965 gi|12 025468 025818 gi|66 
000314 69.9 005066 005311 gi|12 017904 018151 gi|54 
000897 92.4 005682 005799 gi|12 026383 026499 gi|71 
001506 89.1 005688 006046 gi|12 027405 027799 gi|73 
001545 91.8 005691 005970 gi|12 034840 035170 gi|72 
000992 98.2 005692 005801 gi|12 033968 034077 gi|31 
000466 86.4 005801 005692 gi|12 030446 030554 gi|36 
000499 100.0 005693 005745 gi|12 008986 009038 gi|72 
001384 91.2 005693 005930 gi|12 033459 033686 gi|15 
000485 98.1 005693 005745 gi|12 019203 019255 gi|15 
000925 97.1 005693 005797 gi|12 008901 009005 gi|40 
000441 81.4 005704 005913 gi|12 027739 027942 gi|73 
000710 92.1 005704 005906 gi|12 011610 011799 gi|33 
001141 91.8 005911 005704 gi|12 011433 011637 gi|68 
000492 88.7 005723 005819 gi|12 034053 034149 gi|31 
000496 89.8 005738 005884 gi|12 008690 008822 gi|72 
000866 89.3 005914 005738 gi|12 030230 030396 gi|36 
001020 92.4 005740 005911 gi|12 009065 009224 gi|40 
000843 85.3 005742 005925 gi|12 009286 009457 gi|35 
000934 95.6 005800 005934 gi|12 009037 009163 gi|72 
000896 93.8 005800 005911 gi|12 019254 019365 gi|15 
000446 85.4 005808 005930 gi|12 000103 000206 gi|75 
000352 85.4 005900 005819 gi|12 024839 024917 gi|36 
000488 92.2 005911 005848 gi|12 040115 040178 gi|70 
000271 82.2 005926 005854 gi|12 011559 011631 gi|37 
000278 75.5 005949 006107 gi|12 021645 021786 gi|44 
000322 86.0 006085 005950 gi|12 015924 016047 gi|75 
000276 75.3 005950 006107 gi|12 021576 021725 gi|44 
000280 76.7 005951 006122 gi|12 021705 021867 gi|44 
000259 86.7 006026 006085 gi|12 006005 006063 gi|36 
000266 95.7 006083 006038 gi|12 014603 014649 gi|60 
001168 73.9 007410 006395 gi|12 006183 007196 gi|33 
000505 76.6 015024 014507 gi|12 012327 012854 gi|53 
003709 82.4 015712 014630 gi|12 006777 007871 gi|39 
000287 75.9 015001 014633 gi|12 026282 026658 gi|33 
000962 76.9 015021 014672 gi|12 011896 012241 gi|39 
000583 75.7 014678 015035 gi|12 010770 011126 gi|43 
000742 79.1 014693 015161 gi|12 035621 036051 gi|49 
000712 75.0 015019 014780 gi|12 000615 000863 gi|51 
000342 78.2 015004 014789 gi|12 002055 002297 gi|31 
000272 79.3 015490 015303 gi|12 011698 011889 gi|39 
000501 82.4 018445 019058 gi|12 007215 007783 gi|37 
000478 85.3 021850 021715 gi|12 033589 033712 gi|15 
000470 82.6 021742 021850 gi|12 011403 011509 gi|68 
000318 79.2 021742 021842 gi|12 030202 030304 gi|36 
000386 80.4 021850 021749 gi|12 009366 009465 gi|35 
000452 84.3 021850 021762 gi|12 009072 009162 gi|72 
000471 83.8 021850 021777 gi|12 027598 027671 gi|73 
000280 76.1 021843 021777 gi|12 027871 027937 gi|73 
000445 82.4 021850 021777 gi|12 019289 019362 gi|15 
000445 82.4 021850 021777 gi|12 009148 009221 gi|40 
000382 82.0 021777 021837 gi|12 040118 040178 gi|70 
000406 84.5 021850 021780 gi|12 011725 011798 gi|33 
000436 84.3 021850 021781 gi|12 035031 035100 gi|72 
000258 81.6 021850 021802 gi|12 008773 008821 gi|72 
000263 85.0 021811 021850 gi|12 024863 024902 gi|36 
004562 86.5 034669 035584 gi|12 014855 015769 gi|54 
000277 81.2 006499 006378 gi|11 002589 002718 gi|37 
000277 92.7 006480 006426 gi|11 005803 005858 gi|35 
000277 92.7 006426 006480 gi|11 022977 023032 gi|35 
000283 89.1 006480 006426 gi|11 023299 023354 gi|39 
000288 83.3 007256 007381 gi|11 011419 011547 gi|33 
000345 82.7 007381 007284 gi|11 011700 011797 gi|68 
000252 78.2 007327 007381 gi|11 008607 008661 gi|72 
000376 89.1 007381 007327 gi|11 025315 025369 gi|36 
000304 85.7 007332 007380 gi|11 026344 026392 gi|71 
011952 98.2 009298 007776 gi|11 028010 029549 gi|36 
012002 97.5 007825 009303 gi|11 037499 038993 gi|20 
012011 99.1 009297 007913 gi|11 003437 004806 gi|64 
012042 99.0 009302 007917 gi|11 000320 001710 gi|72 
012070 99.9 009305 007974 gi|11 007734 009067 gi|59 
012074 100.0 009301 007975 gi|11 005728 007054 gi|28 
012033 99.9 007975 009297 gi|11 010992 012314 gi|59 
012055 100.0 009298 007975 gi|11 001668 002991 gi|70 
001359 74.9 012577 014423 gi|11 020887 022709 gi|74 
000270 77.4 014663 014527 gi|11 006587 006727 gi|76 
000277 79.1 016376 016224 gi|11 037131 037295 gi|71 
000365 87.2 016366 016289 gi|11 026929 027007 gi|47 
000443 89.7 016295 016381 gi|11 017311 017395 gi|73 
000509 90.4 016383 016301 gi|11 014043 014128 gi|61 
000445 86.1 016302 016380 gi|11 013028 013106 gi|14 
000258 81.0 016380 016302 gi|11 003416 003499 gi|75 
000317 92.3 016368 016317 gi|11 001490 001543 gi|33 
000281 81.1 024509 024582 gi|11 010672 010746 gi|48 
000468 84.2 028123 027864 gi|11 025248 025478 gi|36 
000485 85.5 028265 027990 gi|11 011575 011801 gi|37 
000918 84.5 028218 028000 gi|11 011535 011756 gi|68 
000628 79.2 028001 028298 gi|11 011492 011826 gi|33 
000328 73.0 028001 028089 gi|11 033369 033457 gi|35 
000268 80.4 028005 028055 gi|11 026342 026392 gi|71 
000255 82.1 028060 028238 gi|11 027680 027857 gi|73 
000422 83.6 028072 028217 gi|11 008863 009005 gi|40 
000302 75.3 028234 028073 gi|11 030432 030606 gi|36 
000428 81.7 028076 028233 gi|11 027372 027531 gi|73 
000524 81.5 028111 028245 gi|11 033961 034104 gi|31 
000425 79.8 028115 028233 gi|11 034839 034964 gi|72 
000530 82.4 028116 028280 gi|11 008984 009160 gi|72 
000665 88.3 028116 028218 gi|11 033457 033563 gi|15 
000556 83.9 028116 028264 gi|11 019201 019365 gi|15 
000632 84.3 028118 028283 gi|11 026393 026562 gi|71 
000508 82.7 028118 028221 gi|11 005693 005801 gi|12 
000427 91.4 028161 028218 gi|11 027515 027572 gi|73 
000424 92.9 028163 028218 gi|11 034950 035005 gi|72 
000439 90.9 028228 028163 gi|11 030329 030392 gi|36 
000409 91.1 028163 028218 gi|11 009067 009122 gi|40 
000282 84.1 028165 028233 gi|11 034076 034146 gi|31 
000253 82.7 028326 028217 gi|11 040061 040164 gi|70 
000253 83.0 028217 028269 gi|11 035058 035111 gi|72 
000287 84.5 028274 028217 gi|11 011424 011482 gi|68 
000292 87.5 028217 028264 gi|11 033616 033665 gi|15 
000300 86.3 028217 028267 gi|11 005862 005914 gi|12 
000285 81.7 028217 028276 gi|11 027625 027684 gi|73 
000302 87.5 028217 028264 gi|11 009175 009224 gi|40 
000309 83.3 028217 028270 gi|11 009393 009448 gi|35 
000323 87.3 028274 028220 gi|11 030221 030282 gi|36 
000266 87.0 028224 028269 gi|11 010272 010320 gi|75 
000466 73.6 029872 030461 gi|11 013589 014181 gi|79 
000530 72.6 030932 031344 gi|11 019871 020278 gi|78 
000865 80.5 032624 032363 gi|11 006217 006491 gi|41 
000490 91.6 019173 019255 gi|15 033937 034021 gi|31 
000302 88.2 019255 019180 gi|15 030502 030576 gi|36 
001415 95.1 019186 019369 gi|15 008969 009152 gi|72 
000494 96.7 019196 019255 gi|15 008891 008953 gi|40 
000494 98.3 019198 019255 gi|15 027404 027462 gi|73 
000476 98.1 019203 019255 gi|15 034842 034894 gi|72 
000518 83.9 019203 019563 gi|15 026393 026728 gi|71 
000653 89.8 019214 019360 gi|15 011610 011799 gi|33 
000490 89.6 019262 019338 gi|15 000103 000175 gi|75 
000969 98.4 019264 019386 gi|15 027573 027708 gi|73 
000876 91.7 019407 019264 gi|15 011382 011534 gi|68 
000915 93.7 019264 019452 gi|15 009123 009331 gi|40 
000810 95.9 019264 019361 gi|15 035006 035103 gi|72 
000430 86.7 019264 019338 gi|15 008751 008822 gi|72 
000534 82.9 019265 019556 gi|15 009342 009636 gi|35 
000376 85.4 019354 019266 gi|15 024839 024924 gi|36 
000428 75.8 019267 019365 gi|15 027844 027940 gi|73 
000562 84.0 019385 019267 gi|15 030209 030334 gi|36 
000549 92.9 019386 019302 gi|15 040096 040178 gi|70 
000980 72.1 022842 023650 gi|15 028583 029392 gi|24 
000788 85.9 023887 023732 gi|15 011599 011754 gi|68 
000854 85.9 023732 023887 gi|15 011493 011648 gi|33 
000655 81.7 023888 023736 gi|15 025214 025366 gi|36 
000684 81.3 023908 023738 gi|15 011609 011791 gi|37 
000283 78.2 023742 023819 gi|15 033380 033457 gi|35 
000549 86.7 023781 023885 gi|15 027675 027775 gi|73 
000371 75.3 025420 024660 gi|15 013203 013962 gi|69 
002619 74.3 024737 026423 gi|15 030004 031684 gi|49 
000351 74.5 024819 025421 gi|15 039387 039982 gi|43 
000351 79.5 025175 025393 gi|15 012067 012289 gi|22 
000266 73.2 025181 025426 gi|15 006408 006656 gi|22 
000270 76.3 025423 025226 gi|15 024348 024542 gi|68 
000672 74.1 027024 027347 gi|15 032305 032629 gi|49 
000260 80.0 028772 028693 gi|15 018628 018701 gi|54 
000260 80.0 028772 028693 gi|15 025723 025796 gi|54 
001633 83.9 031191 031525 gi|15 016848 017183 gi|73 
000617 80.2 031614 031307 gi|15 019054 019344 gi|35 
001443 92.7 033433 033666 gi|15 027381 027675 gi|73 
000404 75.6 033563 033441 gi|15 030449 030576 gi|36 
001040 94.0 033448 033665 gi|15 008973 009148 gi|72 
000701 92.4 033458 033562 gi|15 008900 009005 gi|40 
000665 91.3 033459 033562 gi|15 034842 034946 gi|72 
000714 90.6 033459 033575 gi|15 033969 034088 gi|31 
000652 90.7 033459 033566 gi|15 026393 026500 gi|71 
001527 92.1 033721 033470 gi|15 011375 011637 gi|68 
000902 89.0 033470 033660 gi|15 011610 011799 gi|33 
001350 91.4 033489 033685 gi|15 034926 035126 gi|72 
000278 88.0 033489 033563 gi|15 034053 034130 gi|31 
000519 80.0 033504 033638 gi|15 008690 008822 gi|72 
001014 86.4 033665 033504 gi|15 030233 030396 gi|36 
001416 97.5 033506 033667 gi|15 009065 009226 gi|40 
000590 79.8 033508 033665 gi|15 009286 009442 gi|35 
000280 88.9 033525 033569 gi|15 009189 009235 gi|35 
000510 77.1 033548 033665 gi|15 027827 027940 gi|73 
000380 84.0 033564 033638 gi|15 000105 000175 gi|75 
000337 84.3 033654 033572 gi|15 024839 024918 gi|36 
000571 90.5 033706 033602 gi|15 040065 040178 gi|70 
000277 84.6 033659 033608 gi|15 011580 011631 gi|37 
006675 99.7 034468 033707 gi|15 036269 037029 gi|35 
006645 98.5 033707 034496 gi|15 022753 023558 gi|20 
000289 77.7 000826 000946 gi|14 036159 036279 gi|31 
002612 75.7 001340 002775 gi|14 002999 004448 gi|68 
004127 76.6 002711 001384 gi|14 003372 004696 gi|18 
000406 74.6 002061 002710 gi|14 002887 003533 gi|43 
000390 79.0 005241 004989 gi|14 005895 006144 gi|66 
000912 74.5 005441 006484 gi|14 006256 007294 gi|79 
000371 77.3 007238 007532 gi|14 018692 018993 gi|48 
000278 82.5 013095 012970 gi|14 001489 001630 gi|33 
000351 81.0 013102 012987 gi|14 037131 037261 gi|71 
000509 95.3 013105 013021 gi|14 014047 014131 gi|61 
000422 90.0 013092 013023 gi|14 026929 027001 gi|47 
000452 91.0 013028 013105 gi|14 017315 017393 gi|73 
000341 87.3 013106 013028 gi|14 003416 003499 gi|75 
000456 79.0 013392 013179 gi|14 015751 015964 gi|56 
000251 74.0 018394 018107 gi|14 002971 003255 gi|58 
000425 100.0 020049 020097 gi|14 018951 018999 gi|45 
000265 74.2 039772 040066 gi|14 018121 018423 gi|74 
002022 75.5 004356 005832 gi|19 024131 025583 gi|55 
000421 76.9 004541 005073 gi|19 023842 024365 gi|79 
000293 76.3 004575 004991 gi|19 032091 032504 gi|39 
001556 74.1 004594 005889 gi|19 019842 021147 gi|33 
000354 88.2 018434 018484 gi|19 011658 011708 gi|33 
000478 100.0 018434 018484 gi|19 005973 006023 gi|35 
000478 100.0 018434 018484 gi|19 029888 029938 gi|63 
000354 88.2 018434 018484 gi|19 008696 008746 gi|72 
000325 84.3 018484 018434 gi|19 030454 030504 gi|36 
000304 84.3 018434 018484 gi|19 009009 009059 gi|40 
000261 84.0 018435 018484 gi|19 009229 009278 gi|35 
000344 88.0 018484 018435 gi|19 030398 030447 gi|36 
000318 90.0 018435 018484 gi|19 027788 027837 gi|73 
000316 75.6 035048 034644 gi|19 001388 001768 gi|40 
000374 69.7 034830 034646 gi|19 019250 019431 gi|33 
000306 79.0 038118 038179 gi|19 015397 015458 gi|23 
000256 73.1 040154 039887 gi|19 009178 009445 gi|50 
000539 76.7 002630 002198 gi|18 027744 028174 gi|67 
000307 76.8 002231 002627 gi|18 014828 015221 gi|35 
000372 80.3 002656 002388 gi|18 039438 039703 gi|39 
000305 79.0 003289 003166 gi|18 027085 027211 gi|67 
002901 73.6 004720 003318 gi|18 003021 004447 gi|68 
000297 74.4 004594 003382 gi|18 002312 003529 gi|43 
005077 77.5 011673 009886 gi|18 037507 039296 gi|63 
000271 87.7 011953 012139 gi|18 016192 016348 gi|46 
000268 80.7 012651 012538 gi|18 011661 011774 gi|71 
000552 75.6 016611 015384 gi|18 018350 019587 gi|49 
000400 73.6 030294 031058 gi|18 023390 024121 gi|64 
000316 76.9 032701 032999 gi|18 029367 029668 gi|26 
000287 79.3 038961 038793 gi|18 027078 027259 gi|21 
000345 75.2 040012 040172 gi|18 006388 006549 gi|75 
000291 80.4 000264 000375 gi|16 012222 012330 gi|55 
000345 73.7 002560 002810 gi|16 014924 015174 gi|78 
001903 74.8 002913 004248 gi|16 003292 004611 gi|71 
000334 73.6 010326 009823 gi|16 032677 033189 gi|65 
000332 78.5 011236 010939 gi|16 001493 001800 gi|48 
000260 71.2 029775 029930 gi|16 000173 000327 gi|29 
000582 74.3 038755 037077 gi|16 035173 036854 gi|72 
000299 78.0 023282 022942 gi|21 033808 034151 gi|47 
000975 79.0 023940 023346 gi|21 019723 020299 gi|27 
000272 78.4 029975 030113 gi|21 008863 009001 gi|35 
000287 73.0 029977 030198 gi|21 010816 011022 gi|76 
000275 82.9 030002 030106 gi|21 017709 017813 gi|49 
000345 68.8 030022 030258 gi|21 008055 008291 gi|35 
000263 76.4 030773 031073 gi|21 008816 009124 gi|35 
000280 72.9 039738 039488 gi|21 021833 022083 gi|33 
001007 93.6 004113 004252 gi|20 014776 014919 gi|27 
000729 77.8 008842 009464 gi|20 033850 034482 gi|29 
000585 75.3 009247 008843 gi|20 012354 012740 gi|78 
000478 73.8 008871 009255 gi|20 015105 015486 gi|39 
006232 99.1 016962 016205 gi|20 029000 029775 gi|48 
001999 97.7 016511 016206 gi|20 037605 037881 gi|61 
002394 98.0 016670 016963 gi|20 030052 030358 gi|63 
000439 80.8 020994 020766 gi|20 028830 029053 gi|73 
000292 80.5 020828 021088 gi|20 036512 036792 gi|39 
006665 97.5 023547 022711 gi|20 036236 037064 gi|35 
000261 79.5 033232 033397 gi|20 005350 005520 gi|73 
001977 81.7 034212 034697 gi|20 001937 002398 gi|57 
001907 88.2 034333 034697 gi|20 037219 037563 gi|32 
001038 87.6 034696 034423 gi|20 025092 025330 gi|57 
000360 83.2 034619 034707 gi|20 019233 019328 gi|75 
000352 82.9 034628 034697 gi|20 024347 024416 gi|25 
001380 85.3 034984 034720 gi|20 026557 026815 gi|54 
000920 78.4 035017 034759 gi|20 026686 026948 gi|71 
000297 85.1 035010 034877 gi|20 000099 000231 gi|33 
000486 77.8 034892 035017 gi|20 000087 000206 gi|33 
000254 83.6 034911 034977 gi|20 026696 026758 gi|71 
000324 79.2 035017 034912 gi|20 022485 022591 gi|71 
000587 81.6 035191 035078 gi|20 003691 003804 gi|45 
000329 82.9 035245 035082 gi|20 014515 014669 gi|79 
000278 80.0 035296 035137 gi|20 020207 020364 gi|45 
011951 98.1 038986 037520 gi|20 028008 029480 gi|36 
011985 98.4 039005 037579 gi|20 001641 003068 gi|70 
011955 96.9 039143 037600 gi|20 003278 004806 gi|64 
012043 99.8 038989 037654 gi|20 000320 001654 gi|72 
012023 99.3 039021 037655 gi|20 005685 007062 gi|28 
012040 99.8 038990 037658 gi|20 007737 009068 gi|59 
012025 99.8 037660 038986 gi|20 010992 012318 gi|59 
000256 87.7 003929 003857 gi|27 038412 038481 gi|53 
000268 76.5 011923 011792 gi|27 012244 012375 gi|76 
000320 79.7 012730 012135 gi|27 011431 012019 gi|76 
002562 81.7 015129 016190 gi|27 026102 027181 gi|65 
005199 87.0 016327 017353 gi|27 026172 027189 gi|65 
004630 83.9 017423 018345 gi|27 026273 027207 gi|65 
005598 96.4 019296 018609 gi|27 016403 017092 gi|78 
002427 88.6 018836 019212 gi|27 032138 032516 gi|47 
002376 87.7 019159 019717 gi|27 031630 032123 gi|47 
000256 100.0 019201 019239 gi|27 032553 032591 gi|47 
000285 100.0 021168 021134 gi|27 014438 014472 gi|78 
002640 77.3 022506 021147 gi|27 009512 010877 gi|78 
001553 74.5 025140 023758 gi|27 006519 007899 gi|78 
000307 76.5 029383 029048 gi|27 005699 006036 gi|43 
000268 69.6 032778 033294 gi|27 005553 006069 gi|30 
000420 75.2 009692 008657 gi|25 028345 029371 gi|42 
001716 82.5 022112 021586 gi|25 021747 022235 gi|30 
001709 82.3 021586 022112 gi|25 024584 025072 gi|38 
000330 72.6 023628 024152 gi|25 031718 032254 gi|73 
000266 80.0 024347 024416 gi|25 037494 037563 gi|32 
000283 73.0 030988 030826 gi|25 023514 023676 gi|53 
006140 90.7 004473 003569 gi|23 002811 003711 gi|41 
002176 77.6 028138 026815 gi|23 026154 027532 gi|76 
000531 74.5 029138 028519 gi|23 025488 026083 gi|76 
002366 74.0 031409 030288 gi|23 024375 025490 gi|76 
000266 76.0 032119 031974 gi|23 024125 024264 gi|76 
001935 78.6 000002 000558 gi|26 006557 007113 gi|75 
005705 96.5 002687 001993 gi|26 005435 006126 gi|75 
000271 77.3 006508 005722 gi|26 028883 029655 gi|73 
000301 79.0 005782 005991 gi|26 013252 013449 gi|69 
000360 76.2 006417 005784 gi|26 013390 013984 gi|76 
000266 75.1 005795 006353 gi|26 001797 002347 gi|35 
000363 79.0 005806 005962 gi|26 007659 007815 gi|68 
000383 75.6 005832 006425 gi|26 004901 005474 gi|71 
000354 81.7 005837 005994 gi|26 036015 036163 gi|52 
000253 74.1 005880 005964 gi|26 027738 027823 gi|50 
000283 78.6 006190 006343 gi|26 034354 034504 gi|45 
003401 76.3 018451 016247 gi|26 026784 028976 gi|31 
002185 70.9 033079 031963 gi|26 018970 020086 gi|37 
000719 79.8 033540 033190 gi|26 000569 000911 gi|36 
000615 76.7 035736 034804 gi|26 029035 029964 gi|37 
000537 69.2 036596 037278 gi|26 013690 014372 gi|75 
000259 81.2 038779 038874 gi|26 015418 015512 gi|29 
000254 71.2 038862 038783 gi|26 034410 034494 gi|45 
000406 78.5 039330 038944 gi|26 007569 007979 gi|68 
000363 72.3 039085 039333 gi|26 013802 014047 gi|76 
000253 76.6 039300 039092 gi|26 036164 036372 gi|55 
000257 79.4 000442 000025 gi|22 027335 027742 gi|47 
000276 80.5 004593 004674 gi|22 030424 030508 gi|66 
000722 77.2 006710 005929 gi|22 036081 036857 gi|55 
000444 75.9 006685 006043 gi|22 035300 035927 gi|55 
000398 71.9 006725 006214 gi|22 024276 024788 gi|68 
000330 80.3 006515 006323 gi|22 004943 005139 gi|71 
000498 77.2 006328 006669 gi|22 029364 029690 gi|73 
000257 79.5 006408 006656 gi|22 030454 030699 gi|49 
000275 68.5 006515 006408 gi|22 013332 013439 gi|69 
000732 76.2 007790 007101 gi|22 035266 035952 gi|55 
000339 74.8 007606 007102 gi|22 036243 036770 gi|55 
000359 75.1 007678 007410 gi|22 007623 007890 gi|68 
000472 74.4 007425 007670 gi|22 013749 013996 gi|76 
000365 74.7 007579 007426 gi|22 004942 005092 gi|71 
000346 80.7 007432 007540 gi|22 029390 029498 gi|73 
000257 77.6 007633 007442 gi|22 015268 015440 gi|45 
000389 78.5 007602 007445 gi|22 001841 001996 gi|35 
000320 79.8 007566 007448 gi|22 005877 005989 gi|26 
000307 73.9 007791 007466 gi|22 024273 024597 gi|68 
000284 73.9 007670 007472 gi|22 023608 023805 gi|68 
000271 83.0 007472 007700 gi|22 030455 030656 gi|49 
000335 73.9 007586 007472 gi|22 013327 013438 gi|69 
000283 81.5 007563 007472 gi|22 027738 027829 gi|50 
000445 70.9 012291 011694 gi|22 036165 036762 gi|55 
000376 74.2 013397 012690 gi|22 035241 035951 gi|55 
000260 72.5 013250 012734 gi|22 023607 024110 gi|68 
000336 76.8 013161 012740 gi|22 015306 015715 gi|45 
000323 76.5 013249 012986 gi|22 024397 024666 gi|68 
000380 79.5 013041 013245 gi|22 030438 030646 gi|49 
000351 78.9 026176 026350 gi|22 008967 009142 gi|45 
000257 85.1 030856 030783 gi|22 014045 014125 gi|61 
001071 75.9 032515 033297 gi|22 010457 011237 gi|52 
000265 96.1 001145 001095 gi|24 036615 036664 gi|34 
001297 80.3 001717 002179 gi|24 036500 036943 gi|34 
001810 82.9 001875 002231 gi|24 037631 037987 gi|34 
049066 99.8 005667 011226 gi|24 019127 024686 gi|60 
001775 84.6 011194 011660 gi|24 025667 026126 gi|60 
003301 75.6 011789 014199 gi|24 037697 040149 gi|34 
000332 88.2 024470 024369 gi|24 003194 003334 gi|72 
000258 82.8 024487 024395 gi|24 030786 030877 gi|62 
000335 91.4 024413 024470 gi|24 024795 024854 gi|36 
001067 77.1 027194 028404 gi|24 021668 022878 gi|63 
000661 74.8 027256 028392 gi|24 007308 008444 gi|71 
000261 91.2 030146 030179 gi|24 008696 008729 gi|72 
000261 91.2 030146 030179 gi|24 011658 011691 gi|33 
000251 90.9 030179 030147 gi|24 030415 030447 gi|36 
000373 85.0 030430 030324 gi|24 003194 003340 gi|72 
000274 78.8 030434 030355 gi|24 030799 030877 gi|62 
000317 83.0 030373 030490 gi|24 024795 024907 gi|36 
000253 83.0 030435 030383 gi|24 027013 027066 gi|51 
001402 76.1 039680 038982 gi|24 000004 000716 gi|46 
001949 75.0 039866 039043 gi|24 000700 001541 gi|46 
000501 75.5 039953 039685 gi|24 039914 040177 gi|68 
000431 71.5 001418 001841 gi|32 026588 027008 gi|70 
000297 78.3 002558 002714 gi|32 025597 025764 gi|52 
000290 79.8 004164 004252 gi|32 032164 032252 gi|73 
000290 68.3 035752 035890 gi|32 031736 031879 gi|73 
001582 82.1 037199 037567 gi|32 002032 002402 gi|57 
001106 85.2 037578 037276 gi|32 025077 025365 gi|57 
000325 83.5 037485 037563 gi|32 019233 019315 gi|75 
000283 76.5 038187 038120 gi|32 023342 023407 gi|57 
000250 75.4 000385 000008 gi|29 008986 009351 gi|32 
000335 73.8 000113 000391 gi|29 023401 023680 gi|67 
000286 75.9 004288 005167 gi|29 026314 027160 gi|79 
000371 85.0 008330 008449 gi|29 026183 026308 gi|57 
000282 79.3 008379 008533 gi|29 022720 022869 gi|45 
000447 82.1 008380 008530 gi|29 021980 022137 gi|45 
000740 98.8 008462 008542 gi|29 026446 026526 gi|57 
000273 82.5 008477 008670 gi|29 039880 040051 gi|36 
000468 75.1 010603 009902 gi|29 023102 023824 gi|78 
000510 80.7 012481 011880 gi|29 016047 016634 gi|75 
000975 82.3 012242 011904 gi|29 034536 034879 gi|47 
000384 86.7 012102 012259 gi|29 012173 012324 gi|57 
000263 76.7 012612 012360 gi|29 016289 016537 gi|75 
000409 81.6 012623 012434 gi|29 034523 034732 gi|47 
000289 88.7 012471 012647 gi|29 012173 012333 gi|57 
000294 76.6 016045 015764 gi|29 024435 024715 gi|71 
000256 82.9 015818 015887 gi|29 030526 030595 gi|49 
000441 76.0 020538 020774 gi|29 005931 006170 gi|64 
000580 74.8 034382 033831 gi|29 012248 012760 gi|78 
000535 76.8 033934 034338 gi|29 015160 015540 gi|39 
000412 76.5 039532 040020 gi|29 020674 021144 gi|39 
011959 98.0 005619 007073 gi|28 003334 004783 gi|64 
012032 99.2 005649 007055 gi|28 001597 002992 gi|70 
012016 99.3 005692 007061 gi|28 000273 001657 gi|72 
012043 99.4 005731 007091 gi|28 028010 029369 gi|36 
011977 97.0 005731 007267 gi|28 007743 009266 gi|59 
012031 99.8 007058 005732 gi|28 010988 012314 gi|59 
000254 81.9 036887 036783 gi|28 004277 004372 gi|56 
000642 86.2 017536 017341 gi|30 029890 030142 gi|38 
000628 87.5 017418 017537 gi|30 008604 008747 gi|65 
001004 92.7 017657 017507 gi|30 029533 029690 gi|38 
005861 94.2 018691 017931 gi|30 028796 029558 gi|38 
005583 94.1 017965 018693 gi|30 009074 009803 gi|65 
001684 87.3 019671 019301 gi|30 028458 028817 gi|38 
000961 87.0 019387 019671 gi|30 010495 010784 gi|65 
002027 92.9 019809 019544 gi|30 027268 027531 gi|38 
001958 89.8 019544 019817 gi|30 011710 011984 gi|65 
047378 92.4 026605 019850 gi|30 020215 026962 gi|38 
001461 88.0 026390 026605 gi|30 017559 017775 gi|65 
000383 87.6 026941 026853 gi|30 019922 020005 gi|38 
000269 97.8 026910 026955 gi|30 018278 018319 gi|65 
000263 97.8 026911 026955 gi|30 018913 018953 gi|65 
000907 91.9 027603 027762 gi|30 019153 019315 gi|65 
000415 90.0 028721 028800 gi|30 018883 018961 gi|65 
000458 97.1 028725 028793 gi|30 018250 018320 gi|65 
001102 91.7 030778 031031 gi|30 021914 022186 gi|65 
007500 97.5 031180 032143 gi|30 022098 023045 gi|65 
000735 87.6 032147 031963 gi|30 015157 015329 gi|38 
000447 98.0 032068 032018 gi|30 032947 032997 gi|73 
000745 77.0 039239 040178 gi|30 033755 034696 gi|50 
000259 76.8 001717 001953 gi|35 013183 013423 gi|69 
000469 81.6 001956 001734 gi|35 013811 014036 gi|76 
000360 80.6 001745 001955 gi|35 007594 007811 gi|68 
000257 75.2 001953 001752 gi|35 039758 039976 gi|43 
000442 74.3 001961 001756 gi|35 017713 017924 gi|49 
000356 79.0 001780 002356 gi|35 015222 015777 gi|45 
000252 71.0 001783 001989 gi|35 030716 030928 gi|63 
000301 82.1 001851 001956 gi|35 035465 035572 gi|55 
000309 77.3 002375 001877 gi|35 005457 005911 gi|42 
000374 83.5 005747 005873 gi|35 032296 032422 gi|69 
000268 87.5 005875 005756 gi|35 032316 032442 gi|69 
000764 95.1 005790 005891 gi|35 023287 023387 gi|39 
000263 87.9 005856 005791 gi|35 023297 023357 gi|39 
000318 87.5 005801 005864 gi|35 001718 001781 gi|68 
000315 91.1 005803 005881 gi|35 002609 002683 gi|37 
000274 84.8 005870 005805 gi|35 019315 019381 gi|75 
000371 88.5 005968 006028 gi|35 027782 027842 gi|73 
000388 82.3 006046 005968 gi|35 030378 030453 gi|36 
000350 78.5 005969 006047 gi|35 009004 009082 gi|40 
000404 89.8 005969 006027 gi|35 008691 008750 gi|72 
000380 86.0 006028 005972 gi|35 030449 030505 gi|36 
000478 100.0 005973 006023 gi|35 029888 029938 gi|63 
000728 96.6 006024 006112 gi|35 023405 023492 gi|39 
000655 92.8 006320 006416 gi|35 023847 023942 gi|39 
000272 87.8 006383 006335 gi|35 023865 023913 gi|39 
000392 81.5 009184 009442 gi|35 008643 008911 gi|72 
000296 90.7 009189 009231 gi|35 009084 009128 gi|40 
000296 90.7 009189 009231 gi|35 027534 027578 gi|73 
000256 86.8 009226 009189 gi|35 030338 030375 gi|36 
000280 88.4 009189 009231 gi|35 034967 035011 gi|72 
000296 90.7 009231 009189 gi|35 011529 011573 gi|68 
001034 79.4 009465 009199 gi|35 030210 030477 gi|36 
000759 81.2 009200 009449 gi|35 027431 027681 gi|73 
001060 80.7 009210 009442 gi|35 008989 009224 gi|40 
000424 80.3 009210 009280 gi|35 027769 027839 gi|73 
000677 79.7 009229 009435 gi|35 034893 035100 gi|72 
000256 84.0 009229 009278 gi|35 029889 029938 gi|63 
000443 81.8 009261 009419 gi|35 008669 008826 gi|72 
000319 76.5 009268 009429 gi|35 027771 027927 gi|73 
000333 89.6 009286 009333 gi|35 008950 008997 gi|40 
000333 89.6 009286 009333 gi|35 027459 027506 gi|73 
000317 87.5 009286 009333 gi|35 034891 034938 gi|72 
000664 81.5 009442 009286 gi|35 011433 011590 gi|68 
000308 87.5 009286 009333 gi|35 026442 026489 gi|71 
000509 76.7 009342 009457 gi|35 009048 009163 gi|72 
000371 84.2 009342 009417 gi|35 000106 000177 gi|75 
000303 80.3 009408 009343 gi|35 024860 024924 gi|36 
000366 78.7 009453 009379 gi|35 040105 040178 gi|70 
000308 83.3 009438 009385 gi|35 011578 011631 gi|37 
000254 81.0 009400 009441 gi|35 010272 010313 gi|75 
000289 69.6 014452 014586 gi|35 021542 021682 gi|53 
000582 76.8 015185 014828 gi|35 027783 028140 gi|67 
000378 79.8 015382 014978 gi|35 039312 039704 gi|39 
001052 81.8 019344 019064 gi|35 016965 017228 gi|73 
000590 94.4 022187 022080 gi|35 023847 023943 gi|39 
000253 87.8 022124 022172 gi|35 023865 023913 gi|39 
000802 89.7 022752 022579 gi|35 023447 023625 gi|39 
001914 94.3 023045 022781 gi|35 023287 023562 gi|39 
000315 91.1 023032 022954 gi|35 002609 002683 gi|37 
000289 90.5 022960 023033 gi|35 032316 032400 gi|69 
000397 85.2 023049 022962 gi|35 032334 032422 gi|69 
000274 84.8 022965 023030 gi|35 019315 019381 gi|75 
000318 87.5 023034 022971 gi|35 001718 001781 gi|68 
000263 87.9 022979 023044 gi|35 023297 023357 gi|39 
000339 74.8 023378 024481 gi|35 035558 036613 gi|43 
000381 76.5 023933 024482 gi|35 020257 020832 gi|55 
000342 84.6 029082 029005 gi|35 023297 023375 gi|39 
000301 82.2 029090 029018 gi|35 032340 032411 gi|69 
000264 85.5 029088 029020 gi|35 001713 001781 gi|68 
000255 80.0 029028 029092 gi|35 023297 023362 gi|39 
000400 81.5 033470 033341 gi|35 025270 025400 gi|36 
000493 86.2 033457 033342 gi|35 011667 011774 gi|68 
000300 81.8 033457 033381 gi|35 011709 011785 gi|37 
000326 76.1 035291 035154 gi|35 032724 032861 gi|63 
000303 75.2 035499 035169 gi|35 031727 032057 gi|66 
000304 83.4 002031 002338 gi|31 011892 012172 gi|39 
000396 81.2 002054 002297 gi|31 007498 007714 gi|39 
000297 80.3 002297 002054 gi|31 035715 035940 gi|49 
000265 76.0 002057 002302 gi|31 026281 026508 gi|33 
000319 89.4 002375 002235 gi|31 010797 010931 gi|43 
001588 72.5 010600 009127 gi|31 007632 009094 gi|53 
000556 82.2 034166 033931 gi|31 030352 030584 gi|36 
001228 97.0 033965 034130 gi|31 027403 027572 gi|73 
001190 95.8 033966 034130 gi|31 034838 035005 gi|72 
000942 93.3 033968 034102 gi|31 026392 026521 gi|71 
000485 98.1 033969 034021 gi|31 008986 009038 gi|72 
001059 86.1 033969 034198 gi|31 008901 009145 gi|40 
000400 89.5 034074 033980 gi|31 011535 011637 gi|68 
000377 85.9 034159 033990 gi|31 030312 030476 gi|36 
000353 82.9 033990 034141 gi|31 009200 009351 gi|35 
000278 85.6 033999 034088 gi|31 027494 027584 gi|73 
000265 84.4 033999 034088 gi|31 034926 035017 gi|72 
000339 95.3 034077 034014 gi|31 030334 030396 gi|36 
000276 86.3 034016 034088 gi|31 009065 009134 gi|40 
000350 85.5 034018 034079 gi|31 009286 009346 gi|35 
000315 88.2 034130 034029 gi|31 011535 011627 gi|68 
000510 80.8 034053 034198 gi|31 027440 027595 gi|73 
000504 80.8 034053 034198 gi|31 034872 035028 gi|72 
000446 90.9 034053 034129 gi|31 008931 009005 gi|40 
000400 87.3 034053 034131 gi|31 026423 026499 gi|71 
000283 86.8 034054 034159 gi|31 027766 027864 gi|73 
002282 74.5 035427 034361 gi|31 012852 013919 gi|38 
000263 81.2 036786 036955 gi|31 009660 009815 gi|46 
000364 86.6 036931 036850 gi|31 032160 032249 gi|64 
000326 77.3 036927 036853 gi|31 029910 029985 gi|47 
004750 75.0 004976 008706 gi|34 005546 009271 gi|52 
000300 82.3 012730 012493 gi|34 028643 028872 gi|79 
000676 98.7 024214 024141 gi|34 026374 026447 gi|57 
000731 98.8 024297 024217 gi|34 021496 021576 gi|45 
000731 98.8 024297 024217 gi|34 021800 021880 gi|45 
000705 97.5 024297 024217 gi|34 026806 026886 gi|57 
000375 76.1 025499 024910 gi|34 029309 029899 gi|65 
000677 74.3 025540 024911 gi|34 023313 023939 gi|48 
000264 76.7 025157 025259 gi|34 028435 028537 gi|49 
000431 74.7 027386 026671 gi|34 021618 022323 gi|48 
000416 84.2 034180 034331 gi|34 031122 031277 gi|55 
000675 76.9 035029 034280 gi|34 003019 003795 gi|57 
000659 79.4 035832 035576 gi|34 006213 006465 gi|35 
000702 79.0 035600 035832 gi|34 022055 022294 gi|35 
000463 74.6 037222 037504 gi|34 005673 005955 gi|56 
000817 85.1 000245 000078 gi|33 026490 026655 gi|54 
000463 86.2 000209 000080 gi|33 026683 026820 gi|71 
000306 83.7 000256 000098 gi|33 022438 022589 gi|71 
000290 87.0 000105 000181 gi|33 026532 026611 gi|54 
000288 80.2 000105 000205 gi|33 026699 026792 gi|71 
000284 86.2 000105 000184 gi|33 022498 022566 gi|71 
000373 75.1 000404 001464 gi|33 023432 024478 gi|49 
000337 83.5 001455 001557 gi|33 026891 026995 gi|47 
000289 82.3 001489 001573 gi|33 003430 003517 gi|75 
000359 85.1 001563 001490 gi|33 017310 017382 gi|73 
000259 80.7 001490 001572 gi|33 037139 037219 gi|71 
000405 84.2 001490 001565 gi|33 014058 014134 gi|61 
000272 82.0 001497 001557 gi|33 015990 016050 gi|42 
000409 74.4 003151 002773 gi|33 033822 034198 gi|78 
001128 90.4 011658 011472 gi|33 025205 025390 gi|36 
000559 84.8 011476 011580 gi|33 033357 033457 gi|35 
000453 90.0 011477 011546 gi|33 026322 026392 gi|71 
002236 93.7 011799 011483 gi|33 011438 011763 gi|68 
000991 89.9 011646 011489 gi|33 011643 011801 gi|37 
000342 79.3 011490 011571 gi|33 008604 008684 gi|72 
001422 87.0 011551 011789 gi|33 027680 027928 gi|73 
000547 82.0 011744 011567 gi|33 030411 030578 gi|36 
000741 82.9 011567 011811 gi|33 008587 008865 gi|72 
000265 89.3 011610 011740 gi|33 008912 009043 gi|40 
000621 91.6 011610 011799 gi|33 008997 009143 gi|72 
000292 86.3 011610 011813 gi|33 026404 026561 gi|71 
000319 79.3 011619 011710 gi|33 009194 009280 gi|35 
000794 87.2 011620 011799 gi|33 027470 027669 gi|73 
000486 88.3 011620 011713 gi|33 008961 009064 gi|40 
000777 86.1 011620 011799 gi|33 034902 035102 gi|72 
000483 89.3 011713 011639 gi|33 030393 030465 gi|36 
000418 89.2 011648 011712 gi|33 005959 006027 gi|35 
000595 82.1 011814 011653 gi|33 030224 030396 gi|36 
000782 89.0 011655 011799 gi|33 009065 009219 gi|40 
000347 88.2 011658 011708 gi|33 029888 029938 gi|63 
000305 80.6 011810 011713 gi|33 024817 024914 gi|36 
000416 82.6 011713 011798 gi|33 009354 009436 gi|35 
000357 88.7 011713 011774 gi|33 000118 000175 gi|75 
000417 93.5 011799 011738 gi|33 040120 040178 gi|70 
000955 74.2 014866 013917 gi|33 000010 000954 gi|38 
000383 76.3 016991 017348 gi|33 019588 019945 gi|63 
000487 75.0 019051 019458 gi|33 001376 001796 gi|40 
004992 76.8 019054 021259 gi|33 023566 025758 gi|55 
000321 81.8 019806 020207 gi|33 032069 032478 gi|39 
000345 73.9 019843 020256 gi|33 023884 024297 gi|79 
000255 77.4 026243 026503 gi|33 011878 012128 gi|39 
000265 78.7 026269 026503 gi|33 012343 012571 gi|53 
000268 75.0 026282 026521 gi|33 007502 007735 gi|39 
000363 73.4 026282 026503 gi|33 000633 000854 gi|51 
000658 80.7 026643 026896 gi|33 007409 007697 gi|54 
000999 81.6 026981 026651 gi|33 003374 003753 gi|54 
000349 83.6 027908 027799 gi|33 016643 016754 gi|75 
000323 85.3 030884 030985 gi|33 002579 002683 gi|37 
000264 81.5 030996 030894 gi|33 002577 002674 gi|37 
000521 80.3 030901 031022 gi|33 005791 005920 gi|35 
000452 83.0 031000 030901 gi|33 022940 023044 gi|35 
000329 79.0 031005 030901 gi|33 028979 029092 gi|35 
000260 78.9 030901 031028 gi|33 022974 023109 gi|35 
000268 83.9 030962 030901 gi|33 023297 023357 gi|39 
000443 83.0 030907 031000 gi|33 023295 023391 gi|39 
000324 78.8 030910 030975 gi|33 001720 001785 gi|68 
000299 88.0 030910 030992 gi|33 032349 032431 gi|69 
002349 75.9 032256 033963 gi|33 038156 039926 gi|62 
000813 81.0 003910 003479 gi|36 009360 009770 gi|61 
000379 82.7 006063 005954 gi|36 031548 031653 gi|68 
000281 79.2 006051 005975 gi|36 015993 016068 gi|75 
000286 81.5 005975 006055 gi|36 021622 021700 gi|44 
000266 82.7 005981 006055 gi|36 021688 021761 gi|44 
000259 88.1 006063 005997 gi|36 003913 003974 gi|63 
000303 73.9 024616 024134 gi|36 030912 031392 gi|47 
000346 78.2 024857 024633 gi|36 003191 003438 gi|72 
000274 79.9 024924 024776 gi|36 027575 027727 gi|73 
000389 87.6 024885 024797 gi|36 030773 030859 gi|62 
000322 82.6 024924 024839 gi|36 035008 035096 gi|72 
000289 82.6 024924 024839 gi|36 009049 009137 gi|72 
000352 84.9 024924 024839 gi|36 009125 009213 gi|40 
000311 82.6 024839 024924 gi|36 011444 011532 gi|68 
000291 85.0 024924 024865 gi|36 008753 008810 gi|72 
001106 92.1 025205 025368 gi|36 011589 011753 gi|68 
000630 92.0 025316 025217 gi|36 027676 027775 gi|73 
000900 88.2 025217 025369 gi|36 011643 011797 gi|37 
000385 80.8 025394 025291 gi|36 008575 008684 gi|72 
000363 92.0 025365 025316 gi|36 026343 026392 gi|71 
000269 74.3 027183 027291 gi|36 021257 021365 gi|57 
011996 98.7 027952 029380 gi|36 001593 003036 gi|70 
012065 99.5 029379 028005 gi|36 010929 012320 gi|59 
012019 99.4 028008 029374 gi|36 007741 009112 gi|59 
012049 99.8 028009 029348 gi|36 003435 004775 gi|64 
012031 99.8 028009 029333 gi|36 000323 001647 gi|72 
000593 82.1 030408 030208 gi|36 027771 027959 gi|73 
001087 85.9 030476 030221 gi|36 027431 027682 gi|73 
000561 85.6 030334 030231 gi|36 009050 009150 gi|72 
001116 88.7 030408 030232 gi|36 034932 035108 gi|72 
000316 80.6 030233 030299 gi|36 040115 040178 gi|70 
001781 87.8 030552 030233 gi|36 008902 009224 gi|40 
001016 87.2 030233 030396 gi|36 011433 011594 gi|68 
000271 87.5 030246 030293 gi|36 011584 011631 gi|37 
000696 82.4 030413 030255 gi|36 008673 008830 gi|72 
000333 82.4 030334 030261 gi|36 000108 000177 gi|75 
000315 94.9 030396 030338 gi|36 008946 009005 gi|40 
000253 79.1 030476 030338 gi|36 008922 009063 gi|40 
000569 88.7 030464 030359 gi|36 027771 027882 gi|73 
000461 97.4 030469 030394 gi|36 008673 008750 gi|72 
000335 88.0 030447 030398 gi|36 029889 029938 gi|63 
000524 79.4 030578 030404 gi|36 027696 027894 gi|73 
000503 83.3 030539 030414 gi|36 008652 008788 gi|72 
000455 81.6 030658 030415 gi|36 034729 034983 gi|72 
000258 77.7 030449 030542 gi|36 011535 011637 gi|68 
000321 84.3 030504 030454 gi|36 029888 029938 gi|63 
000329 84.1 030552 030484 gi|36 027411 027479 gi|73 
000352 85.2 030554 030494 gi|36 026392 026453 gi|71 
000279 84.3 030552 030502 gi|36 008987 009038 gi|72 
002033 75.3 034512 033621 gi|36 025634 026520 gi|69 
001029 75.8 035353 034504 gi|36 023273 024128 gi|69 
000290 83.3 039935 039828 gi|36 024866 024977 gi|62 
000263 83.6 039876 039936 gi|36 022180 022240 gi|45 
002317 75.4 000232 001296 gi|37 007950 009019 gi|70 
000250 83.4 002667 002511 gi|37 001714 001856 gi|68 
000258 82.3 002661 002594 gi|37 023299 023365 gi|39 
000264 85.9 002602 002665 gi|37 032344 032404 gi|69 
000298 85.7 002603 002672 gi|37 001715 001782 gi|68 
000339 90.7 002609 002683 gi|37 023299 023377 gi|39 
000274 79.4 006681 006874 gi|37 024507 024694 gi|72 
000310 83.8 011631 011552 gi|37 009167 009240 gi|40 
000271 84.6 011580 011631 gi|37 040121 040172 gi|70 
000287 86.5 011580 011631 gi|37 011439 011490 gi|68 
000287 86.5 011631 011580 gi|37 027617 027668 gi|73 
000269 84.3 011631 011581 gi|37 035050 035100 gi|72 
000265 86.3 011631 011581 gi|37 009091 009141 gi|72 
000944 87.9 011619 011800 gi|37 011574 011757 gi|68 
000898 92.0 011775 011625 gi|37 027650 027793 gi|73 
000308 79.8 011831 011718 gi|37 008571 008684 gi|72 
000251 82.4 011816 011743 gi|37 026323 026392 gi|71 
000422 74.9 025940 025240 gi|37 010493 011196 gi|53 
000687 76.6 001474 001840 gi|40 023657 024020 gi|55 
000540 77.0 002385 002849 gi|40 017655 018128 gi|52 
000451 77.9 005943 006155 gi|40 009487 009696 gi|74 
000268 85.7 008666 008735 gi|40 014909 014990 gi|52 
000925 84.0 008749 009005 gi|40 026249 026497 gi|71 
000485 93.4 008893 008953 gi|40 008978 009038 gi|72 
001682 94.5 008900 009225 gi|40 027409 027675 gi|73 
001475 92.2 008901 009220 gi|40 034842 035103 gi|72 
000403 90.4 009005 008912 gi|40 011536 011637 gi|68 
000268 81.4 008931 009043 gi|40 027494 027613 gi|73 
000255 80.5 008931 009043 gi|40 034926 035046 gi|72 
000468 88.5 008986 009063 gi|40 027766 027841 gi|73 
000579 94.5 008991 009063 gi|40 008678 008750 gi|72 
000294 84.3 009009 009059 gi|40 029888 029938 gi|63 
000730 84.0 009035 009197 gi|40 008658 008822 gi|72 
000589 75.4 009046 009224 gi|40 027769 027940 gi|73 
001461 95.5 009240 009065 gi|40 011417 011592 gi|68 
000804 94.1 009123 009224 gi|40 009047 009148 gi|72 
000469 89.3 009123 009197 gi|40 000105 000175 gi|75 
000620 93.4 009251 009161 gi|40 040089 040178 gi|70 
000305 81.3 019313 019462 gi|40 031375 031538 gi|75 
001085 74.4 004689 003442 gi|38 034179 035420 gi|62 
006082 80.4 015329 013835 gi|38 022881 024385 gi|65 
000344 71.7 013929 014557 gi|38 031589 032270 gi|73 
001282 77.2 014925 015301 gi|38 032644 033031 gi|73 
004000 95.5 020431 019925 gi|38 017559 018073 gi|65 
002512 86.6 027277 026814 gi|38 012180 012662 gi|65 
011965 97.0 028695 027260 gi|38 010547 011982 gi|65 
007977 91.5 030142 028797 gi|38 008531 009801 gi|65 
000543 72.5 004684 004992 gi|42 005727 006035 gi|43 
000264 74.5 005936 005490 gi|42 004933 005397 gi|71 
000514 73.5 005497 006160 gi|42 013464 014149 gi|76 
000285 74.8 005827 006068 gi|42 030554 030826 gi|76 
000260 69.0 005833 005932 gi|42 013763 013863 gi|49 
000418 74.3 015576 015137 gi|42 032288 032736 gi|78 
000282 80.7 015958 016050 gi|42 014030 014126 gi|61 
000254 83.1 016050 015968 gi|42 017316 017401 gi|73 
000251 81.2 015990 016053 gi|42 026934 026998 gi|47 
000330 73.6 002292 003490 gi|43 003124 004341 gi|68 
000525 77.2 011109 010776 gi|43 012332 012662 gi|53 
000795 78.0 010784 011151 gi|43 035627 035994 gi|49 
000445 78.5 011109 010863 gi|43 000615 000861 gi|51 
000255 76.5 019552 019370 gi|43 006254 006436 gi|61 
000857 74.5 034185 034883 gi|43 037713 038415 gi|56 
000491 75.5 039937 038883 gi|43 030712 031800 gi|63 
000273 78.6 039482 039357 gi|43 015677 015789 gi|45 
000324 77.2 039578 039399 gi|43 034379 034557 gi|57 
000338 75.2 039874 039589 gi|43 013299 013598 gi|69 
000385 78.8 039984 039754 gi|43 015172 015403 gi|45 
000257 84.8 020594 020549 gi|44 031581 031627 gi|68 
000303 95.0 020594 020555 gi|44 016015 016055 gi|75 
000349 76.8 021700 021503 gi|44 015932 016117 gi|75 
000281 76.5 021648 021568 gi|44 031543 031621 gi|68 
000267 76.3 021761 021568 gi|44 031556 031745 gi|68 
000329 78.8 021589 021701 gi|44 024964 025077 gi|72 
000313 79.8 021590 021762 gi|44 024904 025077 gi|72 
000383 80.7 021744 021595 gi|44 014629 014783 gi|60 
000512 80.9 021761 021605 gi|44 015932 016086 gi|75 
000333 81.2 021700 021637 gi|44 031556 031622 gi|68 
000283 79.0 021812 021637 gi|44 031566 031746 gi|68 
000263 77.8 021656 021831 gi|44 024904 025083 gi|72 
000258 86.0 021710 021661 gi|44 014726 014783 gi|60 
000478 80.8 021831 021671 gi|44 015924 016085 gi|75 
000257 79.5 021799 021678 gi|44 011012 011149 gi|71 
000409 81.9 021825 021732 gi|44 015986 016085 gi|75 
002130 71.9 037921 039600 gi|44 034987 036671 gi|71 
000643 79.9 000735 000878 gi|46 040028 040171 gi|68 
000256 77.6 009785 009719 gi|46 029910 029976 gi|47 
000280 76.1 036872 036275 gi|46 022104 022679 gi|47 
000261 77.5 037146 036330 gi|46 013955 014751 gi|57 
000987 82.4 007890 007307 gi|39 035528 036096 gi|49 
000639 73.7 007477 007803 gi|39 012328 012651 gi|53 
000603 74.5 007809 007477 gi|39 010777 011114 gi|43 
000836 74.0 007484 007798 gi|39 000615 000938 gi|51 
000264 78.7 011695 011802 gi|39 005085 005191 gi|43 
000487 76.5 011810 012137 gi|39 000525 000863 gi|51 
000503 75.2 012138 011829 gi|39 035705 036012 gi|49 
000610 79.9 012216 011898 gi|39 010783 011109 gi|43 
000472 75.5 011967 012219 gi|39 012410 012654 gi|53 
000558 73.5 012771 013479 gi|39 023217 023928 gi|41 
000312 70.3 015535 015112 gi|39 012297 012718 gi|78 
000283 88.0 023371 023297 gi|39 032316 032401 gi|69 
000325 83.1 023299 023369 gi|39 032349 032422 gi|69 
000325 87.1 023299 023360 gi|39 001720 001781 gi|68 
000279 83.3 023366 023301 gi|39 019315 019381 gi|75 
000990 73.0 025562 026377 gi|39 029675 030496 gi|55 
000617 75.2 028197 026772 gi|39 033404 034795 gi|71 
000943 75.5 028232 026855 gi|39 027052 028394 gi|48 
000340 74.5 027135 027737 gi|39 007101 007739 gi|48 
000438 76.4 032136 032491 gi|39 024404 024753 gi|55 
000318 77.3 032321 032505 gi|39 024097 024289 gi|79 
000331 83.0 036711 036512 gi|39 028775 028993 gi|73 
000265 71.7 038865 039857 gi|39 027145 028143 gi|67 
000294 77.9 003724 003800 gi|45 014593 014669 gi|79 
000330 73.1 006441 007058 gi|45 010884 011500 gi|58 
000304 76.2 008871 009076 gi|45 024512 024714 gi|77 
000254 85.0 009534 009435 gi|45 037162 037259 gi|71 
001754 76.0 015087 016396 gi|45 004728 006079 gi|71 
000259 72.2 015713 015124 gi|45 029130 029722 gi|73 
000268 72.8 015301 015785 gi|45 030795 031278 gi|63 
000250 74.4 015319 015490 gi|45 020634 020805 gi|75 
000312 79.7 015622 015754 gi|45 016149 016281 gi|68 
000469 86.6 019105 018994 gi|45 013946 014064 gi|61 
000423 96.3 020411 020464 gi|45 032575 032628 gi|66 
000368 77.8 020722 020520 gi|45 024964 025137 gi|62 
000370 73.4 021046 020705 gi|45 024720 025063 gi|62 
000374 71.9 020819 021135 gi|45 026530 026872 gi|57 
000320 72.6 020918 021355 gi|45 026382 026839 gi|57 
000304 70.3 020960 021259 gi|45 026589 026926 gi|57 
000650 75.0 021541 020997 gi|45 024712 025300 gi|62 
000456 76.2 020997 021387 gi|45 026385 026779 gi|57 
000722 81.5 021068 021397 gi|45 026627 026977 gi|57 
000986 81.6 021467 021109 gi|45 024692 025080 gi|62 
002338 85.5 021113 021657 gi|45 026417 026979 gi|57 
000366 72.8 021694 021150 gi|45 024732 025309 gi|62 
000293 73.0 021694 021220 gi|45 024906 025421 gi|62 
000881 74.4 021997 021314 gi|45 024732 025415 gi|62 
000251 79.7 021387 021314 gi|45 024692 024765 gi|62 
000339 73.0 021332 021694 gi|45 026460 026831 gi|57 
001610 83.9 021392 021961 gi|45 026434 026979 gi|57 
000460 76.5 022239 021480 gi|45 024692 025419 gi|62 
000390 77.3 021504 022000 gi|45 026382 026832 gi|57 
000991 76.8 022343 021569 gi|45 024685 025423 gi|62 
000849 94.2 021758 021655 gi|45 011906 012009 gi|51 
000376 73.6 021669 021994 gi|45 026231 026561 gi|57 
000607 75.8 022427 021788 gi|45 024784 025419 gi|62 
000527 76.3 022561 021873 gi|45 024735 025423 gi|62 
000892 96.3 022065 021959 gi|45 011902 012009 gi|51 
000834 82.1 022707 021960 gi|45 024687 025421 gi|62 
000321 76.8 022144 022063 gi|45 027180 027262 gi|62 
000618 82.2 022079 022477 gi|45 026458 026839 gi|57 
000540 74.1 022434 022080 gi|45 024684 025027 gi|62 
000291 76.7 022080 022302 gi|45 026719 026931 gi|57 
000368 75.3 022702 022119 gi|45 024784 025359 gi|62 
000378 79.8 022241 022148 gi|45 027185 027280 gi|62 
000870 75.2 022868 022164 gi|45 024690 025416 gi|62 
000371 74.5 022180 022434 gi|45 026721 026971 gi|57 
000323 81.4 022342 022246 gi|45 027180 027283 gi|62 
003922 90.7 022947 022257 gi|45 024692 025423 gi|62 
000307 78.7 022367 022474 gi|45 026456 026569 gi|57 
003477 85.0 023197 022370 gi|45 024538 025397 gi|62 
000312 77.4 022451 022618 gi|45 012686 012848 gi|66 
000772 75.9 023039 022455 gi|45 024784 025396 gi|62 
000615 80.5 023041 022533 gi|45 024864 025413 gi|62 
000439 77.2 022628 022798 gi|45 012663 012858 gi|66 
000455 71.4 022630 023034 gi|45 026530 026961 gi|57 
000419 76.1 022644 023019 gi|45 026456 026851 gi|57 
000509 74.4 023044 022795 gi|45 024967 025220 gi|62 
000396 75.9 023039 022795 gi|45 025148 025413 gi|62 
000285 73.5 022805 023000 gi|45 026452 026654 gi|57 
000469 80.1 022996 022811 gi|45 025110 025301 gi|62 
000341 73.7 022876 023054 gi|45 026444 026618 gi|57 
000458 75.0 023053 022878 gi|45 025230 025411 gi|62 
000284 75.6 023039 022958 gi|45 027187 027268 gi|62 
000531 82.5 023055 022959 gi|45 025329 025423 gi|62 
000483 88.2 023118 023043 gi|45 026671 026746 gi|51 
031109 99.8 026376 023057 gi|45 022856 026175 gi|51 
000472 93.5 023118 023057 gi|45 026393 026453 gi|51 
000404 88.7 023118 023057 gi|45 026928 026988 gi|51 
030676 99.3 026455 023057 gi|45 027180 030534 gi|62 
029924 99.1 023057 026376 gi|45 007343 010739 gi|66 
000342 90.2 023118 023068 gi|45 030753 030802 gi|62 
000480 80.2 026570 026329 gi|45 024761 025002 gi|62 
000904 85.8 026544 026355 gi|45 025245 025447 gi|62 
000439 73.1 026544 026374 gi|45 024692 024859 gi|62 
000354 78.9 026549 026375 gi|45 025143 025317 gi|62 
000260 75.8 026552 026375 gi|45 024858 025045 gi|62 
000456 80.7 026458 026376 gi|45 024683 024766 gi|62 
000317 83.3 026376 026507 gi|45 026798 026929 gi|57 
000317 73.3 026432 026562 gi|45 026762 026890 gi|57 
017042 99.6 028300 026468 gi|45 025426 027262 gi|62 
000319 78.1 026563 026468 gi|45 025323 025417 gi|62 
016396 97.4 028461 026556 gi|45 020863 022788 gi|51 
016282 99.5 026556 028301 gi|45 010912 012660 gi|66 
000981 73.7 032258 031110 gi|45 033782 034930 gi|60 
000790 73.9 034289 033826 gi|45 013611 014075 gi|49 
000711 71.9 033843 034440 gi|45 022651 023246 gi|71 
001055 72.1 033878 034555 gi|45 024460 025137 gi|71 
000257 76.6 034145 033971 gi|45 030463 030643 gi|49 
000320 77.0 034126 034005 gi|45 036787 036924 gi|46 
000297 75.5 034143 034046 gi|45 029440 029537 gi|73 
000355 84.6 027027 026756 gi|47 017292 017544 gi|73 
000268 86.9 026929 027012 gi|47 003433 003511 gi|75 
000535 96.2 026929 027006 gi|47 014060 014135 gi|61 
000328 85.5 026929 027011 gi|47 037141 037221 gi|71 
002665 87.7 032683 032138 gi|47 016269 016862 gi|78 
000254 83.2 034538 034438 gi|47 014400 014502 gi|78 
000358 85.6 034705 034518 gi|47 012155 012326 gi|57 
000878 86.5 034557 034890 gi|47 016309 016613 gi|75 
000640 83.5 036061 035929 gi|47 010806 010941 gi|78 
001257 73.0 006897 008116 gi|48 022152 023363 gi|70 
000346 73.2 007539 007398 gi|48 034036 034178 gi|71 
000834 78.5 015010 014034 gi|48 033219 034214 gi|53 
000383 73.1 023021 023980 gi|48 028973 029943 gi|65 
003246 73.7 027120 028490 gi|48 033439 034815 gi|71 
002537 97.4 029305 029000 gi|48 030052 030357 gi|63 
001985 97.7 029469 029774 gi|48 037605 037881 gi|61 
000251 81.5 011606 011783 gi|41 011908 012065 gi|62 
000258 76.1 023935 023681 gi|41 029539 029794 gi|45 
000269 90.0 025036 024987 gi|41 036239 036284 gi|79 
000260 83.2 025592 025704 gi|41 012296 012398 gi|55 
000530 78.1 000588 000938 gi|51 012305 012646 gi|53 
001714 74.5 013910 012391 gi|51 009264 010784 gi|56 
000961 73.9 014563 013967 gi|51 002793 003393 gi|74 
000508 78.0 015381 014896 gi|51 001977 002454 gi|74 
016670 99.7 022845 021039 gi|51 010871 012660 gi|66 
048987 99.2 021040 026442 gi|51 025426 030802 gi|62 
031476 99.1 026308 022813 gi|51 007211 010782 gi|66 
001135 95.8 026035 026177 gi|51 024538 024675 gi|62 
000342 90.2 026114 026164 gi|51 030753 030802 gi|62 
002784 97.3 026393 026720 gi|51 030473 030802 gi|62 
000488 93.7 026393 026455 gi|51 024612 024675 gi|62 
001614 96.9 026586 026393 gi|51 007211 007404 gi|66 
003069 82.3 026671 027287 gi|51 030473 031079 gi|62 
000482 92.2 026671 026734 gi|51 024612 024676 gi|62 
001249 94.8 026843 026671 gi|51 007211 007404 gi|66 
000626 89.9 026928 027016 gi|51 030473 030562 gi|62 
000410 89.9 026928 026996 gi|51 024612 024678 gi|62 
000611 88.8 027016 026928 gi|51 007315 007404 gi|66 
000302 80.8 034451 034374 gi|51 033213 033290 gi|61 
000495 75.1 025231 025852 gi|52 002430 003050 gi|76 
000968 75.9 030403 031671 gi|52 003303 004571 gi|71 
000686 77.1 031878 032943 gi|52 003494 004568 gi|71 
000268 73.7 035935 036139 gi|52 036168 036372 gi|55 
000300 75.7 018376 018597 gi|55 020630 020857 gi|71 
000464 74.8 024575 025213 gi|55 024089 024694 gi|79 
000275 75.5 029368 028925 gi|55 009517 009970 gi|56 
000385 72.6 035584 035271 gi|55 029430 029743 gi|73 
000424 70.5 035289 035627 gi|55 004757 005089 gi|71 
000392 72.3 035294 035596 gi|55 007533 007836 gi|68 
000294 77.4 035337 035628 gi|55 023558 023849 gi|68 
000435 76.1 036068 036343 gi|55 024278 024553 gi|68 
000255 80.0 036276 036340 gi|55 014206 014270 gi|57 
000250 77.3 002624 002848 gi|49 007664 007888 gi|68 
000347 69.8 014049 013609 gi|49 022660 023097 gi|71 
000676 71.9 013985 013680 gi|49 024497 024802 gi|71 
000363 78.6 017322 017947 gi|49 030161 030789 gi|76 
000271 78.2 017801 017724 gi|49 004954 005031 gi|71 
000291 76.0 017896 017726 gi|49 022598 022765 gi|72 
000279 74.8 028795 028182 gi|49 014918 015528 gi|69 
000448 79.0 030757 030048 gi|49 013139 013845 gi|69 
000445 75.6 035955 035624 gi|49 012331 012654 gi|53 
000974 75.0 036349 035707 gi|49 000205 000862 gi|51 
000344 77.8 027641 027870 gi|50 007636 007868 gi|68 
000278 76.8 027818 027737 gi|50 009985 010066 gi|76 
000297 78.4 027825 027738 gi|50 018438 018534 gi|53 
000255 74.7 027738 027832 gi|50 004958 005052 gi|71 
000363 77.2 027740 027831 gi|50 023716 023807 gi|68 
000317 73.2 002187 002268 gi|54 016111 016192 gi|75 
000260 76.8 018658 018739 gi|54 016111 016192 gi|75 
000260 76.8 025753 025834 gi|54 016111 016192 gi|75 
001009 79.5 026502 026784 gi|54 026663 026952 gi|71 
000382 81.9 026518 026611 gi|54 022477 022575 gi|71 
000272 92.9 026605 026564 gi|54 026711 026758 gi|71 
000281 85.6 021111 020987 gi|58 026917 027037 gi|67 
000250 81.8 021109 021000 gi|58 000163 000268 gi|70 
000250 84.0 027939 027846 gi|58 008764 008852 gi|79 
000283 91.3 029234 029166 gi|53 026947 027015 gi|67 
012061 99.9 007738 009068 gi|59 000320 001649 gi|72 
012073 99.9 007739 009066 gi|59 001664 002991 gi|70 
012033 99.9 007744 009066 gi|59 003437 004759 gi|64 
012032 99.1 012317 010916 gi|59 001666 003046 gi|70 
012065 99.0 012354 010929 gi|59 003411 004840 gi|64 
012052 99.9 012316 010992 gi|59 000323 001647 gi|72 
000419 74.1 031405 031078 gi|60 018729 019096 gi|77 
000393 84.8 002320 002398 gi|57 019233 019315 gi|75 
007038 79.9 022982 020942 gi|57 014742 016802 gi|71 
003443 76.5 022967 021920 gi|57 013275 014309 gi|71 
000360 83.3 025169 025092 gi|57 019233 019314 gi|75 
000293 73.5 026602 026373 gi|57 024692 024932 gi|62 
000276 72.5 026961 026446 gi|57 024697 025218 gi|62 
000329 74.9 026654 026452 gi|57 024731 024927 gi|62 
000340 76.3 026649 026456 gi|57 025111 025305 gi|62 
000387 75.9 026961 026498 gi|57 024871 025359 gi|62 
000820 80.2 026524 026700 gi|57 012662 012854 gi|66 
000455 74.0 026851 026529 gi|57 024712 025046 gi|62 
000344 82.3 026839 026704 gi|57 025181 025326 gi|62 
000292 74.4 026989 026795 gi|57 025220 025416 gi|62 
000267 79.5 026813 026924 gi|57 012686 012796 gi|66 
000257 80.4 031644 031735 gi|57 027545 027645 gi|74 
000469 77.0 008770 008917 gi|62 020242 020388 gi|64 
001124 95.7 024675 024538 gi|62 007341 007483 gi|66 
000374 79.7 025040 024908 gi|62 012675 012795 gi|66 
000314 79.6 025238 025053 gi|62 012645 012848 gi|66 
016495 97.4 027174 025255 gi|62 010913 012839 gi|66 
001231 100.0 027404 027261 gi|62 010596 010739 gi|66 
030443 99.7 030668 027399 gi|62 007211 010484 gi|66 
000339 90.0 030802 030753 gi|62 007354 007404 gi|66 
000414 91.4 030800 030857 gi|62 003191 003248 gi|72 
000307 77.9 010883 011303 gi|61 024913 025319 gi|73 
000628 74.9 011366 012397 gi|61 016662 017705 gi|68 
000330 79.3 014041 014132 gi|61 003413 003504 gi|75 
000568 90.0 014161 014042 gi|61 017268 017399 gi|73 
000406 88.6 014050 014128 gi|61 037131 037208 gi|71 
000547 77.6 024801 029754 gi|61 031466 036436 gi|75 
000251 75.1 024914 025178 gi|61 033429 033693 gi|75 
000314 80.7 030265 030388 gi|61 036783 036900 gi|75 
000494 74.1 006833 006255 gi|65 038067 038643 gi|73 
000860 75.8 024235 022936 gi|65 031690 032997 gi|73 
000253 80.3 035745 035810 gi|65 001711 001776 gi|68 
000563 84.1 026880 027036 gi|67 008794 008960 gi|72 
000461 89.0 026890 026980 gi|67 000138 000225 gi|70 
000258 78.7 026979 026905 gi|67 008832 008911 gi|72 
000314 83.9 003878 003964 gi|63 031521 031602 gi|68 
000262 86.7 012528 012632 gi|63 005230 005341 gi|71 
001055 75.1 026170 024853 gi|63 029631 030937 gi|71 
000354 88.2 029888 029938 gi|63 008696 008746 gi|72 
000318 90.0 029889 029938 gi|63 027788 027837 gi|73 
000252 75.5 030659 030895 gi|63 022717 022947 gi|71 
000330 76.5 030959 030717 gi|63 029378 029620 gi|73 
000258 72.5 030801 030909 gi|63 020622 020728 gi|75 
000353 87.8 016230 016149 gi|56 015947 016024 gi|75 
000373 81.4 016291 016195 gi|56 015947 016036 gi|75 
000505 82.0 016375 016215 gi|56 015925 016085 gi|75 
000441 83.5 016257 016426 gi|56 024964 025118 gi|72 
000289 75.0 023326 023893 gi|56 010964 011503 gi|58 
012064 99.5 003395 004766 gi|64 001638 002997 gi|70 
012063 99.3 003433 004806 gi|64 000321 001687 gi|72 
000407 87.5 000163 000242 gi|70 008834 008914 gi|72 
012004 98.7 001593 002997 gi|70 000250 001654 gi|72 
000559 75.8 023373 022641 gi|70 033471 034197 gi|71 
000474 90.4 040178 040085 gi|70 009085 009202 gi|72 
000575 97.8 040178 040086 gi|70 027611 027706 gi|73 
000459 89.0 040178 040097 gi|70 035044 035120 gi|72 
000323 82.1 017393 017288 gi|73 003417 003527 gi|75 
000446 88.0 027573 027647 gi|73 000105 000175 gi|75 
000316 73.9 029439 029626 gi|73 013808 013995 gi|76 
000290 74.3 030416 030606 gi|73 014686 014876 gi|76 
000304 87.9 001710 001775 gi|68 032339 032404 gi|69 
000464 73.9 007009 005443 gi|68 014361 015869 gi|76 
001104 75.3 008238 007523 gi|68 013382 014100 gi|76 
000387 76.5 007630 007897 gi|68 004858 005131 gi|71 
000265 74.0 007715 007983 gi|68 013329 013594 gi|69 
001218 81.6 011705 011412 gi|68 027675 027956 gi|73 
001389 91.5 011627 011427 gi|68 034902 035113 gi|72 
000598 98.5 011431 011496 gi|68 040113 040178 gi|70 
001492 95.9 011627 011432 gi|68 027470 027675 gi|73 
000817 94.1 011534 011433 gi|68 009047 009148 gi|72 
000590 82.2 011594 011460 gi|68 008690 008822 gi|72 
000463 89.3 011534 011460 gi|68 000105 000175 gi|75 
000379 88.1 011637 011529 gi|68 026404 026503 gi|71 
000327 81.8 011752 011676 gi|68 008609 008684 gi|72 
000399 96.0 011750 011701 gi|68 026343 026392 gi|71 
000314 80.0 023712 023841 gi|68 004957 005082 gi|71 
000333 81.7 031563 031622 gi|68 015997 016056 gi|75 
000295 83.3 031703 031768 gi|68 016013 016082 gi|75 
000459 76.2 000987 000369 gi|69 038444 039053 gi|70 
000441 74.0 013785 013302 gi|69 029086 029558 gi|73 
000406 74.8 013329 013785 gi|69 004940 005400 gi|71 
001185 74.2 037061 036389 gi|69 011414 012079 gi|75 
000259 75.6 021072 020995 gi|75 010530 010610 gi|76 
000289 69.2 004269 004476 gi|74 039830 040045 gi|79 
000256 77.1 007324 007524 gi|74 038123 038323 gi|76 
000783 84.6 008678 008820 gi|72 027771 027911 gi|73 
000712 83.5 008678 008822 gi|72 027500 027647 gi|73 
000267 82.2 008751 008823 gi|72 000105 000176 gi|75 
000475 96.4 008984 009038 gi|72 027408 027462 gi|73 
000424 87.0 009045 009121 gi|72 000103 000175 gi|75 
000830 94.3 009047 009152 gi|72 027573 027678 gi|73 
000365 74.3 009050 009150 gi|72 027844 027942 gi|73 
000430 88.7 021578 021438 gi|72 005302 005438 gi|73 
000374 83.3 025011 024916 gi|72 015934 016024 gi|75 
000580 82.7 025202 024932 gi|72 015762 016072 gi|75 
000304 87.9 025072 024982 gi|72 015994 016085 gi|75 
002249 96.7 034834 035103 gi|72 027399 027670 gi|73 
000498 78.5 034927 035205 gi|72 027766 028036 gi|73 
000459 87.5 035006 035109 gi|72 000105 000209 gi|75 
000878 76.0 040142 039723 gi|72 012665 013087 gi|74 
000369 72.2 005390 004855 gi|71 029092 029627 gi|73 
000356 73.5 004942 005073 gi|71 022678 022809 gi|72 
000255 81.0 005038 004955 gi|71 009985 010068 gi|76 
000324 81.6 011008 011148 gi|71 015949 016077 gi|75 
000290 83.7 026344 026392 gi|71 008612 008660 gi|72 
000891 93.1 026390 026519 gi|71 027406 027543 gi|73 
000888 96.2 026393 026497 gi|71 034842 034946 gi|72 
000555 85.1 026393 026540 gi|71 008986 009144 gi|72 
000318 84.6 037221 037105 gi|71 017296 017418 gi|73 
